[0.681s] Invoking command in '/home/tanayrs/lars-ros/lars_ws/build/turtlebot3_teleop': PYTHONPATH=/home/tanayrs/lars-ros/lars_ws/build/turtlebot3_teleop/prefix_override:/usr/lib/python3/dist-packages/colcon_core/task/python/colcon_distutils_commands:/home/tanayrs/lars-ros/lars_ws/install/turtlebot3_teleop/lib/python3.10/site-packages:${PYTHONPATH} /usr/bin/python3 -W ignore:setup.py install is deprecated -W ignore:easy_install command is deprecated setup.py develop --uninstall --editable --build-directory /home/tanayrs/lars-ros/lars_ws/build/turtlebot3_teleop/build
[0.867s] running develop
[0.989s] Removing /home/tanayrs/lars-ros/lars_ws/install/turtlebot3_teleop/lib/python3.10/site-packages/turtlebot3-teleop.egg-link (link to .)
[1.028s] Invoked command in '/home/tanayrs/lars-ros/lars_ws/build/turtlebot3_teleop' returned '0': PYTHONPATH=/home/tanayrs/lars-ros/lars_ws/build/turtlebot3_teleop/prefix_override:/usr/lib/python3/dist-packages/colcon_core/task/python/colcon_distutils_commands:/home/tanayrs/lars-ros/lars_ws/install/turtlebot3_teleop/lib/python3.10/site-packages:${PYTHONPATH} /usr/bin/python3 -W ignore:setup.py install is deprecated -W ignore:easy_install command is deprecated setup.py develop --uninstall --editable --build-directory /home/tanayrs/lars-ros/lars_ws/build/turtlebot3_teleop/build
[1.029s] Invoking command in '/home/tanayrs/lars-ros/lars_ws/src/turtlebot3/turtlebot3_teleop': PYTHONPATH=/home/tanayrs/lars-ros/lars_ws/build/turtlebot3_teleop/prefix_override:/usr/lib/python3/dist-packages/colcon_core/task/python/colcon_distutils_commands:/home/tanayrs/lars-ros/lars_ws/install/turtlebot3_teleop/lib/python3.10/site-packages:${PYTHONPATH} /usr/bin/python3 -W ignore:setup.py install is deprecated -W ignore:easy_install command is deprecated setup.py egg_info --egg-base ../../../build/turtlebot3_teleop build --build-base /home/tanayrs/lars-ros/lars_ws/build/turtlebot3_teleop/build install --record /home/tanayrs/lars-ros/lars_ws/build/turtlebot3_teleop/install.log --single-version-externally-managed install_data --force
[1.188s] running egg_info
[1.189s] writing ../../../build/turtlebot3_teleop/turtlebot3_teleop.egg-info/PKG-INFO
[1.189s] writing dependency_links to ../../../build/turtlebot3_teleop/turtlebot3_teleop.egg-info/dependency_links.txt
[1.189s] writing entry points to ../../../build/turtlebot3_teleop/turtlebot3_teleop.egg-info/entry_points.txt
[1.189s] writing requirements to ../../../build/turtlebot3_teleop/turtlebot3_teleop.egg-info/requires.txt
[1.189s] writing top-level names to ../../../build/turtlebot3_teleop/turtlebot3_teleop.egg-info/top_level.txt
[1.190s] reading manifest file '../../../build/turtlebot3_teleop/turtlebot3_teleop.egg-info/SOURCES.txt'
[1.190s] writing manifest file '../../../build/turtlebot3_teleop/turtlebot3_teleop.egg-info/SOURCES.txt'
[1.191s] running build
[1.191s] running build_py
[1.191s] creating /home/tanayrs/lars-ros/lars_ws/build/turtlebot3_teleop/build
[1.191s] creating /home/tanayrs/lars-ros/lars_ws/build/turtlebot3_teleop/build/lib
[1.191s] creating /home/tanayrs/lars-ros/lars_ws/build/turtlebot3_teleop/build/lib/turtlebot3_teleop
[1.191s] copying turtlebot3_teleop/__init__.py -> /home/tanayrs/lars-ros/lars_ws/build/turtlebot3_teleop/build/lib/turtlebot3_teleop
[1.191s] creating /home/tanayrs/lars-ros/lars_ws/build/turtlebot3_teleop/build/lib/turtlebot3_teleop/script
[1.191s] copying turtlebot3_teleop/script/__init__.py -> /home/tanayrs/lars-ros/lars_ws/build/turtlebot3_teleop/build/lib/turtlebot3_teleop/script
[1.191s] copying turtlebot3_teleop/script/teleop_keyboard.py -> /home/tanayrs/lars-ros/lars_ws/build/turtlebot3_teleop/build/lib/turtlebot3_teleop/script
[1.191s] running install
[1.191s] running install_lib
[1.192s] creating /home/tanayrs/lars-ros/lars_ws/install/turtlebot3_teleop/lib/python3.10/site-packages/turtlebot3_teleop
[1.192s] creating /home/tanayrs/lars-ros/lars_ws/install/turtlebot3_teleop/lib/python3.10/site-packages/turtlebot3_teleop/script
[1.192s] copying /home/tanayrs/lars-ros/lars_ws/build/turtlebot3_teleop/build/lib/turtlebot3_teleop/script/__init__.py -> /home/tanayrs/lars-ros/lars_ws/install/turtlebot3_teleop/lib/python3.10/site-packages/turtlebot3_teleop/script
[1.192s] copying /home/tanayrs/lars-ros/lars_ws/build/turtlebot3_teleop/build/lib/turtlebot3_teleop/script/teleop_keyboard.py -> /home/tanayrs/lars-ros/lars_ws/install/turtlebot3_teleop/lib/python3.10/site-packages/turtlebot3_teleop/script
[1.192s] copying /home/tanayrs/lars-ros/lars_ws/build/turtlebot3_teleop/build/lib/turtlebot3_teleop/__init__.py -> /home/tanayrs/lars-ros/lars_ws/install/turtlebot3_teleop/lib/python3.10/site-packages/turtlebot3_teleop
[1.192s] byte-compiling /home/tanayrs/lars-ros/lars_ws/install/turtlebot3_teleop/lib/python3.10/site-packages/turtlebot3_teleop/script/__init__.py to __init__.cpython-310.pyc
[1.192s] byte-compiling /home/tanayrs/lars-ros/lars_ws/install/turtlebot3_teleop/lib/python3.10/site-packages/turtlebot3_teleop/script/teleop_keyboard.py to teleop_keyboard.cpython-310.pyc
[1.193s] byte-compiling /home/tanayrs/lars-ros/lars_ws/install/turtlebot3_teleop/lib/python3.10/site-packages/turtlebot3_teleop/__init__.py to __init__.cpython-310.pyc
[1.193s] running install_data
[1.193s] copying resource/turtlebot3_teleop -> /home/tanayrs/lars-ros/lars_ws/install/turtlebot3_teleop/share/ament_index/resource_index/packages
[1.193s] copying package.xml -> /home/tanayrs/lars-ros/lars_ws/install/turtlebot3_teleop/share/turtlebot3_teleop
[1.193s] running install_egg_info
[1.194s] Copying ../../../build/turtlebot3_teleop/turtlebot3_teleop.egg-info to /home/tanayrs/lars-ros/lars_ws/install/turtlebot3_teleop/lib/python3.10/site-packages/turtlebot3_teleop-2.1.5-py3.10.egg-info
[1.195s] running install_scripts
[1.208s] Installing teleop_keyboard script to /home/tanayrs/lars-ros/lars_ws/install/turtlebot3_teleop/lib/turtlebot3_teleop
[1.209s] writing list of installed files to '/home/tanayrs/lars-ros/lars_ws/build/turtlebot3_teleop/install.log'
[1.401s] Invoked command in '/home/tanayrs/lars-ros/lars_ws/src/turtlebot3/turtlebot3_teleop' returned '0': PYTHONPATH=/home/tanayrs/lars-ros/lars_ws/build/turtlebot3_teleop/prefix_override:/usr/lib/python3/dist-packages/colcon_core/task/python/colcon_distutils_commands:/home/tanayrs/lars-ros/lars_ws/install/turtlebot3_teleop/lib/python3.10/site-packages:${PYTHONPATH} /usr/bin/python3 -W ignore:setup.py install is deprecated -W ignore:easy_install command is deprecated setup.py egg_info --egg-base ../../../build/turtlebot3_teleop build --build-base /home/tanayrs/lars-ros/lars_ws/build/turtlebot3_teleop/build install --record /home/tanayrs/lars-ros/lars_ws/build/turtlebot3_teleop/install.log --single-version-externally-managed install_data --force
