[0.228s] Invoking command in '/home/tanayrs/lars-ros/lars_ws2/build/turtlebot3_fake_node': AMENT_PREFIX_PATH=/home/tanayrs/lars-ros/lars_ws2/install/turtlebot3_msgs:${AMENT_PREFIX_PATH} CMAKE_PREFIX_PATH=/home/tanayrs/lars-ros/lars_ws2/install/turtlebot3_msgs:/home/tanayrs/turtlebot3_ws/install/turtlebot3:/home/tanayrs/turtlebot3_ws/install/turtlebot3_simulations:/home/tanayrs/turtlebot3_ws/install/turtlebot3_bringup:/home/tanayrs/turtlebot3_ws/install/turtlebot3_node:/home/tanayrs/turtlebot3_ws/install/turtlebot3_navigation2:/home/tanayrs/turtlebot3_ws/install/turtlebot3_fake_node:/home/tanayrs/turtlebot3_ws/install/turtlebot3_msgs:/home/tanayrs/turtlebot3_ws/install/turtlebot3_gazebo:/home/tanayrs/turtlebot3_ws/install/turtlebot3_description:/home/tanayrs/turtlebot3_ws/install/turtlebot3_cartographer:/home/tanayrs/turtlebot3_ws/install/dynamixel_sdk_examples:/home/tanayrs/turtlebot3_ws/install/dynamixel_sdk_custom_interfaces:/home/tanayrs/turtlebot3_ws/install/dynamixel_sdk:/home/tanayrs/lars-ros/lars_ws/install/lars_groundbot_description:/home/tanayrs/turtlebot3_ws/install/turtlebot3_teleop:/home/tanayrs/turtlebot3_ws/install/turtlebot3_example:/home/tanayrs/lars-ros/lars_ws/install/lars_groundbot_control:/home/tanayrs/lars_ws/install/turtlebot_mover:/opt/ros/humble LD_LIBRARY_PATH=/home/tanayrs/lars-ros/lars_ws2/install/turtlebot3_msgs/lib:${LD_LIBRARY_PATH} PYTHONPATH=/home/tanayrs/lars-ros/lars_ws2/install/turtlebot3_msgs/local/lib/python3.10/dist-packages:${PYTHONPATH} /usr/bin/cmake /home/tanayrs/lars-ros/lars_ws2/src/turtlebot3_simulations/turtlebot3_fake_node -DCMAKE_INSTALL_PREFIX=/home/tanayrs/lars-ros/lars_ws2/install/turtlebot3_fake_node
[0.272s] -- The C compiler identification is GNU 11.4.0
[0.316s] -- The CXX compiler identification is GNU 11.4.0
[0.322s] -- Detecting C compiler ABI info
[0.378s] -- Detecting C compiler ABI info - done
[0.384s] -- Check for working C compiler: /usr/bin/cc - skipped
[0.384s] -- Detecting C compile features
[0.384s] -- Detecting C compile features - done
[0.387s] -- Detecting CXX compiler ABI info
[0.460s] -- Detecting CXX compiler ABI info - done
[0.466s] -- Check for working CXX compiler: /usr/bin/c++ - skipped
[0.466s] -- Detecting CXX compile features
[0.466s] -- Detecting CXX compile features - done
[0.469s] -- Found ament_cmake: 1.3.11 (/opt/ros/humble/share/ament_cmake/cmake)
[0.606s] -- Found Python3: /usr/bin/python3 (found version "3.10.12") found components: Interpreter 
[0.692s] -- Found geometry_msgs: 4.2.4 (/opt/ros/humble/share/geometry_msgs/cmake)
[0.725s] -- Found rosidl_generator_c: 3.1.6 (/opt/ros/humble/share/rosidl_generator_c/cmake)
[0.730s] -- Found rosidl_adapter: 3.1.6 (/opt/ros/humble/share/rosidl_adapter/cmake)
[0.738s] -- Found rosidl_generator_cpp: 3.1.6 (/opt/ros/humble/share/rosidl_generator_cpp/cmake)
[0.748s] -- Using all available rosidl_typesupport_c: rosidl_typesupport_fastrtps_c;rosidl_typesupport_introspection_c
[0.762s] -- Using all available rosidl_typesupport_cpp: rosidl_typesupport_fastrtps_cpp;rosidl_typesupport_introspection_cpp
[0.794s] -- Found nav_msgs: 4.2.4 (/opt/ros/humble/share/nav_msgs/cmake)
[0.808s] -- Found rclcpp: 16.0.11 (/opt/ros/humble/share/rclcpp/cmake)
[0.843s] -- Found rmw_implementation_cmake: 6.1.2 (/opt/ros/humble/share/rmw_implementation_cmake/cmake)
[0.846s] -- Found rmw_fastrtps_cpp: 6.2.7 (/opt/ros/humble/share/rmw_fastrtps_cpp/cmake)
[0.912s] -- Found OpenSSL: /usr/lib/x86_64-linux-gnu/libcrypto.so (found version "3.0.2")  
[0.934s] -- Found FastRTPS: /opt/ros/humble/include  
[0.966s] -- Using RMW implementation 'rmw_fastrtps_cpp' as default
[0.974s] -- Looking for pthread.h
[1.026s] -- Looking for pthread.h - found
[1.026s] -- Performing Test CMAKE_HAVE_LIBC_PTHREAD
[1.079s] -- Performing Test CMAKE_HAVE_LIBC_PTHREAD - Success
[1.080s] -- Found Threads: TRUE  
[1.111s] -- Found sensor_msgs: 4.2.4 (/opt/ros/humble/share/sensor_msgs/cmake)
[1.125s] -- Found tf2: 0.25.12 (/opt/ros/humble/share/tf2/cmake)
[1.134s] -- Found tf2_msgs: 0.25.12 (/opt/ros/humble/share/tf2_msgs/cmake)
[1.172s] -- Found turtlebot3_msgs: 2.2.3 (/home/tanayrs/lars-ros/lars_ws2/install/turtlebot3_msgs/share/turtlebot3_msgs/cmake)
[1.270s] -- Configuring done
[1.284s] -- Generating done
[1.289s] -- Build files have been written to: /home/tanayrs/lars-ros/lars_ws2/build/turtlebot3_fake_node
[1.317s] Invoked command in '/home/tanayrs/lars-ros/lars_ws2/build/turtlebot3_fake_node' returned '0': AMENT_PREFIX_PATH=/home/tanayrs/lars-ros/lars_ws2/install/turtlebot3_msgs:${AMENT_PREFIX_PATH} CMAKE_PREFIX_PATH=/home/tanayrs/lars-ros/lars_ws2/install/turtlebot3_msgs:/home/tanayrs/turtlebot3_ws/install/turtlebot3:/home/tanayrs/turtlebot3_ws/install/turtlebot3_simulations:/home/tanayrs/turtlebot3_ws/install/turtlebot3_bringup:/home/tanayrs/turtlebot3_ws/install/turtlebot3_node:/home/tanayrs/turtlebot3_ws/install/turtlebot3_navigation2:/home/tanayrs/turtlebot3_ws/install/turtlebot3_fake_node:/home/tanayrs/turtlebot3_ws/install/turtlebot3_msgs:/home/tanayrs/turtlebot3_ws/install/turtlebot3_gazebo:/home/tanayrs/turtlebot3_ws/install/turtlebot3_description:/home/tanayrs/turtlebot3_ws/install/turtlebot3_cartographer:/home/tanayrs/turtlebot3_ws/install/dynamixel_sdk_examples:/home/tanayrs/turtlebot3_ws/install/dynamixel_sdk_custom_interfaces:/home/tanayrs/turtlebot3_ws/install/dynamixel_sdk:/home/tanayrs/lars-ros/lars_ws/install/lars_groundbot_description:/home/tanayrs/turtlebot3_ws/install/turtlebot3_teleop:/home/tanayrs/turtlebot3_ws/install/turtlebot3_example:/home/tanayrs/lars-ros/lars_ws/install/lars_groundbot_control:/home/tanayrs/lars_ws/install/turtlebot_mover:/opt/ros/humble LD_LIBRARY_PATH=/home/tanayrs/lars-ros/lars_ws2/install/turtlebot3_msgs/lib:${LD_LIBRARY_PATH} PYTHONPATH=/home/tanayrs/lars-ros/lars_ws2/install/turtlebot3_msgs/local/lib/python3.10/dist-packages:${PYTHONPATH} /usr/bin/cmake /home/tanayrs/lars-ros/lars_ws2/src/turtlebot3_simulations/turtlebot3_fake_node -DCMAKE_INSTALL_PREFIX=/home/tanayrs/lars-ros/lars_ws2/install/turtlebot3_fake_node
[1.318s] Invoking command in '/home/tanayrs/lars-ros/lars_ws2/build/turtlebot3_fake_node': AMENT_PREFIX_PATH=/home/tanayrs/lars-ros/lars_ws2/install/turtlebot3_msgs:${AMENT_PREFIX_PATH} CMAKE_PREFIX_PATH=/home/tanayrs/lars-ros/lars_ws2/install/turtlebot3_msgs:/home/tanayrs/turtlebot3_ws/install/turtlebot3:/home/tanayrs/turtlebot3_ws/install/turtlebot3_simulations:/home/tanayrs/turtlebot3_ws/install/turtlebot3_bringup:/home/tanayrs/turtlebot3_ws/install/turtlebot3_node:/home/tanayrs/turtlebot3_ws/install/turtlebot3_navigation2:/home/tanayrs/turtlebot3_ws/install/turtlebot3_fake_node:/home/tanayrs/turtlebot3_ws/install/turtlebot3_msgs:/home/tanayrs/turtlebot3_ws/install/turtlebot3_gazebo:/home/tanayrs/turtlebot3_ws/install/turtlebot3_description:/home/tanayrs/turtlebot3_ws/install/turtlebot3_cartographer:/home/tanayrs/turtlebot3_ws/install/dynamixel_sdk_examples:/home/tanayrs/turtlebot3_ws/install/dynamixel_sdk_custom_interfaces:/home/tanayrs/turtlebot3_ws/install/dynamixel_sdk:/home/tanayrs/lars-ros/lars_ws/install/lars_groundbot_description:/home/tanayrs/turtlebot3_ws/install/turtlebot3_teleop:/home/tanayrs/turtlebot3_ws/install/turtlebot3_example:/home/tanayrs/lars-ros/lars_ws/install/lars_groundbot_control:/home/tanayrs/lars_ws/install/turtlebot_mover:/opt/ros/humble LD_LIBRARY_PATH=/home/tanayrs/lars-ros/lars_ws2/install/turtlebot3_msgs/lib:${LD_LIBRARY_PATH} PYTHONPATH=/home/tanayrs/lars-ros/lars_ws2/install/turtlebot3_msgs/local/lib/python3.10/dist-packages:${PYTHONPATH} /usr/bin/cmake --build /home/tanayrs/lars-ros/lars_ws2/build/turtlebot3_fake_node -- -j16 -l16
[1.422s] [ 50%] [32mBuilding CXX object CMakeFiles/turtlebot3_fake_node.dir/src/turtlebot3_fake_node.cpp.o[0m
[11.818s] [100%] [32m[1mLinking CXX executable turtlebot3_fake_node[0m
[12.120s] [100%] Built target turtlebot3_fake_node
[12.126s] Invoked command in '/home/tanayrs/lars-ros/lars_ws2/build/turtlebot3_fake_node' returned '0': AMENT_PREFIX_PATH=/home/tanayrs/lars-ros/lars_ws2/install/turtlebot3_msgs:${AMENT_PREFIX_PATH} CMAKE_PREFIX_PATH=/home/tanayrs/lars-ros/lars_ws2/install/turtlebot3_msgs:/home/tanayrs/turtlebot3_ws/install/turtlebot3:/home/tanayrs/turtlebot3_ws/install/turtlebot3_simulations:/home/tanayrs/turtlebot3_ws/install/turtlebot3_bringup:/home/tanayrs/turtlebot3_ws/install/turtlebot3_node:/home/tanayrs/turtlebot3_ws/install/turtlebot3_navigation2:/home/tanayrs/turtlebot3_ws/install/turtlebot3_fake_node:/home/tanayrs/turtlebot3_ws/install/turtlebot3_msgs:/home/tanayrs/turtlebot3_ws/install/turtlebot3_gazebo:/home/tanayrs/turtlebot3_ws/install/turtlebot3_description:/home/tanayrs/turtlebot3_ws/install/turtlebot3_cartographer:/home/tanayrs/turtlebot3_ws/install/dynamixel_sdk_examples:/home/tanayrs/turtlebot3_ws/install/dynamixel_sdk_custom_interfaces:/home/tanayrs/turtlebot3_ws/install/dynamixel_sdk:/home/tanayrs/lars-ros/lars_ws/install/lars_groundbot_description:/home/tanayrs/turtlebot3_ws/install/turtlebot3_teleop:/home/tanayrs/turtlebot3_ws/install/turtlebot3_example:/home/tanayrs/lars-ros/lars_ws/install/lars_groundbot_control:/home/tanayrs/lars_ws/install/turtlebot_mover:/opt/ros/humble LD_LIBRARY_PATH=/home/tanayrs/lars-ros/lars_ws2/install/turtlebot3_msgs/lib:${LD_LIBRARY_PATH} PYTHONPATH=/home/tanayrs/lars-ros/lars_ws2/install/turtlebot3_msgs/local/lib/python3.10/dist-packages:${PYTHONPATH} /usr/bin/cmake --build /home/tanayrs/lars-ros/lars_ws2/build/turtlebot3_fake_node -- -j16 -l16
[12.127s] Invoking command in '/home/tanayrs/lars-ros/lars_ws2/build/turtlebot3_fake_node': AMENT_PREFIX_PATH=/home/tanayrs/lars-ros/lars_ws2/install/turtlebot3_msgs:${AMENT_PREFIX_PATH} CMAKE_PREFIX_PATH=/home/tanayrs/lars-ros/lars_ws2/install/turtlebot3_msgs:/home/tanayrs/turtlebot3_ws/install/turtlebot3:/home/tanayrs/turtlebot3_ws/install/turtlebot3_simulations:/home/tanayrs/turtlebot3_ws/install/turtlebot3_bringup:/home/tanayrs/turtlebot3_ws/install/turtlebot3_node:/home/tanayrs/turtlebot3_ws/install/turtlebot3_navigation2:/home/tanayrs/turtlebot3_ws/install/turtlebot3_fake_node:/home/tanayrs/turtlebot3_ws/install/turtlebot3_msgs:/home/tanayrs/turtlebot3_ws/install/turtlebot3_gazebo:/home/tanayrs/turtlebot3_ws/install/turtlebot3_description:/home/tanayrs/turtlebot3_ws/install/turtlebot3_cartographer:/home/tanayrs/turtlebot3_ws/install/dynamixel_sdk_examples:/home/tanayrs/turtlebot3_ws/install/dynamixel_sdk_custom_interfaces:/home/tanayrs/turtlebot3_ws/install/dynamixel_sdk:/home/tanayrs/lars-ros/lars_ws/install/lars_groundbot_description:/home/tanayrs/turtlebot3_ws/install/turtlebot3_teleop:/home/tanayrs/turtlebot3_ws/install/turtlebot3_example:/home/tanayrs/lars-ros/lars_ws/install/lars_groundbot_control:/home/tanayrs/lars_ws/install/turtlebot_mover:/opt/ros/humble LD_LIBRARY_PATH=/home/tanayrs/lars-ros/lars_ws2/install/turtlebot3_msgs/lib:${LD_LIBRARY_PATH} PYTHONPATH=/home/tanayrs/lars-ros/lars_ws2/install/turtlebot3_msgs/local/lib/python3.10/dist-packages:${PYTHONPATH} /usr/bin/cmake --install /home/tanayrs/lars-ros/lars_ws2/build/turtlebot3_fake_node
[12.132s] -- Install configuration: ""
[12.132s] -- Installing: /home/tanayrs/lars-ros/lars_ws2/install/turtlebot3_fake_node/lib/turtlebot3_fake_node/turtlebot3_fake_node
[12.134s] -- Set runtime path of "/home/tanayrs/lars-ros/lars_ws2/install/turtlebot3_fake_node/lib/turtlebot3_fake_node/turtlebot3_fake_node" to ""
[12.134s] -- Installing: /home/tanayrs/lars-ros/lars_ws2/install/turtlebot3_fake_node/share/turtlebot3_fake_node/launch
[12.134s] -- Installing: /home/tanayrs/lars-ros/lars_ws2/install/turtlebot3_fake_node/share/turtlebot3_fake_node/launch/rviz2.launch.py
[12.134s] -- Installing: /home/tanayrs/lars-ros/lars_ws2/install/turtlebot3_fake_node/share/turtlebot3_fake_node/launch/turtlebot3_fake_node.launch.py
[12.134s] -- Installing: /home/tanayrs/lars-ros/lars_ws2/install/turtlebot3_fake_node/share/turtlebot3_fake_node/param
[12.134s] -- Installing: /home/tanayrs/lars-ros/lars_ws2/install/turtlebot3_fake_node/share/turtlebot3_fake_node/param/burger.yaml
[12.134s] -- Installing: /home/tanayrs/lars-ros/lars_ws2/install/turtlebot3_fake_node/share/turtlebot3_fake_node/param/waffle.yaml
[12.134s] -- Installing: /home/tanayrs/lars-ros/lars_ws2/install/turtlebot3_fake_node/share/turtlebot3_fake_node/param/waffle_pi.yaml
[12.134s] -- Installing: /home/tanayrs/lars-ros/lars_ws2/install/turtlebot3_fake_node/include/
[12.134s] -- Installing: /home/tanayrs/lars-ros/lars_ws2/install/turtlebot3_fake_node/include//turtlebot3_fake_node
[12.134s] -- Installing: /home/tanayrs/lars-ros/lars_ws2/install/turtlebot3_fake_node/include//turtlebot3_fake_node/turtlebot3_fake_node.hpp
[12.134s] -- Installing: /home/tanayrs/lars-ros/lars_ws2/install/turtlebot3_fake_node/share/ament_index/resource_index/package_run_dependencies/turtlebot3_fake_node
[12.134s] -- Installing: /home/tanayrs/lars-ros/lars_ws2/install/turtlebot3_fake_node/share/ament_index/resource_index/parent_prefix_path/turtlebot3_fake_node
[12.134s] -- Installing: /home/tanayrs/lars-ros/lars_ws2/install/turtlebot3_fake_node/share/turtlebot3_fake_node/environment/ament_prefix_path.sh
[12.134s] -- Installing: /home/tanayrs/lars-ros/lars_ws2/install/turtlebot3_fake_node/share/turtlebot3_fake_node/environment/ament_prefix_path.dsv
[12.134s] -- Installing: /home/tanayrs/lars-ros/lars_ws2/install/turtlebot3_fake_node/share/turtlebot3_fake_node/environment/path.sh
[12.135s] -- Installing: /home/tanayrs/lars-ros/lars_ws2/install/turtlebot3_fake_node/share/turtlebot3_fake_node/environment/path.dsv
[12.135s] -- Installing: /home/tanayrs/lars-ros/lars_ws2/install/turtlebot3_fake_node/share/turtlebot3_fake_node/local_setup.bash
[12.135s] -- Installing: /home/tanayrs/lars-ros/lars_ws2/install/turtlebot3_fake_node/share/turtlebot3_fake_node/local_setup.sh
[12.135s] -- Installing: /home/tanayrs/lars-ros/lars_ws2/install/turtlebot3_fake_node/share/turtlebot3_fake_node/local_setup.zsh
[12.135s] -- Installing: /home/tanayrs/lars-ros/lars_ws2/install/turtlebot3_fake_node/share/turtlebot3_fake_node/local_setup.dsv
[12.135s] -- Installing: /home/tanayrs/lars-ros/lars_ws2/install/turtlebot3_fake_node/share/turtlebot3_fake_node/package.dsv
[12.135s] -- Installing: /home/tanayrs/lars-ros/lars_ws2/install/turtlebot3_fake_node/share/ament_index/resource_index/packages/turtlebot3_fake_node
[12.135s] -- Installing: /home/tanayrs/lars-ros/lars_ws2/install/turtlebot3_fake_node/share/turtlebot3_fake_node/cmake/ament_cmake_export_include_directories-extras.cmake
[12.135s] -- Installing: /home/tanayrs/lars-ros/lars_ws2/install/turtlebot3_fake_node/share/turtlebot3_fake_node/cmake/ament_cmake_export_dependencies-extras.cmake
[12.135s] -- Installing: /home/tanayrs/lars-ros/lars_ws2/install/turtlebot3_fake_node/share/turtlebot3_fake_node/cmake/turtlebot3_fake_nodeConfig.cmake
[12.135s] -- Installing: /home/tanayrs/lars-ros/lars_ws2/install/turtlebot3_fake_node/share/turtlebot3_fake_node/cmake/turtlebot3_fake_nodeConfig-version.cmake
[12.135s] -- Installing: /home/tanayrs/lars-ros/lars_ws2/install/turtlebot3_fake_node/share/turtlebot3_fake_node/package.xml
[12.137s] Invoked command in '/home/tanayrs/lars-ros/lars_ws2/build/turtlebot3_fake_node' returned '0': AMENT_PREFIX_PATH=/home/tanayrs/lars-ros/lars_ws2/install/turtlebot3_msgs:${AMENT_PREFIX_PATH} CMAKE_PREFIX_PATH=/home/tanayrs/lars-ros/lars_ws2/install/turtlebot3_msgs:/home/tanayrs/turtlebot3_ws/install/turtlebot3:/home/tanayrs/turtlebot3_ws/install/turtlebot3_simulations:/home/tanayrs/turtlebot3_ws/install/turtlebot3_bringup:/home/tanayrs/turtlebot3_ws/install/turtlebot3_node:/home/tanayrs/turtlebot3_ws/install/turtlebot3_navigation2:/home/tanayrs/turtlebot3_ws/install/turtlebot3_fake_node:/home/tanayrs/turtlebot3_ws/install/turtlebot3_msgs:/home/tanayrs/turtlebot3_ws/install/turtlebot3_gazebo:/home/tanayrs/turtlebot3_ws/install/turtlebot3_description:/home/tanayrs/turtlebot3_ws/install/turtlebot3_cartographer:/home/tanayrs/turtlebot3_ws/install/dynamixel_sdk_examples:/home/tanayrs/turtlebot3_ws/install/dynamixel_sdk_custom_interfaces:/home/tanayrs/turtlebot3_ws/install/dynamixel_sdk:/home/tanayrs/lars-ros/lars_ws/install/lars_groundbot_description:/home/tanayrs/turtlebot3_ws/install/turtlebot3_teleop:/home/tanayrs/turtlebot3_ws/install/turtlebot3_example:/home/tanayrs/lars-ros/lars_ws/install/lars_groundbot_control:/home/tanayrs/lars_ws/install/turtlebot_mover:/opt/ros/humble LD_LIBRARY_PATH=/home/tanayrs/lars-ros/lars_ws2/install/turtlebot3_msgs/lib:${LD_LIBRARY_PATH} PYTHONPATH=/home/tanayrs/lars-ros/lars_ws2/install/turtlebot3_msgs/local/lib/python3.10/dist-packages:${PYTHONPATH} /usr/bin/cmake --install /home/tanayrs/lars-ros/lars_ws2/build/turtlebot3_fake_node
