[0.014s] Invoking command in '/home/tanayrs/lars-ros/lars_ws/build/turtlebot3_node': CMAKE_PREFIX_PATH=/home/tanayrs/lars-ros/lars_ws/install/turtlebot3_msgs:/home/tanayrs/lars-ros/lars_ws/install/dynamixel_sdk:/home/tanayrs/lars-ros/lars_ws/install/turtlebot3:/home/tanayrs/lars-ros/lars_ws/install/turtlebot3_simulations:/home/tanayrs/lars-ros/lars_ws/install/turtlebot3_bringup:/home/tanayrs/lars-ros/lars_ws/install/turtlebot3_node:/home/tanayrs/lars-ros/lars_ws/install/turtlebot3_navigation2:/home/tanayrs/lars-ros/lars_ws/install/turtlebot3_fake_node:/home/tanayrs/lars-ros/lars_ws/install/turtlebot3_gazebo:/home/tanayrs/lars-ros/lars_ws/install/turtlebot3_description:/home/tanayrs/lars-ros/lars_ws/install/turtlebot3_cartographer:/home/tanayrs/lars-ros/lars_ws/install/dynamixel_sdk_examples:/home/tanayrs/lars-ros/lars_ws/install/dynamixel_sdk_custom_interfaces:/home/tanayrs/lars-ros/lars_ws/install/turtlebot3_teleop:/home/tanayrs/lars-ros/lars_ws/install/turtlebot3_example:/home/tanayrs/lars-ros/lars_ws/install/turtlebot3_grid_nav:/opt/ros/humble LD_LIBRARY_PATH=/home/tanayrs/lars-ros/lars_ws/install/turtlebot3_msgs/lib:/home/tanayrs/lars-ros/lars_ws/install/dynamixel_sdk/lib:/home/tanayrs/lars-ros/lars_ws/install/dynamixel_sdk_custom_interfaces/lib:/usr/lib/x86_64-linux-gnu/gazebo-11/plugins:/opt/ros/humble/opt/rviz_ogre_vendor/lib:/opt/ros/humble/lib/x86_64-linux-gnu:/opt/ros/humble/lib /usr/bin/cmake /home/tanayrs/lars-ros/lars_ws/src/turtlebot3/turtlebot3_node -DCMAKE_INSTALL_PREFIX=/home/tanayrs/lars-ros/lars_ws/install/turtlebot3_node
[0.185s] -- Found ament_cmake: 1.3.11 (/opt/ros/humble/share/ament_cmake/cmake)
[0.185s] -- Override CMake install command with custom implementation using symlinks instead of copying resources
[0.186s] -- Found dynamixel_sdk: 3.7.60 (/home/tanayrs/lars-ros/lars_ws/install/dynamixel_sdk/share/dynamixel_sdk/cmake)
[0.186s] -- Found geometry_msgs: 4.2.4 (/opt/ros/humble/share/geometry_msgs/cmake)
[0.186s] -- Found rosidl_generator_c: 3.1.6 (/opt/ros/humble/share/rosidl_generator_c/cmake)
[0.186s] -- Found rosidl_adapter: 3.1.6 (/opt/ros/humble/share/rosidl_adapter/cmake)
[0.186s] -- Found rosidl_generator_cpp: 3.1.6 (/opt/ros/humble/share/rosidl_generator_cpp/cmake)
[0.186s] -- Using all available rosidl_typesupport_c: rosidl_typesupport_fastrtps_c;rosidl_typesupport_introspection_c
[0.186s] -- Using all available rosidl_typesupport_cpp: rosidl_typesupport_fastrtps_cpp;rosidl_typesupport_introspection_cpp
[0.186s] -- Found message_filters: 4.3.5 (/opt/ros/humble/share/message_filters/cmake)
[0.186s] -- Found rmw_implementation_cmake: 6.1.2 (/opt/ros/humble/share/rmw_implementation_cmake/cmake)
[0.186s] -- Found rmw_fastrtps_cpp: 6.2.7 (/opt/ros/humble/share/rmw_fastrtps_cpp/cmake)
[0.245s] -- Using RMW implementation 'rmw_fastrtps_cpp' as default
[0.269s] -- Found nav_msgs: 4.2.4 (/opt/ros/humble/share/nav_msgs/cmake)
[0.279s] -- Found sensor_msgs: 4.2.4 (/opt/ros/humble/share/sensor_msgs/cmake)
[0.289s] -- Found std_srvs: 4.2.4 (/opt/ros/humble/share/std_srvs/cmake)
[0.294s] -- Found tf2: 0.25.12 (/opt/ros/humble/share/tf2/cmake)
[0.297s] -- Found tf2_ros: 0.25.12 (/opt/ros/humble/share/tf2_ros/cmake)
[0.340s] -- Found turtlebot3_msgs: 2.2.3 (/home/tanayrs/lars-ros/lars_ws/install/turtlebot3_msgs/share/turtlebot3_msgs/cmake)
[0.401s] -- Configuring done
[0.412s] -- Generating done
[0.416s] -- Build files have been written to: /home/tanayrs/lars-ros/lars_ws/build/turtlebot3_node
[0.423s] Invoked command in '/home/tanayrs/lars-ros/lars_ws/build/turtlebot3_node' returned '0': CMAKE_PREFIX_PATH=/home/tanayrs/lars-ros/lars_ws/install/turtlebot3_msgs:/home/tanayrs/lars-ros/lars_ws/install/dynamixel_sdk:/home/tanayrs/lars-ros/lars_ws/install/turtlebot3:/home/tanayrs/lars-ros/lars_ws/install/turtlebot3_simulations:/home/tanayrs/lars-ros/lars_ws/install/turtlebot3_bringup:/home/tanayrs/lars-ros/lars_ws/install/turtlebot3_node:/home/tanayrs/lars-ros/lars_ws/install/turtlebot3_navigation2:/home/tanayrs/lars-ros/lars_ws/install/turtlebot3_fake_node:/home/tanayrs/lars-ros/lars_ws/install/turtlebot3_gazebo:/home/tanayrs/lars-ros/lars_ws/install/turtlebot3_description:/home/tanayrs/lars-ros/lars_ws/install/turtlebot3_cartographer:/home/tanayrs/lars-ros/lars_ws/install/dynamixel_sdk_examples:/home/tanayrs/lars-ros/lars_ws/install/dynamixel_sdk_custom_interfaces:/home/tanayrs/lars-ros/lars_ws/install/turtlebot3_teleop:/home/tanayrs/lars-ros/lars_ws/install/turtlebot3_example:/home/tanayrs/lars-ros/lars_ws/install/turtlebot3_grid_nav:/opt/ros/humble LD_LIBRARY_PATH=/home/tanayrs/lars-ros/lars_ws/install/turtlebot3_msgs/lib:/home/tanayrs/lars-ros/lars_ws/install/dynamixel_sdk/lib:/home/tanayrs/lars-ros/lars_ws/install/dynamixel_sdk_custom_interfaces/lib:/usr/lib/x86_64-linux-gnu/gazebo-11/plugins:/opt/ros/humble/opt/rviz_ogre_vendor/lib:/opt/ros/humble/lib/x86_64-linux-gnu:/opt/ros/humble/lib /usr/bin/cmake /home/tanayrs/lars-ros/lars_ws/src/turtlebot3/turtlebot3_node -DCMAKE_INSTALL_PREFIX=/home/tanayrs/lars-ros/lars_ws/install/turtlebot3_node
[0.424s] Invoking command in '/home/tanayrs/lars-ros/lars_ws/build/turtlebot3_node': CMAKE_PREFIX_PATH=/home/tanayrs/lars-ros/lars_ws/install/turtlebot3_msgs:/home/tanayrs/lars-ros/lars_ws/install/dynamixel_sdk:/home/tanayrs/lars-ros/lars_ws/install/turtlebot3:/home/tanayrs/lars-ros/lars_ws/install/turtlebot3_simulations:/home/tanayrs/lars-ros/lars_ws/install/turtlebot3_bringup:/home/tanayrs/lars-ros/lars_ws/install/turtlebot3_node:/home/tanayrs/lars-ros/lars_ws/install/turtlebot3_navigation2:/home/tanayrs/lars-ros/lars_ws/install/turtlebot3_fake_node:/home/tanayrs/lars-ros/lars_ws/install/turtlebot3_gazebo:/home/tanayrs/lars-ros/lars_ws/install/turtlebot3_description:/home/tanayrs/lars-ros/lars_ws/install/turtlebot3_cartographer:/home/tanayrs/lars-ros/lars_ws/install/dynamixel_sdk_examples:/home/tanayrs/lars-ros/lars_ws/install/dynamixel_sdk_custom_interfaces:/home/tanayrs/lars-ros/lars_ws/install/turtlebot3_teleop:/home/tanayrs/lars-ros/lars_ws/install/turtlebot3_example:/home/tanayrs/lars-ros/lars_ws/install/turtlebot3_grid_nav:/opt/ros/humble LD_LIBRARY_PATH=/home/tanayrs/lars-ros/lars_ws/install/turtlebot3_msgs/lib:/home/tanayrs/lars-ros/lars_ws/install/dynamixel_sdk/lib:/home/tanayrs/lars-ros/lars_ws/install/dynamixel_sdk_custom_interfaces/lib:/usr/lib/x86_64-linux-gnu/gazebo-11/plugins:/opt/ros/humble/opt/rviz_ogre_vendor/lib:/opt/ros/humble/lib/x86_64-linux-gnu:/opt/ros/humble/lib /usr/bin/cmake --build /home/tanayrs/lars-ros/lars_ws/build/turtlebot3_node -- -j16 -l16
[0.452s] [35m[1mConsolidate compiler generated dependencies of target turtlebot3_node_lib[0m
[0.471s] [ 85%] Built target turtlebot3_node_lib
[0.478s] [35m[1mConsolidate compiler generated dependencies of target turtlebot3_ros[0m
[0.488s] [100%] Built target turtlebot3_ros
[0.495s] Invoked command in '/home/tanayrs/lars-ros/lars_ws/build/turtlebot3_node' returned '0': CMAKE_PREFIX_PATH=/home/tanayrs/lars-ros/lars_ws/install/turtlebot3_msgs:/home/tanayrs/lars-ros/lars_ws/install/dynamixel_sdk:/home/tanayrs/lars-ros/lars_ws/install/turtlebot3:/home/tanayrs/lars-ros/lars_ws/install/turtlebot3_simulations:/home/tanayrs/lars-ros/lars_ws/install/turtlebot3_bringup:/home/tanayrs/lars-ros/lars_ws/install/turtlebot3_node:/home/tanayrs/lars-ros/lars_ws/install/turtlebot3_navigation2:/home/tanayrs/lars-ros/lars_ws/install/turtlebot3_fake_node:/home/tanayrs/lars-ros/lars_ws/install/turtlebot3_gazebo:/home/tanayrs/lars-ros/lars_ws/install/turtlebot3_description:/home/tanayrs/lars-ros/lars_ws/install/turtlebot3_cartographer:/home/tanayrs/lars-ros/lars_ws/install/dynamixel_sdk_examples:/home/tanayrs/lars-ros/lars_ws/install/dynamixel_sdk_custom_interfaces:/home/tanayrs/lars-ros/lars_ws/install/turtlebot3_teleop:/home/tanayrs/lars-ros/lars_ws/install/turtlebot3_example:/home/tanayrs/lars-ros/lars_ws/install/turtlebot3_grid_nav:/opt/ros/humble LD_LIBRARY_PATH=/home/tanayrs/lars-ros/lars_ws/install/turtlebot3_msgs/lib:/home/tanayrs/lars-ros/lars_ws/install/dynamixel_sdk/lib:/home/tanayrs/lars-ros/lars_ws/install/dynamixel_sdk_custom_interfaces/lib:/usr/lib/x86_64-linux-gnu/gazebo-11/plugins:/opt/ros/humble/opt/rviz_ogre_vendor/lib:/opt/ros/humble/lib/x86_64-linux-gnu:/opt/ros/humble/lib /usr/bin/cmake --build /home/tanayrs/lars-ros/lars_ws/build/turtlebot3_node -- -j16 -l16
[0.495s] Invoking command in '/home/tanayrs/lars-ros/lars_ws/build/turtlebot3_node': CMAKE_PREFIX_PATH=/home/tanayrs/lars-ros/lars_ws/install/turtlebot3_msgs:/home/tanayrs/lars-ros/lars_ws/install/dynamixel_sdk:/home/tanayrs/lars-ros/lars_ws/install/turtlebot3:/home/tanayrs/lars-ros/lars_ws/install/turtlebot3_simulations:/home/tanayrs/lars-ros/lars_ws/install/turtlebot3_bringup:/home/tanayrs/lars-ros/lars_ws/install/turtlebot3_node:/home/tanayrs/lars-ros/lars_ws/install/turtlebot3_navigation2:/home/tanayrs/lars-ros/lars_ws/install/turtlebot3_fake_node:/home/tanayrs/lars-ros/lars_ws/install/turtlebot3_gazebo:/home/tanayrs/lars-ros/lars_ws/install/turtlebot3_description:/home/tanayrs/lars-ros/lars_ws/install/turtlebot3_cartographer:/home/tanayrs/lars-ros/lars_ws/install/dynamixel_sdk_examples:/home/tanayrs/lars-ros/lars_ws/install/dynamixel_sdk_custom_interfaces:/home/tanayrs/lars-ros/lars_ws/install/turtlebot3_teleop:/home/tanayrs/lars-ros/lars_ws/install/turtlebot3_example:/home/tanayrs/lars-ros/lars_ws/install/turtlebot3_grid_nav:/opt/ros/humble LD_LIBRARY_PATH=/home/tanayrs/lars-ros/lars_ws/install/turtlebot3_msgs/lib:/home/tanayrs/lars-ros/lars_ws/install/dynamixel_sdk/lib:/home/tanayrs/lars-ros/lars_ws/install/dynamixel_sdk_custom_interfaces/lib:/usr/lib/x86_64-linux-gnu/gazebo-11/plugins:/opt/ros/humble/opt/rviz_ogre_vendor/lib:/opt/ros/humble/lib/x86_64-linux-gnu:/opt/ros/humble/lib /usr/bin/cmake --install /home/tanayrs/lars-ros/lars_ws/build/turtlebot3_node
[0.500s] -- Install configuration: ""
[0.500s] -- Execute custom install script
[0.500s] -- Up-to-date symlink: /home/tanayrs/lars-ros/lars_ws/install/turtlebot3_node/share/turtlebot3_node/param/burger.yaml
[0.500s] -- Up-to-date symlink: /home/tanayrs/lars-ros/lars_ws/install/turtlebot3_node/share/turtlebot3_node/param/waffle.yaml
[0.500s] -- Up-to-date symlink: /home/tanayrs/lars-ros/lars_ws/install/turtlebot3_node/share/turtlebot3_node/param/waffle_pi.yaml
[0.500s] -- Up-to-date symlink: /home/tanayrs/lars-ros/lars_ws/install/turtlebot3_node/lib/turtlebot3_node/turtlebot3_ros
[0.500s] -- Up-to-date symlink: /home/tanayrs/lars-ros/lars_ws/install/turtlebot3_node/share/ament_index/resource_index/package_run_dependencies/turtlebot3_node
[0.500s] -- Up-to-date symlink: /home/tanayrs/lars-ros/lars_ws/install/turtlebot3_node/share/ament_index/resource_index/parent_prefix_path/turtlebot3_node
[0.501s] -- Up-to-date symlink: /home/tanayrs/lars-ros/lars_ws/install/turtlebot3_node/share/turtlebot3_node/environment/ament_prefix_path.sh
[0.501s] -- Up-to-date symlink: /home/tanayrs/lars-ros/lars_ws/install/turtlebot3_node/share/turtlebot3_node/environment/ament_prefix_path.dsv
[0.501s] -- Up-to-date symlink: /home/tanayrs/lars-ros/lars_ws/install/turtlebot3_node/share/turtlebot3_node/environment/path.sh
[0.501s] -- Up-to-date symlink: /home/tanayrs/lars-ros/lars_ws/install/turtlebot3_node/share/turtlebot3_node/environment/path.dsv
[0.501s] -- Up-to-date symlink: /home/tanayrs/lars-ros/lars_ws/install/turtlebot3_node/share/turtlebot3_node/local_setup.bash
[0.501s] -- Up-to-date symlink: /home/tanayrs/lars-ros/lars_ws/install/turtlebot3_node/share/turtlebot3_node/local_setup.sh
[0.501s] -- Up-to-date symlink: /home/tanayrs/lars-ros/lars_ws/install/turtlebot3_node/share/turtlebot3_node/local_setup.zsh
[0.501s] -- Up-to-date symlink: /home/tanayrs/lars-ros/lars_ws/install/turtlebot3_node/share/turtlebot3_node/local_setup.dsv
[0.501s] -- Symlinking: /home/tanayrs/lars-ros/lars_ws/install/turtlebot3_node/share/turtlebot3_node/package.dsv
[0.506s] -- Up-to-date symlink: /home/tanayrs/lars-ros/lars_ws/install/turtlebot3_node/share/ament_index/resource_index/packages/turtlebot3_node
[0.506s] -- Up-to-date symlink: /home/tanayrs/lars-ros/lars_ws/install/turtlebot3_node/share/turtlebot3_node/cmake/ament_cmake_export_include_directories-extras.cmake
[0.507s] -- Up-to-date symlink: /home/tanayrs/lars-ros/lars_ws/install/turtlebot3_node/share/turtlebot3_node/cmake/turtlebot3_nodeConfig.cmake
[0.507s] -- Up-to-date symlink: /home/tanayrs/lars-ros/lars_ws/install/turtlebot3_node/share/turtlebot3_node/cmake/turtlebot3_nodeConfig-version.cmake
[0.507s] -- Up-to-date symlink: /home/tanayrs/lars-ros/lars_ws/install/turtlebot3_node/share/turtlebot3_node/package.xml
[0.508s] Invoked command in '/home/tanayrs/lars-ros/lars_ws/build/turtlebot3_node' returned '0': CMAKE_PREFIX_PATH=/home/tanayrs/lars-ros/lars_ws/install/turtlebot3_msgs:/home/tanayrs/lars-ros/lars_ws/install/dynamixel_sdk:/home/tanayrs/lars-ros/lars_ws/install/turtlebot3:/home/tanayrs/lars-ros/lars_ws/install/turtlebot3_simulations:/home/tanayrs/lars-ros/lars_ws/install/turtlebot3_bringup:/home/tanayrs/lars-ros/lars_ws/install/turtlebot3_node:/home/tanayrs/lars-ros/lars_ws/install/turtlebot3_navigation2:/home/tanayrs/lars-ros/lars_ws/install/turtlebot3_fake_node:/home/tanayrs/lars-ros/lars_ws/install/turtlebot3_gazebo:/home/tanayrs/lars-ros/lars_ws/install/turtlebot3_description:/home/tanayrs/lars-ros/lars_ws/install/turtlebot3_cartographer:/home/tanayrs/lars-ros/lars_ws/install/dynamixel_sdk_examples:/home/tanayrs/lars-ros/lars_ws/install/dynamixel_sdk_custom_interfaces:/home/tanayrs/lars-ros/lars_ws/install/turtlebot3_teleop:/home/tanayrs/lars-ros/lars_ws/install/turtlebot3_example:/home/tanayrs/lars-ros/lars_ws/install/turtlebot3_grid_nav:/opt/ros/humble LD_LIBRARY_PATH=/home/tanayrs/lars-ros/lars_ws/install/turtlebot3_msgs/lib:/home/tanayrs/lars-ros/lars_ws/install/dynamixel_sdk/lib:/home/tanayrs/lars-ros/lars_ws/install/dynamixel_sdk_custom_interfaces/lib:/usr/lib/x86_64-linux-gnu/gazebo-11/plugins:/opt/ros/humble/opt/rviz_ogre_vendor/lib:/opt/ros/humble/lib/x86_64-linux-gnu:/opt/ros/humble/lib /usr/bin/cmake --install /home/tanayrs/lars-ros/lars_ws/build/turtlebot3_node
