[0.621s] Invoking command in '/home/tanayrs/lars-ros/lars_ws2/src/turtlebot3/turtlebot3_example': CMAKE_PREFIX_PATH=/home/tanayrs/lars-ros/lars_ws2/install/turtlebot3_msgs:/home/tanayrs/lars-ros/lars_ws2/install/turtlebot3:/home/tanayrs/lars-ros/lars_ws2/install/turtlebot3_simulations:/home/tanayrs/lars-ros/lars_ws2/install/turtlebot3_bringup:/home/tanayrs/lars-ros/lars_ws2/install/turtlebot3_node:/home/tanayrs/lars-ros/lars_ws2/install/turtlebot3_navigation2:/home/tanayrs/lars-ros/lars_ws2/install/turtlebot3_fake_node:/home/tanayrs/lars-ros/lars_ws2/install/turtlebot3_gazebo:/home/tanayrs/lars-ros/lars_ws2/install/turtlebot3_description:/home/tanayrs/lars-ros/lars_ws2/install/turtlebot3_cartographer:/home/tanayrs/lars-ros/lars_ws2/install/dynamixel_sdk_examples:/home/tanayrs/lars-ros/lars_ws2/install/dynamixel_sdk_custom_interfaces:/home/tanayrs/lars-ros/lars_ws2/install/dynamixel_sdk:/home/tanayrs/lars-ros/lars_ws/install/lars_groundbot_description:/home/tanayrs/turtlebot3_ws/install/turtlebot3:/home/tanayrs/turtlebot3_ws/install/turtlebot3_simulations:/home/tanayrs/turtlebot3_ws/install/turtlebot3_bringup:/home/tanayrs/turtlebot3_ws/install/turtlebot3_node:/home/tanayrs/turtlebot3_ws/install/turtlebot3_navigation2:/home/tanayrs/turtlebot3_ws/install/turtlebot3_fake_node:/home/tanayrs/turtlebot3_ws/install/turtlebot3_msgs:/home/tanayrs/turtlebot3_ws/install/turtlebot3_gazebo:/home/tanayrs/turtlebot3_ws/install/turtlebot3_description:/home/tanayrs/turtlebot3_ws/install/turtlebot3_cartographer:/home/tanayrs/turtlebot3_ws/install/dynamixel_sdk_examples:/home/tanayrs/turtlebot3_ws/install/dynamixel_sdk_custom_interfaces:/home/tanayrs/turtlebot3_ws/install/dynamixel_sdk PYTHONPATH=/home/tanayrs/lars-ros/lars_ws2/build/turtlebot3_example/prefix_override:/usr/lib/python3/dist-packages/colcon_core/task/python/colcon_distutils_commands:/home/tanayrs/lars-ros/lars_ws2/install/turtlebot3_example/lib/python3.10/site-packages:${PYTHONPATH} /usr/bin/python3 -W ignore:setup.py install is deprecated -W ignore:easy_install command is deprecated setup.py egg_info --egg-base ../../../build/turtlebot3_example build --build-base /home/tanayrs/lars-ros/lars_ws2/build/turtlebot3_example/build install --record /home/tanayrs/lars-ros/lars_ws2/build/turtlebot3_example/install.log --single-version-externally-managed install_data
[0.818s] running egg_info
[0.818s] writing ../../../build/turtlebot3_example/turtlebot3_example.egg-info/PKG-INFO
[0.818s] writing dependency_links to ../../../build/turtlebot3_example/turtlebot3_example.egg-info/dependency_links.txt
[0.819s] writing entry points to ../../../build/turtlebot3_example/turtlebot3_example.egg-info/entry_points.txt
[0.819s] writing requirements to ../../../build/turtlebot3_example/turtlebot3_example.egg-info/requires.txt
[0.819s] writing top-level names to ../../../build/turtlebot3_example/turtlebot3_example.egg-info/top_level.txt
[0.822s] reading manifest file '../../../build/turtlebot3_example/turtlebot3_example.egg-info/SOURCES.txt'
[0.823s] writing manifest file '../../../build/turtlebot3_example/turtlebot3_example.egg-info/SOURCES.txt'
[0.823s] running build
[0.823s] running build_py
[0.824s] running install
[0.824s] running install_lib
[0.827s] running install_data
[0.827s] running install_egg_info
[0.829s] removing '/home/tanayrs/lars-ros/lars_ws2/install/turtlebot3_example/lib/python3.10/site-packages/turtlebot3_example-2.1.5-py3.10.egg-info' (and everything under it)
[0.829s] Copying ../../../build/turtlebot3_example/turtlebot3_example.egg-info to /home/tanayrs/lars-ros/lars_ws2/install/turtlebot3_example/lib/python3.10/site-packages/turtlebot3_example-2.1.5-py3.10.egg-info
[0.830s] running install_scripts
[0.845s] Installing turtlebot3_obstacle_detection script to /home/tanayrs/lars-ros/lars_ws2/install/turtlebot3_example/lib/turtlebot3_example
[0.845s] Installing turtlebot3_patrol_client script to /home/tanayrs/lars-ros/lars_ws2/install/turtlebot3_example/lib/turtlebot3_example
[0.845s] Installing turtlebot3_patrol_server script to /home/tanayrs/lars-ros/lars_ws2/install/turtlebot3_example/lib/turtlebot3_example
[0.845s] Installing turtlebot3_position_control script to /home/tanayrs/lars-ros/lars_ws2/install/turtlebot3_example/lib/turtlebot3_example
[0.845s] writing list of installed files to '/home/tanayrs/lars-ros/lars_ws2/build/turtlebot3_example/install.log'
[0.874s] Invoked command in '/home/tanayrs/lars-ros/lars_ws2/src/turtlebot3/turtlebot3_example' returned '0': CMAKE_PREFIX_PATH=/home/tanayrs/lars-ros/lars_ws2/install/turtlebot3_msgs:/home/tanayrs/lars-ros/lars_ws2/install/turtlebot3:/home/tanayrs/lars-ros/lars_ws2/install/turtlebot3_simulations:/home/tanayrs/lars-ros/lars_ws2/install/turtlebot3_bringup:/home/tanayrs/lars-ros/lars_ws2/install/turtlebot3_node:/home/tanayrs/lars-ros/lars_ws2/install/turtlebot3_navigation2:/home/tanayrs/lars-ros/lars_ws2/install/turtlebot3_fake_node:/home/tanayrs/lars-ros/lars_ws2/install/turtlebot3_gazebo:/home/tanayrs/lars-ros/lars_ws2/install/turtlebot3_description:/home/tanayrs/lars-ros/lars_ws2/install/turtlebot3_cartographer:/home/tanayrs/lars-ros/lars_ws2/install/dynamixel_sdk_examples:/home/tanayrs/lars-ros/lars_ws2/install/dynamixel_sdk_custom_interfaces:/home/tanayrs/lars-ros/lars_ws2/install/dynamixel_sdk:/home/tanayrs/lars-ros/lars_ws/install/lars_groundbot_description:/home/tanayrs/turtlebot3_ws/install/turtlebot3:/home/tanayrs/turtlebot3_ws/install/turtlebot3_simulations:/home/tanayrs/turtlebot3_ws/install/turtlebot3_bringup:/home/tanayrs/turtlebot3_ws/install/turtlebot3_node:/home/tanayrs/turtlebot3_ws/install/turtlebot3_navigation2:/home/tanayrs/turtlebot3_ws/install/turtlebot3_fake_node:/home/tanayrs/turtlebot3_ws/install/turtlebot3_msgs:/home/tanayrs/turtlebot3_ws/install/turtlebot3_gazebo:/home/tanayrs/turtlebot3_ws/install/turtlebot3_description:/home/tanayrs/turtlebot3_ws/install/turtlebot3_cartographer:/home/tanayrs/turtlebot3_ws/install/dynamixel_sdk_examples:/home/tanayrs/turtlebot3_ws/install/dynamixel_sdk_custom_interfaces:/home/tanayrs/turtlebot3_ws/install/dynamixel_sdk PYTHONPATH=/home/tanayrs/lars-ros/lars_ws2/build/turtlebot3_example/prefix_override:/usr/lib/python3/dist-packages/colcon_core/task/python/colcon_distutils_commands:/home/tanayrs/lars-ros/lars_ws2/install/turtlebot3_example/lib/python3.10/site-packages:${PYTHONPATH} /usr/bin/python3 -W ignore:setup.py install is deprecated -W ignore:easy_install command is deprecated setup.py egg_info --egg-base ../../../build/turtlebot3_example build --build-base /home/tanayrs/lars-ros/lars_ws2/build/turtlebot3_example/build install --record /home/tanayrs/lars-ros/lars_ws2/build/turtlebot3_example/install.log --single-version-externally-managed install_data
