[0.957s] Invoking command in '/home/tanayrs/lars-ros/lars_ws2/src/turtlebot3_grid_nav': PYTHONPATH=/home/tanayrs/lars-ros/lars_ws2/build/turtlebot3_grid_nav/prefix_override:/usr/lib/python3/dist-packages/colcon_core/task/python/colcon_distutils_commands:/home/tanayrs/lars-ros/lars_ws2/install/turtlebot3_grid_nav/lib/python3.10/site-packages:${PYTHONPATH} /usr/bin/python3 -W ignore:setup.py install is deprecated -W ignore:easy_install command is deprecated setup.py egg_info --egg-base ../../build/turtlebot3_grid_nav build --build-base /home/tanayrs/lars-ros/lars_ws2/build/turtlebot3_grid_nav/build install --record /home/tanayrs/lars-ros/lars_ws2/build/turtlebot3_grid_nav/install.log --single-version-externally-managed install_data
[1.166s] running egg_info
[1.166s] writing ../../build/turtlebot3_grid_nav/turtlebot3_grid_nav.egg-info/PKG-INFO
[1.166s] writing dependency_links to ../../build/turtlebot3_grid_nav/turtlebot3_grid_nav.egg-info/dependency_links.txt
[1.167s] writing entry points to ../../build/turtlebot3_grid_nav/turtlebot3_grid_nav.egg-info/entry_points.txt
[1.167s] writing requirements to ../../build/turtlebot3_grid_nav/turtlebot3_grid_nav.egg-info/requires.txt
[1.167s] writing top-level names to ../../build/turtlebot3_grid_nav/turtlebot3_grid_nav.egg-info/top_level.txt
[1.168s] reading manifest file '../../build/turtlebot3_grid_nav/turtlebot3_grid_nav.egg-info/SOURCES.txt'
[1.168s] writing manifest file '../../build/turtlebot3_grid_nav/turtlebot3_grid_nav.egg-info/SOURCES.txt'
[1.169s] running build
[1.169s] running build_py
[1.169s] copying turtlebot3_grid_nav/grid_navigation.py -> /home/tanayrs/lars-ros/lars_ws2/build/turtlebot3_grid_nav/build/lib/turtlebot3_grid_nav
[1.169s] running install
[1.169s] running install_lib
[1.169s] copying /home/tanayrs/lars-ros/lars_ws2/build/turtlebot3_grid_nav/build/lib/turtlebot3_grid_nav/grid_navigation.py -> /home/tanayrs/lars-ros/lars_ws2/install/turtlebot3_grid_nav/lib/python3.10/site-packages/turtlebot3_grid_nav
[1.170s] byte-compiling /home/tanayrs/lars-ros/lars_ws2/install/turtlebot3_grid_nav/lib/python3.10/site-packages/turtlebot3_grid_nav/grid_navigation.py to grid_navigation.cpython-310.pyc
[1.171s] running install_data
[1.171s] running install_egg_info
[1.172s] removing '/home/tanayrs/lars-ros/lars_ws2/install/turtlebot3_grid_nav/lib/python3.10/site-packages/turtlebot3_grid_nav-0.0.0-py3.10.egg-info' (and everything under it)
[1.172s] Copying ../../build/turtlebot3_grid_nav/turtlebot3_grid_nav.egg-info to /home/tanayrs/lars-ros/lars_ws2/install/turtlebot3_grid_nav/lib/python3.10/site-packages/turtlebot3_grid_nav-0.0.0-py3.10.egg-info
[1.173s] running install_scripts
[1.191s] Installing grid_navigation script to /home/tanayrs/lars-ros/lars_ws2/install/turtlebot3_grid_nav/lib/turtlebot3_grid_nav
[1.192s] writing list of installed files to '/home/tanayrs/lars-ros/lars_ws2/build/turtlebot3_grid_nav/install.log'
[1.231s] Invoked command in '/home/tanayrs/lars-ros/lars_ws2/src/turtlebot3_grid_nav' returned '0': PYTHONPATH=/home/tanayrs/lars-ros/lars_ws2/build/turtlebot3_grid_nav/prefix_override:/usr/lib/python3/dist-packages/colcon_core/task/python/colcon_distutils_commands:/home/tanayrs/lars-ros/lars_ws2/install/turtlebot3_grid_nav/lib/python3.10/site-packages:${PYTHONPATH} /usr/bin/python3 -W ignore:setup.py install is deprecated -W ignore:easy_install command is deprecated setup.py egg_info --egg-base ../../build/turtlebot3_grid_nav build --build-base /home/tanayrs/lars-ros/lars_ws2/build/turtlebot3_grid_nav/build install --record /home/tanayrs/lars-ros/lars_ws2/build/turtlebot3_grid_nav/install.log --single-version-externally-managed install_data
