[0.008s] Invoking command in '/home/tanayrs/lars-ros/lars_ws/build/dynamixel_sdk_examples': CMAKE_PREFIX_PATH=/home/tanayrs/lars-ros/lars_ws/install/dynamixel_sdk_custom_interfaces:/home/tanayrs/lars-ros/lars_ws/install/dynamixel_sdk:/home/tanayrs/lars-ros/lars_ws/install/turtlebot3:/home/tanayrs/lars-ros/lars_ws/install/turtlebot3_simulations:/home/tanayrs/lars-ros/lars_ws/install/turtlebot3_bringup:/home/tanayrs/lars-ros/lars_ws/install/turtlebot3_node:/home/tanayrs/lars-ros/lars_ws/install/turtlebot3_navigation2:/home/tanayrs/lars-ros/lars_ws/install/turtlebot3_fake_node:/home/tanayrs/lars-ros/lars_ws/install/turtlebot3_msgs:/home/tanayrs/lars-ros/lars_ws/install/turtlebot3_gazebo:/home/tanayrs/lars-ros/lars_ws/install/turtlebot3_description:/home/tanayrs/lars-ros/lars_ws/install/turtlebot3_cartographer:/home/tanayrs/lars-ros/lars_ws/install/dynamixel_sdk_examples:/home/tanayrs/lars-ros/lars_ws/install/turtlebot3_teleop:/home/tanayrs/lars-ros/lars_ws/install/turtlebot3_example:/home/tanayrs/lars-ros/lars_ws/install/turtlebot3_grid_nav:/opt/ros/humble LD_LIBRARY_PATH=/home/tanayrs/lars-ros/lars_ws/install/dynamixel_sdk_custom_interfaces/lib:/home/tanayrs/lars-ros/lars_ws/install/dynamixel_sdk/lib:/home/tanayrs/lars-ros/lars_ws/install/turtlebot3_msgs/lib:/usr/lib/x86_64-linux-gnu/gazebo-11/plugins:/opt/ros/humble/opt/rviz_ogre_vendor/lib:/opt/ros/humble/lib/x86_64-linux-gnu:/opt/ros/humble/lib /usr/bin/cmake /home/tanayrs/lars-ros/lars_ws/src/DynamixelSDK/dynamixel_sdk_examples -DCMAKE_INSTALL_PREFIX=/home/tanayrs/lars-ros/lars_ws/install/dynamixel_sdk_examples
[0.015s] -- Found ament_cmake: 1.3.11 (/opt/ros/humble/share/ament_cmake/cmake)
[0.096s] -- Override CMake install command with custom implementation using symlinks instead of copying resources
[0.101s] -- Found dynamixel_sdk: 3.7.60 (/home/tanayrs/lars-ros/lars_ws/install/dynamixel_sdk/share/dynamixel_sdk/cmake)
[0.101s] -- Found dynamixel_sdk_custom_interfaces: 3.7.60 (/home/tanayrs/lars-ros/lars_ws/install/dynamixel_sdk_custom_interfaces/share/dynamixel_sdk_custom_interfaces/cmake)
[0.117s] -- Found rosidl_generator_c: 3.1.6 (/opt/ros/humble/share/rosidl_generator_c/cmake)
[0.119s] -- Found rosidl_adapter: 3.1.6 (/opt/ros/humble/share/rosidl_adapter/cmake)
[0.122s] -- Found rosidl_generator_cpp: 3.1.6 (/opt/ros/humble/share/rosidl_generator_cpp/cmake)
[0.128s] -- Using all available rosidl_typesupport_c: rosidl_typesupport_fastrtps_c;rosidl_typesupport_introspection_c
[0.136s] -- Using all available rosidl_typesupport_cpp: rosidl_typesupport_fastrtps_cpp;rosidl_typesupport_introspection_cpp
[0.152s] -- Found rclcpp: 16.0.11 (/opt/ros/humble/share/rclcpp/cmake)
[0.169s] -- Found rmw_implementation_cmake: 6.1.2 (/opt/ros/humble/share/rmw_implementation_cmake/cmake)
[0.170s] -- Found rmw_fastrtps_cpp: 6.2.7 (/opt/ros/humble/share/rmw_fastrtps_cpp/cmake)
[0.237s] -- Using RMW implementation 'rmw_fastrtps_cpp' as default
[0.267s] -- Found ament_lint_auto: 0.12.11 (/opt/ros/humble/share/ament_lint_auto/cmake)
[0.311s] -- Added test 'copyright' to check source files copyright and LICENSE
[0.311s] -- Added test 'cppcheck' to perform static code analysis on C / C++ code
[0.312s] -- Configured cppcheck include dirs: /home/tanayrs/lars-ros/lars_ws/src/DynamixelSDK/dynamixel_sdk_examples/include
[0.312s] -- Configured cppcheck exclude dirs and/or files: 
[0.312s] -- Added test 'cpplint' to check C / C++ code against the Google style
[0.312s] -- Configured cpplint exclude dirs and/or files: 
[0.312s] -- Added test 'lint_cmake' to check CMake code style
[0.313s] -- Added test 'uncrustify' to check C / C++ code style
[0.313s] -- Configured uncrustify additional arguments: 
[0.313s] -- Added test 'xmllint' to check XML markup files
[0.313s] -- Configuring done
[0.318s] -- Generating done
[0.321s] -- Build files have been written to: /home/tanayrs/lars-ros/lars_ws/build/dynamixel_sdk_examples
[0.342s] Invoked command in '/home/tanayrs/lars-ros/lars_ws/build/dynamixel_sdk_examples' returned '0': CMAKE_PREFIX_PATH=/home/tanayrs/lars-ros/lars_ws/install/dynamixel_sdk_custom_interfaces:/home/tanayrs/lars-ros/lars_ws/install/dynamixel_sdk:/home/tanayrs/lars-ros/lars_ws/install/turtlebot3:/home/tanayrs/lars-ros/lars_ws/install/turtlebot3_simulations:/home/tanayrs/lars-ros/lars_ws/install/turtlebot3_bringup:/home/tanayrs/lars-ros/lars_ws/install/turtlebot3_node:/home/tanayrs/lars-ros/lars_ws/install/turtlebot3_navigation2:/home/tanayrs/lars-ros/lars_ws/install/turtlebot3_fake_node:/home/tanayrs/lars-ros/lars_ws/install/turtlebot3_msgs:/home/tanayrs/lars-ros/lars_ws/install/turtlebot3_gazebo:/home/tanayrs/lars-ros/lars_ws/install/turtlebot3_description:/home/tanayrs/lars-ros/lars_ws/install/turtlebot3_cartographer:/home/tanayrs/lars-ros/lars_ws/install/dynamixel_sdk_examples:/home/tanayrs/lars-ros/lars_ws/install/turtlebot3_teleop:/home/tanayrs/lars-ros/lars_ws/install/turtlebot3_example:/home/tanayrs/lars-ros/lars_ws/install/turtlebot3_grid_nav:/opt/ros/humble LD_LIBRARY_PATH=/home/tanayrs/lars-ros/lars_ws/install/dynamixel_sdk_custom_interfaces/lib:/home/tanayrs/lars-ros/lars_ws/install/dynamixel_sdk/lib:/home/tanayrs/lars-ros/lars_ws/install/turtlebot3_msgs/lib:/usr/lib/x86_64-linux-gnu/gazebo-11/plugins:/opt/ros/humble/opt/rviz_ogre_vendor/lib:/opt/ros/humble/lib/x86_64-linux-gnu:/opt/ros/humble/lib /usr/bin/cmake /home/tanayrs/lars-ros/lars_ws/src/DynamixelSDK/dynamixel_sdk_examples -DCMAKE_INSTALL_PREFIX=/home/tanayrs/lars-ros/lars_ws/install/dynamixel_sdk_examples
[0.343s] Invoking command in '/home/tanayrs/lars-ros/lars_ws/build/dynamixel_sdk_examples': CMAKE_PREFIX_PATH=/home/tanayrs/lars-ros/lars_ws/install/dynamixel_sdk_custom_interfaces:/home/tanayrs/lars-ros/lars_ws/install/dynamixel_sdk:/home/tanayrs/lars-ros/lars_ws/install/turtlebot3:/home/tanayrs/lars-ros/lars_ws/install/turtlebot3_simulations:/home/tanayrs/lars-ros/lars_ws/install/turtlebot3_bringup:/home/tanayrs/lars-ros/lars_ws/install/turtlebot3_node:/home/tanayrs/lars-ros/lars_ws/install/turtlebot3_navigation2:/home/tanayrs/lars-ros/lars_ws/install/turtlebot3_fake_node:/home/tanayrs/lars-ros/lars_ws/install/turtlebot3_msgs:/home/tanayrs/lars-ros/lars_ws/install/turtlebot3_gazebo:/home/tanayrs/lars-ros/lars_ws/install/turtlebot3_description:/home/tanayrs/lars-ros/lars_ws/install/turtlebot3_cartographer:/home/tanayrs/lars-ros/lars_ws/install/dynamixel_sdk_examples:/home/tanayrs/lars-ros/lars_ws/install/turtlebot3_teleop:/home/tanayrs/lars-ros/lars_ws/install/turtlebot3_example:/home/tanayrs/lars-ros/lars_ws/install/turtlebot3_grid_nav:/opt/ros/humble LD_LIBRARY_PATH=/home/tanayrs/lars-ros/lars_ws/install/dynamixel_sdk_custom_interfaces/lib:/home/tanayrs/lars-ros/lars_ws/install/dynamixel_sdk/lib:/home/tanayrs/lars-ros/lars_ws/install/turtlebot3_msgs/lib:/usr/lib/x86_64-linux-gnu/gazebo-11/plugins:/opt/ros/humble/opt/rviz_ogre_vendor/lib:/opt/ros/humble/lib/x86_64-linux-gnu:/opt/ros/humble/lib /usr/bin/cmake --build /home/tanayrs/lars-ros/lars_ws/build/dynamixel_sdk_examples -- -j16 -l16
[0.367s] [35m[1mConsolidate compiler generated dependencies of target read_write_node[0m
[0.377s] [100%] Built target read_write_node
[0.384s] Invoked command in '/home/tanayrs/lars-ros/lars_ws/build/dynamixel_sdk_examples' returned '0': CMAKE_PREFIX_PATH=/home/tanayrs/lars-ros/lars_ws/install/dynamixel_sdk_custom_interfaces:/home/tanayrs/lars-ros/lars_ws/install/dynamixel_sdk:/home/tanayrs/lars-ros/lars_ws/install/turtlebot3:/home/tanayrs/lars-ros/lars_ws/install/turtlebot3_simulations:/home/tanayrs/lars-ros/lars_ws/install/turtlebot3_bringup:/home/tanayrs/lars-ros/lars_ws/install/turtlebot3_node:/home/tanayrs/lars-ros/lars_ws/install/turtlebot3_navigation2:/home/tanayrs/lars-ros/lars_ws/install/turtlebot3_fake_node:/home/tanayrs/lars-ros/lars_ws/install/turtlebot3_msgs:/home/tanayrs/lars-ros/lars_ws/install/turtlebot3_gazebo:/home/tanayrs/lars-ros/lars_ws/install/turtlebot3_description:/home/tanayrs/lars-ros/lars_ws/install/turtlebot3_cartographer:/home/tanayrs/lars-ros/lars_ws/install/dynamixel_sdk_examples:/home/tanayrs/lars-ros/lars_ws/install/turtlebot3_teleop:/home/tanayrs/lars-ros/lars_ws/install/turtlebot3_example:/home/tanayrs/lars-ros/lars_ws/install/turtlebot3_grid_nav:/opt/ros/humble LD_LIBRARY_PATH=/home/tanayrs/lars-ros/lars_ws/install/dynamixel_sdk_custom_interfaces/lib:/home/tanayrs/lars-ros/lars_ws/install/dynamixel_sdk/lib:/home/tanayrs/lars-ros/lars_ws/install/turtlebot3_msgs/lib:/usr/lib/x86_64-linux-gnu/gazebo-11/plugins:/opt/ros/humble/opt/rviz_ogre_vendor/lib:/opt/ros/humble/lib/x86_64-linux-gnu:/opt/ros/humble/lib /usr/bin/cmake --build /home/tanayrs/lars-ros/lars_ws/build/dynamixel_sdk_examples -- -j16 -l16
[0.384s] Invoking command in '/home/tanayrs/lars-ros/lars_ws/build/dynamixel_sdk_examples': CMAKE_PREFIX_PATH=/home/tanayrs/lars-ros/lars_ws/install/dynamixel_sdk_custom_interfaces:/home/tanayrs/lars-ros/lars_ws/install/dynamixel_sdk:/home/tanayrs/lars-ros/lars_ws/install/turtlebot3:/home/tanayrs/lars-ros/lars_ws/install/turtlebot3_simulations:/home/tanayrs/lars-ros/lars_ws/install/turtlebot3_bringup:/home/tanayrs/lars-ros/lars_ws/install/turtlebot3_node:/home/tanayrs/lars-ros/lars_ws/install/turtlebot3_navigation2:/home/tanayrs/lars-ros/lars_ws/install/turtlebot3_fake_node:/home/tanayrs/lars-ros/lars_ws/install/turtlebot3_msgs:/home/tanayrs/lars-ros/lars_ws/install/turtlebot3_gazebo:/home/tanayrs/lars-ros/lars_ws/install/turtlebot3_description:/home/tanayrs/lars-ros/lars_ws/install/turtlebot3_cartographer:/home/tanayrs/lars-ros/lars_ws/install/dynamixel_sdk_examples:/home/tanayrs/lars-ros/lars_ws/install/turtlebot3_teleop:/home/tanayrs/lars-ros/lars_ws/install/turtlebot3_example:/home/tanayrs/lars-ros/lars_ws/install/turtlebot3_grid_nav:/opt/ros/humble LD_LIBRARY_PATH=/home/tanayrs/lars-ros/lars_ws/install/dynamixel_sdk_custom_interfaces/lib:/home/tanayrs/lars-ros/lars_ws/install/dynamixel_sdk/lib:/home/tanayrs/lars-ros/lars_ws/install/turtlebot3_msgs/lib:/usr/lib/x86_64-linux-gnu/gazebo-11/plugins:/opt/ros/humble/opt/rviz_ogre_vendor/lib:/opt/ros/humble/lib/x86_64-linux-gnu:/opt/ros/humble/lib /usr/bin/cmake --install /home/tanayrs/lars-ros/lars_ws/build/dynamixel_sdk_examples
[0.389s] -- Install configuration: ""
[0.390s] -- Execute custom install script
[0.390s] -- Up-to-date symlink: /home/tanayrs/lars-ros/lars_ws/install/dynamixel_sdk_examples/lib/dynamixel_sdk_examples/read_write_node
[0.390s] -- Up-to-date symlink: /home/tanayrs/lars-ros/lars_ws/install/dynamixel_sdk_examples/share/ament_index/resource_index/package_run_dependencies/dynamixel_sdk_examples
[0.390s] -- Up-to-date symlink: /home/tanayrs/lars-ros/lars_ws/install/dynamixel_sdk_examples/share/ament_index/resource_index/parent_prefix_path/dynamixel_sdk_examples
[0.390s] -- Up-to-date symlink: /home/tanayrs/lars-ros/lars_ws/install/dynamixel_sdk_examples/share/dynamixel_sdk_examples/environment/ament_prefix_path.sh
[0.390s] -- Up-to-date symlink: /home/tanayrs/lars-ros/lars_ws/install/dynamixel_sdk_examples/share/dynamixel_sdk_examples/environment/ament_prefix_path.dsv
[0.390s] -- Up-to-date symlink: /home/tanayrs/lars-ros/lars_ws/install/dynamixel_sdk_examples/share/dynamixel_sdk_examples/environment/path.sh
[0.390s] -- Up-to-date symlink: /home/tanayrs/lars-ros/lars_ws/install/dynamixel_sdk_examples/share/dynamixel_sdk_examples/environment/path.dsv
[0.390s] -- Up-to-date symlink: /home/tanayrs/lars-ros/lars_ws/install/dynamixel_sdk_examples/share/dynamixel_sdk_examples/local_setup.bash
[0.390s] -- Up-to-date symlink: /home/tanayrs/lars-ros/lars_ws/install/dynamixel_sdk_examples/share/dynamixel_sdk_examples/local_setup.sh
[0.390s] -- Up-to-date symlink: /home/tanayrs/lars-ros/lars_ws/install/dynamixel_sdk_examples/share/dynamixel_sdk_examples/local_setup.zsh
[0.391s] -- Up-to-date symlink: /home/tanayrs/lars-ros/lars_ws/install/dynamixel_sdk_examples/share/dynamixel_sdk_examples/local_setup.dsv
[0.391s] -- Symlinking: /home/tanayrs/lars-ros/lars_ws/install/dynamixel_sdk_examples/share/dynamixel_sdk_examples/package.dsv
[0.396s] -- Up-to-date symlink: /home/tanayrs/lars-ros/lars_ws/install/dynamixel_sdk_examples/share/ament_index/resource_index/packages/dynamixel_sdk_examples
[0.396s] -- Up-to-date symlink: /home/tanayrs/lars-ros/lars_ws/install/dynamixel_sdk_examples/share/dynamixel_sdk_examples/cmake/dynamixel_sdk_examplesConfig.cmake
[0.396s] -- Up-to-date symlink: /home/tanayrs/lars-ros/lars_ws/install/dynamixel_sdk_examples/share/dynamixel_sdk_examples/cmake/dynamixel_sdk_examplesConfig-version.cmake
[0.396s] -- Up-to-date symlink: /home/tanayrs/lars-ros/lars_ws/install/dynamixel_sdk_examples/share/dynamixel_sdk_examples/package.xml
[0.398s] Invoked command in '/home/tanayrs/lars-ros/lars_ws/build/dynamixel_sdk_examples' returned '0': CMAKE_PREFIX_PATH=/home/tanayrs/lars-ros/lars_ws/install/dynamixel_sdk_custom_interfaces:/home/tanayrs/lars-ros/lars_ws/install/dynamixel_sdk:/home/tanayrs/lars-ros/lars_ws/install/turtlebot3:/home/tanayrs/lars-ros/lars_ws/install/turtlebot3_simulations:/home/tanayrs/lars-ros/lars_ws/install/turtlebot3_bringup:/home/tanayrs/lars-ros/lars_ws/install/turtlebot3_node:/home/tanayrs/lars-ros/lars_ws/install/turtlebot3_navigation2:/home/tanayrs/lars-ros/lars_ws/install/turtlebot3_fake_node:/home/tanayrs/lars-ros/lars_ws/install/turtlebot3_msgs:/home/tanayrs/lars-ros/lars_ws/install/turtlebot3_gazebo:/home/tanayrs/lars-ros/lars_ws/install/turtlebot3_description:/home/tanayrs/lars-ros/lars_ws/install/turtlebot3_cartographer:/home/tanayrs/lars-ros/lars_ws/install/dynamixel_sdk_examples:/home/tanayrs/lars-ros/lars_ws/install/turtlebot3_teleop:/home/tanayrs/lars-ros/lars_ws/install/turtlebot3_example:/home/tanayrs/lars-ros/lars_ws/install/turtlebot3_grid_nav:/opt/ros/humble LD_LIBRARY_PATH=/home/tanayrs/lars-ros/lars_ws/install/dynamixel_sdk_custom_interfaces/lib:/home/tanayrs/lars-ros/lars_ws/install/dynamixel_sdk/lib:/home/tanayrs/lars-ros/lars_ws/install/turtlebot3_msgs/lib:/usr/lib/x86_64-linux-gnu/gazebo-11/plugins:/opt/ros/humble/opt/rviz_ogre_vendor/lib:/opt/ros/humble/lib/x86_64-linux-gnu:/opt/ros/humble/lib /usr/bin/cmake --install /home/tanayrs/lars-ros/lars_ws/build/dynamixel_sdk_examples
