[0.183s] Invoking command in '/home/tanayrs/lars-ros/lars_ws/build/lars_groundbot_description': CMAKE_PREFIX_PATH=${CMAKE_PREFIX_PATH}:/home/tanayrs/lars-ros/lars_ws/install/lars_groundbot_control:/home/tanayrs/turtlebot3_ws/install/turtlebot3_teleop:/home/tanayrs/turtlebot3_ws/install/turtlebot3_example:/home/tanayrs/lars_ws/install/turtlebot_mover:/opt/ros/humble /usr/bin/cmake --build /home/tanayrs/lars-ros/lars_ws/build/lars_groundbot_description -- -j16 -l16
[0.208s] Invoked command in '/home/tanayrs/lars-ros/lars_ws/build/lars_groundbot_description' returned '0': CMAKE_PREFIX_PATH=${CMAKE_PREFIX_PATH}:/home/tanayrs/lars-ros/lars_ws/install/lars_groundbot_control:/home/tanayrs/turtlebot3_ws/install/turtlebot3_teleop:/home/tanayrs/turtlebot3_ws/install/turtlebot3_example:/home/tanayrs/lars_ws/install/turtlebot_mover:/opt/ros/humble /usr/bin/cmake --build /home/tanayrs/lars-ros/lars_ws/build/lars_groundbot_description -- -j16 -l16
[0.215s] Invoking command in '/home/tanayrs/lars-ros/lars_ws/build/lars_groundbot_description': CMAKE_PREFIX_PATH=${CMAKE_PREFIX_PATH}:/home/tanayrs/lars-ros/lars_ws/install/lars_groundbot_control:/home/tanayrs/turtlebot3_ws/install/turtlebot3_teleop:/home/tanayrs/turtlebot3_ws/install/turtlebot3_example:/home/tanayrs/lars_ws/install/turtlebot_mover:/opt/ros/humble /usr/bin/cmake --install /home/tanayrs/lars-ros/lars_ws/build/lars_groundbot_description
[0.220s] -- Install configuration: ""
[0.220s] -- Execute custom install script
[0.220s] -- Up-to-date symlink: /home/tanayrs/lars-ros/lars_ws/install/lars_groundbot_description/share/lars_groundbot_description/urdf/lars_groundbot.urdf
[0.220s] -- Up-to-date symlink: /home/tanayrs/lars-ros/lars_ws/install/lars_groundbot_description/share/lars_groundbot_description/meshes/lars-groundbot.mtl
[0.220s] -- Up-to-date symlink: /home/tanayrs/lars-ros/lars_ws/install/lars_groundbot_description/share/lars_groundbot_description/meshes/lars-groundbot.obj
[0.220s] -- Up-to-date symlink: /home/tanayrs/lars-ros/lars_ws/install/lars_groundbot_description/share/lars_groundbot_description/meshes/lars-groundbot.stl
[0.220s] -- Up-to-date symlink: /home/tanayrs/lars-ros/lars_ws/install/lars_groundbot_description/share/lars_groundbot_description/meshes/lars_groundbot.dae
[0.220s] -- Up-to-date symlink: /home/tanayrs/lars-ros/lars_ws/install/lars_groundbot_description/share/lars_groundbot_description/worlds/gazebo.world
[0.221s] -- Up-to-date symlink: /home/tanayrs/lars-ros/lars_ws/install/lars_groundbot_description/share/lars_groundbot_description/launch/bringup.launch.py
[0.221s] [31mCMake Error at ament_cmake_symlink_install/ament_cmake_symlink_install.cmake:204 (message):
[0.221s]   ament_cmake_symlink_install_programs() can't find
[0.221s]   '/home/tanayrs/lars-ros/lars_ws/src/lars_groundbot_description/launch/spawn_lars_groundbot.py'
[0.221s] Call Stack (most recent call first):
[0.221s]   ament_cmake_symlink_install/ament_cmake_symlink_install.cmake:320 (ament_cmake_symlink_install_programs)
[0.221s]   cmake_install.cmake:46 (include)
[0.221s] 
[0.221s] [0m
[0.222s] Invoked command in '/home/tanayrs/lars-ros/lars_ws/build/lars_groundbot_description' returned '1': CMAKE_PREFIX_PATH=${CMAKE_PREFIX_PATH}:/home/tanayrs/lars-ros/lars_ws/install/lars_groundbot_control:/home/tanayrs/turtlebot3_ws/install/turtlebot3_teleop:/home/tanayrs/turtlebot3_ws/install/turtlebot3_example:/home/tanayrs/lars_ws/install/turtlebot_mover:/opt/ros/humble /usr/bin/cmake --install /home/tanayrs/lars-ros/lars_ws/build/lars_groundbot_description
