[0.021s] Invoking command in '/home/tanayrs/lars-ros/lars_ws/build/dynamixel_sdk': CMAKE_PREFIX_PATH=${CMAKE_PREFIX_PATH}:/home/tanayrs/lars-ros/lars_ws/install/turtlebot3_teleop:/home/tanayrs/lars-ros/lars_ws/install/turtlebot3_example:/home/tanayrs/lars-ros/lars_ws/install/turtlebot3_grid_nav:/opt/ros/humble /usr/bin/cmake /home/tanayrs/lars-ros/lars_ws/src/DynamixelSDK/dynamixel_sdk -DAMENT_CMAKE_SYMLINK_INSTALL=1 -DCMAKE_INSTALL_PREFIX=/home/tanayrs/lars-ros/lars_ws/install/dynamixel_sdk
[0.245s] -- The C compiler identification is GNU 11.4.0
[0.245s] -- The CXX compiler identification is GNU 11.4.0
[0.245s] -- Detecting C compiler ABI info
[0.245s] -- Detecting C compiler ABI info - done
[0.245s] -- Check for working C compiler: /usr/bin/cc - skipped
[0.245s] -- Detecting C compile features
[0.245s] -- Detecting C compile features - done
[0.245s] -- Detecting CXX compiler ABI info
[0.245s] -- Detecting CXX compiler ABI info - done
[0.245s] -- Check for working CXX compiler: /usr/bin/c++ - skipped
[0.245s] -- Detecting CXX compile features
[0.245s] -- Detecting CXX compile features - done
[0.245s] -- Found ament_cmake: 1.3.11 (/opt/ros/humble/share/ament_cmake/cmake)
[0.346s] -- Found Python3: /usr/bin/python3 (found version "3.10.12") found components: Interpreter 
[0.399s] -- Override CMake install command with custom implementation using symlinks instead of copying resources
[0.472s] -- Configuring done
[0.476s] -- Generating done
[0.478s] -- Build files have been written to: /home/tanayrs/lars-ros/lars_ws/build/dynamixel_sdk
[0.487s] Invoked command in '/home/tanayrs/lars-ros/lars_ws/build/dynamixel_sdk' returned '0': CMAKE_PREFIX_PATH=${CMAKE_PREFIX_PATH}:/home/tanayrs/lars-ros/lars_ws/install/turtlebot3_teleop:/home/tanayrs/lars-ros/lars_ws/install/turtlebot3_example:/home/tanayrs/lars-ros/lars_ws/install/turtlebot3_grid_nav:/opt/ros/humble /usr/bin/cmake /home/tanayrs/lars-ros/lars_ws/src/DynamixelSDK/dynamixel_sdk -DAMENT_CMAKE_SYMLINK_INSTALL=1 -DCMAKE_INSTALL_PREFIX=/home/tanayrs/lars-ros/lars_ws/install/dynamixel_sdk
[0.489s] Invoking command in '/home/tanayrs/lars-ros/lars_ws/build/dynamixel_sdk': CMAKE_PREFIX_PATH=${CMAKE_PREFIX_PATH}:/home/tanayrs/lars-ros/lars_ws/install/turtlebot3_teleop:/home/tanayrs/lars-ros/lars_ws/install/turtlebot3_example:/home/tanayrs/lars-ros/lars_ws/install/turtlebot3_grid_nav:/opt/ros/humble /usr/bin/cmake --build /home/tanayrs/lars-ros/lars_ws/build/dynamixel_sdk -- -j16 -l16
[0.527s] [ 40%] [32mBuilding CXX object CMakeFiles/dynamixel_sdk.dir/src/dynamixel_sdk/group_bulk_read.cpp.o[0m
[0.527s] [ 40%] [32mBuilding CXX object CMakeFiles/dynamixel_sdk.dir/src/dynamixel_sdk/packet_handler.cpp.o[0m
[0.528s] [ 40%] [32mBuilding CXX object CMakeFiles/dynamixel_sdk.dir/src/dynamixel_sdk/group_sync_write.cpp.o[0m
[0.528s] [ 40%] [32mBuilding CXX object CMakeFiles/dynamixel_sdk.dir/src/dynamixel_sdk/group_bulk_write.cpp.o[0m
[0.528s] [ 50%] [32mBuilding CXX object CMakeFiles/dynamixel_sdk.dir/src/dynamixel_sdk/protocol1_packet_handler.cpp.o[0m
[0.528s] [ 60%] [32mBuilding CXX object CMakeFiles/dynamixel_sdk.dir/src/dynamixel_sdk/group_sync_read.cpp.o[0m
[0.528s] [ 70%] [32mBuilding CXX object CMakeFiles/dynamixel_sdk.dir/src/dynamixel_sdk/port_handler_linux.cpp.o[0m
[0.528s] [ 80%] [32mBuilding CXX object CMakeFiles/dynamixel_sdk.dir/src/dynamixel_sdk/port_handler.cpp.o[0m
[0.530s] [ 90%] [32mBuilding CXX object CMakeFiles/dynamixel_sdk.dir/src/dynamixel_sdk/protocol2_packet_handler.cpp.o[0m
[0.987s] [100%] [32m[1mLinking CXX shared library libdynamixel_sdk.so[0m
[1.047s] [100%] Built target dynamixel_sdk
[1.055s] Invoked command in '/home/tanayrs/lars-ros/lars_ws/build/dynamixel_sdk' returned '0': CMAKE_PREFIX_PATH=${CMAKE_PREFIX_PATH}:/home/tanayrs/lars-ros/lars_ws/install/turtlebot3_teleop:/home/tanayrs/lars-ros/lars_ws/install/turtlebot3_example:/home/tanayrs/lars-ros/lars_ws/install/turtlebot3_grid_nav:/opt/ros/humble /usr/bin/cmake --build /home/tanayrs/lars-ros/lars_ws/build/dynamixel_sdk -- -j16 -l16
[1.056s] Invoking command in '/home/tanayrs/lars-ros/lars_ws/build/dynamixel_sdk': CMAKE_PREFIX_PATH=${CMAKE_PREFIX_PATH}:/home/tanayrs/lars-ros/lars_ws/install/turtlebot3_teleop:/home/tanayrs/lars-ros/lars_ws/install/turtlebot3_example:/home/tanayrs/lars-ros/lars_ws/install/turtlebot3_grid_nav:/opt/ros/humble /usr/bin/cmake --install /home/tanayrs/lars-ros/lars_ws/build/dynamixel_sdk
[1.061s] -- Install configuration: ""
[1.061s] -- Execute custom install script
[1.061s] -- Symlinking: /home/tanayrs/lars-ros/lars_ws/install/dynamixel_sdk/include//dynamixel_sdk/dynamixel_sdk.h
[1.067s] -- Symlinking: /home/tanayrs/lars-ros/lars_ws/install/dynamixel_sdk/include//dynamixel_sdk/group_bulk_read.h
[1.072s] -- Symlinking: /home/tanayrs/lars-ros/lars_ws/install/dynamixel_sdk/include//dynamixel_sdk/group_bulk_write.h
[1.077s] -- Symlinking: /home/tanayrs/lars-ros/lars_ws/install/dynamixel_sdk/include//dynamixel_sdk/group_sync_read.h
[1.083s] -- Symlinking: /home/tanayrs/lars-ros/lars_ws/install/dynamixel_sdk/include//dynamixel_sdk/group_sync_write.h
[1.088s] -- Symlinking: /home/tanayrs/lars-ros/lars_ws/install/dynamixel_sdk/include//dynamixel_sdk/packet_handler.h
[1.094s] -- Symlinking: /home/tanayrs/lars-ros/lars_ws/install/dynamixel_sdk/include//dynamixel_sdk/port_handler.h
[1.099s] -- Symlinking: /home/tanayrs/lars-ros/lars_ws/install/dynamixel_sdk/include//dynamixel_sdk/port_handler_arduino.h
[1.105s] -- Symlinking: /home/tanayrs/lars-ros/lars_ws/install/dynamixel_sdk/include//dynamixel_sdk/port_handler_linux.h
[1.111s] -- Symlinking: /home/tanayrs/lars-ros/lars_ws/install/dynamixel_sdk/include//dynamixel_sdk/port_handler_mac.h
[1.116s] -- Symlinking: /home/tanayrs/lars-ros/lars_ws/install/dynamixel_sdk/include//dynamixel_sdk/port_handler_windows.h
[1.121s] -- Symlinking: /home/tanayrs/lars-ros/lars_ws/install/dynamixel_sdk/include//dynamixel_sdk/protocol1_packet_handler.h
[1.127s] -- Symlinking: /home/tanayrs/lars-ros/lars_ws/install/dynamixel_sdk/include//dynamixel_sdk/protocol2_packet_handler.h
[1.133s] -- Symlinking: /home/tanayrs/lars-ros/lars_ws/install/dynamixel_sdk/lib/libdynamixel_sdk.so
[1.139s] -- Symlinking: /home/tanayrs/lars-ros/lars_ws/install/dynamixel_sdk/share/dynamixel_sdk/environment/library_path.sh
[1.144s] -- Symlinking: /home/tanayrs/lars-ros/lars_ws/install/dynamixel_sdk/share/dynamixel_sdk/environment/library_path.dsv
[1.150s] -- Symlinking: /home/tanayrs/lars-ros/lars_ws/install/dynamixel_sdk/share/ament_index/resource_index/package_run_dependencies/dynamixel_sdk
[1.155s] -- Symlinking: /home/tanayrs/lars-ros/lars_ws/install/dynamixel_sdk/share/ament_index/resource_index/parent_prefix_path/dynamixel_sdk
[1.160s] -- Symlinking: /home/tanayrs/lars-ros/lars_ws/install/dynamixel_sdk/share/dynamixel_sdk/environment/ament_prefix_path.sh
[1.166s] -- Symlinking: /home/tanayrs/lars-ros/lars_ws/install/dynamixel_sdk/share/dynamixel_sdk/environment/ament_prefix_path.dsv
[1.172s] -- Symlinking: /home/tanayrs/lars-ros/lars_ws/install/dynamixel_sdk/share/dynamixel_sdk/environment/path.sh
[1.177s] -- Symlinking: /home/tanayrs/lars-ros/lars_ws/install/dynamixel_sdk/share/dynamixel_sdk/environment/path.dsv
[1.184s] -- Symlinking: /home/tanayrs/lars-ros/lars_ws/install/dynamixel_sdk/share/dynamixel_sdk/local_setup.bash
[1.192s] -- Symlinking: /home/tanayrs/lars-ros/lars_ws/install/dynamixel_sdk/share/dynamixel_sdk/local_setup.sh
[1.199s] -- Symlinking: /home/tanayrs/lars-ros/lars_ws/install/dynamixel_sdk/share/dynamixel_sdk/local_setup.zsh
[1.207s] -- Symlinking: /home/tanayrs/lars-ros/lars_ws/install/dynamixel_sdk/share/dynamixel_sdk/local_setup.dsv
[1.214s] -- Symlinking: /home/tanayrs/lars-ros/lars_ws/install/dynamixel_sdk/share/dynamixel_sdk/package.dsv
[1.223s] -- Symlinking: /home/tanayrs/lars-ros/lars_ws/install/dynamixel_sdk/share/ament_index/resource_index/packages/dynamixel_sdk
[1.228s] -- Symlinking: /home/tanayrs/lars-ros/lars_ws/install/dynamixel_sdk/share/dynamixel_sdk/cmake/ament_cmake_export_include_directories-extras.cmake
[1.234s] -- Symlinking: /home/tanayrs/lars-ros/lars_ws/install/dynamixel_sdk/share/dynamixel_sdk/cmake/ament_cmake_export_libraries-extras.cmake
[1.238s] -- Symlinking: /home/tanayrs/lars-ros/lars_ws/install/dynamixel_sdk/share/dynamixel_sdk/cmake/dynamixel_sdkConfig.cmake
[1.243s] -- Symlinking: /home/tanayrs/lars-ros/lars_ws/install/dynamixel_sdk/share/dynamixel_sdk/cmake/dynamixel_sdkConfig-version.cmake
[1.249s] -- Symlinking: /home/tanayrs/lars-ros/lars_ws/install/dynamixel_sdk/share/dynamixel_sdk/package.xml
[1.255s] Invoked command in '/home/tanayrs/lars-ros/lars_ws/build/dynamixel_sdk' returned '0': CMAKE_PREFIX_PATH=${CMAKE_PREFIX_PATH}:/home/tanayrs/lars-ros/lars_ws/install/turtlebot3_teleop:/home/tanayrs/lars-ros/lars_ws/install/turtlebot3_example:/home/tanayrs/lars-ros/lars_ws/install/turtlebot3_grid_nav:/opt/ros/humble /usr/bin/cmake --install /home/tanayrs/lars-ros/lars_ws/build/dynamixel_sdk
