[0.046s] Invoking command in '/home/tanayrs/lars-ros/lars_ws2/build/dynamixel_sdk': CMAKE_PREFIX_PATH=${CMAKE_PREFIX_PATH}:/home/tanayrs/lars-ros/lars_ws2/install/turtlebot3_teleop:/home/tanayrs/lars-ros/lars_ws2/install/turtlebot3_example:/home/tanayrs/lars-ros/lars_ws2/install/turtlebot3_grid_nav:/home/tanayrs/lars-ros/lars_ws/install/lars_groundbot_control:/home/tanayrs/turtlebot3_ws/install/turtlebot3_teleop:/home/tanayrs/turtlebot3_ws/install/turtlebot3_example:/home/tanayrs/lars_ws/install/turtlebot_mover:/opt/ros/humble /usr/bin/cmake --build /home/tanayrs/lars-ros/lars_ws2/build/dynamixel_sdk -- -j16 -l16
[0.350s] [100%] Built target dynamixel_sdk
[0.591s] Invoked command in '/home/tanayrs/lars-ros/lars_ws2/build/dynamixel_sdk' returned '0': CMAKE_PREFIX_PATH=${CMAKE_PREFIX_PATH}:/home/tanayrs/lars-ros/lars_ws2/install/turtlebot3_teleop:/home/tanayrs/lars-ros/lars_ws2/install/turtlebot3_example:/home/tanayrs/lars-ros/lars_ws2/install/turtlebot3_grid_nav:/home/tanayrs/lars-ros/lars_ws/install/lars_groundbot_control:/home/tanayrs/turtlebot3_ws/install/turtlebot3_teleop:/home/tanayrs/turtlebot3_ws/install/turtlebot3_example:/home/tanayrs/lars_ws/install/turtlebot_mover:/opt/ros/humble /usr/bin/cmake --build /home/tanayrs/lars-ros/lars_ws2/build/dynamixel_sdk -- -j16 -l16
[0.591s] Invoking command in '/home/tanayrs/lars-ros/lars_ws2/build/dynamixel_sdk': CMAKE_PREFIX_PATH=${CMAKE_PREFIX_PATH}:/home/tanayrs/lars-ros/lars_ws2/install/turtlebot3_teleop:/home/tanayrs/lars-ros/lars_ws2/install/turtlebot3_example:/home/tanayrs/lars-ros/lars_ws2/install/turtlebot3_grid_nav:/home/tanayrs/lars-ros/lars_ws/install/lars_groundbot_control:/home/tanayrs/turtlebot3_ws/install/turtlebot3_teleop:/home/tanayrs/turtlebot3_ws/install/turtlebot3_example:/home/tanayrs/lars_ws/install/turtlebot_mover:/opt/ros/humble /usr/bin/cmake --install /home/tanayrs/lars-ros/lars_ws2/build/dynamixel_sdk
[0.600s] -- Install configuration: ""
[0.600s] -- Up-to-date: /home/tanayrs/lars-ros/lars_ws2/install/dynamixel_sdk/include/
[0.600s] -- Up-to-date: /home/tanayrs/lars-ros/lars_ws2/install/dynamixel_sdk/include//dynamixel_sdk
[0.600s] -- Up-to-date: /home/tanayrs/lars-ros/lars_ws2/install/dynamixel_sdk/include//dynamixel_sdk/port_handler_mac.h
[0.601s] -- Up-to-date: /home/tanayrs/lars-ros/lars_ws2/install/dynamixel_sdk/include//dynamixel_sdk/port_handler_arduino.h
[0.601s] -- Up-to-date: /home/tanayrs/lars-ros/lars_ws2/install/dynamixel_sdk/include//dynamixel_sdk/group_bulk_read.h
[0.601s] -- Up-to-date: /home/tanayrs/lars-ros/lars_ws2/install/dynamixel_sdk/include//dynamixel_sdk/protocol2_packet_handler.h
[0.601s] -- Up-to-date: /home/tanayrs/lars-ros/lars_ws2/install/dynamixel_sdk/include//dynamixel_sdk/group_bulk_write.h
[0.601s] -- Up-to-date: /home/tanayrs/lars-ros/lars_ws2/install/dynamixel_sdk/include//dynamixel_sdk/port_handler_windows.h
[0.601s] -- Up-to-date: /home/tanayrs/lars-ros/lars_ws2/install/dynamixel_sdk/include//dynamixel_sdk/packet_handler.h
[0.601s] -- Up-to-date: /home/tanayrs/lars-ros/lars_ws2/install/dynamixel_sdk/include//dynamixel_sdk/group_sync_read.h
[0.601s] -- Up-to-date: /home/tanayrs/lars-ros/lars_ws2/install/dynamixel_sdk/include//dynamixel_sdk/protocol1_packet_handler.h
[0.601s] -- Up-to-date: /home/tanayrs/lars-ros/lars_ws2/install/dynamixel_sdk/include//dynamixel_sdk/dynamixel_sdk.h
[0.601s] -- Up-to-date: /home/tanayrs/lars-ros/lars_ws2/install/dynamixel_sdk/include//dynamixel_sdk/port_handler.h
[0.601s] -- Up-to-date: /home/tanayrs/lars-ros/lars_ws2/install/dynamixel_sdk/include//dynamixel_sdk/port_handler_linux.h
[0.602s] -- Up-to-date: /home/tanayrs/lars-ros/lars_ws2/install/dynamixel_sdk/include//dynamixel_sdk/group_sync_write.h
[0.603s] -- Up-to-date: /home/tanayrs/lars-ros/lars_ws2/install/dynamixel_sdk/lib/libdynamixel_sdk.so
[0.603s] -- Up-to-date: /home/tanayrs/lars-ros/lars_ws2/install/dynamixel_sdk/share/dynamixel_sdk/environment/library_path.sh
[0.603s] -- Up-to-date: /home/tanayrs/lars-ros/lars_ws2/install/dynamixel_sdk/share/dynamixel_sdk/environment/library_path.dsv
[0.605s] -- Up-to-date: /home/tanayrs/lars-ros/lars_ws2/install/dynamixel_sdk/share/ament_index/resource_index/package_run_dependencies/dynamixel_sdk
[0.606s] -- Up-to-date: /home/tanayrs/lars-ros/lars_ws2/install/dynamixel_sdk/share/ament_index/resource_index/parent_prefix_path/dynamixel_sdk
[0.606s] -- Up-to-date: /home/tanayrs/lars-ros/lars_ws2/install/dynamixel_sdk/share/dynamixel_sdk/environment/ament_prefix_path.sh
[0.606s] -- Up-to-date: /home/tanayrs/lars-ros/lars_ws2/install/dynamixel_sdk/share/dynamixel_sdk/environment/ament_prefix_path.dsv
[0.606s] -- Up-to-date: /home/tanayrs/lars-ros/lars_ws2/install/dynamixel_sdk/share/dynamixel_sdk/environment/path.sh
[0.606s] -- Up-to-date: /home/tanayrs/lars-ros/lars_ws2/install/dynamixel_sdk/share/dynamixel_sdk/environment/path.dsv
[0.607s] -- Up-to-date: /home/tanayrs/lars-ros/lars_ws2/install/dynamixel_sdk/share/dynamixel_sdk/local_setup.bash
[0.607s] -- Up-to-date: /home/tanayrs/lars-ros/lars_ws2/install/dynamixel_sdk/share/dynamixel_sdk/local_setup.sh
[0.607s] -- Up-to-date: /home/tanayrs/lars-ros/lars_ws2/install/dynamixel_sdk/share/dynamixel_sdk/local_setup.zsh
[0.607s] -- Up-to-date: /home/tanayrs/lars-ros/lars_ws2/install/dynamixel_sdk/share/dynamixel_sdk/local_setup.dsv
[0.607s] -- Installing: /home/tanayrs/lars-ros/lars_ws2/install/dynamixel_sdk/share/dynamixel_sdk/package.dsv
[0.607s] -- Up-to-date: /home/tanayrs/lars-ros/lars_ws2/install/dynamixel_sdk/share/ament_index/resource_index/packages/dynamixel_sdk
[0.609s] -- Up-to-date: /home/tanayrs/lars-ros/lars_ws2/install/dynamixel_sdk/share/dynamixel_sdk/cmake/ament_cmake_export_include_directories-extras.cmake
[0.609s] -- Up-to-date: /home/tanayrs/lars-ros/lars_ws2/install/dynamixel_sdk/share/dynamixel_sdk/cmake/ament_cmake_export_libraries-extras.cmake
[0.609s] -- Up-to-date: /home/tanayrs/lars-ros/lars_ws2/install/dynamixel_sdk/share/dynamixel_sdk/cmake/dynamixel_sdkConfig.cmake
[0.609s] -- Up-to-date: /home/tanayrs/lars-ros/lars_ws2/install/dynamixel_sdk/share/dynamixel_sdk/cmake/dynamixel_sdkConfig-version.cmake
[0.609s] -- Up-to-date: /home/tanayrs/lars-ros/lars_ws2/install/dynamixel_sdk/share/dynamixel_sdk/package.xml
[0.671s] Invoked command in '/home/tanayrs/lars-ros/lars_ws2/build/dynamixel_sdk' returned '0': CMAKE_PREFIX_PATH=${CMAKE_PREFIX_PATH}:/home/tanayrs/lars-ros/lars_ws2/install/turtlebot3_teleop:/home/tanayrs/lars-ros/lars_ws2/install/turtlebot3_example:/home/tanayrs/lars-ros/lars_ws2/install/turtlebot3_grid_nav:/home/tanayrs/lars-ros/lars_ws/install/lars_groundbot_control:/home/tanayrs/turtlebot3_ws/install/turtlebot3_teleop:/home/tanayrs/turtlebot3_ws/install/turtlebot3_example:/home/tanayrs/lars_ws/install/turtlebot_mover:/opt/ros/humble /usr/bin/cmake --install /home/tanayrs/lars-ros/lars_ws2/build/dynamixel_sdk
