[0.539s] Invoking command in '/home/tanayrs/lars-ros/lars_ws2/src/turtlebot3_grid_nav': PYTHONPATH=/home/tanayrs/lars-ros/lars_ws2/src/turtlebot3_grid_nav/build/turtlebot3_grid_nav/prefix_override:/usr/lib/python3/dist-packages/colcon_core/task/python/colcon_distutils_commands:/home/tanayrs/lars-ros/lars_ws2/src/turtlebot3_grid_nav/install/turtlebot3_grid_nav/lib/python3.10/site-packages:${PYTHONPATH} /usr/bin/python3 -W ignore:setup.py install is deprecated -W ignore:easy_install command is deprecated setup.py egg_info --egg-base build/turtlebot3_grid_nav build --build-base /home/tanayrs/lars-ros/lars_ws2/src/turtlebot3_grid_nav/build/turtlebot3_grid_nav/build install --record /home/tanayrs/lars-ros/lars_ws2/src/turtlebot3_grid_nav/build/turtlebot3_grid_nav/install.log --single-version-externally-managed install_data
[0.738s] running egg_info
[0.738s] creating build/turtlebot3_grid_nav/turtlebot3_grid_nav.egg-info
[0.738s] writing build/turtlebot3_grid_nav/turtlebot3_grid_nav.egg-info/PKG-INFO
[0.738s] writing dependency_links to build/turtlebot3_grid_nav/turtlebot3_grid_nav.egg-info/dependency_links.txt
[0.738s] writing entry points to build/turtlebot3_grid_nav/turtlebot3_grid_nav.egg-info/entry_points.txt
[0.738s] writing requirements to build/turtlebot3_grid_nav/turtlebot3_grid_nav.egg-info/requires.txt
[0.738s] writing top-level names to build/turtlebot3_grid_nav/turtlebot3_grid_nav.egg-info/top_level.txt
[0.739s] writing manifest file 'build/turtlebot3_grid_nav/turtlebot3_grid_nav.egg-info/SOURCES.txt'
[0.740s] reading manifest file 'build/turtlebot3_grid_nav/turtlebot3_grid_nav.egg-info/SOURCES.txt'
[0.740s] writing manifest file 'build/turtlebot3_grid_nav/turtlebot3_grid_nav.egg-info/SOURCES.txt'
[0.740s] running build
[0.740s] running build_py
[0.740s] creating /home/tanayrs/lars-ros/lars_ws2/src/turtlebot3_grid_nav/build/turtlebot3_grid_nav/build
[0.740s] creating /home/tanayrs/lars-ros/lars_ws2/src/turtlebot3_grid_nav/build/turtlebot3_grid_nav/build/lib
[0.740s] creating /home/tanayrs/lars-ros/lars_ws2/src/turtlebot3_grid_nav/build/turtlebot3_grid_nav/build/lib/turtlebot3_grid_nav
[0.740s] copying turtlebot3_grid_nav/__init__.py -> /home/tanayrs/lars-ros/lars_ws2/src/turtlebot3_grid_nav/build/turtlebot3_grid_nav/build/lib/turtlebot3_grid_nav
[0.741s] running install
[0.741s] running install_lib
[0.741s] creating /home/tanayrs/lars-ros/lars_ws2/src/turtlebot3_grid_nav/install/turtlebot3_grid_nav/lib/python3.10/site-packages/turtlebot3_grid_nav
[0.741s] copying /home/tanayrs/lars-ros/lars_ws2/src/turtlebot3_grid_nav/build/turtlebot3_grid_nav/build/lib/turtlebot3_grid_nav/__init__.py -> /home/tanayrs/lars-ros/lars_ws2/src/turtlebot3_grid_nav/install/turtlebot3_grid_nav/lib/python3.10/site-packages/turtlebot3_grid_nav
[0.742s] byte-compiling /home/tanayrs/lars-ros/lars_ws2/src/turtlebot3_grid_nav/install/turtlebot3_grid_nav/lib/python3.10/site-packages/turtlebot3_grid_nav/__init__.py to __init__.cpython-310.pyc
[0.742s] running install_data
[0.742s] creating /home/tanayrs/lars-ros/lars_ws2/src/turtlebot3_grid_nav/install/turtlebot3_grid_nav/share/ament_index
[0.742s] creating /home/tanayrs/lars-ros/lars_ws2/src/turtlebot3_grid_nav/install/turtlebot3_grid_nav/share/ament_index/resource_index
[0.742s] creating /home/tanayrs/lars-ros/lars_ws2/src/turtlebot3_grid_nav/install/turtlebot3_grid_nav/share/ament_index/resource_index/packages
[0.742s] copying resource/turtlebot3_grid_nav -> /home/tanayrs/lars-ros/lars_ws2/src/turtlebot3_grid_nav/install/turtlebot3_grid_nav/share/ament_index/resource_index/packages
[0.742s] copying package.xml -> /home/tanayrs/lars-ros/lars_ws2/src/turtlebot3_grid_nav/install/turtlebot3_grid_nav/share/turtlebot3_grid_nav
[0.742s] running install_egg_info
[0.743s] Copying build/turtlebot3_grid_nav/turtlebot3_grid_nav.egg-info to /home/tanayrs/lars-ros/lars_ws2/src/turtlebot3_grid_nav/install/turtlebot3_grid_nav/lib/python3.10/site-packages/turtlebot3_grid_nav-0.0.0-py3.10.egg-info
[0.743s] running install_scripts
[0.759s] writing list of installed files to '/home/tanayrs/lars-ros/lars_ws2/src/turtlebot3_grid_nav/build/turtlebot3_grid_nav/install.log'
[0.791s] Invoked command in '/home/tanayrs/lars-ros/lars_ws2/src/turtlebot3_grid_nav' returned '0': PYTHONPATH=/home/tanayrs/lars-ros/lars_ws2/src/turtlebot3_grid_nav/build/turtlebot3_grid_nav/prefix_override:/usr/lib/python3/dist-packages/colcon_core/task/python/colcon_distutils_commands:/home/tanayrs/lars-ros/lars_ws2/src/turtlebot3_grid_nav/install/turtlebot3_grid_nav/lib/python3.10/site-packages:${PYTHONPATH} /usr/bin/python3 -W ignore:setup.py install is deprecated -W ignore:easy_install command is deprecated setup.py egg_info --egg-base build/turtlebot3_grid_nav build --build-base /home/tanayrs/lars-ros/lars_ws2/src/turtlebot3_grid_nav/build/turtlebot3_grid_nav/build install --record /home/tanayrs/lars-ros/lars_ws2/src/turtlebot3_grid_nav/build/turtlebot3_grid_nav/install.log --single-version-externally-managed install_data
