-- Found ament_cmake: 1.3.11 (/opt/ros/humble/share/ament_cmake/cmake)
-- Override CMake install command with custom implementation using symlinks instead of copying resources
-- Found urdf: 2.6.1 (/opt/ros/humble/share/urdf/cmake)
-- Found xacro: 2.0.8 (/opt/ros/humble/share/xacro/cmake)
-- Configuring done
-- Generating done
-- Build files have been written to: /home/tanayrs/lars-ros/lars_ws/build/lars_groundbot_description
-- Install configuration: ""
-- Execute custom install script
-- Up-to-date symlink: /home/tanayrs/lars-ros/lars_ws/install/lars_groundbot_description/share/lars_groundbot_description/urdf/lars_groundbot.urdf
-- Up-to-date symlink: /home/tanayrs/lars-ros/lars_ws/install/lars_groundbot_description/share/lars_groundbot_description/meshes/lars-groundbot.mtl
-- Up-to-date symlink: /home/tanayrs/lars-ros/lars_ws/install/lars_groundbot_description/share/lars_groundbot_description/meshes/lars-groundbot.obj
-- Up-to-date symlink: /home/tanayrs/lars-ros/lars_ws/install/lars_groundbot_description/share/lars_groundbot_description/meshes/lars-groundbot.stl
-- Up-to-date symlink: /home/tanayrs/lars-ros/lars_ws/install/lars_groundbot_description/share/lars_groundbot_description/meshes/lars_groundbot.dae
-- Up-to-date symlink: /home/tanayrs/lars-ros/lars_ws/install/lars_groundbot_description/share/lars_groundbot_description/worlds/gazebo.world
[31mCMake Error at ament_cmake_symlink_install/ament_cmake_symlink_install.cmake:204 (message):
  ament_cmake_symlink_install_programs() can't find
  '/home/tanayrs/lars-ros/lars_ws/src/lars_groundbot_description/launch/spawn_lars_groundbot.py'
Call Stack (most recent call first):
  ament_cmake_symlink_install/ament_cmake_symlink_install.cmake:320 (ament_cmake_symlink_install_programs)
  cmake_install.cmake:46 (include)

[0m
-- Up-to-date symlink: /home/tanayrs/lars-ros/lars_ws/install/lars_groundbot_description/share/lars_groundbot_description/launch/bringup.launch.py
