[0.865s] Invoking command in '/home/tanayrs/lars-ros/lars_ws/build/turtlebot3_teleop': PYTHONPATH=/home/tanayrs/lars-ros/lars_ws/build/turtlebot3_teleop/prefix_override:/usr/lib/python3/dist-packages/colcon_core/task/python/colcon_distutils_commands:/home/tanayrs/lars-ros/lars_ws/install/turtlebot3_teleop/lib/python3.10/site-packages:${PYTHONPATH} /usr/bin/python3 -W ignore:setup.py install is deprecated -W ignore:easy_install command is deprecated setup.py develop --editable --build-directory /home/tanayrs/lars-ros/lars_ws/build/turtlebot3_teleop/build --no-deps symlink_data
[1.052s] running develop
[1.166s] running egg_info
[1.166s] creating turtlebot3_teleop.egg-info
[1.166s] writing turtlebot3_teleop.egg-info/PKG-INFO
[1.166s] writing dependency_links to turtlebot3_teleop.egg-info/dependency_links.txt
[1.166s] writing entry points to turtlebot3_teleop.egg-info/entry_points.txt
[1.167s] writing requirements to turtlebot3_teleop.egg-info/requires.txt
[1.167s] writing top-level names to turtlebot3_teleop.egg-info/top_level.txt
[1.167s] writing manifest file 'turtlebot3_teleop.egg-info/SOURCES.txt'
[1.168s] reading manifest file 'turtlebot3_teleop.egg-info/SOURCES.txt'
[1.168s] writing manifest file 'turtlebot3_teleop.egg-info/SOURCES.txt'
[1.169s] running build_ext
[1.169s] Creating /home/tanayrs/lars-ros/lars_ws/install/turtlebot3_teleop/lib/python3.10/site-packages/turtlebot3-teleop.egg-link (link to .)
[1.170s] Installing teleop_keyboard script to /home/tanayrs/lars-ros/lars_ws/install/turtlebot3_teleop/lib/turtlebot3_teleop
[1.170s] 
[1.170s] Installed /home/tanayrs/lars-ros/lars_ws/build/turtlebot3_teleop
[1.170s] running symlink_data
[1.170s] creating /home/tanayrs/lars-ros/lars_ws/install/turtlebot3_teleop/share/ament_index
[1.170s] creating /home/tanayrs/lars-ros/lars_ws/install/turtlebot3_teleop/share/ament_index/resource_index
[1.171s] creating /home/tanayrs/lars-ros/lars_ws/install/turtlebot3_teleop/share/ament_index/resource_index/packages
[1.171s] symbolically linking /home/tanayrs/lars-ros/lars_ws/build/turtlebot3_teleop/resource/turtlebot3_teleop -> /home/tanayrs/lars-ros/lars_ws/install/turtlebot3_teleop/share/ament_index/resource_index/packages
[1.171s] symbolically linking /home/tanayrs/lars-ros/lars_ws/build/turtlebot3_teleop/package.xml -> /home/tanayrs/lars-ros/lars_ws/install/turtlebot3_teleop/share/turtlebot3_teleop
[1.217s] Invoked command in '/home/tanayrs/lars-ros/lars_ws/build/turtlebot3_teleop' returned '0': PYTHONPATH=/home/tanayrs/lars-ros/lars_ws/build/turtlebot3_teleop/prefix_override:/usr/lib/python3/dist-packages/colcon_core/task/python/colcon_distutils_commands:/home/tanayrs/lars-ros/lars_ws/install/turtlebot3_teleop/lib/python3.10/site-packages:${PYTHONPATH} /usr/bin/python3 -W ignore:setup.py install is deprecated -W ignore:easy_install command is deprecated setup.py develop --editable --build-directory /home/tanayrs/lars-ros/lars_ws/build/turtlebot3_teleop/build --no-deps symlink_data
