[0.019s] Invoking command in '/home/tanayrs/lars-ros/lars_ws/build/turtlebot3_cartographer': CMAKE_PREFIX_PATH=${CMAKE_PREFIX_PATH}:/home/tanayrs/lars-ros/lars_ws/install/turtlebot3_teleop:/home/tanayrs/lars-ros/lars_ws/install/turtlebot3_example:/home/tanayrs/lars-ros/lars_ws/install/turtlebot3_grid_nav:/opt/ros/humble /usr/bin/cmake /home/tanayrs/lars-ros/lars_ws/src/turtlebot3/turtlebot3_cartographer -DAMENT_CMAKE_SYMLINK_INSTALL=1 -DCMAKE_INSTALL_PREFIX=/home/tanayrs/lars-ros/lars_ws/install/turtlebot3_cartographer
[0.241s] -- The C compiler identification is GNU 11.4.0
[0.242s] -- The CXX compiler identification is GNU 11.4.0
[0.242s] -- Detecting C compiler ABI info
[0.242s] -- Detecting C compiler ABI info - done
[0.242s] -- Check for working C compiler: /usr/bin/cc - skipped
[0.242s] -- Detecting C compile features
[0.242s] -- Detecting C compile features - done
[0.242s] -- Detecting CXX compiler ABI info
[0.242s] -- Detecting CXX compiler ABI info - done
[0.242s] -- Check for working CXX compiler: /usr/bin/c++ - skipped
[0.242s] -- Detecting CXX compile features
[0.242s] -- Detecting CXX compile features - done
[0.242s] -- Found ament_cmake: 1.3.11 (/opt/ros/humble/share/ament_cmake/cmake)
[0.355s] -- Found Python3: /usr/bin/python3 (found version "3.10.12") found components: Interpreter 
[0.415s] -- Override CMake install command with custom implementation using symlinks instead of copying resources
[0.485s] -- Configuring done
[0.487s] -- Generating done
[0.488s] -- Build files have been written to: /home/tanayrs/lars-ros/lars_ws/build/turtlebot3_cartographer
[0.492s] Invoked command in '/home/tanayrs/lars-ros/lars_ws/build/turtlebot3_cartographer' returned '0': CMAKE_PREFIX_PATH=${CMAKE_PREFIX_PATH}:/home/tanayrs/lars-ros/lars_ws/install/turtlebot3_teleop:/home/tanayrs/lars-ros/lars_ws/install/turtlebot3_example:/home/tanayrs/lars-ros/lars_ws/install/turtlebot3_grid_nav:/opt/ros/humble /usr/bin/cmake /home/tanayrs/lars-ros/lars_ws/src/turtlebot3/turtlebot3_cartographer -DAMENT_CMAKE_SYMLINK_INSTALL=1 -DCMAKE_INSTALL_PREFIX=/home/tanayrs/lars-ros/lars_ws/install/turtlebot3_cartographer
[0.494s] Invoking command in '/home/tanayrs/lars-ros/lars_ws/build/turtlebot3_cartographer': CMAKE_PREFIX_PATH=${CMAKE_PREFIX_PATH}:/home/tanayrs/lars-ros/lars_ws/install/turtlebot3_teleop:/home/tanayrs/lars-ros/lars_ws/install/turtlebot3_example:/home/tanayrs/lars-ros/lars_ws/install/turtlebot3_grid_nav:/opt/ros/humble /usr/bin/cmake --build /home/tanayrs/lars-ros/lars_ws/build/turtlebot3_cartographer -- -j16 -l16
[0.543s] Invoked command in '/home/tanayrs/lars-ros/lars_ws/build/turtlebot3_cartographer' returned '0': CMAKE_PREFIX_PATH=${CMAKE_PREFIX_PATH}:/home/tanayrs/lars-ros/lars_ws/install/turtlebot3_teleop:/home/tanayrs/lars-ros/lars_ws/install/turtlebot3_example:/home/tanayrs/lars-ros/lars_ws/install/turtlebot3_grid_nav:/opt/ros/humble /usr/bin/cmake --build /home/tanayrs/lars-ros/lars_ws/build/turtlebot3_cartographer -- -j16 -l16
[0.544s] Invoking command in '/home/tanayrs/lars-ros/lars_ws/build/turtlebot3_cartographer': CMAKE_PREFIX_PATH=${CMAKE_PREFIX_PATH}:/home/tanayrs/lars-ros/lars_ws/install/turtlebot3_teleop:/home/tanayrs/lars-ros/lars_ws/install/turtlebot3_example:/home/tanayrs/lars-ros/lars_ws/install/turtlebot3_grid_nav:/opt/ros/humble /usr/bin/cmake --install /home/tanayrs/lars-ros/lars_ws/build/turtlebot3_cartographer
[0.552s] -- Install configuration: ""
[0.553s] -- Execute custom install script
[0.553s] -- Symlinking: /home/tanayrs/lars-ros/lars_ws/install/turtlebot3_cartographer/share/turtlebot3_cartographer/config/turtlebot3_lds_2d.lua
[0.564s] -- Symlinking: /home/tanayrs/lars-ros/lars_ws/install/turtlebot3_cartographer/share/turtlebot3_cartographer/launch/cartographer.launch.py
[0.578s] -- Symlinking: /home/tanayrs/lars-ros/lars_ws/install/turtlebot3_cartographer/share/turtlebot3_cartographer/launch/occupancy_grid.launch.py
[0.587s] -- Symlinking: /home/tanayrs/lars-ros/lars_ws/install/turtlebot3_cartographer/share/turtlebot3_cartographer/rviz/tb3_cartographer.rviz
[0.597s] -- Symlinking: /home/tanayrs/lars-ros/lars_ws/install/turtlebot3_cartographer/share/ament_index/resource_index/package_run_dependencies/turtlebot3_cartographer
[0.612s] -- Symlinking: /home/tanayrs/lars-ros/lars_ws/install/turtlebot3_cartographer/share/ament_index/resource_index/parent_prefix_path/turtlebot3_cartographer
[0.621s] -- Symlinking: /home/tanayrs/lars-ros/lars_ws/install/turtlebot3_cartographer/share/turtlebot3_cartographer/environment/ament_prefix_path.sh
[0.631s] -- Symlinking: /home/tanayrs/lars-ros/lars_ws/install/turtlebot3_cartographer/share/turtlebot3_cartographer/environment/ament_prefix_path.dsv
[0.641s] -- Symlinking: /home/tanayrs/lars-ros/lars_ws/install/turtlebot3_cartographer/share/turtlebot3_cartographer/environment/path.sh
[0.652s] -- Symlinking: /home/tanayrs/lars-ros/lars_ws/install/turtlebot3_cartographer/share/turtlebot3_cartographer/environment/path.dsv
[0.661s] -- Symlinking: /home/tanayrs/lars-ros/lars_ws/install/turtlebot3_cartographer/share/turtlebot3_cartographer/local_setup.bash
[0.671s] -- Symlinking: /home/tanayrs/lars-ros/lars_ws/install/turtlebot3_cartographer/share/turtlebot3_cartographer/local_setup.sh
[0.681s] -- Symlinking: /home/tanayrs/lars-ros/lars_ws/install/turtlebot3_cartographer/share/turtlebot3_cartographer/local_setup.zsh
[0.692s] -- Symlinking: /home/tanayrs/lars-ros/lars_ws/install/turtlebot3_cartographer/share/turtlebot3_cartographer/local_setup.dsv
[0.702s] -- Symlinking: /home/tanayrs/lars-ros/lars_ws/install/turtlebot3_cartographer/share/turtlebot3_cartographer/package.dsv
[0.712s] -- Symlinking: /home/tanayrs/lars-ros/lars_ws/install/turtlebot3_cartographer/share/ament_index/resource_index/packages/turtlebot3_cartographer
[0.722s] -- Symlinking: /home/tanayrs/lars-ros/lars_ws/install/turtlebot3_cartographer/share/turtlebot3_cartographer/cmake/turtlebot3_cartographerConfig.cmake
[0.731s] -- Symlinking: /home/tanayrs/lars-ros/lars_ws/install/turtlebot3_cartographer/share/turtlebot3_cartographer/cmake/turtlebot3_cartographerConfig-version.cmake
[0.740s] -- Symlinking: /home/tanayrs/lars-ros/lars_ws/install/turtlebot3_cartographer/share/turtlebot3_cartographer/package.xml
[0.754s] Invoked command in '/home/tanayrs/lars-ros/lars_ws/build/turtlebot3_cartographer' returned '0': CMAKE_PREFIX_PATH=${CMAKE_PREFIX_PATH}:/home/tanayrs/lars-ros/lars_ws/install/turtlebot3_teleop:/home/tanayrs/lars-ros/lars_ws/install/turtlebot3_example:/home/tanayrs/lars-ros/lars_ws/install/turtlebot3_grid_nav:/opt/ros/humble /usr/bin/cmake --install /home/tanayrs/lars-ros/lars_ws/build/turtlebot3_cartographer
