[0.027s] Invoking command in '/home/tanayrs/lars-ros/lars_ws2/build/turtlebot3_msgs': CMAKE_PREFIX_PATH=${CMAKE_PREFIX_PATH}:/home/tanayrs/turtlebot3_ws/install/turtlebot3_teleop:/home/tanayrs/turtlebot3_ws/install/turtlebot3_example:/home/tanayrs/lars-ros/lars_ws/install/lars_groundbot_control:/home/tanayrs/lars_ws/install/turtlebot_mover:/opt/ros/humble /usr/bin/cmake /home/tanayrs/lars-ros/lars_ws2/src/turtlebot3_msgs -DCMAKE_INSTALL_PREFIX=/home/tanayrs/lars-ros/lars_ws2/install/turtlebot3_msgs
[0.117s] -- The C compiler identification is GNU 11.4.0
[0.189s] -- The CXX compiler identification is GNU 11.4.0
[0.194s] -- Detecting C compiler ABI info
[0.255s] -- Detecting C compiler ABI info - done
[0.259s] -- Check for working C compiler: /usr/bin/cc - skipped
[0.259s] -- Detecting C compile features
[0.259s] -- Detecting C compile features - done
[0.261s] -- Detecting CXX compiler ABI info
[0.328s] -- Detecting CXX compiler ABI info - done
[0.333s] -- Check for working CXX compiler: /usr/bin/c++ - skipped
[0.333s] -- Detecting CXX compile features
[0.333s] -- Detecting CXX compile features - done
[0.335s] -- Found action_msgs: 1.2.1 (/opt/ros/humble/share/action_msgs/cmake)
[0.468s] -- Found Python3: /usr/bin/python3 (found version "3.10.12") found components: Interpreter 
[0.592s] -- Found rosidl_generator_c: 3.1.6 (/opt/ros/humble/share/rosidl_generator_c/cmake)
[0.598s] -- Found rosidl_adapter: 3.1.6 (/opt/ros/humble/share/rosidl_adapter/cmake)
[0.606s] -- Found rosidl_generator_cpp: 3.1.6 (/opt/ros/humble/share/rosidl_generator_cpp/cmake)
[0.617s] -- Using all available rosidl_typesupport_c: rosidl_typesupport_fastrtps_c;rosidl_typesupport_introspection_c
[0.630s] -- Using all available rosidl_typesupport_cpp: rosidl_typesupport_fastrtps_cpp;rosidl_typesupport_introspection_cpp
[0.665s] -- Found rosidl_default_generators: 1.2.0 (/opt/ros/humble/share/rosidl_default_generators/cmake)
[0.677s] -- Found std_msgs: 4.2.4 (/opt/ros/humble/share/std_msgs/cmake)
[0.960s] -- Found ament_cmake_cppcheck: 0.12.11 (/opt/ros/humble/share/ament_cmake_cppcheck/cmake)
[0.964s] -- Found ament_cmake_cpplint: 0.12.11 (/opt/ros/humble/share/ament_cmake_cpplint/cmake)
[0.967s] -- Found ament_cmake_uncrustify: 0.12.11 (/opt/ros/humble/share/ament_cmake_uncrustify/cmake)
[0.969s] -- Found ament_cmake_ros: 0.10.0 (/opt/ros/humble/share/ament_cmake_ros/cmake)
[1.233s] -- Using all available rosidl_typesupport_c: rosidl_typesupport_fastrtps_c;rosidl_typesupport_introspection_c
[1.332s] -- Using all available rosidl_typesupport_cpp: rosidl_typesupport_fastrtps_cpp;rosidl_typesupport_introspection_cpp
[1.349s] -- Found PythonInterp: /usr/bin/python3 (found suitable version "3.10.12", minimum required is "3.6") 
[1.351s] -- Found python_cmake_module: 0.10.0 (/opt/ros/humble/share/python_cmake_module/cmake)
[1.369s] -- Found PythonLibs: /usr/lib/x86_64-linux-gnu/libpython3.10.so (found suitable version "3.10.12", minimum required is "3.5") 
[1.370s] -- Using PYTHON_EXECUTABLE: /usr/bin/python3
[1.370s] -- Using PYTHON_INCLUDE_DIRS: /usr/include/python3.10
[1.370s] -- Using PYTHON_LIBRARIES: /usr/lib/x86_64-linux-gnu/libpython3.10.so
[1.385s] -- Found PythonExtra: .so  
[1.428s] -- Found ament_cmake_flake8: 0.12.11 (/opt/ros/humble/share/ament_cmake_flake8/cmake)
[1.430s] -- Found ament_cmake_pep257: 0.12.11 (/opt/ros/humble/share/ament_cmake_pep257/cmake)
[1.434s] -- Configuring done
[1.459s] -- Generating done
[1.467s] -- Build files have been written to: /home/tanayrs/lars-ros/lars_ws2/build/turtlebot3_msgs
[1.473s] Invoked command in '/home/tanayrs/lars-ros/lars_ws2/build/turtlebot3_msgs' returned '0': CMAKE_PREFIX_PATH=${CMAKE_PREFIX_PATH}:/home/tanayrs/turtlebot3_ws/install/turtlebot3_teleop:/home/tanayrs/turtlebot3_ws/install/turtlebot3_example:/home/tanayrs/lars-ros/lars_ws/install/lars_groundbot_control:/home/tanayrs/lars_ws/install/turtlebot_mover:/opt/ros/humble /usr/bin/cmake /home/tanayrs/lars-ros/lars_ws2/src/turtlebot3_msgs -DCMAKE_INSTALL_PREFIX=/home/tanayrs/lars-ros/lars_ws2/install/turtlebot3_msgs
[1.474s] Invoking command in '/home/tanayrs/lars-ros/lars_ws2/build/turtlebot3_msgs': CMAKE_PREFIX_PATH=${CMAKE_PREFIX_PATH}:/home/tanayrs/turtlebot3_ws/install/turtlebot3_teleop:/home/tanayrs/turtlebot3_ws/install/turtlebot3_example:/home/tanayrs/lars-ros/lars_ws/install/lars_groundbot_control:/home/tanayrs/lars_ws/install/turtlebot_mover:/opt/ros/humble /usr/bin/cmake --build /home/tanayrs/lars-ros/lars_ws2/build/turtlebot3_msgs -- -j16 -l16
[1.499s] [  1%] [34m[1mGenerating C code for ROS interfaces[0m
[1.505s] [  2%] [34m[1mGenerating C++ code for ROS interfaces[0m
[1.510s] [  2%] Built target ament_cmake_python_copy_turtlebot3_msgs
[1.692s] running egg_info
[1.692s] creating turtlebot3_msgs.egg-info
[1.692s] writing turtlebot3_msgs.egg-info/PKG-INFO
[1.692s] writing dependency_links to turtlebot3_msgs.egg-info/dependency_links.txt
[1.692s] writing top-level names to turtlebot3_msgs.egg-info/top_level.txt
[1.693s] writing manifest file 'turtlebot3_msgs.egg-info/SOURCES.txt'
[1.694s] reading manifest file 'turtlebot3_msgs.egg-info/SOURCES.txt'
[1.694s] writing manifest file 'turtlebot3_msgs.egg-info/SOURCES.txt'
[1.718s] [  2%] Built target ament_cmake_python_build_turtlebot3_msgs_egg
[2.401s] [  2%] Built target turtlebot3_msgs__cpp
[2.416s] [  7%] [34m[1mGenerating C++ type support for eProsima Fast-RTPS[0m
[2.416s] [  7%] [34m[1mGenerating C++ type support dispatch for ROS interfaces[0m
[2.416s] [  7%] [34m[1mGenerating C++ introspection for ROS interfaces[0m
[2.495s] [  9%] [32mBuilding C object CMakeFiles/turtlebot3_msgs__rosidl_generator_c.dir/rosidl_generator_c/turtlebot3_msgs/msg/detail/sensor_state__functions.c.o[0m
[2.495s] [  9%] [32mBuilding C object CMakeFiles/turtlebot3_msgs__rosidl_generator_c.dir/rosidl_generator_c/turtlebot3_msgs/srv/detail/dqn__functions.c.o[0m
[2.495s] [ 14%] [32mBuilding C object CMakeFiles/turtlebot3_msgs__rosidl_generator_c.dir/rosidl_generator_c/turtlebot3_msgs/msg/detail/sound__functions.c.o[0m
[2.495s] [ 14%] [32mBuilding C object CMakeFiles/turtlebot3_msgs__rosidl_generator_c.dir/rosidl_generator_c/turtlebot3_msgs/msg/detail/version_info__functions.c.o[0m
[2.495s] [ 15%] [32mBuilding C object CMakeFiles/turtlebot3_msgs__rosidl_generator_c.dir/rosidl_generator_c/turtlebot3_msgs/srv/detail/sound__functions.c.o[0m
[2.495s] [ 15%] [32mBuilding C object CMakeFiles/turtlebot3_msgs__rosidl_generator_c.dir/rosidl_generator_c/turtlebot3_msgs/action/detail/patrol__functions.c.o[0m
[2.600s] [ 16%] [32m[1mLinking C shared library libturtlebot3_msgs__rosidl_generator_c.so[0m
[2.626s] [ 16%] Built target turtlebot3_msgs__rosidl_generator_c
[2.634s] [ 18%] [34m[1mGenerating C type support dispatch for ROS interfaces[0m
[2.636s] [ 21%] [34m[1mGenerating C type support for eProsima Fast-RTPS[0m
[2.636s] [ 21%] [34m[1mGenerating C introspection for ROS interfaces[0m
[3.167s] [ 23%] [32mBuilding CXX object CMakeFiles/turtlebot3_msgs__rosidl_typesupport_introspection_cpp.dir/rosidl_typesupport_introspection_cpp/turtlebot3_msgs/srv/detail/sound__type_support.cpp.o[0m
[3.167s] [ 23%] [32mBuilding CXX object CMakeFiles/turtlebot3_msgs__rosidl_typesupport_introspection_cpp.dir/rosidl_typesupport_introspection_cpp/turtlebot3_msgs/msg/detail/version_info__type_support.cpp.o[0m
[3.169s] [ 25%] [32mBuilding CXX object CMakeFiles/turtlebot3_msgs__rosidl_typesupport_introspection_cpp.dir/rosidl_typesupport_introspection_cpp/turtlebot3_msgs/msg/detail/sound__type_support.cpp.o[0m
[3.169s] [ 26%] [32mBuilding CXX object CMakeFiles/turtlebot3_msgs__rosidl_typesupport_introspection_cpp.dir/rosidl_typesupport_introspection_cpp/turtlebot3_msgs/msg/detail/sensor_state__type_support.cpp.o[0m
[3.172s] [ 28%] [32mBuilding CXX object CMakeFiles/turtlebot3_msgs__rosidl_typesupport_introspection_cpp.dir/rosidl_typesupport_introspection_cpp/turtlebot3_msgs/srv/detail/dqn__type_support.cpp.o[0m
[3.175s] [ 29%] [32mBuilding CXX object CMakeFiles/turtlebot3_msgs__rosidl_typesupport_introspection_cpp.dir/rosidl_typesupport_introspection_cpp/turtlebot3_msgs/action/detail/patrol__type_support.cpp.o[0m
[3.223s] [ 30%] [32mBuilding CXX object CMakeFiles/turtlebot3_msgs__rosidl_typesupport_cpp.dir/rosidl_typesupport_cpp/turtlebot3_msgs/msg/sensor_state__type_support.cpp.o[0m
[3.229s] [ 32%] [32mBuilding CXX object CMakeFiles/turtlebot3_msgs__rosidl_typesupport_cpp.dir/rosidl_typesupport_cpp/turtlebot3_msgs/msg/sound__type_support.cpp.o[0m
[3.233s] [ 33%] [32mBuilding CXX object CMakeFiles/turtlebot3_msgs__rosidl_typesupport_cpp.dir/rosidl_typesupport_cpp/turtlebot3_msgs/msg/version_info__type_support.cpp.o[0m
[3.236s] [ 35%] [32mBuilding CXX object CMakeFiles/turtlebot3_msgs__rosidl_typesupport_cpp.dir/rosidl_typesupport_cpp/turtlebot3_msgs/action/patrol__type_support.cpp.o[0m
[3.238s] [ 36%] [32mBuilding CXX object CMakeFiles/turtlebot3_msgs__rosidl_typesupport_cpp.dir/rosidl_typesupport_cpp/turtlebot3_msgs/srv/sound__type_support.cpp.o[0m
[3.238s] [ 38%] [32mBuilding CXX object CMakeFiles/turtlebot3_msgs__rosidl_typesupport_cpp.dir/rosidl_typesupport_cpp/turtlebot3_msgs/srv/dqn__type_support.cpp.o[0m
[3.470s] [ 39%] [32mBuilding CXX object CMakeFiles/turtlebot3_msgs__rosidl_typesupport_fastrtps_cpp.dir/rosidl_typesupport_fastrtps_cpp/turtlebot3_msgs/msg/detail/dds_fastrtps/sensor_state__type_support.cpp.o[0m
[3.476s] [ 40%] [32mBuilding CXX object CMakeFiles/turtlebot3_msgs__rosidl_typesupport_c.dir/rosidl_typesupport_c/turtlebot3_msgs/msg/sensor_state__type_support.cpp.o[0m
[3.571s] [ 42%] [32mBuilding CXX object CMakeFiles/turtlebot3_msgs__rosidl_typesupport_c.dir/rosidl_typesupport_c/turtlebot3_msgs/msg/sound__type_support.cpp.o[0m
[3.619s] [ 43%] [32mBuilding CXX object CMakeFiles/turtlebot3_msgs__rosidl_typesupport_fastrtps_cpp.dir/rosidl_typesupport_fastrtps_cpp/turtlebot3_msgs/msg/detail/dds_fastrtps/sound__type_support.cpp.o[0m
[3.639s] [ 45%] [32mBuilding CXX object CMakeFiles/turtlebot3_msgs__rosidl_typesupport_c.dir/rosidl_typesupport_c/turtlebot3_msgs/msg/version_info__type_support.cpp.o[0m
[3.656s] [ 46%] [32mBuilding CXX object CMakeFiles/turtlebot3_msgs__rosidl_typesupport_c.dir/rosidl_typesupport_c/turtlebot3_msgs/srv/sound__type_support.cpp.o[0m
[3.657s] [ 47%] [32mBuilding C object CMakeFiles/turtlebot3_msgs__rosidl_typesupport_introspection_c.dir/rosidl_typesupport_introspection_c/turtlebot3_msgs/msg/detail/sensor_state__type_support.c.o[0m
[3.665s] [ 49%] [32mBuilding CXX object CMakeFiles/turtlebot3_msgs__rosidl_typesupport_fastrtps_cpp.dir/rosidl_typesupport_fastrtps_cpp/turtlebot3_msgs/msg/detail/dds_fastrtps/version_info__type_support.cpp.o[0m
[3.669s] [ 50%] [32mBuilding CXX object CMakeFiles/turtlebot3_msgs__rosidl_typesupport_fastrtps_cpp.dir/rosidl_typesupport_fastrtps_cpp/turtlebot3_msgs/srv/detail/dds_fastrtps/sound__type_support.cpp.o[0m
[3.685s] [ 52%] [32mBuilding CXX object CMakeFiles/turtlebot3_msgs__rosidl_typesupport_fastrtps_cpp.dir/rosidl_typesupport_fastrtps_cpp/turtlebot3_msgs/srv/detail/dds_fastrtps/dqn__type_support.cpp.o[0m
[3.695s] [ 53%] [32mBuilding CXX object CMakeFiles/turtlebot3_msgs__rosidl_typesupport_fastrtps_cpp.dir/rosidl_typesupport_fastrtps_cpp/turtlebot3_msgs/action/detail/dds_fastrtps/patrol__type_support.cpp.o[0m
[3.698s] [ 54%] [32mBuilding C object CMakeFiles/turtlebot3_msgs__rosidl_typesupport_introspection_c.dir/rosidl_typesupport_introspection_c/turtlebot3_msgs/msg/detail/sound__type_support.c.o[0m
[3.705s] [ 56%] [32mBuilding CXX object CMakeFiles/turtlebot3_msgs__rosidl_typesupport_c.dir/rosidl_typesupport_c/turtlebot3_msgs/srv/dqn__type_support.cpp.o[0m
[3.709s] [ 57%] [32mBuilding C object CMakeFiles/turtlebot3_msgs__rosidl_typesupport_introspection_c.dir/rosidl_typesupport_introspection_c/turtlebot3_msgs/srv/detail/sound__type_support.c.o[0m
[3.716s] [ 59%] [32mBuilding C object CMakeFiles/turtlebot3_msgs__rosidl_typesupport_introspection_c.dir/rosidl_typesupport_introspection_c/turtlebot3_msgs/msg/detail/version_info__type_support.c.o[0m
[3.731s] [ 60%] [32mBuilding C object CMakeFiles/turtlebot3_msgs__rosidl_typesupport_introspection_c.dir/rosidl_typesupport_introspection_c/turtlebot3_msgs/srv/detail/dqn__type_support.c.o[0m
[3.770s] [ 61%] [32mBuilding CXX object CMakeFiles/turtlebot3_msgs__rosidl_typesupport_c.dir/rosidl_typesupport_c/turtlebot3_msgs/action/patrol__type_support.cpp.o[0m
[3.775s] [ 63%] [32mBuilding C object CMakeFiles/turtlebot3_msgs__rosidl_typesupport_introspection_c.dir/rosidl_typesupport_introspection_c/turtlebot3_msgs/action/detail/patrol__type_support.c.o[0m
[3.837s] [ 66%] [32m[1mLinking CXX shared library libturtlebot3_msgs__rosidl_typesupport_c.so[0m
[3.838s] [ 66%] [32m[1mLinking C shared library libturtlebot3_msgs__rosidl_typesupport_introspection_c.so[0m
[3.889s] [ 66%] Built target turtlebot3_msgs__rosidl_typesupport_introspection_c
[3.917s] [ 66%] Built target turtlebot3_msgs__rosidl_typesupport_c
[3.950s] [ 67%] [32m[1mLinking CXX shared library libturtlebot3_msgs__rosidl_typesupport_cpp.so[0m
[3.954s] [ 71%] [32mBuilding CXX object CMakeFiles/turtlebot3_msgs__rosidl_typesupport_fastrtps_c.dir/rosidl_typesupport_fastrtps_c/turtlebot3_msgs/msg/detail/version_info__type_support_c.cpp.o[0m
[3.954s] [ 71%] [32mBuilding CXX object CMakeFiles/turtlebot3_msgs__rosidl_typesupport_fastrtps_c.dir/rosidl_typesupport_fastrtps_c/turtlebot3_msgs/srv/detail/sound__type_support_c.cpp.o[0m
[3.955s] [ 71%] [32mBuilding CXX object CMakeFiles/turtlebot3_msgs__rosidl_typesupport_fastrtps_c.dir/rosidl_typesupport_fastrtps_c/turtlebot3_msgs/msg/detail/sensor_state__type_support_c.cpp.o[0m
[3.956s] [ 73%] [32mBuilding CXX object CMakeFiles/turtlebot3_msgs__rosidl_typesupport_fastrtps_c.dir/rosidl_typesupport_fastrtps_c/turtlebot3_msgs/msg/detail/sound__type_support_c.cpp.o[0m
[3.961s] [ 74%] [32mBuilding CXX object CMakeFiles/turtlebot3_msgs__rosidl_typesupport_fastrtps_c.dir/rosidl_typesupport_fastrtps_c/turtlebot3_msgs/action/detail/patrol__type_support_c.cpp.o[0m
[3.972s] [ 76%] [32mBuilding CXX object CMakeFiles/turtlebot3_msgs__rosidl_typesupport_fastrtps_c.dir/rosidl_typesupport_fastrtps_c/turtlebot3_msgs/srv/detail/dqn__type_support_c.cpp.o[0m
[3.991s] [ 77%] [32m[1mLinking CXX shared library libturtlebot3_msgs__rosidl_typesupport_introspection_cpp.so[0m
[4.028s] [ 77%] Built target turtlebot3_msgs__rosidl_typesupport_cpp
[4.181s] [ 77%] Built target turtlebot3_msgs__rosidl_typesupport_introspection_cpp
[4.375s] [ 78%] [32m[1mLinking CXX shared library libturtlebot3_msgs__rosidl_typesupport_fastrtps_cpp.so[0m
[4.452s] [ 80%] [32m[1mLinking CXX shared library libturtlebot3_msgs__rosidl_typesupport_fastrtps_c.so[0m
[4.459s] [ 80%] Built target turtlebot3_msgs__rosidl_typesupport_fastrtps_cpp
[4.516s] [ 80%] Built target turtlebot3_msgs__rosidl_typesupport_fastrtps_c
[4.531s] [ 80%] Built target turtlebot3_msgs
[4.547s] [ 81%] [34m[1mGenerating Python code for ROS interfaces[0m
[5.823s] [ 81%] Built target turtlebot3_msgs__py
[5.839s] [ 85%] [32mBuilding C object CMakeFiles/turtlebot3_msgs__rosidl_generator_py.dir/rosidl_generator_py/turtlebot3_msgs/msg/_sensor_state_s.c.o[0m
[5.839s] [ 85%] [32mBuilding C object CMakeFiles/turtlebot3_msgs__rosidl_generator_py.dir/rosidl_generator_py/turtlebot3_msgs/msg/_version_info_s.c.o[0m
[5.839s] [ 85%] [32mBuilding C object CMakeFiles/turtlebot3_msgs__rosidl_generator_py.dir/rosidl_generator_py/turtlebot3_msgs/action/_patrol_s.c.o[0m
[5.839s] [ 87%] [32mBuilding C object CMakeFiles/turtlebot3_msgs__rosidl_generator_py.dir/rosidl_generator_py/turtlebot3_msgs/msg/_sound_s.c.o[0m
[5.840s] [ 88%] [32mBuilding C object CMakeFiles/turtlebot3_msgs__rosidl_generator_py.dir/rosidl_generator_py/turtlebot3_msgs/srv/_sound_s.c.o[0m
[5.840s] [ 90%] [32mBuilding C object CMakeFiles/turtlebot3_msgs__rosidl_generator_py.dir/rosidl_generator_py/turtlebot3_msgs/srv/_dqn_s.c.o[0m
[5.966s] [ 91%] [32m[1mLinking C shared library rosidl_generator_py/turtlebot3_msgs/libturtlebot3_msgs__rosidl_generator_py.so[0m
[5.999s] [ 91%] Built target turtlebot3_msgs__rosidl_generator_py
[6.014s] [ 95%] [32mBuilding C object CMakeFiles/turtlebot3_msgs__rosidl_typesupport_introspection_c__pyext.dir/rosidl_generator_py/turtlebot3_msgs/_turtlebot3_msgs_s.ep.rosidl_typesupport_introspection_c.c.o[0m
[6.014s] [ 95%] [32mBuilding C object CMakeFiles/turtlebot3_msgs__rosidl_typesupport_c__pyext.dir/rosidl_generator_py/turtlebot3_msgs/_turtlebot3_msgs_s.ep.rosidl_typesupport_c.c.o[0m
[6.014s] [ 95%] [32mBuilding C object CMakeFiles/turtlebot3_msgs__rosidl_typesupport_fastrtps_c__pyext.dir/rosidl_generator_py/turtlebot3_msgs/_turtlebot3_msgs_s.ep.rosidl_typesupport_fastrtps_c.c.o[0m
[6.115s] [100%] [32m[1mLinking C shared library rosidl_generator_py/turtlebot3_msgs/turtlebot3_msgs_s__rosidl_typesupport_introspection_c.cpython-310-x86_64-linux-gnu.so[0m
[6.116s] [100%] [32m[1mLinking C shared library rosidl_generator_py/turtlebot3_msgs/turtlebot3_msgs_s__rosidl_typesupport_fastrtps_c.cpython-310-x86_64-linux-gnu.so[0m
[6.116s] [100%] [32m[1mLinking C shared library rosidl_generator_py/turtlebot3_msgs/turtlebot3_msgs_s__rosidl_typesupport_c.cpython-310-x86_64-linux-gnu.so[0m
[6.148s] [100%] Built target turtlebot3_msgs__rosidl_typesupport_fastrtps_c__pyext
[6.148s] [100%] Built target turtlebot3_msgs__rosidl_typesupport_introspection_c__pyext
[6.148s] [100%] Built target turtlebot3_msgs__rosidl_typesupport_c__pyext
[6.157s] Invoked command in '/home/tanayrs/lars-ros/lars_ws2/build/turtlebot3_msgs' returned '0': CMAKE_PREFIX_PATH=${CMAKE_PREFIX_PATH}:/home/tanayrs/turtlebot3_ws/install/turtlebot3_teleop:/home/tanayrs/turtlebot3_ws/install/turtlebot3_example:/home/tanayrs/lars-ros/lars_ws/install/lars_groundbot_control:/home/tanayrs/lars_ws/install/turtlebot_mover:/opt/ros/humble /usr/bin/cmake --build /home/tanayrs/lars-ros/lars_ws2/build/turtlebot3_msgs -- -j16 -l16
[6.158s] Invoking command in '/home/tanayrs/lars-ros/lars_ws2/build/turtlebot3_msgs': CMAKE_PREFIX_PATH=${CMAKE_PREFIX_PATH}:/home/tanayrs/turtlebot3_ws/install/turtlebot3_teleop:/home/tanayrs/turtlebot3_ws/install/turtlebot3_example:/home/tanayrs/lars-ros/lars_ws/install/lars_groundbot_control:/home/tanayrs/lars_ws/install/turtlebot_mover:/opt/ros/humble /usr/bin/cmake --install /home/tanayrs/lars-ros/lars_ws2/build/turtlebot3_msgs
[6.165s] -- Install configuration: ""
[6.165s] -- Installing: /home/tanayrs/lars-ros/lars_ws2/install/turtlebot3_msgs/share/ament_index/resource_index/rosidl_interfaces/turtlebot3_msgs
[6.165s] -- Installing: /home/tanayrs/lars-ros/lars_ws2/install/turtlebot3_msgs/include/turtlebot3_msgs/turtlebot3_msgs
[6.165s] -- Installing: /home/tanayrs/lars-ros/lars_ws2/install/turtlebot3_msgs/include/turtlebot3_msgs/turtlebot3_msgs/srv
[6.165s] -- Installing: /home/tanayrs/lars-ros/lars_ws2/install/turtlebot3_msgs/include/turtlebot3_msgs/turtlebot3_msgs/srv/dqn.h
[6.165s] -- Installing: /home/tanayrs/lars-ros/lars_ws2/install/turtlebot3_msgs/include/turtlebot3_msgs/turtlebot3_msgs/srv/detail
[6.165s] -- Installing: /home/tanayrs/lars-ros/lars_ws2/install/turtlebot3_msgs/include/turtlebot3_msgs/turtlebot3_msgs/srv/detail/dqn__struct.h
[6.165s] -- Installing: /home/tanayrs/lars-ros/lars_ws2/install/turtlebot3_msgs/include/turtlebot3_msgs/turtlebot3_msgs/srv/detail/sound__struct.h
[6.165s] -- Installing: /home/tanayrs/lars-ros/lars_ws2/install/turtlebot3_msgs/include/turtlebot3_msgs/turtlebot3_msgs/srv/detail/dqn__functions.c
[6.165s] -- Installing: /home/tanayrs/lars-ros/lars_ws2/install/turtlebot3_msgs/include/turtlebot3_msgs/turtlebot3_msgs/srv/detail/dqn__type_support.h
[6.165s] -- Installing: /home/tanayrs/lars-ros/lars_ws2/install/turtlebot3_msgs/include/turtlebot3_msgs/turtlebot3_msgs/srv/detail/dqn__functions.h
[6.166s] -- Installing: /home/tanayrs/lars-ros/lars_ws2/install/turtlebot3_msgs/include/turtlebot3_msgs/turtlebot3_msgs/srv/detail/sound__functions.c
[6.166s] -- Installing: /home/tanayrs/lars-ros/lars_ws2/install/turtlebot3_msgs/include/turtlebot3_msgs/turtlebot3_msgs/srv/detail/sound__functions.h
[6.166s] -- Installing: /home/tanayrs/lars-ros/lars_ws2/install/turtlebot3_msgs/include/turtlebot3_msgs/turtlebot3_msgs/srv/detail/sound__type_support.h
[6.166s] -- Installing: /home/tanayrs/lars-ros/lars_ws2/install/turtlebot3_msgs/include/turtlebot3_msgs/turtlebot3_msgs/srv/sound.h
[6.166s] -- Installing: /home/tanayrs/lars-ros/lars_ws2/install/turtlebot3_msgs/include/turtlebot3_msgs/turtlebot3_msgs/msg
[6.166s] -- Installing: /home/tanayrs/lars-ros/lars_ws2/install/turtlebot3_msgs/include/turtlebot3_msgs/turtlebot3_msgs/msg/rosidl_generator_c__visibility_control.h
[6.166s] -- Installing: /home/tanayrs/lars-ros/lars_ws2/install/turtlebot3_msgs/include/turtlebot3_msgs/turtlebot3_msgs/msg/detail
[6.166s] -- Installing: /home/tanayrs/lars-ros/lars_ws2/install/turtlebot3_msgs/include/turtlebot3_msgs/turtlebot3_msgs/msg/detail/sound__struct.h
[6.166s] -- Installing: /home/tanayrs/lars-ros/lars_ws2/install/turtlebot3_msgs/include/turtlebot3_msgs/turtlebot3_msgs/msg/detail/sensor_state__struct.h
[6.166s] -- Installing: /home/tanayrs/lars-ros/lars_ws2/install/turtlebot3_msgs/include/turtlebot3_msgs/turtlebot3_msgs/msg/detail/version_info__functions.c
[6.166s] -- Installing: /home/tanayrs/lars-ros/lars_ws2/install/turtlebot3_msgs/include/turtlebot3_msgs/turtlebot3_msgs/msg/detail/sensor_state__functions.c
[6.166s] -- Installing: /home/tanayrs/lars-ros/lars_ws2/install/turtlebot3_msgs/include/turtlebot3_msgs/turtlebot3_msgs/msg/detail/sound__functions.c
[6.166s] -- Installing: /home/tanayrs/lars-ros/lars_ws2/install/turtlebot3_msgs/include/turtlebot3_msgs/turtlebot3_msgs/msg/detail/sound__functions.h
[6.166s] -- Installing: /home/tanayrs/lars-ros/lars_ws2/install/turtlebot3_msgs/include/turtlebot3_msgs/turtlebot3_msgs/msg/detail/version_info__type_support.h
[6.166s] -- Installing: /home/tanayrs/lars-ros/lars_ws2/install/turtlebot3_msgs/include/turtlebot3_msgs/turtlebot3_msgs/msg/detail/version_info__functions.h
[6.166s] -- Installing: /home/tanayrs/lars-ros/lars_ws2/install/turtlebot3_msgs/include/turtlebot3_msgs/turtlebot3_msgs/msg/detail/sensor_state__type_support.h
[6.167s] -- Installing: /home/tanayrs/lars-ros/lars_ws2/install/turtlebot3_msgs/include/turtlebot3_msgs/turtlebot3_msgs/msg/detail/sensor_state__functions.h
[6.167s] -- Installing: /home/tanayrs/lars-ros/lars_ws2/install/turtlebot3_msgs/include/turtlebot3_msgs/turtlebot3_msgs/msg/detail/version_info__struct.h
[6.167s] -- Installing: /home/tanayrs/lars-ros/lars_ws2/install/turtlebot3_msgs/include/turtlebot3_msgs/turtlebot3_msgs/msg/detail/sound__type_support.h
[6.167s] -- Installing: /home/tanayrs/lars-ros/lars_ws2/install/turtlebot3_msgs/include/turtlebot3_msgs/turtlebot3_msgs/msg/sound.h
[6.167s] -- Installing: /home/tanayrs/lars-ros/lars_ws2/install/turtlebot3_msgs/include/turtlebot3_msgs/turtlebot3_msgs/msg/version_info.h
[6.167s] -- Installing: /home/tanayrs/lars-ros/lars_ws2/install/turtlebot3_msgs/include/turtlebot3_msgs/turtlebot3_msgs/msg/sensor_state.h
[6.167s] -- Installing: /home/tanayrs/lars-ros/lars_ws2/install/turtlebot3_msgs/include/turtlebot3_msgs/turtlebot3_msgs/action
[6.167s] -- Installing: /home/tanayrs/lars-ros/lars_ws2/install/turtlebot3_msgs/include/turtlebot3_msgs/turtlebot3_msgs/action/patrol.h
[6.167s] -- Installing: /home/tanayrs/lars-ros/lars_ws2/install/turtlebot3_msgs/include/turtlebot3_msgs/turtlebot3_msgs/action/detail
[6.167s] -- Installing: /home/tanayrs/lars-ros/lars_ws2/install/turtlebot3_msgs/include/turtlebot3_msgs/turtlebot3_msgs/action/detail/patrol__functions.h
[6.167s] -- Installing: /home/tanayrs/lars-ros/lars_ws2/install/turtlebot3_msgs/include/turtlebot3_msgs/turtlebot3_msgs/action/detail/patrol__type_support.h
[6.167s] -- Installing: /home/tanayrs/lars-ros/lars_ws2/install/turtlebot3_msgs/include/turtlebot3_msgs/turtlebot3_msgs/action/detail/patrol__struct.h
[6.167s] -- Installing: /home/tanayrs/lars-ros/lars_ws2/install/turtlebot3_msgs/include/turtlebot3_msgs/turtlebot3_msgs/action/detail/patrol__functions.c
[6.167s] -- Installing: /home/tanayrs/lars-ros/lars_ws2/install/turtlebot3_msgs/share/turtlebot3_msgs/environment/library_path.sh
[6.167s] -- Installing: /home/tanayrs/lars-ros/lars_ws2/install/turtlebot3_msgs/share/turtlebot3_msgs/environment/library_path.dsv
[6.167s] -- Installing: /home/tanayrs/lars-ros/lars_ws2/install/turtlebot3_msgs/lib/libturtlebot3_msgs__rosidl_generator_c.so
[6.167s] -- Set runtime path of "/home/tanayrs/lars-ros/lars_ws2/install/turtlebot3_msgs/lib/libturtlebot3_msgs__rosidl_generator_c.so" to ""
[6.167s] -- Up-to-date: /home/tanayrs/lars-ros/lars_ws2/install/turtlebot3_msgs/include/turtlebot3_msgs/turtlebot3_msgs
[6.168s] -- Up-to-date: /home/tanayrs/lars-ros/lars_ws2/install/turtlebot3_msgs/include/turtlebot3_msgs/turtlebot3_msgs/srv
[6.168s] -- Up-to-date: /home/tanayrs/lars-ros/lars_ws2/install/turtlebot3_msgs/include/turtlebot3_msgs/turtlebot3_msgs/srv/detail
[6.168s] -- Installing: /home/tanayrs/lars-ros/lars_ws2/install/turtlebot3_msgs/include/turtlebot3_msgs/turtlebot3_msgs/srv/detail/dqn__rosidl_typesupport_fastrtps_c.h
[6.168s] -- Installing: /home/tanayrs/lars-ros/lars_ws2/install/turtlebot3_msgs/include/turtlebot3_msgs/turtlebot3_msgs/srv/detail/sound__rosidl_typesupport_fastrtps_c.h
[6.168s] -- Up-to-date: /home/tanayrs/lars-ros/lars_ws2/install/turtlebot3_msgs/include/turtlebot3_msgs/turtlebot3_msgs/msg
[6.168s] -- Installing: /home/tanayrs/lars-ros/lars_ws2/install/turtlebot3_msgs/include/turtlebot3_msgs/turtlebot3_msgs/msg/rosidl_typesupport_fastrtps_c__visibility_control.h
[6.168s] -- Up-to-date: /home/tanayrs/lars-ros/lars_ws2/install/turtlebot3_msgs/include/turtlebot3_msgs/turtlebot3_msgs/msg/detail
[6.168s] -- Installing: /home/tanayrs/lars-ros/lars_ws2/install/turtlebot3_msgs/include/turtlebot3_msgs/turtlebot3_msgs/msg/detail/sensor_state__rosidl_typesupport_fastrtps_c.h
[6.168s] -- Installing: /home/tanayrs/lars-ros/lars_ws2/install/turtlebot3_msgs/include/turtlebot3_msgs/turtlebot3_msgs/msg/detail/version_info__rosidl_typesupport_fastrtps_c.h
[6.168s] -- Installing: /home/tanayrs/lars-ros/lars_ws2/install/turtlebot3_msgs/include/turtlebot3_msgs/turtlebot3_msgs/msg/detail/sound__rosidl_typesupport_fastrtps_c.h
[6.168s] -- Up-to-date: /home/tanayrs/lars-ros/lars_ws2/install/turtlebot3_msgs/include/turtlebot3_msgs/turtlebot3_msgs/action
[6.168s] -- Up-to-date: /home/tanayrs/lars-ros/lars_ws2/install/turtlebot3_msgs/include/turtlebot3_msgs/turtlebot3_msgs/action/detail
[6.168s] -- Installing: /home/tanayrs/lars-ros/lars_ws2/install/turtlebot3_msgs/include/turtlebot3_msgs/turtlebot3_msgs/action/detail/patrol__rosidl_typesupport_fastrtps_c.h
[6.168s] -- Installing: /home/tanayrs/lars-ros/lars_ws2/install/turtlebot3_msgs/lib/libturtlebot3_msgs__rosidl_typesupport_fastrtps_c.so
[6.168s] -- Set runtime path of "/home/tanayrs/lars-ros/lars_ws2/install/turtlebot3_msgs/lib/libturtlebot3_msgs__rosidl_typesupport_fastrtps_c.so" to ""
[6.168s] -- Up-to-date: /home/tanayrs/lars-ros/lars_ws2/install/turtlebot3_msgs/include/turtlebot3_msgs/turtlebot3_msgs
[6.168s] -- Up-to-date: /home/tanayrs/lars-ros/lars_ws2/install/turtlebot3_msgs/include/turtlebot3_msgs/turtlebot3_msgs/srv
[6.168s] -- Installing: /home/tanayrs/lars-ros/lars_ws2/install/turtlebot3_msgs/include/turtlebot3_msgs/turtlebot3_msgs/srv/dqn.hpp
[6.169s] -- Installing: /home/tanayrs/lars-ros/lars_ws2/install/turtlebot3_msgs/include/turtlebot3_msgs/turtlebot3_msgs/srv/sound.hpp
[6.169s] -- Up-to-date: /home/tanayrs/lars-ros/lars_ws2/install/turtlebot3_msgs/include/turtlebot3_msgs/turtlebot3_msgs/srv/detail
[6.169s] -- Installing: /home/tanayrs/lars-ros/lars_ws2/install/turtlebot3_msgs/include/turtlebot3_msgs/turtlebot3_msgs/srv/detail/sound__traits.hpp
[6.169s] -- Installing: /home/tanayrs/lars-ros/lars_ws2/install/turtlebot3_msgs/include/turtlebot3_msgs/turtlebot3_msgs/srv/detail/dqn__builder.hpp
[6.169s] -- Installing: /home/tanayrs/lars-ros/lars_ws2/install/turtlebot3_msgs/include/turtlebot3_msgs/turtlebot3_msgs/srv/detail/sound__struct.hpp
[6.169s] -- Installing: /home/tanayrs/lars-ros/lars_ws2/install/turtlebot3_msgs/include/turtlebot3_msgs/turtlebot3_msgs/srv/detail/dqn__struct.hpp
[6.169s] -- Installing: /home/tanayrs/lars-ros/lars_ws2/install/turtlebot3_msgs/include/turtlebot3_msgs/turtlebot3_msgs/srv/detail/sound__type_support.hpp
[6.169s] -- Installing: /home/tanayrs/lars-ros/lars_ws2/install/turtlebot3_msgs/include/turtlebot3_msgs/turtlebot3_msgs/srv/detail/sound__builder.hpp
[6.169s] -- Installing: /home/tanayrs/lars-ros/lars_ws2/install/turtlebot3_msgs/include/turtlebot3_msgs/turtlebot3_msgs/srv/detail/dqn__type_support.hpp
[6.169s] -- Installing: /home/tanayrs/lars-ros/lars_ws2/install/turtlebot3_msgs/include/turtlebot3_msgs/turtlebot3_msgs/srv/detail/dqn__traits.hpp
[6.169s] -- Up-to-date: /home/tanayrs/lars-ros/lars_ws2/install/turtlebot3_msgs/include/turtlebot3_msgs/turtlebot3_msgs/msg
[6.169s] -- Installing: /home/tanayrs/lars-ros/lars_ws2/install/turtlebot3_msgs/include/turtlebot3_msgs/turtlebot3_msgs/msg/version_info.hpp
[6.169s] -- Installing: /home/tanayrs/lars-ros/lars_ws2/install/turtlebot3_msgs/include/turtlebot3_msgs/turtlebot3_msgs/msg/sensor_state.hpp
[6.169s] -- Installing: /home/tanayrs/lars-ros/lars_ws2/install/turtlebot3_msgs/include/turtlebot3_msgs/turtlebot3_msgs/msg/rosidl_generator_cpp__visibility_control.hpp
[6.169s] -- Installing: /home/tanayrs/lars-ros/lars_ws2/install/turtlebot3_msgs/include/turtlebot3_msgs/turtlebot3_msgs/msg/sound.hpp
[6.169s] -- Up-to-date: /home/tanayrs/lars-ros/lars_ws2/install/turtlebot3_msgs/include/turtlebot3_msgs/turtlebot3_msgs/msg/detail
[6.169s] -- Installing: /home/tanayrs/lars-ros/lars_ws2/install/turtlebot3_msgs/include/turtlebot3_msgs/turtlebot3_msgs/msg/detail/version_info__struct.hpp
[6.169s] -- Installing: /home/tanayrs/lars-ros/lars_ws2/install/turtlebot3_msgs/include/turtlebot3_msgs/turtlebot3_msgs/msg/detail/sound__traits.hpp
[6.170s] -- Installing: /home/tanayrs/lars-ros/lars_ws2/install/turtlebot3_msgs/include/turtlebot3_msgs/turtlebot3_msgs/msg/detail/sensor_state__builder.hpp
[6.170s] -- Installing: /home/tanayrs/lars-ros/lars_ws2/install/turtlebot3_msgs/include/turtlebot3_msgs/turtlebot3_msgs/msg/detail/version_info__type_support.hpp
[6.170s] -- Installing: /home/tanayrs/lars-ros/lars_ws2/install/turtlebot3_msgs/include/turtlebot3_msgs/turtlebot3_msgs/msg/detail/sensor_state__type_support.hpp
[6.170s] -- Installing: /home/tanayrs/lars-ros/lars_ws2/install/turtlebot3_msgs/include/turtlebot3_msgs/turtlebot3_msgs/msg/detail/sensor_state__struct.hpp
[6.170s] -- Installing: /home/tanayrs/lars-ros/lars_ws2/install/turtlebot3_msgs/include/turtlebot3_msgs/turtlebot3_msgs/msg/detail/sound__struct.hpp
[6.170s] -- Installing: /home/tanayrs/lars-ros/lars_ws2/install/turtlebot3_msgs/include/turtlebot3_msgs/turtlebot3_msgs/msg/detail/sound__type_support.hpp
[6.170s] -- Installing: /home/tanayrs/lars-ros/lars_ws2/install/turtlebot3_msgs/include/turtlebot3_msgs/turtlebot3_msgs/msg/detail/version_info__traits.hpp
[6.170s] -- Installing: /home/tanayrs/lars-ros/lars_ws2/install/turtlebot3_msgs/include/turtlebot3_msgs/turtlebot3_msgs/msg/detail/sound__builder.hpp
[6.170s] -- Installing: /home/tanayrs/lars-ros/lars_ws2/install/turtlebot3_msgs/include/turtlebot3_msgs/turtlebot3_msgs/msg/detail/sensor_state__traits.hpp
[6.170s] -- Installing: /home/tanayrs/lars-ros/lars_ws2/install/turtlebot3_msgs/include/turtlebot3_msgs/turtlebot3_msgs/msg/detail/version_info__builder.hpp
[6.170s] -- Up-to-date: /home/tanayrs/lars-ros/lars_ws2/install/turtlebot3_msgs/include/turtlebot3_msgs/turtlebot3_msgs/action
[6.170s] -- Installing: /home/tanayrs/lars-ros/lars_ws2/install/turtlebot3_msgs/include/turtlebot3_msgs/turtlebot3_msgs/action/patrol.hpp
[6.170s] -- Up-to-date: /home/tanayrs/lars-ros/lars_ws2/install/turtlebot3_msgs/include/turtlebot3_msgs/turtlebot3_msgs/action/detail
[6.170s] -- Installing: /home/tanayrs/lars-ros/lars_ws2/install/turtlebot3_msgs/include/turtlebot3_msgs/turtlebot3_msgs/action/detail/patrol__struct.hpp
[6.170s] -- Installing: /home/tanayrs/lars-ros/lars_ws2/install/turtlebot3_msgs/include/turtlebot3_msgs/turtlebot3_msgs/action/detail/patrol__type_support.hpp
[6.170s] -- Installing: /home/tanayrs/lars-ros/lars_ws2/install/turtlebot3_msgs/include/turtlebot3_msgs/turtlebot3_msgs/action/detail/patrol__traits.hpp
[6.170s] -- Installing: /home/tanayrs/lars-ros/lars_ws2/install/turtlebot3_msgs/include/turtlebot3_msgs/turtlebot3_msgs/action/detail/patrol__builder.hpp
[6.170s] -- Up-to-date: /home/tanayrs/lars-ros/lars_ws2/install/turtlebot3_msgs/include/turtlebot3_msgs/turtlebot3_msgs
[6.171s] -- Up-to-date: /home/tanayrs/lars-ros/lars_ws2/install/turtlebot3_msgs/include/turtlebot3_msgs/turtlebot3_msgs/srv
[6.171s] -- Up-to-date: /home/tanayrs/lars-ros/lars_ws2/install/turtlebot3_msgs/include/turtlebot3_msgs/turtlebot3_msgs/srv/detail
[6.171s] -- Installing: /home/tanayrs/lars-ros/lars_ws2/install/turtlebot3_msgs/include/turtlebot3_msgs/turtlebot3_msgs/srv/detail/dqn__rosidl_typesupport_fastrtps_cpp.hpp
[6.171s] -- Installing: /home/tanayrs/lars-ros/lars_ws2/install/turtlebot3_msgs/include/turtlebot3_msgs/turtlebot3_msgs/srv/detail/dds_fastrtps
[6.171s] -- Installing: /home/tanayrs/lars-ros/lars_ws2/install/turtlebot3_msgs/include/turtlebot3_msgs/turtlebot3_msgs/srv/detail/sound__rosidl_typesupport_fastrtps_cpp.hpp
[6.171s] -- Up-to-date: /home/tanayrs/lars-ros/lars_ws2/install/turtlebot3_msgs/include/turtlebot3_msgs/turtlebot3_msgs/msg
[6.171s] -- Installing: /home/tanayrs/lars-ros/lars_ws2/install/turtlebot3_msgs/include/turtlebot3_msgs/turtlebot3_msgs/msg/rosidl_typesupport_fastrtps_cpp__visibility_control.h
[6.171s] -- Up-to-date: /home/tanayrs/lars-ros/lars_ws2/install/turtlebot3_msgs/include/turtlebot3_msgs/turtlebot3_msgs/msg/detail
[6.171s] -- Installing: /home/tanayrs/lars-ros/lars_ws2/install/turtlebot3_msgs/include/turtlebot3_msgs/turtlebot3_msgs/msg/detail/dds_fastrtps
[6.171s] -- Installing: /home/tanayrs/lars-ros/lars_ws2/install/turtlebot3_msgs/include/turtlebot3_msgs/turtlebot3_msgs/msg/detail/sensor_state__rosidl_typesupport_fastrtps_cpp.hpp
[6.171s] -- Installing: /home/tanayrs/lars-ros/lars_ws2/install/turtlebot3_msgs/include/turtlebot3_msgs/turtlebot3_msgs/msg/detail/version_info__rosidl_typesupport_fastrtps_cpp.hpp
[6.171s] -- Installing: /home/tanayrs/lars-ros/lars_ws2/install/turtlebot3_msgs/include/turtlebot3_msgs/turtlebot3_msgs/msg/detail/sound__rosidl_typesupport_fastrtps_cpp.hpp
[6.171s] -- Up-to-date: /home/tanayrs/lars-ros/lars_ws2/install/turtlebot3_msgs/include/turtlebot3_msgs/turtlebot3_msgs/action
[6.171s] -- Up-to-date: /home/tanayrs/lars-ros/lars_ws2/install/turtlebot3_msgs/include/turtlebot3_msgs/turtlebot3_msgs/action/detail
[6.171s] -- Installing: /home/tanayrs/lars-ros/lars_ws2/install/turtlebot3_msgs/include/turtlebot3_msgs/turtlebot3_msgs/action/detail/patrol__rosidl_typesupport_fastrtps_cpp.hpp
[6.171s] -- Installing: /home/tanayrs/lars-ros/lars_ws2/install/turtlebot3_msgs/include/turtlebot3_msgs/turtlebot3_msgs/action/detail/dds_fastrtps
[6.171s] -- Installing: /home/tanayrs/lars-ros/lars_ws2/install/turtlebot3_msgs/lib/libturtlebot3_msgs__rosidl_typesupport_fastrtps_cpp.so
[6.171s] -- Set runtime path of "/home/tanayrs/lars-ros/lars_ws2/install/turtlebot3_msgs/lib/libturtlebot3_msgs__rosidl_typesupport_fastrtps_cpp.so" to ""
[6.171s] -- Up-to-date: /home/tanayrs/lars-ros/lars_ws2/install/turtlebot3_msgs/include/turtlebot3_msgs/turtlebot3_msgs
[6.172s] -- Up-to-date: /home/tanayrs/lars-ros/lars_ws2/install/turtlebot3_msgs/include/turtlebot3_msgs/turtlebot3_msgs/srv
[6.172s] -- Up-to-date: /home/tanayrs/lars-ros/lars_ws2/install/turtlebot3_msgs/include/turtlebot3_msgs/turtlebot3_msgs/srv/detail
[6.172s] -- Installing: /home/tanayrs/lars-ros/lars_ws2/install/turtlebot3_msgs/include/turtlebot3_msgs/turtlebot3_msgs/srv/detail/dqn__type_support.c
[6.172s] -- Installing: /home/tanayrs/lars-ros/lars_ws2/install/turtlebot3_msgs/include/turtlebot3_msgs/turtlebot3_msgs/srv/detail/sound__type_support.c
[6.172s] -- Installing: /home/tanayrs/lars-ros/lars_ws2/install/turtlebot3_msgs/include/turtlebot3_msgs/turtlebot3_msgs/srv/detail/sound__rosidl_typesupport_introspection_c.h
[6.172s] -- Installing: /home/tanayrs/lars-ros/lars_ws2/install/turtlebot3_msgs/include/turtlebot3_msgs/turtlebot3_msgs/srv/detail/dqn__rosidl_typesupport_introspection_c.h
[6.172s] -- Up-to-date: /home/tanayrs/lars-ros/lars_ws2/install/turtlebot3_msgs/include/turtlebot3_msgs/turtlebot3_msgs/msg
[6.172s] -- Installing: /home/tanayrs/lars-ros/lars_ws2/install/turtlebot3_msgs/include/turtlebot3_msgs/turtlebot3_msgs/msg/rosidl_typesupport_introspection_c__visibility_control.h
[6.172s] -- Up-to-date: /home/tanayrs/lars-ros/lars_ws2/install/turtlebot3_msgs/include/turtlebot3_msgs/turtlebot3_msgs/msg/detail
[6.172s] -- Installing: /home/tanayrs/lars-ros/lars_ws2/install/turtlebot3_msgs/include/turtlebot3_msgs/turtlebot3_msgs/msg/detail/sound__type_support.c
[6.172s] -- Installing: /home/tanayrs/lars-ros/lars_ws2/install/turtlebot3_msgs/include/turtlebot3_msgs/turtlebot3_msgs/msg/detail/sensor_state__type_support.c
[6.172s] -- Installing: /home/tanayrs/lars-ros/lars_ws2/install/turtlebot3_msgs/include/turtlebot3_msgs/turtlebot3_msgs/msg/detail/sensor_state__rosidl_typesupport_introspection_c.h
[6.172s] -- Installing: /home/tanayrs/lars-ros/lars_ws2/install/turtlebot3_msgs/include/turtlebot3_msgs/turtlebot3_msgs/msg/detail/sound__rosidl_typesupport_introspection_c.h
[6.172s] -- Installing: /home/tanayrs/lars-ros/lars_ws2/install/turtlebot3_msgs/include/turtlebot3_msgs/turtlebot3_msgs/msg/detail/version_info__rosidl_typesupport_introspection_c.h
[6.172s] -- Installing: /home/tanayrs/lars-ros/lars_ws2/install/turtlebot3_msgs/include/turtlebot3_msgs/turtlebot3_msgs/msg/detail/version_info__type_support.c
[6.172s] -- Up-to-date: /home/tanayrs/lars-ros/lars_ws2/install/turtlebot3_msgs/include/turtlebot3_msgs/turtlebot3_msgs/action
[6.172s] -- Up-to-date: /home/tanayrs/lars-ros/lars_ws2/install/turtlebot3_msgs/include/turtlebot3_msgs/turtlebot3_msgs/action/detail
[6.172s] -- Installing: /home/tanayrs/lars-ros/lars_ws2/install/turtlebot3_msgs/include/turtlebot3_msgs/turtlebot3_msgs/action/detail/patrol__type_support.c
[6.172s] -- Installing: /home/tanayrs/lars-ros/lars_ws2/install/turtlebot3_msgs/include/turtlebot3_msgs/turtlebot3_msgs/action/detail/patrol__rosidl_typesupport_introspection_c.h
[6.172s] -- Installing: /home/tanayrs/lars-ros/lars_ws2/install/turtlebot3_msgs/lib/libturtlebot3_msgs__rosidl_typesupport_introspection_c.so
[6.173s] -- Set runtime path of "/home/tanayrs/lars-ros/lars_ws2/install/turtlebot3_msgs/lib/libturtlebot3_msgs__rosidl_typesupport_introspection_c.so" to ""
[6.173s] -- Installing: /home/tanayrs/lars-ros/lars_ws2/install/turtlebot3_msgs/lib/libturtlebot3_msgs__rosidl_typesupport_c.so
[6.173s] -- Set runtime path of "/home/tanayrs/lars-ros/lars_ws2/install/turtlebot3_msgs/lib/libturtlebot3_msgs__rosidl_typesupport_c.so" to ""
[6.173s] -- Up-to-date: /home/tanayrs/lars-ros/lars_ws2/install/turtlebot3_msgs/include/turtlebot3_msgs/turtlebot3_msgs
[6.173s] -- Up-to-date: /home/tanayrs/lars-ros/lars_ws2/install/turtlebot3_msgs/include/turtlebot3_msgs/turtlebot3_msgs/srv
[6.173s] -- Up-to-date: /home/tanayrs/lars-ros/lars_ws2/install/turtlebot3_msgs/include/turtlebot3_msgs/turtlebot3_msgs/srv/detail
[6.173s] -- Installing: /home/tanayrs/lars-ros/lars_ws2/install/turtlebot3_msgs/include/turtlebot3_msgs/turtlebot3_msgs/srv/detail/dqn__type_support.cpp
[6.173s] -- Installing: /home/tanayrs/lars-ros/lars_ws2/install/turtlebot3_msgs/include/turtlebot3_msgs/turtlebot3_msgs/srv/detail/sound__rosidl_typesupport_introspection_cpp.hpp
[6.173s] -- Installing: /home/tanayrs/lars-ros/lars_ws2/install/turtlebot3_msgs/include/turtlebot3_msgs/turtlebot3_msgs/srv/detail/dqn__rosidl_typesupport_introspection_cpp.hpp
[6.173s] -- Installing: /home/tanayrs/lars-ros/lars_ws2/install/turtlebot3_msgs/include/turtlebot3_msgs/turtlebot3_msgs/srv/detail/sound__type_support.cpp
[6.173s] -- Up-to-date: /home/tanayrs/lars-ros/lars_ws2/install/turtlebot3_msgs/include/turtlebot3_msgs/turtlebot3_msgs/msg
[6.173s] -- Up-to-date: /home/tanayrs/lars-ros/lars_ws2/install/turtlebot3_msgs/include/turtlebot3_msgs/turtlebot3_msgs/msg/detail
[6.173s] -- Installing: /home/tanayrs/lars-ros/lars_ws2/install/turtlebot3_msgs/include/turtlebot3_msgs/turtlebot3_msgs/msg/detail/version_info__type_support.cpp
[6.173s] -- Installing: /home/tanayrs/lars-ros/lars_ws2/install/turtlebot3_msgs/include/turtlebot3_msgs/turtlebot3_msgs/msg/detail/sensor_state__type_support.cpp
[6.173s] -- Installing: /home/tanayrs/lars-ros/lars_ws2/install/turtlebot3_msgs/include/turtlebot3_msgs/turtlebot3_msgs/msg/detail/sensor_state__rosidl_typesupport_introspection_cpp.hpp
[6.173s] -- Installing: /home/tanayrs/lars-ros/lars_ws2/install/turtlebot3_msgs/include/turtlebot3_msgs/turtlebot3_msgs/msg/detail/version_info__rosidl_typesupport_introspection_cpp.hpp
[6.173s] -- Installing: /home/tanayrs/lars-ros/lars_ws2/install/turtlebot3_msgs/include/turtlebot3_msgs/turtlebot3_msgs/msg/detail/sound__rosidl_typesupport_introspection_cpp.hpp
[6.173s] -- Installing: /home/tanayrs/lars-ros/lars_ws2/install/turtlebot3_msgs/include/turtlebot3_msgs/turtlebot3_msgs/msg/detail/sound__type_support.cpp
[6.174s] -- Up-to-date: /home/tanayrs/lars-ros/lars_ws2/install/turtlebot3_msgs/include/turtlebot3_msgs/turtlebot3_msgs/action
[6.174s] -- Up-to-date: /home/tanayrs/lars-ros/lars_ws2/install/turtlebot3_msgs/include/turtlebot3_msgs/turtlebot3_msgs/action/detail
[6.174s] -- Installing: /home/tanayrs/lars-ros/lars_ws2/install/turtlebot3_msgs/include/turtlebot3_msgs/turtlebot3_msgs/action/detail/patrol__rosidl_typesupport_introspection_cpp.hpp
[6.174s] -- Installing: /home/tanayrs/lars-ros/lars_ws2/install/turtlebot3_msgs/include/turtlebot3_msgs/turtlebot3_msgs/action/detail/patrol__type_support.cpp
[6.174s] -- Installing: /home/tanayrs/lars-ros/lars_ws2/install/turtlebot3_msgs/lib/libturtlebot3_msgs__rosidl_typesupport_introspection_cpp.so
[6.174s] -- Set runtime path of "/home/tanayrs/lars-ros/lars_ws2/install/turtlebot3_msgs/lib/libturtlebot3_msgs__rosidl_typesupport_introspection_cpp.so" to ""
[6.174s] -- Installing: /home/tanayrs/lars-ros/lars_ws2/install/turtlebot3_msgs/lib/libturtlebot3_msgs__rosidl_typesupport_cpp.so
[6.174s] -- Set runtime path of "/home/tanayrs/lars-ros/lars_ws2/install/turtlebot3_msgs/lib/libturtlebot3_msgs__rosidl_typesupport_cpp.so" to ""
[6.174s] -- Installing: /home/tanayrs/lars-ros/lars_ws2/install/turtlebot3_msgs/share/turtlebot3_msgs/environment/pythonpath.sh
[6.174s] -- Installing: /home/tanayrs/lars-ros/lars_ws2/install/turtlebot3_msgs/share/turtlebot3_msgs/environment/pythonpath.dsv
[6.174s] -- Installing: /home/tanayrs/lars-ros/lars_ws2/install/turtlebot3_msgs/local/lib/python3.10/dist-packages/turtlebot3_msgs-2.2.3-py3.10.egg-info
[6.174s] -- Installing: /home/tanayrs/lars-ros/lars_ws2/install/turtlebot3_msgs/local/lib/python3.10/dist-packages/turtlebot3_msgs-2.2.3-py3.10.egg-info/dependency_links.txt
[6.174s] -- Installing: /home/tanayrs/lars-ros/lars_ws2/install/turtlebot3_msgs/local/lib/python3.10/dist-packages/turtlebot3_msgs-2.2.3-py3.10.egg-info/top_level.txt
[6.174s] -- Installing: /home/tanayrs/lars-ros/lars_ws2/install/turtlebot3_msgs/local/lib/python3.10/dist-packages/turtlebot3_msgs-2.2.3-py3.10.egg-info/SOURCES.txt
[6.174s] -- Installing: /home/tanayrs/lars-ros/lars_ws2/install/turtlebot3_msgs/local/lib/python3.10/dist-packages/turtlebot3_msgs-2.2.3-py3.10.egg-info/PKG-INFO
[6.174s] -- Installing: /home/tanayrs/lars-ros/lars_ws2/install/turtlebot3_msgs/local/lib/python3.10/dist-packages/turtlebot3_msgs
[6.174s] -- Installing: /home/tanayrs/lars-ros/lars_ws2/install/turtlebot3_msgs/local/lib/python3.10/dist-packages/turtlebot3_msgs/srv
[6.174s] -- Installing: /home/tanayrs/lars-ros/lars_ws2/install/turtlebot3_msgs/local/lib/python3.10/dist-packages/turtlebot3_msgs/srv/_dqn.py
[6.174s] -- Installing: /home/tanayrs/lars-ros/lars_ws2/install/turtlebot3_msgs/local/lib/python3.10/dist-packages/turtlebot3_msgs/srv/_dqn_s.c
[6.175s] -- Installing: /home/tanayrs/lars-ros/lars_ws2/install/turtlebot3_msgs/local/lib/python3.10/dist-packages/turtlebot3_msgs/srv/_sound_s.c
[6.175s] -- Installing: /home/tanayrs/lars-ros/lars_ws2/install/turtlebot3_msgs/local/lib/python3.10/dist-packages/turtlebot3_msgs/srv/__init__.py
[6.175s] -- Installing: /home/tanayrs/lars-ros/lars_ws2/install/turtlebot3_msgs/local/lib/python3.10/dist-packages/turtlebot3_msgs/srv/_sound.py
[6.175s] -- Installing: /home/tanayrs/lars-ros/lars_ws2/install/turtlebot3_msgs/local/lib/python3.10/dist-packages/turtlebot3_msgs/turtlebot3_msgs_s__rosidl_typesupport_c.cpython-310-x86_64-linux-gnu.so
[6.175s] -- Installing: /home/tanayrs/lars-ros/lars_ws2/install/turtlebot3_msgs/local/lib/python3.10/dist-packages/turtlebot3_msgs/_turtlebot3_msgs_s.ep.rosidl_typesupport_introspection_c.c
[6.175s] -- Installing: /home/tanayrs/lars-ros/lars_ws2/install/turtlebot3_msgs/local/lib/python3.10/dist-packages/turtlebot3_msgs/msg
[6.175s] -- Installing: /home/tanayrs/lars-ros/lars_ws2/install/turtlebot3_msgs/local/lib/python3.10/dist-packages/turtlebot3_msgs/msg/_version_info_s.c
[6.175s] -- Installing: /home/tanayrs/lars-ros/lars_ws2/install/turtlebot3_msgs/local/lib/python3.10/dist-packages/turtlebot3_msgs/msg/_sensor_state.py
[6.175s] -- Installing: /home/tanayrs/lars-ros/lars_ws2/install/turtlebot3_msgs/local/lib/python3.10/dist-packages/turtlebot3_msgs/msg/_sound_s.c
[6.175s] -- Installing: /home/tanayrs/lars-ros/lars_ws2/install/turtlebot3_msgs/local/lib/python3.10/dist-packages/turtlebot3_msgs/msg/__init__.py
[6.175s] -- Installing: /home/tanayrs/lars-ros/lars_ws2/install/turtlebot3_msgs/local/lib/python3.10/dist-packages/turtlebot3_msgs/msg/_sensor_state_s.c
[6.175s] -- Installing: /home/tanayrs/lars-ros/lars_ws2/install/turtlebot3_msgs/local/lib/python3.10/dist-packages/turtlebot3_msgs/msg/_sound.py
[6.175s] -- Installing: /home/tanayrs/lars-ros/lars_ws2/install/turtlebot3_msgs/local/lib/python3.10/dist-packages/turtlebot3_msgs/msg/_version_info.py
[6.175s] -- Installing: /home/tanayrs/lars-ros/lars_ws2/install/turtlebot3_msgs/local/lib/python3.10/dist-packages/turtlebot3_msgs/__init__.py
[6.175s] -- Installing: /home/tanayrs/lars-ros/lars_ws2/install/turtlebot3_msgs/local/lib/python3.10/dist-packages/turtlebot3_msgs/_turtlebot3_msgs_s.ep.rosidl_typesupport_fastrtps_c.c
[6.175s] -- Installing: /home/tanayrs/lars-ros/lars_ws2/install/turtlebot3_msgs/local/lib/python3.10/dist-packages/turtlebot3_msgs/libturtlebot3_msgs__rosidl_generator_py.so
[6.175s] -- Installing: /home/tanayrs/lars-ros/lars_ws2/install/turtlebot3_msgs/local/lib/python3.10/dist-packages/turtlebot3_msgs/_turtlebot3_msgs_s.ep.rosidl_typesupport_c.c
[6.175s] -- Installing: /home/tanayrs/lars-ros/lars_ws2/install/turtlebot3_msgs/local/lib/python3.10/dist-packages/turtlebot3_msgs/turtlebot3_msgs_s__rosidl_typesupport_introspection_c.cpython-310-x86_64-linux-gnu.so
[6.175s] -- Installing: /home/tanayrs/lars-ros/lars_ws2/install/turtlebot3_msgs/local/lib/python3.10/dist-packages/turtlebot3_msgs/action
[6.176s] -- Installing: /home/tanayrs/lars-ros/lars_ws2/install/turtlebot3_msgs/local/lib/python3.10/dist-packages/turtlebot3_msgs/action/_patrol.py
[6.176s] -- Installing: /home/tanayrs/lars-ros/lars_ws2/install/turtlebot3_msgs/local/lib/python3.10/dist-packages/turtlebot3_msgs/action/__init__.py
[6.176s] -- Installing: /home/tanayrs/lars-ros/lars_ws2/install/turtlebot3_msgs/local/lib/python3.10/dist-packages/turtlebot3_msgs/action/_patrol_s.c
[6.176s] -- Installing: /home/tanayrs/lars-ros/lars_ws2/install/turtlebot3_msgs/local/lib/python3.10/dist-packages/turtlebot3_msgs/turtlebot3_msgs_s__rosidl_typesupport_fastrtps_c.cpython-310-x86_64-linux-gnu.so
[6.212s] Listing '/home/tanayrs/lars-ros/lars_ws2/install/turtlebot3_msgs/local/lib/python3.10/dist-packages/turtlebot3_msgs'...
[6.212s] Compiling '/home/tanayrs/lars-ros/lars_ws2/install/turtlebot3_msgs/local/lib/python3.10/dist-packages/turtlebot3_msgs/__init__.py'...
[6.212s] Listing '/home/tanayrs/lars-ros/lars_ws2/install/turtlebot3_msgs/local/lib/python3.10/dist-packages/turtlebot3_msgs/action'...
[6.212s] Compiling '/home/tanayrs/lars-ros/lars_ws2/install/turtlebot3_msgs/local/lib/python3.10/dist-packages/turtlebot3_msgs/action/__init__.py'...
[6.212s] Compiling '/home/tanayrs/lars-ros/lars_ws2/install/turtlebot3_msgs/local/lib/python3.10/dist-packages/turtlebot3_msgs/action/_patrol.py'...
[6.213s] Listing '/home/tanayrs/lars-ros/lars_ws2/install/turtlebot3_msgs/local/lib/python3.10/dist-packages/turtlebot3_msgs/msg'...
[6.213s] Compiling '/home/tanayrs/lars-ros/lars_ws2/install/turtlebot3_msgs/local/lib/python3.10/dist-packages/turtlebot3_msgs/msg/__init__.py'...
[6.213s] Compiling '/home/tanayrs/lars-ros/lars_ws2/install/turtlebot3_msgs/local/lib/python3.10/dist-packages/turtlebot3_msgs/msg/_sensor_state.py'...
[6.213s] Compiling '/home/tanayrs/lars-ros/lars_ws2/install/turtlebot3_msgs/local/lib/python3.10/dist-packages/turtlebot3_msgs/msg/_sound.py'...
[6.213s] Compiling '/home/tanayrs/lars-ros/lars_ws2/install/turtlebot3_msgs/local/lib/python3.10/dist-packages/turtlebot3_msgs/msg/_version_info.py'...
[6.213s] Listing '/home/tanayrs/lars-ros/lars_ws2/install/turtlebot3_msgs/local/lib/python3.10/dist-packages/turtlebot3_msgs/srv'...
[6.213s] Compiling '/home/tanayrs/lars-ros/lars_ws2/install/turtlebot3_msgs/local/lib/python3.10/dist-packages/turtlebot3_msgs/srv/__init__.py'...
[6.213s] Compiling '/home/tanayrs/lars-ros/lars_ws2/install/turtlebot3_msgs/local/lib/python3.10/dist-packages/turtlebot3_msgs/srv/_dqn.py'...
[6.213s] Compiling '/home/tanayrs/lars-ros/lars_ws2/install/turtlebot3_msgs/local/lib/python3.10/dist-packages/turtlebot3_msgs/srv/_sound.py'...
[6.217s] -- Installing: /home/tanayrs/lars-ros/lars_ws2/install/turtlebot3_msgs/local/lib/python3.10/dist-packages/turtlebot3_msgs/turtlebot3_msgs_s__rosidl_typesupport_fastrtps_c.cpython-310-x86_64-linux-gnu.so
[6.217s] -- Set runtime path of "/home/tanayrs/lars-ros/lars_ws2/install/turtlebot3_msgs/local/lib/python3.10/dist-packages/turtlebot3_msgs/turtlebot3_msgs_s__rosidl_typesupport_fastrtps_c.cpython-310-x86_64-linux-gnu.so" to ""
[6.217s] -- Installing: /home/tanayrs/lars-ros/lars_ws2/install/turtlebot3_msgs/local/lib/python3.10/dist-packages/turtlebot3_msgs/turtlebot3_msgs_s__rosidl_typesupport_introspection_c.cpython-310-x86_64-linux-gnu.so
[6.217s] -- Set runtime path of "/home/tanayrs/lars-ros/lars_ws2/install/turtlebot3_msgs/local/lib/python3.10/dist-packages/turtlebot3_msgs/turtlebot3_msgs_s__rosidl_typesupport_introspection_c.cpython-310-x86_64-linux-gnu.so" to ""
[6.217s] -- Installing: /home/tanayrs/lars-ros/lars_ws2/install/turtlebot3_msgs/local/lib/python3.10/dist-packages/turtlebot3_msgs/turtlebot3_msgs_s__rosidl_typesupport_c.cpython-310-x86_64-linux-gnu.so
[6.217s] -- Set runtime path of "/home/tanayrs/lars-ros/lars_ws2/install/turtlebot3_msgs/local/lib/python3.10/dist-packages/turtlebot3_msgs/turtlebot3_msgs_s__rosidl_typesupport_c.cpython-310-x86_64-linux-gnu.so" to ""
[6.217s] -- Installing: /home/tanayrs/lars-ros/lars_ws2/install/turtlebot3_msgs/lib/libturtlebot3_msgs__rosidl_generator_py.so
[6.217s] -- Set runtime path of "/home/tanayrs/lars-ros/lars_ws2/install/turtlebot3_msgs/lib/libturtlebot3_msgs__rosidl_generator_py.so" to ""
[6.218s] -- Installing: /home/tanayrs/lars-ros/lars_ws2/install/turtlebot3_msgs/share/turtlebot3_msgs/msg/SensorState.idl
[6.218s] -- Installing: /home/tanayrs/lars-ros/lars_ws2/install/turtlebot3_msgs/share/turtlebot3_msgs/msg/Sound.idl
[6.218s] -- Installing: /home/tanayrs/lars-ros/lars_ws2/install/turtlebot3_msgs/share/turtlebot3_msgs/msg/VersionInfo.idl
[6.218s] -- Installing: /home/tanayrs/lars-ros/lars_ws2/install/turtlebot3_msgs/share/turtlebot3_msgs/srv/Sound.idl
[6.218s] -- Installing: /home/tanayrs/lars-ros/lars_ws2/install/turtlebot3_msgs/share/turtlebot3_msgs/srv/Dqn.idl
[6.218s] -- Installing: /home/tanayrs/lars-ros/lars_ws2/install/turtlebot3_msgs/share/turtlebot3_msgs/action/Patrol.idl
[6.218s] -- Installing: /home/tanayrs/lars-ros/lars_ws2/install/turtlebot3_msgs/share/turtlebot3_msgs/msg/SensorState.msg
[6.218s] -- Installing: /home/tanayrs/lars-ros/lars_ws2/install/turtlebot3_msgs/share/turtlebot3_msgs/msg/Sound.msg
[6.218s] -- Installing: /home/tanayrs/lars-ros/lars_ws2/install/turtlebot3_msgs/share/turtlebot3_msgs/msg/VersionInfo.msg
[6.218s] -- Installing: /home/tanayrs/lars-ros/lars_ws2/install/turtlebot3_msgs/share/turtlebot3_msgs/srv/Sound.srv
[6.218s] -- Installing: /home/tanayrs/lars-ros/lars_ws2/install/turtlebot3_msgs/share/turtlebot3_msgs/srv/Sound_Request.msg
[6.218s] -- Installing: /home/tanayrs/lars-ros/lars_ws2/install/turtlebot3_msgs/share/turtlebot3_msgs/srv/Sound_Response.msg
[6.218s] -- Installing: /home/tanayrs/lars-ros/lars_ws2/install/turtlebot3_msgs/share/turtlebot3_msgs/srv/Dqn.srv
[6.218s] -- Installing: /home/tanayrs/lars-ros/lars_ws2/install/turtlebot3_msgs/share/turtlebot3_msgs/srv/Dqn_Request.msg
[6.219s] -- Installing: /home/tanayrs/lars-ros/lars_ws2/install/turtlebot3_msgs/share/turtlebot3_msgs/srv/Dqn_Response.msg
[6.219s] -- Installing: /home/tanayrs/lars-ros/lars_ws2/install/turtlebot3_msgs/share/turtlebot3_msgs/action/Patrol.action
[6.219s] -- Installing: /home/tanayrs/lars-ros/lars_ws2/install/turtlebot3_msgs/share/ament_index/resource_index/package_run_dependencies/turtlebot3_msgs
[6.219s] -- Installing: /home/tanayrs/lars-ros/lars_ws2/install/turtlebot3_msgs/share/ament_index/resource_index/parent_prefix_path/turtlebot3_msgs
[6.219s] -- Installing: /home/tanayrs/lars-ros/lars_ws2/install/turtlebot3_msgs/share/turtlebot3_msgs/environment/ament_prefix_path.sh
[6.219s] -- Installing: /home/tanayrs/lars-ros/lars_ws2/install/turtlebot3_msgs/share/turtlebot3_msgs/environment/ament_prefix_path.dsv
[6.219s] -- Installing: /home/tanayrs/lars-ros/lars_ws2/install/turtlebot3_msgs/share/turtlebot3_msgs/environment/path.sh
[6.219s] -- Installing: /home/tanayrs/lars-ros/lars_ws2/install/turtlebot3_msgs/share/turtlebot3_msgs/environment/path.dsv
[6.219s] -- Installing: /home/tanayrs/lars-ros/lars_ws2/install/turtlebot3_msgs/share/turtlebot3_msgs/local_setup.bash
[6.219s] -- Installing: /home/tanayrs/lars-ros/lars_ws2/install/turtlebot3_msgs/share/turtlebot3_msgs/local_setup.sh
[6.219s] -- Installing: /home/tanayrs/lars-ros/lars_ws2/install/turtlebot3_msgs/share/turtlebot3_msgs/local_setup.zsh
[6.219s] -- Installing: /home/tanayrs/lars-ros/lars_ws2/install/turtlebot3_msgs/share/turtlebot3_msgs/local_setup.dsv
[6.219s] -- Installing: /home/tanayrs/lars-ros/lars_ws2/install/turtlebot3_msgs/share/turtlebot3_msgs/package.dsv
[6.219s] -- Installing: /home/tanayrs/lars-ros/lars_ws2/install/turtlebot3_msgs/share/ament_index/resource_index/packages/turtlebot3_msgs
[6.219s] -- Installing: /home/tanayrs/lars-ros/lars_ws2/install/turtlebot3_msgs/share/turtlebot3_msgs/cmake/export_turtlebot3_msgs__rosidl_generator_cExport.cmake
[6.220s] -- Installing: /home/tanayrs/lars-ros/lars_ws2/install/turtlebot3_msgs/share/turtlebot3_msgs/cmake/export_turtlebot3_msgs__rosidl_generator_cExport-noconfig.cmake
[6.220s] -- Installing: /home/tanayrs/lars-ros/lars_ws2/install/turtlebot3_msgs/share/turtlebot3_msgs/cmake/export_turtlebot3_msgs__rosidl_typesupport_fastrtps_cExport.cmake
[6.220s] -- Installing: /home/tanayrs/lars-ros/lars_ws2/install/turtlebot3_msgs/share/turtlebot3_msgs/cmake/export_turtlebot3_msgs__rosidl_typesupport_fastrtps_cExport-noconfig.cmake
[6.220s] -- Installing: /home/tanayrs/lars-ros/lars_ws2/install/turtlebot3_msgs/share/turtlebot3_msgs/cmake/export_turtlebot3_msgs__rosidl_generator_cppExport.cmake
[6.220s] -- Installing: /home/tanayrs/lars-ros/lars_ws2/install/turtlebot3_msgs/share/turtlebot3_msgs/cmake/export_turtlebot3_msgs__rosidl_typesupport_fastrtps_cppExport.cmake
[6.220s] -- Installing: /home/tanayrs/lars-ros/lars_ws2/install/turtlebot3_msgs/share/turtlebot3_msgs/cmake/export_turtlebot3_msgs__rosidl_typesupport_fastrtps_cppExport-noconfig.cmake
[6.220s] -- Installing: /home/tanayrs/lars-ros/lars_ws2/install/turtlebot3_msgs/share/turtlebot3_msgs/cmake/turtlebot3_msgs__rosidl_typesupport_introspection_cExport.cmake
[6.220s] -- Installing: /home/tanayrs/lars-ros/lars_ws2/install/turtlebot3_msgs/share/turtlebot3_msgs/cmake/turtlebot3_msgs__rosidl_typesupport_introspection_cExport-noconfig.cmake
[6.220s] -- Installing: /home/tanayrs/lars-ros/lars_ws2/install/turtlebot3_msgs/share/turtlebot3_msgs/cmake/turtlebot3_msgs__rosidl_typesupport_cExport.cmake
[6.220s] -- Installing: /home/tanayrs/lars-ros/lars_ws2/install/turtlebot3_msgs/share/turtlebot3_msgs/cmake/turtlebot3_msgs__rosidl_typesupport_cExport-noconfig.cmake
[6.220s] -- Installing: /home/tanayrs/lars-ros/lars_ws2/install/turtlebot3_msgs/share/turtlebot3_msgs/cmake/turtlebot3_msgs__rosidl_typesupport_introspection_cppExport.cmake
[6.220s] -- Installing: /home/tanayrs/lars-ros/lars_ws2/install/turtlebot3_msgs/share/turtlebot3_msgs/cmake/turtlebot3_msgs__rosidl_typesupport_introspection_cppExport-noconfig.cmake
[6.220s] -- Installing: /home/tanayrs/lars-ros/lars_ws2/install/turtlebot3_msgs/share/turtlebot3_msgs/cmake/turtlebot3_msgs__rosidl_typesupport_cppExport.cmake
[6.220s] -- Installing: /home/tanayrs/lars-ros/lars_ws2/install/turtlebot3_msgs/share/turtlebot3_msgs/cmake/turtlebot3_msgs__rosidl_typesupport_cppExport-noconfig.cmake
[6.221s] -- Installing: /home/tanayrs/lars-ros/lars_ws2/install/turtlebot3_msgs/share/turtlebot3_msgs/cmake/export_turtlebot3_msgs__rosidl_generator_pyExport.cmake
[6.221s] -- Installing: /home/tanayrs/lars-ros/lars_ws2/install/turtlebot3_msgs/share/turtlebot3_msgs/cmake/export_turtlebot3_msgs__rosidl_generator_pyExport-noconfig.cmake
[6.221s] -- Installing: /home/tanayrs/lars-ros/lars_ws2/install/turtlebot3_msgs/share/turtlebot3_msgs/cmake/rosidl_cmake-extras.cmake
[6.221s] -- Installing: /home/tanayrs/lars-ros/lars_ws2/install/turtlebot3_msgs/share/turtlebot3_msgs/cmake/ament_cmake_export_dependencies-extras.cmake
[6.221s] -- Installing: /home/tanayrs/lars-ros/lars_ws2/install/turtlebot3_msgs/share/turtlebot3_msgs/cmake/ament_cmake_export_include_directories-extras.cmake
[6.221s] -- Installing: /home/tanayrs/lars-ros/lars_ws2/install/turtlebot3_msgs/share/turtlebot3_msgs/cmake/ament_cmake_export_libraries-extras.cmake
[6.221s] -- Installing: /home/tanayrs/lars-ros/lars_ws2/install/turtlebot3_msgs/share/turtlebot3_msgs/cmake/ament_cmake_export_targets-extras.cmake
[6.221s] -- Installing: /home/tanayrs/lars-ros/lars_ws2/install/turtlebot3_msgs/share/turtlebot3_msgs/cmake/rosidl_cmake_export_typesupport_targets-extras.cmake
[6.221s] -- Installing: /home/tanayrs/lars-ros/lars_ws2/install/turtlebot3_msgs/share/turtlebot3_msgs/cmake/rosidl_cmake_export_typesupport_libraries-extras.cmake
[6.221s] -- Installing: /home/tanayrs/lars-ros/lars_ws2/install/turtlebot3_msgs/share/turtlebot3_msgs/cmake/turtlebot3_msgsConfig.cmake
[6.221s] -- Installing: /home/tanayrs/lars-ros/lars_ws2/install/turtlebot3_msgs/share/turtlebot3_msgs/cmake/turtlebot3_msgsConfig-version.cmake
[6.221s] -- Installing: /home/tanayrs/lars-ros/lars_ws2/install/turtlebot3_msgs/share/turtlebot3_msgs/package.xml
[6.224s] Invoked command in '/home/tanayrs/lars-ros/lars_ws2/build/turtlebot3_msgs' returned '0': CMAKE_PREFIX_PATH=${CMAKE_PREFIX_PATH}:/home/tanayrs/turtlebot3_ws/install/turtlebot3_teleop:/home/tanayrs/turtlebot3_ws/install/turtlebot3_example:/home/tanayrs/lars-ros/lars_ws/install/lars_groundbot_control:/home/tanayrs/lars_ws/install/turtlebot_mover:/opt/ros/humble /usr/bin/cmake --install /home/tanayrs/lars-ros/lars_ws2/build/turtlebot3_msgs
