[0.025s] Invoking command in '/home/tanayrs/lars-ros/lars_ws2/build/turtlebot3_navigation2': CMAKE_PREFIX_PATH=${CMAKE_PREFIX_PATH}:/home/tanayrs/lars-ros/lars_ws2/install/turtlebot3_teleop:/home/tanayrs/lars-ros/lars_ws2/install/turtlebot3_example:/home/tanayrs/lars-ros/lars_ws/install/lars_groundbot_control:/home/tanayrs/turtlebot3_ws/install/turtlebot3_teleop:/home/tanayrs/turtlebot3_ws/install/turtlebot3_example:/home/tanayrs/lars_ws/install/turtlebot_mover:/opt/ros/humble /usr/bin/cmake --build /home/tanayrs/lars-ros/lars_ws2/build/turtlebot3_navigation2 -- -j16 -l16
[0.240s] Invoked command in '/home/tanayrs/lars-ros/lars_ws2/build/turtlebot3_navigation2' returned '0': CMAKE_PREFIX_PATH=${CMAKE_PREFIX_PATH}:/home/tanayrs/lars-ros/lars_ws2/install/turtlebot3_teleop:/home/tanayrs/lars-ros/lars_ws2/install/turtlebot3_example:/home/tanayrs/lars-ros/lars_ws/install/lars_groundbot_control:/home/tanayrs/turtlebot3_ws/install/turtlebot3_teleop:/home/tanayrs/turtlebot3_ws/install/turtlebot3_example:/home/tanayrs/lars_ws/install/turtlebot_mover:/opt/ros/humble /usr/bin/cmake --build /home/tanayrs/lars-ros/lars_ws2/build/turtlebot3_navigation2 -- -j16 -l16
[0.241s] Invoking command in '/home/tanayrs/lars-ros/lars_ws2/build/turtlebot3_navigation2': CMAKE_PREFIX_PATH=${CMAKE_PREFIX_PATH}:/home/tanayrs/lars-ros/lars_ws2/install/turtlebot3_teleop:/home/tanayrs/lars-ros/lars_ws2/install/turtlebot3_example:/home/tanayrs/lars-ros/lars_ws/install/lars_groundbot_control:/home/tanayrs/turtlebot3_ws/install/turtlebot3_teleop:/home/tanayrs/turtlebot3_ws/install/turtlebot3_example:/home/tanayrs/lars_ws/install/turtlebot_mover:/opt/ros/humble /usr/bin/cmake --install /home/tanayrs/lars-ros/lars_ws2/build/turtlebot3_navigation2
[0.248s] -- Install configuration: ""
[0.248s] -- Up-to-date: /home/tanayrs/lars-ros/lars_ws2/install/turtlebot3_navigation2/share/turtlebot3_navigation2/launch
[0.248s] -- Up-to-date: /home/tanayrs/lars-ros/lars_ws2/install/turtlebot3_navigation2/share/turtlebot3_navigation2/launch/navigation2.launch.py
[0.248s] -- Up-to-date: /home/tanayrs/lars-ros/lars_ws2/install/turtlebot3_navigation2/share/turtlebot3_navigation2/map
[0.248s] -- Up-to-date: /home/tanayrs/lars-ros/lars_ws2/install/turtlebot3_navigation2/share/turtlebot3_navigation2/map/map.yaml
[0.248s] -- Up-to-date: /home/tanayrs/lars-ros/lars_ws2/install/turtlebot3_navigation2/share/turtlebot3_navigation2/map/map.pgm
[0.248s] -- Up-to-date: /home/tanayrs/lars-ros/lars_ws2/install/turtlebot3_navigation2/share/turtlebot3_navigation2/param
[0.248s] -- Up-to-date: /home/tanayrs/lars-ros/lars_ws2/install/turtlebot3_navigation2/share/turtlebot3_navigation2/param/burger.yaml
[0.248s] -- Up-to-date: /home/tanayrs/lars-ros/lars_ws2/install/turtlebot3_navigation2/share/turtlebot3_navigation2/param/waffle.yaml
[0.248s] -- Up-to-date: /home/tanayrs/lars-ros/lars_ws2/install/turtlebot3_navigation2/share/turtlebot3_navigation2/param/waffle_pi.yaml
[0.248s] -- Up-to-date: /home/tanayrs/lars-ros/lars_ws2/install/turtlebot3_navigation2/share/turtlebot3_navigation2/rviz
[0.248s] -- Up-to-date: /home/tanayrs/lars-ros/lars_ws2/install/turtlebot3_navigation2/share/turtlebot3_navigation2/rviz/tb3_navigation2.rviz
[0.248s] -- Up-to-date: /home/tanayrs/lars-ros/lars_ws2/install/turtlebot3_navigation2/share/ament_index/resource_index/package_run_dependencies/turtlebot3_navigation2
[0.248s] -- Up-to-date: /home/tanayrs/lars-ros/lars_ws2/install/turtlebot3_navigation2/share/ament_index/resource_index/parent_prefix_path/turtlebot3_navigation2
[0.248s] -- Up-to-date: /home/tanayrs/lars-ros/lars_ws2/install/turtlebot3_navigation2/share/turtlebot3_navigation2/environment/ament_prefix_path.sh
[0.248s] -- Up-to-date: /home/tanayrs/lars-ros/lars_ws2/install/turtlebot3_navigation2/share/turtlebot3_navigation2/environment/ament_prefix_path.dsv
[0.249s] -- Up-to-date: /home/tanayrs/lars-ros/lars_ws2/install/turtlebot3_navigation2/share/turtlebot3_navigation2/environment/path.sh
[0.249s] -- Up-to-date: /home/tanayrs/lars-ros/lars_ws2/install/turtlebot3_navigation2/share/turtlebot3_navigation2/environment/path.dsv
[0.249s] -- Up-to-date: /home/tanayrs/lars-ros/lars_ws2/install/turtlebot3_navigation2/share/turtlebot3_navigation2/local_setup.bash
[0.249s] -- Up-to-date: /home/tanayrs/lars-ros/lars_ws2/install/turtlebot3_navigation2/share/turtlebot3_navigation2/local_setup.sh
[0.249s] -- Up-to-date: /home/tanayrs/lars-ros/lars_ws2/install/turtlebot3_navigation2/share/turtlebot3_navigation2/local_setup.zsh
[0.249s] -- Up-to-date: /home/tanayrs/lars-ros/lars_ws2/install/turtlebot3_navigation2/share/turtlebot3_navigation2/local_setup.dsv
[0.249s] -- Installing: /home/tanayrs/lars-ros/lars_ws2/install/turtlebot3_navigation2/share/turtlebot3_navigation2/package.dsv
[0.249s] -- Up-to-date: /home/tanayrs/lars-ros/lars_ws2/install/turtlebot3_navigation2/share/ament_index/resource_index/packages/turtlebot3_navigation2
[0.249s] -- Up-to-date: /home/tanayrs/lars-ros/lars_ws2/install/turtlebot3_navigation2/share/turtlebot3_navigation2/cmake/turtlebot3_navigation2Config.cmake
[0.249s] -- Up-to-date: /home/tanayrs/lars-ros/lars_ws2/install/turtlebot3_navigation2/share/turtlebot3_navigation2/cmake/turtlebot3_navigation2Config-version.cmake
[0.249s] -- Up-to-date: /home/tanayrs/lars-ros/lars_ws2/install/turtlebot3_navigation2/share/turtlebot3_navigation2/package.xml
[0.271s] Invoked command in '/home/tanayrs/lars-ros/lars_ws2/build/turtlebot3_navigation2' returned '0': CMAKE_PREFIX_PATH=${CMAKE_PREFIX_PATH}:/home/tanayrs/lars-ros/lars_ws2/install/turtlebot3_teleop:/home/tanayrs/lars-ros/lars_ws2/install/turtlebot3_example:/home/tanayrs/lars-ros/lars_ws/install/lars_groundbot_control:/home/tanayrs/turtlebot3_ws/install/turtlebot3_teleop:/home/tanayrs/turtlebot3_ws/install/turtlebot3_example:/home/tanayrs/lars_ws/install/turtlebot_mover:/opt/ros/humble /usr/bin/cmake --install /home/tanayrs/lars-ros/lars_ws2/build/turtlebot3_navigation2
