[0.021s] Invoking command in '/home/tanayrs/lars-ros/lars_ws2/build/dynamixel_sdk_custom_interfaces': CMAKE_PREFIX_PATH=${CMAKE_PREFIX_PATH}:/home/tanayrs/turtlebot3_ws/install/turtlebot3_teleop:/home/tanayrs/turtlebot3_ws/install/turtlebot3_example:/home/tanayrs/lars-ros/lars_ws/install/lars_groundbot_control:/home/tanayrs/lars_ws/install/turtlebot_mover:/opt/ros/humble /usr/bin/cmake /home/tanayrs/lars-ros/lars_ws2/src/DynamixelSDK/dynamixel_sdk_custom_interfaces -DCMAKE_INSTALL_PREFIX=/home/tanayrs/lars-ros/lars_ws2/install/dynamixel_sdk_custom_interfaces
[0.108s] -- The C compiler identification is GNU 11.4.0
[0.179s] -- The CXX compiler identification is GNU 11.4.0
[0.185s] -- Detecting C compiler ABI info
[0.245s] -- Detecting C compiler ABI info - done
[0.253s] -- Check for working C compiler: /usr/bin/cc - skipped
[0.253s] -- Detecting C compile features
[0.253s] -- Detecting C compile features - done
[0.255s] -- Detecting CXX compiler ABI info
[0.317s] -- Detecting CXX compiler ABI info - done
[0.322s] -- Check for working CXX compiler: /usr/bin/c++ - skipped
[0.322s] -- Detecting CXX compile features
[0.323s] -- Detecting CXX compile features - done
[0.325s] -- Found ament_cmake: 1.3.11 (/opt/ros/humble/share/ament_cmake/cmake)
[0.458s] -- Found Python3: /usr/bin/python3 (found version "3.10.12") found components: Interpreter 
[0.556s] -- Found builtin_interfaces: 1.2.1 (/opt/ros/humble/share/builtin_interfaces/cmake)
[0.584s] -- Found rosidl_generator_c: 3.1.6 (/opt/ros/humble/share/rosidl_generator_c/cmake)
[0.589s] -- Found rosidl_adapter: 3.1.6 (/opt/ros/humble/share/rosidl_adapter/cmake)
[0.596s] -- Found rosidl_generator_cpp: 3.1.6 (/opt/ros/humble/share/rosidl_generator_cpp/cmake)
[0.608s] -- Using all available rosidl_typesupport_c: rosidl_typesupport_fastrtps_c;rosidl_typesupport_introspection_c
[0.624s] -- Using all available rosidl_typesupport_cpp: rosidl_typesupport_fastrtps_cpp;rosidl_typesupport_introspection_cpp
[0.637s] -- Found rosidl_default_generators: 1.2.0 (/opt/ros/humble/share/rosidl_default_generators/cmake)
[0.921s] -- Found ament_cmake_ros: 0.10.0 (/opt/ros/humble/share/ament_cmake_ros/cmake)
[1.139s] -- Using all available rosidl_typesupport_c: rosidl_typesupport_fastrtps_c;rosidl_typesupport_introspection_c
[1.223s] -- Using all available rosidl_typesupport_cpp: rosidl_typesupport_fastrtps_cpp;rosidl_typesupport_introspection_cpp
[1.238s] -- Found PythonInterp: /usr/bin/python3 (found suitable version "3.10.12", minimum required is "3.6") 
[1.240s] -- Found python_cmake_module: 0.10.0 (/opt/ros/humble/share/python_cmake_module/cmake)
[1.259s] -- Found PythonLibs: /usr/lib/x86_64-linux-gnu/libpython3.10.so (found suitable version "3.10.12", minimum required is "3.5") 
[1.259s] -- Using PYTHON_EXECUTABLE: /usr/bin/python3
[1.259s] -- Using PYTHON_INCLUDE_DIRS: /usr/include/python3.10
[1.259s] -- Using PYTHON_LIBRARIES: /usr/lib/x86_64-linux-gnu/libpython3.10.so
[1.274s] -- Found PythonExtra: .so  
[1.304s] -- Configuring done
[1.322s] -- Generating done
[1.329s] -- Build files have been written to: /home/tanayrs/lars-ros/lars_ws2/build/dynamixel_sdk_custom_interfaces
[1.333s] Invoked command in '/home/tanayrs/lars-ros/lars_ws2/build/dynamixel_sdk_custom_interfaces' returned '0': CMAKE_PREFIX_PATH=${CMAKE_PREFIX_PATH}:/home/tanayrs/turtlebot3_ws/install/turtlebot3_teleop:/home/tanayrs/turtlebot3_ws/install/turtlebot3_example:/home/tanayrs/lars-ros/lars_ws/install/lars_groundbot_control:/home/tanayrs/lars_ws/install/turtlebot_mover:/opt/ros/humble /usr/bin/cmake /home/tanayrs/lars-ros/lars_ws2/src/DynamixelSDK/dynamixel_sdk_custom_interfaces -DCMAKE_INSTALL_PREFIX=/home/tanayrs/lars-ros/lars_ws2/install/dynamixel_sdk_custom_interfaces
[1.334s] Invoking command in '/home/tanayrs/lars-ros/lars_ws2/build/dynamixel_sdk_custom_interfaces': CMAKE_PREFIX_PATH=${CMAKE_PREFIX_PATH}:/home/tanayrs/turtlebot3_ws/install/turtlebot3_teleop:/home/tanayrs/turtlebot3_ws/install/turtlebot3_example:/home/tanayrs/lars-ros/lars_ws/install/lars_groundbot_control:/home/tanayrs/lars_ws/install/turtlebot_mover:/opt/ros/humble /usr/bin/cmake --build /home/tanayrs/lars-ros/lars_ws2/build/dynamixel_sdk_custom_interfaces -- -j16 -l16
[1.358s] [  2%] [34m[1mGenerating C code for ROS interfaces[0m
[1.364s] [  5%] [34m[1mGenerating C++ code for ROS interfaces[0m
[1.369s] [  5%] Built target ament_cmake_python_copy_dynamixel_sdk_custom_interfaces
[1.534s] running egg_info
[1.535s] creating dynamixel_sdk_custom_interfaces.egg-info
[1.535s] writing dynamixel_sdk_custom_interfaces.egg-info/PKG-INFO
[1.535s] writing dependency_links to dynamixel_sdk_custom_interfaces.egg-info/dependency_links.txt
[1.535s] writing top-level names to dynamixel_sdk_custom_interfaces.egg-info/top_level.txt
[1.535s] writing manifest file 'dynamixel_sdk_custom_interfaces.egg-info/SOURCES.txt'
[1.537s] reading manifest file 'dynamixel_sdk_custom_interfaces.egg-info/SOURCES.txt'
[1.537s] writing manifest file 'dynamixel_sdk_custom_interfaces.egg-info/SOURCES.txt'
[1.558s] [  5%] Built target ament_cmake_python_build_dynamixel_sdk_custom_interfaces_egg
[1.601s] [  5%] Built target dynamixel_sdk_custom_interfaces__cpp
[1.602s] [ 10%] [32mBuilding C object CMakeFiles/dynamixel_sdk_custom_interfaces__rosidl_generator_c.dir/rosidl_generator_c/dynamixel_sdk_custom_interfaces/msg/detail/set_position__functions.c.o[0m
[1.602s] [ 10%] [32mBuilding C object CMakeFiles/dynamixel_sdk_custom_interfaces__rosidl_generator_c.dir/rosidl_generator_c/dynamixel_sdk_custom_interfaces/srv/detail/get_position__functions.c.o[0m
[1.609s] [ 15%] [34m[1mGenerating C++ introspection for ROS interfaces[0m
[1.609s] [ 15%] [34m[1mGenerating C++ type support for eProsima Fast-RTPS[0m
[1.610s] [ 17%] [34m[1mGenerating C++ type support dispatch for ROS interfaces[0m
[1.643s] [ 20%] [32m[1mLinking C shared library libdynamixel_sdk_custom_interfaces__rosidl_generator_c.so[0m
[1.668s] [ 20%] Built target dynamixel_sdk_custom_interfaces__rosidl_generator_c
[1.674s] [ 23%] [34m[1mGenerating C type support for eProsima Fast-RTPS[0m
[1.677s] [ 28%] [34m[1mGenerating C introspection for ROS interfaces[0m
[1.677s] [ 28%] [34m[1mGenerating C type support dispatch for ROS interfaces[0m
[1.809s] [ 30%] [32mBuilding CXX object CMakeFiles/dynamixel_sdk_custom_interfaces__rosidl_typesupport_cpp.dir/rosidl_typesupport_cpp/dynamixel_sdk_custom_interfaces/msg/set_position__type_support.cpp.o[0m
[1.811s] [ 33%] [32mBuilding CXX object CMakeFiles/dynamixel_sdk_custom_interfaces__rosidl_typesupport_cpp.dir/rosidl_typesupport_cpp/dynamixel_sdk_custom_interfaces/srv/get_position__type_support.cpp.o[0m
[1.839s] [ 35%] [32mBuilding CXX object CMakeFiles/dynamixel_sdk_custom_interfaces__rosidl_typesupport_introspection_cpp.dir/rosidl_typesupport_introspection_cpp/dynamixel_sdk_custom_interfaces/msg/detail/set_position__type_support.cpp.o[0m
[1.840s] [ 38%] [32mBuilding CXX object CMakeFiles/dynamixel_sdk_custom_interfaces__rosidl_typesupport_introspection_cpp.dir/rosidl_typesupport_introspection_cpp/dynamixel_sdk_custom_interfaces/srv/detail/get_position__type_support.cpp.o[0m
[1.860s] [ 43%] [32mBuilding CXX object CMakeFiles/dynamixel_sdk_custom_interfaces__rosidl_typesupport_fastrtps_cpp.dir/rosidl_typesupport_fastrtps_cpp/dynamixel_sdk_custom_interfaces/msg/detail/dds_fastrtps/set_position__type_support.cpp.o[0m
[1.860s] [ 43%] [32mBuilding CXX object CMakeFiles/dynamixel_sdk_custom_interfaces__rosidl_typesupport_fastrtps_cpp.dir/rosidl_typesupport_fastrtps_cpp/dynamixel_sdk_custom_interfaces/srv/detail/dds_fastrtps/get_position__type_support.cpp.o[0m
[1.945s] [ 48%] [32mBuilding CXX object CMakeFiles/dynamixel_sdk_custom_interfaces__rosidl_typesupport_c.dir/rosidl_typesupport_c/dynamixel_sdk_custom_interfaces/srv/get_position__type_support.cpp.o[0m
[1.946s] [ 48%] [32mBuilding CXX object CMakeFiles/dynamixel_sdk_custom_interfaces__rosidl_typesupport_c.dir/rosidl_typesupport_c/dynamixel_sdk_custom_interfaces/msg/set_position__type_support.cpp.o[0m
[1.978s] [ 51%] [32m[1mLinking CXX shared library libdynamixel_sdk_custom_interfaces__rosidl_typesupport_c.so[0m
[1.985s] [ 56%] [32mBuilding CXX object CMakeFiles/dynamixel_sdk_custom_interfaces__rosidl_typesupport_fastrtps_c.dir/rosidl_typesupport_fastrtps_c/dynamixel_sdk_custom_interfaces/srv/detail/get_position__type_support_c.cpp.o[0m
[1.985s] [ 56%] [32mBuilding CXX object CMakeFiles/dynamixel_sdk_custom_interfaces__rosidl_typesupport_fastrtps_c.dir/rosidl_typesupport_fastrtps_c/dynamixel_sdk_custom_interfaces/msg/detail/set_position__type_support_c.cpp.o[0m
[2.033s] [ 56%] Built target dynamixel_sdk_custom_interfaces__rosidl_typesupport_c
[2.056s] [ 61%] [32mBuilding C object CMakeFiles/dynamixel_sdk_custom_interfaces__rosidl_typesupport_introspection_c.dir/rosidl_typesupport_introspection_c/dynamixel_sdk_custom_interfaces/msg/detail/set_position__type_support.c.o[0m
[2.056s] [ 61%] [32mBuilding C object CMakeFiles/dynamixel_sdk_custom_interfaces__rosidl_typesupport_introspection_c.dir/rosidl_typesupport_introspection_c/dynamixel_sdk_custom_interfaces/srv/detail/get_position__type_support.c.o[0m
[2.091s] [ 64%] [32m[1mLinking C shared library libdynamixel_sdk_custom_interfaces__rosidl_typesupport_introspection_c.so[0m
[2.095s] [ 66%] [32m[1mLinking CXX shared library libdynamixel_sdk_custom_interfaces__rosidl_typesupport_cpp.so[0m
[2.125s] [ 66%] Built target dynamixel_sdk_custom_interfaces__rosidl_typesupport_introspection_c
[2.132s] [ 66%] Built target dynamixel_sdk_custom_interfaces__rosidl_typesupport_cpp
[2.254s] [ 69%] [32m[1mLinking CXX shared library libdynamixel_sdk_custom_interfaces__rosidl_typesupport_introspection_cpp.so[0m
[2.272s] [ 71%] [32m[1mLinking CXX shared library libdynamixel_sdk_custom_interfaces__rosidl_typesupport_fastrtps_cpp.so[0m
[2.290s] [ 71%] Built target dynamixel_sdk_custom_interfaces__rosidl_typesupport_introspection_cpp
[2.333s] [ 74%] [32m[1mLinking CXX shared library libdynamixel_sdk_custom_interfaces__rosidl_typesupport_fastrtps_c.so[0m
[2.363s] [ 74%] Built target dynamixel_sdk_custom_interfaces__rosidl_typesupport_fastrtps_cpp
[2.444s] [ 74%] Built target dynamixel_sdk_custom_interfaces__rosidl_typesupport_fastrtps_c
[2.469s] [ 74%] Built target dynamixel_sdk_custom_interfaces
[2.491s] [ 76%] [34m[1mGenerating Python code for ROS interfaces[0m
[2.868s] [ 76%] Built target dynamixel_sdk_custom_interfaces__py
[2.885s] [ 79%] [32mBuilding C object CMakeFiles/dynamixel_sdk_custom_interfaces__rosidl_generator_py.dir/rosidl_generator_py/dynamixel_sdk_custom_interfaces/msg/_set_position_s.c.o[0m
[2.887s] [ 82%] [32mBuilding C object CMakeFiles/dynamixel_sdk_custom_interfaces__rosidl_generator_py.dir/rosidl_generator_py/dynamixel_sdk_custom_interfaces/srv/_get_position_s.c.o[0m
[2.991s] [ 84%] [32m[1mLinking C shared library rosidl_generator_py/dynamixel_sdk_custom_interfaces/libdynamixel_sdk_custom_interfaces__rosidl_generator_py.so[0m
[3.026s] [ 84%] Built target dynamixel_sdk_custom_interfaces__rosidl_generator_py
[3.046s] [ 92%] [32mBuilding C object CMakeFiles/dynamixel_sdk_custom_interfaces__rosidl_typesupport_c__pyext.dir/rosidl_generator_py/dynamixel_sdk_custom_interfaces/_dynamixel_sdk_custom_interfaces_s.ep.rosidl_typesupport_c.c.o[0m
[3.046s] [ 92%] [32mBuilding C object CMakeFiles/dynamixel_sdk_custom_interfaces__rosidl_typesupport_fastrtps_c__pyext.dir/rosidl_generator_py/dynamixel_sdk_custom_interfaces/_dynamixel_sdk_custom_interfaces_s.ep.rosidl_typesupport_fastrtps_c.c.o[0m
[3.046s] [ 92%] [32mBuilding C object CMakeFiles/dynamixel_sdk_custom_interfaces__rosidl_typesupport_introspection_c__pyext.dir/rosidl_generator_py/dynamixel_sdk_custom_interfaces/_dynamixel_sdk_custom_interfaces_s.ep.rosidl_typesupport_introspection_c.c.o[0m
[3.123s] [ 94%] [32m[1mLinking C shared library rosidl_generator_py/dynamixel_sdk_custom_interfaces/dynamixel_sdk_custom_interfaces_s__rosidl_typesupport_introspection_c.cpython-310-x86_64-linux-gnu.so[0m
[3.130s] [ 97%] [32m[1mLinking C shared library rosidl_generator_py/dynamixel_sdk_custom_interfaces/dynamixel_sdk_custom_interfaces_s__rosidl_typesupport_c.cpython-310-x86_64-linux-gnu.so[0m
[3.157s] [ 97%] Built target dynamixel_sdk_custom_interfaces__rosidl_typesupport_introspection_c__pyext
[3.177s] [100%] [32m[1mLinking C shared library rosidl_generator_py/dynamixel_sdk_custom_interfaces/dynamixel_sdk_custom_interfaces_s__rosidl_typesupport_fastrtps_c.cpython-310-x86_64-linux-gnu.so[0m
[3.191s] [100%] Built target dynamixel_sdk_custom_interfaces__rosidl_typesupport_c__pyext
[3.227s] [100%] Built target dynamixel_sdk_custom_interfaces__rosidl_typesupport_fastrtps_c__pyext
[3.264s] Invoked command in '/home/tanayrs/lars-ros/lars_ws2/build/dynamixel_sdk_custom_interfaces' returned '0': CMAKE_PREFIX_PATH=${CMAKE_PREFIX_PATH}:/home/tanayrs/turtlebot3_ws/install/turtlebot3_teleop:/home/tanayrs/turtlebot3_ws/install/turtlebot3_example:/home/tanayrs/lars-ros/lars_ws/install/lars_groundbot_control:/home/tanayrs/lars_ws/install/turtlebot_mover:/opt/ros/humble /usr/bin/cmake --build /home/tanayrs/lars-ros/lars_ws2/build/dynamixel_sdk_custom_interfaces -- -j16 -l16
[3.264s] Invoking command in '/home/tanayrs/lars-ros/lars_ws2/build/dynamixel_sdk_custom_interfaces': CMAKE_PREFIX_PATH=${CMAKE_PREFIX_PATH}:/home/tanayrs/turtlebot3_ws/install/turtlebot3_teleop:/home/tanayrs/turtlebot3_ws/install/turtlebot3_example:/home/tanayrs/lars-ros/lars_ws/install/lars_groundbot_control:/home/tanayrs/lars_ws/install/turtlebot_mover:/opt/ros/humble /usr/bin/cmake --install /home/tanayrs/lars-ros/lars_ws2/build/dynamixel_sdk_custom_interfaces
[3.281s] -- Install configuration: ""
[3.282s] -- Installing: /home/tanayrs/lars-ros/lars_ws2/install/dynamixel_sdk_custom_interfaces/share/ament_index/resource_index/rosidl_interfaces/dynamixel_sdk_custom_interfaces
[3.282s] -- Installing: /home/tanayrs/lars-ros/lars_ws2/install/dynamixel_sdk_custom_interfaces/include/dynamixel_sdk_custom_interfaces/dynamixel_sdk_custom_interfaces
[3.282s] -- Installing: /home/tanayrs/lars-ros/lars_ws2/install/dynamixel_sdk_custom_interfaces/include/dynamixel_sdk_custom_interfaces/dynamixel_sdk_custom_interfaces/srv
[3.282s] -- Installing: /home/tanayrs/lars-ros/lars_ws2/install/dynamixel_sdk_custom_interfaces/include/dynamixel_sdk_custom_interfaces/dynamixel_sdk_custom_interfaces/srv/get_position.h
[3.282s] -- Installing: /home/tanayrs/lars-ros/lars_ws2/install/dynamixel_sdk_custom_interfaces/include/dynamixel_sdk_custom_interfaces/dynamixel_sdk_custom_interfaces/srv/detail
[3.282s] -- Installing: /home/tanayrs/lars-ros/lars_ws2/install/dynamixel_sdk_custom_interfaces/include/dynamixel_sdk_custom_interfaces/dynamixel_sdk_custom_interfaces/srv/detail/get_position__functions.c
[3.282s] -- Installing: /home/tanayrs/lars-ros/lars_ws2/install/dynamixel_sdk_custom_interfaces/include/dynamixel_sdk_custom_interfaces/dynamixel_sdk_custom_interfaces/srv/detail/get_position__type_support.h
[3.282s] -- Installing: /home/tanayrs/lars-ros/lars_ws2/install/dynamixel_sdk_custom_interfaces/include/dynamixel_sdk_custom_interfaces/dynamixel_sdk_custom_interfaces/srv/detail/get_position__struct.h
[3.282s] -- Installing: /home/tanayrs/lars-ros/lars_ws2/install/dynamixel_sdk_custom_interfaces/include/dynamixel_sdk_custom_interfaces/dynamixel_sdk_custom_interfaces/srv/detail/get_position__functions.h
[3.282s] -- Installing: /home/tanayrs/lars-ros/lars_ws2/install/dynamixel_sdk_custom_interfaces/include/dynamixel_sdk_custom_interfaces/dynamixel_sdk_custom_interfaces/msg
[3.282s] -- Installing: /home/tanayrs/lars-ros/lars_ws2/install/dynamixel_sdk_custom_interfaces/include/dynamixel_sdk_custom_interfaces/dynamixel_sdk_custom_interfaces/msg/set_position.h
[3.282s] -- Installing: /home/tanayrs/lars-ros/lars_ws2/install/dynamixel_sdk_custom_interfaces/include/dynamixel_sdk_custom_interfaces/dynamixel_sdk_custom_interfaces/msg/rosidl_generator_c__visibility_control.h
[3.283s] -- Installing: /home/tanayrs/lars-ros/lars_ws2/install/dynamixel_sdk_custom_interfaces/include/dynamixel_sdk_custom_interfaces/dynamixel_sdk_custom_interfaces/msg/detail
[3.283s] -- Installing: /home/tanayrs/lars-ros/lars_ws2/install/dynamixel_sdk_custom_interfaces/include/dynamixel_sdk_custom_interfaces/dynamixel_sdk_custom_interfaces/msg/detail/set_position__functions.c
[3.284s] -- Installing: /home/tanayrs/lars-ros/lars_ws2/install/dynamixel_sdk_custom_interfaces/include/dynamixel_sdk_custom_interfaces/dynamixel_sdk_custom_interfaces/msg/detail/set_position__functions.h
[3.284s] -- Installing: /home/tanayrs/lars-ros/lars_ws2/install/dynamixel_sdk_custom_interfaces/include/dynamixel_sdk_custom_interfaces/dynamixel_sdk_custom_interfaces/msg/detail/set_position__struct.h
[3.284s] -- Installing: /home/tanayrs/lars-ros/lars_ws2/install/dynamixel_sdk_custom_interfaces/include/dynamixel_sdk_custom_interfaces/dynamixel_sdk_custom_interfaces/msg/detail/set_position__type_support.h
[3.284s] -- Installing: /home/tanayrs/lars-ros/lars_ws2/install/dynamixel_sdk_custom_interfaces/share/dynamixel_sdk_custom_interfaces/environment/library_path.sh
[3.284s] -- Installing: /home/tanayrs/lars-ros/lars_ws2/install/dynamixel_sdk_custom_interfaces/share/dynamixel_sdk_custom_interfaces/environment/library_path.dsv
[3.285s] -- Installing: /home/tanayrs/lars-ros/lars_ws2/install/dynamixel_sdk_custom_interfaces/lib/libdynamixel_sdk_custom_interfaces__rosidl_generator_c.so
[3.285s] -- Set runtime path of "/home/tanayrs/lars-ros/lars_ws2/install/dynamixel_sdk_custom_interfaces/lib/libdynamixel_sdk_custom_interfaces__rosidl_generator_c.so" to ""
[3.286s] -- Up-to-date: /home/tanayrs/lars-ros/lars_ws2/install/dynamixel_sdk_custom_interfaces/include/dynamixel_sdk_custom_interfaces/dynamixel_sdk_custom_interfaces
[3.286s] -- Up-to-date: /home/tanayrs/lars-ros/lars_ws2/install/dynamixel_sdk_custom_interfaces/include/dynamixel_sdk_custom_interfaces/dynamixel_sdk_custom_interfaces/srv
[3.286s] -- Up-to-date: /home/tanayrs/lars-ros/lars_ws2/install/dynamixel_sdk_custom_interfaces/include/dynamixel_sdk_custom_interfaces/dynamixel_sdk_custom_interfaces/srv/detail
[3.286s] -- Installing: /home/tanayrs/lars-ros/lars_ws2/install/dynamixel_sdk_custom_interfaces/include/dynamixel_sdk_custom_interfaces/dynamixel_sdk_custom_interfaces/srv/detail/get_position__rosidl_typesupport_fastrtps_c.h
[3.286s] -- Up-to-date: /home/tanayrs/lars-ros/lars_ws2/install/dynamixel_sdk_custom_interfaces/include/dynamixel_sdk_custom_interfaces/dynamixel_sdk_custom_interfaces/msg
[3.286s] -- Installing: /home/tanayrs/lars-ros/lars_ws2/install/dynamixel_sdk_custom_interfaces/include/dynamixel_sdk_custom_interfaces/dynamixel_sdk_custom_interfaces/msg/rosidl_typesupport_fastrtps_c__visibility_control.h
[3.286s] -- Up-to-date: /home/tanayrs/lars-ros/lars_ws2/install/dynamixel_sdk_custom_interfaces/include/dynamixel_sdk_custom_interfaces/dynamixel_sdk_custom_interfaces/msg/detail
[3.286s] -- Installing: /home/tanayrs/lars-ros/lars_ws2/install/dynamixel_sdk_custom_interfaces/include/dynamixel_sdk_custom_interfaces/dynamixel_sdk_custom_interfaces/msg/detail/set_position__rosidl_typesupport_fastrtps_c.h
[3.286s] -- Installing: /home/tanayrs/lars-ros/lars_ws2/install/dynamixel_sdk_custom_interfaces/lib/libdynamixel_sdk_custom_interfaces__rosidl_typesupport_fastrtps_c.so
[3.289s] -- Set runtime path of "/home/tanayrs/lars-ros/lars_ws2/install/dynamixel_sdk_custom_interfaces/lib/libdynamixel_sdk_custom_interfaces__rosidl_typesupport_fastrtps_c.so" to ""
[3.290s] -- Up-to-date: /home/tanayrs/lars-ros/lars_ws2/install/dynamixel_sdk_custom_interfaces/include/dynamixel_sdk_custom_interfaces/dynamixel_sdk_custom_interfaces
[3.290s] -- Up-to-date: /home/tanayrs/lars-ros/lars_ws2/install/dynamixel_sdk_custom_interfaces/include/dynamixel_sdk_custom_interfaces/dynamixel_sdk_custom_interfaces/srv
[3.290s] -- Installing: /home/tanayrs/lars-ros/lars_ws2/install/dynamixel_sdk_custom_interfaces/include/dynamixel_sdk_custom_interfaces/dynamixel_sdk_custom_interfaces/srv/get_position.hpp
[3.290s] -- Up-to-date: /home/tanayrs/lars-ros/lars_ws2/install/dynamixel_sdk_custom_interfaces/include/dynamixel_sdk_custom_interfaces/dynamixel_sdk_custom_interfaces/srv/detail
[3.290s] -- Installing: /home/tanayrs/lars-ros/lars_ws2/install/dynamixel_sdk_custom_interfaces/include/dynamixel_sdk_custom_interfaces/dynamixel_sdk_custom_interfaces/srv/detail/get_position__struct.hpp
[3.290s] -- Installing: /home/tanayrs/lars-ros/lars_ws2/install/dynamixel_sdk_custom_interfaces/include/dynamixel_sdk_custom_interfaces/dynamixel_sdk_custom_interfaces/srv/detail/get_position__traits.hpp
[3.290s] -- Installing: /home/tanayrs/lars-ros/lars_ws2/install/dynamixel_sdk_custom_interfaces/include/dynamixel_sdk_custom_interfaces/dynamixel_sdk_custom_interfaces/srv/detail/get_position__builder.hpp
[3.291s] -- Installing: /home/tanayrs/lars-ros/lars_ws2/install/dynamixel_sdk_custom_interfaces/include/dynamixel_sdk_custom_interfaces/dynamixel_sdk_custom_interfaces/srv/detail/get_position__type_support.hpp
[3.291s] -- Up-to-date: /home/tanayrs/lars-ros/lars_ws2/install/dynamixel_sdk_custom_interfaces/include/dynamixel_sdk_custom_interfaces/dynamixel_sdk_custom_interfaces/msg
[3.291s] -- Installing: /home/tanayrs/lars-ros/lars_ws2/install/dynamixel_sdk_custom_interfaces/include/dynamixel_sdk_custom_interfaces/dynamixel_sdk_custom_interfaces/msg/set_position.hpp
[3.291s] -- Installing: /home/tanayrs/lars-ros/lars_ws2/install/dynamixel_sdk_custom_interfaces/include/dynamixel_sdk_custom_interfaces/dynamixel_sdk_custom_interfaces/msg/rosidl_generator_cpp__visibility_control.hpp
[3.291s] -- Up-to-date: /home/tanayrs/lars-ros/lars_ws2/install/dynamixel_sdk_custom_interfaces/include/dynamixel_sdk_custom_interfaces/dynamixel_sdk_custom_interfaces/msg/detail
[3.291s] -- Installing: /home/tanayrs/lars-ros/lars_ws2/install/dynamixel_sdk_custom_interfaces/include/dynamixel_sdk_custom_interfaces/dynamixel_sdk_custom_interfaces/msg/detail/set_position__builder.hpp
[3.291s] -- Installing: /home/tanayrs/lars-ros/lars_ws2/install/dynamixel_sdk_custom_interfaces/include/dynamixel_sdk_custom_interfaces/dynamixel_sdk_custom_interfaces/msg/detail/set_position__traits.hpp
[3.295s] -- Installing: /home/tanayrs/lars-ros/lars_ws2/install/dynamixel_sdk_custom_interfaces/include/dynamixel_sdk_custom_interfaces/dynamixel_sdk_custom_interfaces/msg/detail/set_position__type_support.hpp
[3.295s] -- Installing: /home/tanayrs/lars-ros/lars_ws2/install/dynamixel_sdk_custom_interfaces/include/dynamixel_sdk_custom_interfaces/dynamixel_sdk_custom_interfaces/msg/detail/set_position__struct.hpp
[3.295s] -- Up-to-date: /home/tanayrs/lars-ros/lars_ws2/install/dynamixel_sdk_custom_interfaces/include/dynamixel_sdk_custom_interfaces/dynamixel_sdk_custom_interfaces
[3.295s] -- Up-to-date: /home/tanayrs/lars-ros/lars_ws2/install/dynamixel_sdk_custom_interfaces/include/dynamixel_sdk_custom_interfaces/dynamixel_sdk_custom_interfaces/srv
[3.295s] -- Up-to-date: /home/tanayrs/lars-ros/lars_ws2/install/dynamixel_sdk_custom_interfaces/include/dynamixel_sdk_custom_interfaces/dynamixel_sdk_custom_interfaces/srv/detail
[3.295s] -- Installing: /home/tanayrs/lars-ros/lars_ws2/install/dynamixel_sdk_custom_interfaces/include/dynamixel_sdk_custom_interfaces/dynamixel_sdk_custom_interfaces/srv/detail/dds_fastrtps
[3.295s] -- Installing: /home/tanayrs/lars-ros/lars_ws2/install/dynamixel_sdk_custom_interfaces/include/dynamixel_sdk_custom_interfaces/dynamixel_sdk_custom_interfaces/srv/detail/get_position__rosidl_typesupport_fastrtps_cpp.hpp
[3.295s] -- Up-to-date: /home/tanayrs/lars-ros/lars_ws2/install/dynamixel_sdk_custom_interfaces/include/dynamixel_sdk_custom_interfaces/dynamixel_sdk_custom_interfaces/msg
[3.295s] -- Installing: /home/tanayrs/lars-ros/lars_ws2/install/dynamixel_sdk_custom_interfaces/include/dynamixel_sdk_custom_interfaces/dynamixel_sdk_custom_interfaces/msg/rosidl_typesupport_fastrtps_cpp__visibility_control.h
[3.295s] -- Up-to-date: /home/tanayrs/lars-ros/lars_ws2/install/dynamixel_sdk_custom_interfaces/include/dynamixel_sdk_custom_interfaces/dynamixel_sdk_custom_interfaces/msg/detail
[3.296s] -- Installing: /home/tanayrs/lars-ros/lars_ws2/install/dynamixel_sdk_custom_interfaces/include/dynamixel_sdk_custom_interfaces/dynamixel_sdk_custom_interfaces/msg/detail/set_position__rosidl_typesupport_fastrtps_cpp.hpp
[3.296s] -- Installing: /home/tanayrs/lars-ros/lars_ws2/install/dynamixel_sdk_custom_interfaces/include/dynamixel_sdk_custom_interfaces/dynamixel_sdk_custom_interfaces/msg/detail/dds_fastrtps
[3.296s] -- Installing: /home/tanayrs/lars-ros/lars_ws2/install/dynamixel_sdk_custom_interfaces/lib/libdynamixel_sdk_custom_interfaces__rosidl_typesupport_fastrtps_cpp.so
[3.296s] -- Set runtime path of "/home/tanayrs/lars-ros/lars_ws2/install/dynamixel_sdk_custom_interfaces/lib/libdynamixel_sdk_custom_interfaces__rosidl_typesupport_fastrtps_cpp.so" to ""
[3.296s] -- Up-to-date: /home/tanayrs/lars-ros/lars_ws2/install/dynamixel_sdk_custom_interfaces/include/dynamixel_sdk_custom_interfaces/dynamixel_sdk_custom_interfaces
[3.296s] -- Up-to-date: /home/tanayrs/lars-ros/lars_ws2/install/dynamixel_sdk_custom_interfaces/include/dynamixel_sdk_custom_interfaces/dynamixel_sdk_custom_interfaces/srv
[3.296s] -- Up-to-date: /home/tanayrs/lars-ros/lars_ws2/install/dynamixel_sdk_custom_interfaces/include/dynamixel_sdk_custom_interfaces/dynamixel_sdk_custom_interfaces/srv/detail
[3.296s] -- Installing: /home/tanayrs/lars-ros/lars_ws2/install/dynamixel_sdk_custom_interfaces/include/dynamixel_sdk_custom_interfaces/dynamixel_sdk_custom_interfaces/srv/detail/get_position__type_support.c
[3.296s] -- Installing: /home/tanayrs/lars-ros/lars_ws2/install/dynamixel_sdk_custom_interfaces/include/dynamixel_sdk_custom_interfaces/dynamixel_sdk_custom_interfaces/srv/detail/get_position__rosidl_typesupport_introspection_c.h
[3.296s] -- Up-to-date: /home/tanayrs/lars-ros/lars_ws2/install/dynamixel_sdk_custom_interfaces/include/dynamixel_sdk_custom_interfaces/dynamixel_sdk_custom_interfaces/msg
[3.296s] -- Installing: /home/tanayrs/lars-ros/lars_ws2/install/dynamixel_sdk_custom_interfaces/include/dynamixel_sdk_custom_interfaces/dynamixel_sdk_custom_interfaces/msg/rosidl_typesupport_introspection_c__visibility_control.h
[3.301s] -- Up-to-date: /home/tanayrs/lars-ros/lars_ws2/install/dynamixel_sdk_custom_interfaces/include/dynamixel_sdk_custom_interfaces/dynamixel_sdk_custom_interfaces/msg/detail
[3.301s] -- Installing: /home/tanayrs/lars-ros/lars_ws2/install/dynamixel_sdk_custom_interfaces/include/dynamixel_sdk_custom_interfaces/dynamixel_sdk_custom_interfaces/msg/detail/set_position__rosidl_typesupport_introspection_c.h
[3.301s] -- Installing: /home/tanayrs/lars-ros/lars_ws2/install/dynamixel_sdk_custom_interfaces/include/dynamixel_sdk_custom_interfaces/dynamixel_sdk_custom_interfaces/msg/detail/set_position__type_support.c
[3.301s] -- Installing: /home/tanayrs/lars-ros/lars_ws2/install/dynamixel_sdk_custom_interfaces/lib/libdynamixel_sdk_custom_interfaces__rosidl_typesupport_introspection_c.so
[3.301s] -- Set runtime path of "/home/tanayrs/lars-ros/lars_ws2/install/dynamixel_sdk_custom_interfaces/lib/libdynamixel_sdk_custom_interfaces__rosidl_typesupport_introspection_c.so" to ""
[3.301s] -- Installing: /home/tanayrs/lars-ros/lars_ws2/install/dynamixel_sdk_custom_interfaces/lib/libdynamixel_sdk_custom_interfaces__rosidl_typesupport_c.so
[3.301s] -- Set runtime path of "/home/tanayrs/lars-ros/lars_ws2/install/dynamixel_sdk_custom_interfaces/lib/libdynamixel_sdk_custom_interfaces__rosidl_typesupport_c.so" to ""
[3.301s] -- Up-to-date: /home/tanayrs/lars-ros/lars_ws2/install/dynamixel_sdk_custom_interfaces/include/dynamixel_sdk_custom_interfaces/dynamixel_sdk_custom_interfaces
[3.301s] -- Up-to-date: /home/tanayrs/lars-ros/lars_ws2/install/dynamixel_sdk_custom_interfaces/include/dynamixel_sdk_custom_interfaces/dynamixel_sdk_custom_interfaces/srv
[3.301s] -- Up-to-date: /home/tanayrs/lars-ros/lars_ws2/install/dynamixel_sdk_custom_interfaces/include/dynamixel_sdk_custom_interfaces/dynamixel_sdk_custom_interfaces/srv/detail
[3.301s] -- Installing: /home/tanayrs/lars-ros/lars_ws2/install/dynamixel_sdk_custom_interfaces/include/dynamixel_sdk_custom_interfaces/dynamixel_sdk_custom_interfaces/srv/detail/get_position__rosidl_typesupport_introspection_cpp.hpp
[3.301s] -- Installing: /home/tanayrs/lars-ros/lars_ws2/install/dynamixel_sdk_custom_interfaces/include/dynamixel_sdk_custom_interfaces/dynamixel_sdk_custom_interfaces/srv/detail/get_position__type_support.cpp
[3.302s] -- Up-to-date: /home/tanayrs/lars-ros/lars_ws2/install/dynamixel_sdk_custom_interfaces/include/dynamixel_sdk_custom_interfaces/dynamixel_sdk_custom_interfaces/msg
[3.302s] -- Up-to-date: /home/tanayrs/lars-ros/lars_ws2/install/dynamixel_sdk_custom_interfaces/include/dynamixel_sdk_custom_interfaces/dynamixel_sdk_custom_interfaces/msg/detail
[3.302s] -- Installing: /home/tanayrs/lars-ros/lars_ws2/install/dynamixel_sdk_custom_interfaces/include/dynamixel_sdk_custom_interfaces/dynamixel_sdk_custom_interfaces/msg/detail/set_position__rosidl_typesupport_introspection_cpp.hpp
[3.302s] -- Installing: /home/tanayrs/lars-ros/lars_ws2/install/dynamixel_sdk_custom_interfaces/include/dynamixel_sdk_custom_interfaces/dynamixel_sdk_custom_interfaces/msg/detail/set_position__type_support.cpp
[3.302s] -- Installing: /home/tanayrs/lars-ros/lars_ws2/install/dynamixel_sdk_custom_interfaces/lib/libdynamixel_sdk_custom_interfaces__rosidl_typesupport_introspection_cpp.so
[3.305s] -- Set runtime path of "/home/tanayrs/lars-ros/lars_ws2/install/dynamixel_sdk_custom_interfaces/lib/libdynamixel_sdk_custom_interfaces__rosidl_typesupport_introspection_cpp.so" to ""
[3.305s] -- Installing: /home/tanayrs/lars-ros/lars_ws2/install/dynamixel_sdk_custom_interfaces/lib/libdynamixel_sdk_custom_interfaces__rosidl_typesupport_cpp.so
[3.305s] -- Set runtime path of "/home/tanayrs/lars-ros/lars_ws2/install/dynamixel_sdk_custom_interfaces/lib/libdynamixel_sdk_custom_interfaces__rosidl_typesupport_cpp.so" to ""
[3.305s] -- Installing: /home/tanayrs/lars-ros/lars_ws2/install/dynamixel_sdk_custom_interfaces/share/dynamixel_sdk_custom_interfaces/environment/pythonpath.sh
[3.305s] -- Installing: /home/tanayrs/lars-ros/lars_ws2/install/dynamixel_sdk_custom_interfaces/share/dynamixel_sdk_custom_interfaces/environment/pythonpath.dsv
[3.305s] -- Installing: /home/tanayrs/lars-ros/lars_ws2/install/dynamixel_sdk_custom_interfaces/local/lib/python3.10/dist-packages/dynamixel_sdk_custom_interfaces-3.7.60-py3.10.egg-info
[3.307s] -- Installing: /home/tanayrs/lars-ros/lars_ws2/install/dynamixel_sdk_custom_interfaces/local/lib/python3.10/dist-packages/dynamixel_sdk_custom_interfaces-3.7.60-py3.10.egg-info/dependency_links.txt
[3.308s] -- Installing: /home/tanayrs/lars-ros/lars_ws2/install/dynamixel_sdk_custom_interfaces/local/lib/python3.10/dist-packages/dynamixel_sdk_custom_interfaces-3.7.60-py3.10.egg-info/top_level.txt
[3.308s] -- Installing: /home/tanayrs/lars-ros/lars_ws2/install/dynamixel_sdk_custom_interfaces/local/lib/python3.10/dist-packages/dynamixel_sdk_custom_interfaces-3.7.60-py3.10.egg-info/SOURCES.txt
[3.308s] -- Installing: /home/tanayrs/lars-ros/lars_ws2/install/dynamixel_sdk_custom_interfaces/local/lib/python3.10/dist-packages/dynamixel_sdk_custom_interfaces-3.7.60-py3.10.egg-info/PKG-INFO
[3.308s] -- Installing: /home/tanayrs/lars-ros/lars_ws2/install/dynamixel_sdk_custom_interfaces/local/lib/python3.10/dist-packages/dynamixel_sdk_custom_interfaces
[3.308s] -- Installing: /home/tanayrs/lars-ros/lars_ws2/install/dynamixel_sdk_custom_interfaces/local/lib/python3.10/dist-packages/dynamixel_sdk_custom_interfaces/srv
[3.308s] -- Installing: /home/tanayrs/lars-ros/lars_ws2/install/dynamixel_sdk_custom_interfaces/local/lib/python3.10/dist-packages/dynamixel_sdk_custom_interfaces/srv/_get_position.py
[3.308s] -- Installing: /home/tanayrs/lars-ros/lars_ws2/install/dynamixel_sdk_custom_interfaces/local/lib/python3.10/dist-packages/dynamixel_sdk_custom_interfaces/srv/__init__.py
[3.308s] -- Installing: /home/tanayrs/lars-ros/lars_ws2/install/dynamixel_sdk_custom_interfaces/local/lib/python3.10/dist-packages/dynamixel_sdk_custom_interfaces/srv/_get_position_s.c
[3.308s] -- Installing: /home/tanayrs/lars-ros/lars_ws2/install/dynamixel_sdk_custom_interfaces/local/lib/python3.10/dist-packages/dynamixel_sdk_custom_interfaces/_dynamixel_sdk_custom_interfaces_s.ep.rosidl_typesupport_fastrtps_c.c
[3.308s] -- Installing: /home/tanayrs/lars-ros/lars_ws2/install/dynamixel_sdk_custom_interfaces/local/lib/python3.10/dist-packages/dynamixel_sdk_custom_interfaces/_dynamixel_sdk_custom_interfaces_s.ep.rosidl_typesupport_introspection_c.c
[3.308s] -- Installing: /home/tanayrs/lars-ros/lars_ws2/install/dynamixel_sdk_custom_interfaces/local/lib/python3.10/dist-packages/dynamixel_sdk_custom_interfaces/msg
[3.308s] -- Installing: /home/tanayrs/lars-ros/lars_ws2/install/dynamixel_sdk_custom_interfaces/local/lib/python3.10/dist-packages/dynamixel_sdk_custom_interfaces/msg/__init__.py
[3.308s] -- Installing: /home/tanayrs/lars-ros/lars_ws2/install/dynamixel_sdk_custom_interfaces/local/lib/python3.10/dist-packages/dynamixel_sdk_custom_interfaces/msg/_set_position.py
[3.309s] -- Installing: /home/tanayrs/lars-ros/lars_ws2/install/dynamixel_sdk_custom_interfaces/local/lib/python3.10/dist-packages/dynamixel_sdk_custom_interfaces/msg/_set_position_s.c
[3.309s] -- Installing: /home/tanayrs/lars-ros/lars_ws2/install/dynamixel_sdk_custom_interfaces/local/lib/python3.10/dist-packages/dynamixel_sdk_custom_interfaces/__init__.py
[3.309s] -- Installing: /home/tanayrs/lars-ros/lars_ws2/install/dynamixel_sdk_custom_interfaces/local/lib/python3.10/dist-packages/dynamixel_sdk_custom_interfaces/dynamixel_sdk_custom_interfaces_s__rosidl_typesupport_c.cpython-310-x86_64-linux-gnu.so
[3.309s] -- Installing: /home/tanayrs/lars-ros/lars_ws2/install/dynamixel_sdk_custom_interfaces/local/lib/python3.10/dist-packages/dynamixel_sdk_custom_interfaces/dynamixel_sdk_custom_interfaces_s__rosidl_typesupport_introspection_c.cpython-310-x86_64-linux-gnu.so
[3.316s] -- Installing: /home/tanayrs/lars-ros/lars_ws2/install/dynamixel_sdk_custom_interfaces/local/lib/python3.10/dist-packages/dynamixel_sdk_custom_interfaces/_dynamixel_sdk_custom_interfaces_s.ep.rosidl_typesupport_c.c
[3.316s] -- Installing: /home/tanayrs/lars-ros/lars_ws2/install/dynamixel_sdk_custom_interfaces/local/lib/python3.10/dist-packages/dynamixel_sdk_custom_interfaces/libdynamixel_sdk_custom_interfaces__rosidl_generator_py.so
[3.316s] -- Installing: /home/tanayrs/lars-ros/lars_ws2/install/dynamixel_sdk_custom_interfaces/local/lib/python3.10/dist-packages/dynamixel_sdk_custom_interfaces/dynamixel_sdk_custom_interfaces_s__rosidl_typesupport_fastrtps_c.cpython-310-x86_64-linux-gnu.so
[3.438s] Listing '/home/tanayrs/lars-ros/lars_ws2/install/dynamixel_sdk_custom_interfaces/local/lib/python3.10/dist-packages/dynamixel_sdk_custom_interfaces'...
[3.439s] Compiling '/home/tanayrs/lars-ros/lars_ws2/install/dynamixel_sdk_custom_interfaces/local/lib/python3.10/dist-packages/dynamixel_sdk_custom_interfaces/__init__.py'...
[3.439s] Listing '/home/tanayrs/lars-ros/lars_ws2/install/dynamixel_sdk_custom_interfaces/local/lib/python3.10/dist-packages/dynamixel_sdk_custom_interfaces/msg'...
[3.439s] Compiling '/home/tanayrs/lars-ros/lars_ws2/install/dynamixel_sdk_custom_interfaces/local/lib/python3.10/dist-packages/dynamixel_sdk_custom_interfaces/msg/__init__.py'...
[3.439s] Compiling '/home/tanayrs/lars-ros/lars_ws2/install/dynamixel_sdk_custom_interfaces/local/lib/python3.10/dist-packages/dynamixel_sdk_custom_interfaces/msg/_set_position.py'...
[3.439s] Listing '/home/tanayrs/lars-ros/lars_ws2/install/dynamixel_sdk_custom_interfaces/local/lib/python3.10/dist-packages/dynamixel_sdk_custom_interfaces/srv'...
[3.439s] Compiling '/home/tanayrs/lars-ros/lars_ws2/install/dynamixel_sdk_custom_interfaces/local/lib/python3.10/dist-packages/dynamixel_sdk_custom_interfaces/srv/__init__.py'...
[3.439s] Compiling '/home/tanayrs/lars-ros/lars_ws2/install/dynamixel_sdk_custom_interfaces/local/lib/python3.10/dist-packages/dynamixel_sdk_custom_interfaces/srv/_get_position.py'...
[3.453s] -- Installing: /home/tanayrs/lars-ros/lars_ws2/install/dynamixel_sdk_custom_interfaces/local/lib/python3.10/dist-packages/dynamixel_sdk_custom_interfaces/dynamixel_sdk_custom_interfaces_s__rosidl_typesupport_fastrtps_c.cpython-310-x86_64-linux-gnu.so
[3.453s] -- Set runtime path of "/home/tanayrs/lars-ros/lars_ws2/install/dynamixel_sdk_custom_interfaces/local/lib/python3.10/dist-packages/dynamixel_sdk_custom_interfaces/dynamixel_sdk_custom_interfaces_s__rosidl_typesupport_fastrtps_c.cpython-310-x86_64-linux-gnu.so" to ""
[3.453s] -- Installing: /home/tanayrs/lars-ros/lars_ws2/install/dynamixel_sdk_custom_interfaces/local/lib/python3.10/dist-packages/dynamixel_sdk_custom_interfaces/dynamixel_sdk_custom_interfaces_s__rosidl_typesupport_introspection_c.cpython-310-x86_64-linux-gnu.so
[3.453s] -- Set runtime path of "/home/tanayrs/lars-ros/lars_ws2/install/dynamixel_sdk_custom_interfaces/local/lib/python3.10/dist-packages/dynamixel_sdk_custom_interfaces/dynamixel_sdk_custom_interfaces_s__rosidl_typesupport_introspection_c.cpython-310-x86_64-linux-gnu.so" to ""
[3.454s] -- Installing: /home/tanayrs/lars-ros/lars_ws2/install/dynamixel_sdk_custom_interfaces/local/lib/python3.10/dist-packages/dynamixel_sdk_custom_interfaces/dynamixel_sdk_custom_interfaces_s__rosidl_typesupport_c.cpython-310-x86_64-linux-gnu.so
[3.458s] -- Set runtime path of "/home/tanayrs/lars-ros/lars_ws2/install/dynamixel_sdk_custom_interfaces/local/lib/python3.10/dist-packages/dynamixel_sdk_custom_interfaces/dynamixel_sdk_custom_interfaces_s__rosidl_typesupport_c.cpython-310-x86_64-linux-gnu.so" to ""
[3.458s] -- Installing: /home/tanayrs/lars-ros/lars_ws2/install/dynamixel_sdk_custom_interfaces/lib/libdynamixel_sdk_custom_interfaces__rosidl_generator_py.so
[3.458s] -- Set runtime path of "/home/tanayrs/lars-ros/lars_ws2/install/dynamixel_sdk_custom_interfaces/lib/libdynamixel_sdk_custom_interfaces__rosidl_generator_py.so" to ""
[3.458s] -- Installing: /home/tanayrs/lars-ros/lars_ws2/install/dynamixel_sdk_custom_interfaces/share/dynamixel_sdk_custom_interfaces/msg/SetPosition.idl
[3.459s] -- Installing: /home/tanayrs/lars-ros/lars_ws2/install/dynamixel_sdk_custom_interfaces/share/dynamixel_sdk_custom_interfaces/srv/GetPosition.idl
[3.459s] -- Installing: /home/tanayrs/lars-ros/lars_ws2/install/dynamixel_sdk_custom_interfaces/share/dynamixel_sdk_custom_interfaces/msg/SetPosition.msg
[3.459s] -- Installing: /home/tanayrs/lars-ros/lars_ws2/install/dynamixel_sdk_custom_interfaces/share/dynamixel_sdk_custom_interfaces/srv/GetPosition.srv
[3.459s] -- Installing: /home/tanayrs/lars-ros/lars_ws2/install/dynamixel_sdk_custom_interfaces/share/dynamixel_sdk_custom_interfaces/srv/GetPosition_Request.msg
[3.459s] -- Installing: /home/tanayrs/lars-ros/lars_ws2/install/dynamixel_sdk_custom_interfaces/share/dynamixel_sdk_custom_interfaces/srv/GetPosition_Response.msg
[3.460s] -- Installing: /home/tanayrs/lars-ros/lars_ws2/install/dynamixel_sdk_custom_interfaces/share/ament_index/resource_index/package_run_dependencies/dynamixel_sdk_custom_interfaces
[3.460s] -- Installing: /home/tanayrs/lars-ros/lars_ws2/install/dynamixel_sdk_custom_interfaces/share/ament_index/resource_index/parent_prefix_path/dynamixel_sdk_custom_interfaces
[3.460s] -- Installing: /home/tanayrs/lars-ros/lars_ws2/install/dynamixel_sdk_custom_interfaces/share/dynamixel_sdk_custom_interfaces/environment/ament_prefix_path.sh
[3.461s] -- Installing: /home/tanayrs/lars-ros/lars_ws2/install/dynamixel_sdk_custom_interfaces/share/dynamixel_sdk_custom_interfaces/environment/ament_prefix_path.dsv
[3.461s] -- Installing: /home/tanayrs/lars-ros/lars_ws2/install/dynamixel_sdk_custom_interfaces/share/dynamixel_sdk_custom_interfaces/environment/path.sh
[3.461s] -- Installing: /home/tanayrs/lars-ros/lars_ws2/install/dynamixel_sdk_custom_interfaces/share/dynamixel_sdk_custom_interfaces/environment/path.dsv
[3.462s] -- Installing: /home/tanayrs/lars-ros/lars_ws2/install/dynamixel_sdk_custom_interfaces/share/dynamixel_sdk_custom_interfaces/local_setup.bash
[3.462s] -- Installing: /home/tanayrs/lars-ros/lars_ws2/install/dynamixel_sdk_custom_interfaces/share/dynamixel_sdk_custom_interfaces/local_setup.sh
[3.462s] -- Installing: /home/tanayrs/lars-ros/lars_ws2/install/dynamixel_sdk_custom_interfaces/share/dynamixel_sdk_custom_interfaces/local_setup.zsh
[3.462s] -- Installing: /home/tanayrs/lars-ros/lars_ws2/install/dynamixel_sdk_custom_interfaces/share/dynamixel_sdk_custom_interfaces/local_setup.dsv
[3.463s] -- Installing: /home/tanayrs/lars-ros/lars_ws2/install/dynamixel_sdk_custom_interfaces/share/dynamixel_sdk_custom_interfaces/package.dsv
[3.463s] -- Installing: /home/tanayrs/lars-ros/lars_ws2/install/dynamixel_sdk_custom_interfaces/share/ament_index/resource_index/packages/dynamixel_sdk_custom_interfaces
[3.463s] -- Installing: /home/tanayrs/lars-ros/lars_ws2/install/dynamixel_sdk_custom_interfaces/share/dynamixel_sdk_custom_interfaces/cmake/export_dynamixel_sdk_custom_interfaces__rosidl_generator_cExport.cmake
[3.464s] -- Installing: /home/tanayrs/lars-ros/lars_ws2/install/dynamixel_sdk_custom_interfaces/share/dynamixel_sdk_custom_interfaces/cmake/export_dynamixel_sdk_custom_interfaces__rosidl_generator_cExport-noconfig.cmake
[3.464s] -- Installing: /home/tanayrs/lars-ros/lars_ws2/install/dynamixel_sdk_custom_interfaces/share/dynamixel_sdk_custom_interfaces/cmake/export_dynamixel_sdk_custom_interfaces__rosidl_typesupport_fastrtps_cExport.cmake
[3.464s] -- Installing: /home/tanayrs/lars-ros/lars_ws2/install/dynamixel_sdk_custom_interfaces/share/dynamixel_sdk_custom_interfaces/cmake/export_dynamixel_sdk_custom_interfaces__rosidl_typesupport_fastrtps_cExport-noconfig.cmake
[3.464s] -- Installing: /home/tanayrs/lars-ros/lars_ws2/install/dynamixel_sdk_custom_interfaces/share/dynamixel_sdk_custom_interfaces/cmake/export_dynamixel_sdk_custom_interfaces__rosidl_generator_cppExport.cmake
[3.465s] -- Installing: /home/tanayrs/lars-ros/lars_ws2/install/dynamixel_sdk_custom_interfaces/share/dynamixel_sdk_custom_interfaces/cmake/export_dynamixel_sdk_custom_interfaces__rosidl_typesupport_fastrtps_cppExport.cmake
[3.465s] -- Installing: /home/tanayrs/lars-ros/lars_ws2/install/dynamixel_sdk_custom_interfaces/share/dynamixel_sdk_custom_interfaces/cmake/export_dynamixel_sdk_custom_interfaces__rosidl_typesupport_fastrtps_cppExport-noconfig.cmake
[3.465s] -- Installing: /home/tanayrs/lars-ros/lars_ws2/install/dynamixel_sdk_custom_interfaces/share/dynamixel_sdk_custom_interfaces/cmake/dynamixel_sdk_custom_interfaces__rosidl_typesupport_introspection_cExport.cmake
[3.466s] -- Installing: /home/tanayrs/lars-ros/lars_ws2/install/dynamixel_sdk_custom_interfaces/share/dynamixel_sdk_custom_interfaces/cmake/dynamixel_sdk_custom_interfaces__rosidl_typesupport_introspection_cExport-noconfig.cmake
[3.466s] -- Installing: /home/tanayrs/lars-ros/lars_ws2/install/dynamixel_sdk_custom_interfaces/share/dynamixel_sdk_custom_interfaces/cmake/dynamixel_sdk_custom_interfaces__rosidl_typesupport_cExport.cmake
[3.466s] -- Installing: /home/tanayrs/lars-ros/lars_ws2/install/dynamixel_sdk_custom_interfaces/share/dynamixel_sdk_custom_interfaces/cmake/dynamixel_sdk_custom_interfaces__rosidl_typesupport_cExport-noconfig.cmake
[3.467s] -- Installing: /home/tanayrs/lars-ros/lars_ws2/install/dynamixel_sdk_custom_interfaces/share/dynamixel_sdk_custom_interfaces/cmake/dynamixel_sdk_custom_interfaces__rosidl_typesupport_introspection_cppExport.cmake
[3.467s] -- Installing: /home/tanayrs/lars-ros/lars_ws2/install/dynamixel_sdk_custom_interfaces/share/dynamixel_sdk_custom_interfaces/cmake/dynamixel_sdk_custom_interfaces__rosidl_typesupport_introspection_cppExport-noconfig.cmake
[3.476s] -- Installing: /home/tanayrs/lars-ros/lars_ws2/install/dynamixel_sdk_custom_interfaces/share/dynamixel_sdk_custom_interfaces/cmake/dynamixel_sdk_custom_interfaces__rosidl_typesupport_cppExport.cmake
[3.477s] -- Installing: /home/tanayrs/lars-ros/lars_ws2/install/dynamixel_sdk_custom_interfaces/share/dynamixel_sdk_custom_interfaces/cmake/dynamixel_sdk_custom_interfaces__rosidl_typesupport_cppExport-noconfig.cmake
[3.477s] -- Installing: /home/tanayrs/lars-ros/lars_ws2/install/dynamixel_sdk_custom_interfaces/share/dynamixel_sdk_custom_interfaces/cmake/export_dynamixel_sdk_custom_interfaces__rosidl_generator_pyExport.cmake
[3.477s] -- Installing: /home/tanayrs/lars-ros/lars_ws2/install/dynamixel_sdk_custom_interfaces/share/dynamixel_sdk_custom_interfaces/cmake/export_dynamixel_sdk_custom_interfaces__rosidl_generator_pyExport-noconfig.cmake
[3.478s] -- Installing: /home/tanayrs/lars-ros/lars_ws2/install/dynamixel_sdk_custom_interfaces/share/dynamixel_sdk_custom_interfaces/cmake/rosidl_cmake-extras.cmake
[3.478s] -- Installing: /home/tanayrs/lars-ros/lars_ws2/install/dynamixel_sdk_custom_interfaces/share/dynamixel_sdk_custom_interfaces/cmake/ament_cmake_export_dependencies-extras.cmake
[3.478s] -- Installing: /home/tanayrs/lars-ros/lars_ws2/install/dynamixel_sdk_custom_interfaces/share/dynamixel_sdk_custom_interfaces/cmake/ament_cmake_export_include_directories-extras.cmake
[3.478s] -- Installing: /home/tanayrs/lars-ros/lars_ws2/install/dynamixel_sdk_custom_interfaces/share/dynamixel_sdk_custom_interfaces/cmake/ament_cmake_export_libraries-extras.cmake
[3.478s] -- Installing: /home/tanayrs/lars-ros/lars_ws2/install/dynamixel_sdk_custom_interfaces/share/dynamixel_sdk_custom_interfaces/cmake/ament_cmake_export_targets-extras.cmake
[3.480s] -- Installing: /home/tanayrs/lars-ros/lars_ws2/install/dynamixel_sdk_custom_interfaces/share/dynamixel_sdk_custom_interfaces/cmake/rosidl_cmake_export_typesupport_targets-extras.cmake
[3.481s] -- Installing: /home/tanayrs/lars-ros/lars_ws2/install/dynamixel_sdk_custom_interfaces/share/dynamixel_sdk_custom_interfaces/cmake/rosidl_cmake_export_typesupport_libraries-extras.cmake
[3.481s] -- Installing: /home/tanayrs/lars-ros/lars_ws2/install/dynamixel_sdk_custom_interfaces/share/dynamixel_sdk_custom_interfaces/cmake/dynamixel_sdk_custom_interfacesConfig.cmake
[3.481s] -- Installing: /home/tanayrs/lars-ros/lars_ws2/install/dynamixel_sdk_custom_interfaces/share/dynamixel_sdk_custom_interfaces/cmake/dynamixel_sdk_custom_interfacesConfig-version.cmake
[3.481s] -- Installing: /home/tanayrs/lars-ros/lars_ws2/install/dynamixel_sdk_custom_interfaces/share/dynamixel_sdk_custom_interfaces/package.xml
[3.481s] Invoked command in '/home/tanayrs/lars-ros/lars_ws2/build/dynamixel_sdk_custom_interfaces' returned '0': CMAKE_PREFIX_PATH=${CMAKE_PREFIX_PATH}:/home/tanayrs/turtlebot3_ws/install/turtlebot3_teleop:/home/tanayrs/turtlebot3_ws/install/turtlebot3_example:/home/tanayrs/lars-ros/lars_ws/install/lars_groundbot_control:/home/tanayrs/lars_ws/install/turtlebot_mover:/opt/ros/humble /usr/bin/cmake --install /home/tanayrs/lars-ros/lars_ws2/build/dynamixel_sdk_custom_interfaces
