[0.424s] Invoking command in '/home/tanayrs/lars-ros/lars_ws/src/lars_groundbot_control': PYTHONPATH=/home/tanayrs/lars-ros/lars_ws/build/lars_groundbot_control/prefix_override:/usr/lib/python3/dist-packages/colcon_core/task/python/colcon_distutils_commands:/home/tanayrs/lars-ros/lars_ws/install/lars_groundbot_control/lib/python3.10/site-packages:${PYTHONPATH} /usr/bin/python3 -W ignore:setup.py install is deprecated -W ignore:easy_install command is deprecated setup.py egg_info --egg-base ../../build/lars_groundbot_control build --build-base /home/tanayrs/lars-ros/lars_ws/build/lars_groundbot_control/build install --record /home/tanayrs/lars-ros/lars_ws/build/lars_groundbot_control/install.log --single-version-externally-managed install_data
[0.582s] running egg_info
[0.583s] writing ../../build/lars_groundbot_control/lars_groundbot_control.egg-info/PKG-INFO
[0.583s] writing dependency_links to ../../build/lars_groundbot_control/lars_groundbot_control.egg-info/dependency_links.txt
[0.583s] writing entry points to ../../build/lars_groundbot_control/lars_groundbot_control.egg-info/entry_points.txt
[0.583s] writing requirements to ../../build/lars_groundbot_control/lars_groundbot_control.egg-info/requires.txt
[0.583s] writing top-level names to ../../build/lars_groundbot_control/lars_groundbot_control.egg-info/top_level.txt
[0.584s] reading manifest file '../../build/lars_groundbot_control/lars_groundbot_control.egg-info/SOURCES.txt'
[0.585s] writing manifest file '../../build/lars_groundbot_control/lars_groundbot_control.egg-info/SOURCES.txt'
[0.585s] running build
[0.585s] running build_py
[0.585s] running install
[0.585s] running install_lib
[0.586s] running install_data
[0.586s] running install_egg_info
[0.587s] removing '/home/tanayrs/lars-ros/lars_ws/install/lars_groundbot_control/lib/python3.10/site-packages/lars_groundbot_control-0.0.0-py3.10.egg-info' (and everything under it)
[0.587s] Copying ../../build/lars_groundbot_control/lars_groundbot_control.egg-info to /home/tanayrs/lars-ros/lars_ws/install/lars_groundbot_control/lib/python3.10/site-packages/lars_groundbot_control-0.0.0-py3.10.egg-info
[0.588s] running install_scripts
[0.601s] Installing control_node script to /home/tanayrs/lars-ros/lars_ws/install/lars_groundbot_control/lib/lars_groundbot_control
[0.601s] writing list of installed files to '/home/tanayrs/lars-ros/lars_ws/build/lars_groundbot_control/install.log'
[0.618s] Invoked command in '/home/tanayrs/lars-ros/lars_ws/src/lars_groundbot_control' returned '0': PYTHONPATH=/home/tanayrs/lars-ros/lars_ws/build/lars_groundbot_control/prefix_override:/usr/lib/python3/dist-packages/colcon_core/task/python/colcon_distutils_commands:/home/tanayrs/lars-ros/lars_ws/install/lars_groundbot_control/lib/python3.10/site-packages:${PYTHONPATH} /usr/bin/python3 -W ignore:setup.py install is deprecated -W ignore:easy_install command is deprecated setup.py egg_info --egg-base ../../build/lars_groundbot_control build --build-base /home/tanayrs/lars-ros/lars_ws/build/lars_groundbot_control/build install --record /home/tanayrs/lars-ros/lars_ws/build/lars_groundbot_control/install.log --single-version-externally-managed install_data
