running egg_info
creating ../../build/turtlebot_mover/turtlebot_mover.egg-info
writing ../../build/turtlebot_mover/turtlebot_mover.egg-info/PKG-INFO
writing dependency_links to ../../build/turtlebot_mover/turtlebot_mover.egg-info/dependency_links.txt
writing entry points to ../../build/turtlebot_mover/turtlebot_mover.egg-info/entry_points.txt
writing requirements to ../../build/turtlebot_mover/turtlebot_mover.egg-info/requires.txt
writing top-level names to ../../build/turtlebot_mover/turtlebot_mover.egg-info/top_level.txt
writing manifest file '../../build/turtlebot_mover/turtlebot_mover.egg-info/SOURCES.txt'
file move_turtlebot_grid.py (for module move_turtlebot_grid) not found
reading manifest file '../../build/turtlebot_mover/turtlebot_mover.egg-info/SOURCES.txt'
writing manifest file '../../build/turtlebot_mover/turtlebot_mover.egg-info/SOURCES.txt'
file move_turtlebot_grid.py (for module move_turtlebot_grid) not found
running build
running build_py
creating /home/tanayrs/lars_ws/build/turtlebot_mover/build
creating /home/tanayrs/lars_ws/build/turtlebot_mover/build/lib
creating /home/tanayrs/lars_ws/build/turtlebot_mover/build/lib/turtlebot_mover
copying turtlebot_mover/__init__.py -> /home/tanayrs/lars_ws/build/turtlebot_mover/build/lib/turtlebot_mover
file move_turtlebot_grid.py (for module move_turtlebot_grid) not found
copying turtlebot_mover/move_turtlebot_grid.py -> /home/tanayrs/lars_ws/build/turtlebot_mover/build/lib/turtlebot_mover
running install
running install_lib
creating /home/tanayrs/lars_ws/install/turtlebot_mover/lib/python3.10/site-packages/turtlebot_mover
copying /home/tanayrs/lars_ws/build/turtlebot_mover/build/lib/turtlebot_mover/__init__.py -> /home/tanayrs/lars_ws/install/turtlebot_mover/lib/python3.10/site-packages/turtlebot_mover
copying /home/tanayrs/lars_ws/build/turtlebot_mover/build/lib/turtlebot_mover/move_turtlebot_grid.py -> /home/tanayrs/lars_ws/install/turtlebot_mover/lib/python3.10/site-packages/turtlebot_mover
byte-compiling /home/tanayrs/lars_ws/install/turtlebot_mover/lib/python3.10/site-packages/turtlebot_mover/__init__.py to __init__.cpython-310.pyc
byte-compiling /home/tanayrs/lars_ws/install/turtlebot_mover/lib/python3.10/site-packages/turtlebot_mover/move_turtlebot_grid.py to move_turtlebot_grid.cpython-310.pyc
running install_egg_info
Copying ../../build/turtlebot_mover/turtlebot_mover.egg-info to /home/tanayrs/lars_ws/install/turtlebot_mover/lib/python3.10/site-packages/turtlebot_mover-0.0.0-py3.10.egg-info
running install_scripts
Installing move_turtlebot_grid script to /home/tanayrs/lars_ws/install/turtlebot_mover/lib/turtlebot_mover
file move_turtlebot_grid.py (for module move_turtlebot_grid) not found
writing list of installed files to '/home/tanayrs/lars_ws/build/turtlebot_mover/install.log'
