[0.015s] Invoking command in '/home/tanayrs/lars-ros/lars_ws2/build/turtlebot3_node': AMENT_PREFIX_PATH=/home/tanayrs/lars-ros/lars_ws2/install/turtlebot3_msgs:/home/tanayrs/lars-ros/lars_ws2/install/dynamixel_sdk:${AMENT_PREFIX_PATH} CMAKE_PREFIX_PATH=/home/tanayrs/lars-ros/lars_ws2/install/turtlebot3_msgs:/home/tanayrs/lars-ros/lars_ws2/install/dynamixel_sdk:/home/tanayrs/turtlebot3_ws/install/turtlebot3:/home/tanayrs/turtlebot3_ws/install/turtlebot3_simulations:/home/tanayrs/turtlebot3_ws/install/turtlebot3_bringup:/home/tanayrs/turtlebot3_ws/install/turtlebot3_node:/home/tanayrs/turtlebot3_ws/install/turtlebot3_navigation2:/home/tanayrs/turtlebot3_ws/install/turtlebot3_fake_node:/home/tanayrs/turtlebot3_ws/install/turtlebot3_msgs:/home/tanayrs/turtlebot3_ws/install/turtlebot3_gazebo:/home/tanayrs/turtlebot3_ws/install/turtlebot3_description:/home/tanayrs/turtlebot3_ws/install/turtlebot3_cartographer:/home/tanayrs/turtlebot3_ws/install/dynamixel_sdk_examples:/home/tanayrs/turtlebot3_ws/install/dynamixel_sdk_custom_interfaces:/home/tanayrs/turtlebot3_ws/install/dynamixel_sdk:/home/tanayrs/lars-ros/lars_ws/install/lars_groundbot_description:/home/tanayrs/turtlebot3_ws/install/turtlebot3_teleop:/home/tanayrs/turtlebot3_ws/install/turtlebot3_example:/home/tanayrs/lars-ros/lars_ws/install/lars_groundbot_control:/home/tanayrs/lars_ws/install/turtlebot_mover:/opt/ros/humble LD_LIBRARY_PATH=/home/tanayrs/lars-ros/lars_ws2/install/turtlebot3_msgs/lib:/home/tanayrs/lars-ros/lars_ws2/install/dynamixel_sdk/lib:${LD_LIBRARY_PATH} PYTHONPATH=/home/tanayrs/lars-ros/lars_ws2/install/turtlebot3_msgs/local/lib/python3.10/dist-packages:${PYTHONPATH} /usr/bin/cmake /home/tanayrs/lars-ros/lars_ws2/src/turtlebot3/turtlebot3_node -DCMAKE_INSTALL_PREFIX=/home/tanayrs/lars-ros/lars_ws2/install/turtlebot3_node
[0.233s] -- The C compiler identification is GNU 11.4.0
[0.233s] -- The CXX compiler identification is GNU 11.4.0
[0.233s] -- Detecting C compiler ABI info
[0.233s] -- Detecting C compiler ABI info - done
[0.233s] -- Check for working C compiler: /usr/bin/cc - skipped
[0.233s] -- Detecting C compile features
[0.233s] -- Detecting C compile features - done
[0.234s] -- Detecting CXX compiler ABI info
[0.234s] -- Detecting CXX compiler ABI info - done
[0.234s] -- Check for working CXX compiler: /usr/bin/c++ - skipped
[0.234s] -- Detecting CXX compile features
[0.234s] -- Detecting CXX compile features - done
[0.237s] -- Found ament_cmake: 1.3.11 (/opt/ros/humble/share/ament_cmake/cmake)
[0.373s] -- Found Python3: /usr/bin/python3 (found version "3.10.12") found components: Interpreter 
[0.469s] -- Found dynamixel_sdk: 3.7.60 (/home/tanayrs/lars-ros/lars_ws2/install/dynamixel_sdk/share/dynamixel_sdk/cmake)
[0.473s] -- Found geometry_msgs: 4.2.4 (/opt/ros/humble/share/geometry_msgs/cmake)
[0.510s] -- Found rosidl_generator_c: 3.1.6 (/opt/ros/humble/share/rosidl_generator_c/cmake)
[0.515s] -- Found rosidl_adapter: 3.1.6 (/opt/ros/humble/share/rosidl_adapter/cmake)
[0.524s] -- Found rosidl_generator_cpp: 3.1.6 (/opt/ros/humble/share/rosidl_generator_cpp/cmake)
[0.536s] -- Using all available rosidl_typesupport_c: rosidl_typesupport_fastrtps_c;rosidl_typesupport_introspection_c
[0.552s] -- Using all available rosidl_typesupport_cpp: rosidl_typesupport_fastrtps_cpp;rosidl_typesupport_introspection_cpp
[0.587s] -- Found message_filters: 4.3.5 (/opt/ros/humble/share/message_filters/cmake)
[0.628s] -- Found rmw_implementation_cmake: 6.1.2 (/opt/ros/humble/share/rmw_implementation_cmake/cmake)
[0.631s] -- Found rmw_fastrtps_cpp: 6.2.7 (/opt/ros/humble/share/rmw_fastrtps_cpp/cmake)
[0.707s] -- Found OpenSSL: /usr/lib/x86_64-linux-gnu/libcrypto.so (found version "3.0.2")  
[0.730s] -- Found FastRTPS: /opt/ros/humble/include  
[0.764s] -- Using RMW implementation 'rmw_fastrtps_cpp' as default
[0.772s] -- Looking for pthread.h
[0.828s] -- Looking for pthread.h - found
[0.828s] -- Performing Test CMAKE_HAVE_LIBC_PTHREAD
[0.879s] -- Performing Test CMAKE_HAVE_LIBC_PTHREAD - Success
[0.880s] -- Found Threads: TRUE  
[0.911s] -- Found nav_msgs: 4.2.4 (/opt/ros/humble/share/nav_msgs/cmake)
[0.924s] -- Found sensor_msgs: 4.2.4 (/opt/ros/humble/share/sensor_msgs/cmake)
[0.937s] -- Found std_srvs: 4.2.4 (/opt/ros/humble/share/std_srvs/cmake)
[0.947s] -- Found tf2: 0.25.12 (/opt/ros/humble/share/tf2/cmake)
[0.956s] -- Found tf2_ros: 0.25.12 (/opt/ros/humble/share/tf2_ros/cmake)
[1.030s] -- Found turtlebot3_msgs: 2.2.3 (/home/tanayrs/lars-ros/lars_ws2/install/turtlebot3_msgs/share/turtlebot3_msgs/cmake)
[1.105s] -- Configuring done
[1.117s] -- Generating done
[1.122s] -- Build files have been written to: /home/tanayrs/lars-ros/lars_ws2/build/turtlebot3_node
[1.132s] Invoked command in '/home/tanayrs/lars-ros/lars_ws2/build/turtlebot3_node' returned '0': AMENT_PREFIX_PATH=/home/tanayrs/lars-ros/lars_ws2/install/turtlebot3_msgs:/home/tanayrs/lars-ros/lars_ws2/install/dynamixel_sdk:${AMENT_PREFIX_PATH} CMAKE_PREFIX_PATH=/home/tanayrs/lars-ros/lars_ws2/install/turtlebot3_msgs:/home/tanayrs/lars-ros/lars_ws2/install/dynamixel_sdk:/home/tanayrs/turtlebot3_ws/install/turtlebot3:/home/tanayrs/turtlebot3_ws/install/turtlebot3_simulations:/home/tanayrs/turtlebot3_ws/install/turtlebot3_bringup:/home/tanayrs/turtlebot3_ws/install/turtlebot3_node:/home/tanayrs/turtlebot3_ws/install/turtlebot3_navigation2:/home/tanayrs/turtlebot3_ws/install/turtlebot3_fake_node:/home/tanayrs/turtlebot3_ws/install/turtlebot3_msgs:/home/tanayrs/turtlebot3_ws/install/turtlebot3_gazebo:/home/tanayrs/turtlebot3_ws/install/turtlebot3_description:/home/tanayrs/turtlebot3_ws/install/turtlebot3_cartographer:/home/tanayrs/turtlebot3_ws/install/dynamixel_sdk_examples:/home/tanayrs/turtlebot3_ws/install/dynamixel_sdk_custom_interfaces:/home/tanayrs/turtlebot3_ws/install/dynamixel_sdk:/home/tanayrs/lars-ros/lars_ws/install/lars_groundbot_description:/home/tanayrs/turtlebot3_ws/install/turtlebot3_teleop:/home/tanayrs/turtlebot3_ws/install/turtlebot3_example:/home/tanayrs/lars-ros/lars_ws/install/lars_groundbot_control:/home/tanayrs/lars_ws/install/turtlebot_mover:/opt/ros/humble LD_LIBRARY_PATH=/home/tanayrs/lars-ros/lars_ws2/install/turtlebot3_msgs/lib:/home/tanayrs/lars-ros/lars_ws2/install/dynamixel_sdk/lib:${LD_LIBRARY_PATH} PYTHONPATH=/home/tanayrs/lars-ros/lars_ws2/install/turtlebot3_msgs/local/lib/python3.10/dist-packages:${PYTHONPATH} /usr/bin/cmake /home/tanayrs/lars-ros/lars_ws2/src/turtlebot3/turtlebot3_node -DCMAKE_INSTALL_PREFIX=/home/tanayrs/lars-ros/lars_ws2/install/turtlebot3_node
[1.133s] Invoking command in '/home/tanayrs/lars-ros/lars_ws2/build/turtlebot3_node': AMENT_PREFIX_PATH=/home/tanayrs/lars-ros/lars_ws2/install/turtlebot3_msgs:/home/tanayrs/lars-ros/lars_ws2/install/dynamixel_sdk:${AMENT_PREFIX_PATH} CMAKE_PREFIX_PATH=/home/tanayrs/lars-ros/lars_ws2/install/turtlebot3_msgs:/home/tanayrs/lars-ros/lars_ws2/install/dynamixel_sdk:/home/tanayrs/turtlebot3_ws/install/turtlebot3:/home/tanayrs/turtlebot3_ws/install/turtlebot3_simulations:/home/tanayrs/turtlebot3_ws/install/turtlebot3_bringup:/home/tanayrs/turtlebot3_ws/install/turtlebot3_node:/home/tanayrs/turtlebot3_ws/install/turtlebot3_navigation2:/home/tanayrs/turtlebot3_ws/install/turtlebot3_fake_node:/home/tanayrs/turtlebot3_ws/install/turtlebot3_msgs:/home/tanayrs/turtlebot3_ws/install/turtlebot3_gazebo:/home/tanayrs/turtlebot3_ws/install/turtlebot3_description:/home/tanayrs/turtlebot3_ws/install/turtlebot3_cartographer:/home/tanayrs/turtlebot3_ws/install/dynamixel_sdk_examples:/home/tanayrs/turtlebot3_ws/install/dynamixel_sdk_custom_interfaces:/home/tanayrs/turtlebot3_ws/install/dynamixel_sdk:/home/tanayrs/lars-ros/lars_ws/install/lars_groundbot_description:/home/tanayrs/turtlebot3_ws/install/turtlebot3_teleop:/home/tanayrs/turtlebot3_ws/install/turtlebot3_example:/home/tanayrs/lars-ros/lars_ws/install/lars_groundbot_control:/home/tanayrs/lars_ws/install/turtlebot_mover:/opt/ros/humble LD_LIBRARY_PATH=/home/tanayrs/lars-ros/lars_ws2/install/turtlebot3_msgs/lib:/home/tanayrs/lars-ros/lars_ws2/install/dynamixel_sdk/lib:${LD_LIBRARY_PATH} PYTHONPATH=/home/tanayrs/lars-ros/lars_ws2/install/turtlebot3_msgs/local/lib/python3.10/dist-packages:${PYTHONPATH} /usr/bin/cmake --build /home/tanayrs/lars-ros/lars_ws2/build/turtlebot3_node -- -j16 -l16
[1.174s] [ 42%] [32mBuilding CXX object CMakeFiles/turtlebot3_node_lib.dir/src/sensors/joint_state.cpp.o[0m
[1.174s] [ 57%] [32mBuilding CXX object CMakeFiles/turtlebot3_node_lib.dir/src/sensors/imu.cpp.o[0m
[1.174s] [ 42%] [32mBuilding CXX object CMakeFiles/turtlebot3_node_lib.dir/src/odometry.cpp.o[0m
[1.174s] [ 42%] [32mBuilding CXX object CMakeFiles/turtlebot3_node_lib.dir/src/turtlebot3.cpp.o[0m
[1.174s] [ 57%] [32mBuilding CXX object CMakeFiles/turtlebot3_node_lib.dir/src/devices/reset.cpp.o[0m
[1.174s] [ 57%] [32mBuilding CXX object CMakeFiles/turtlebot3_node_lib.dir/src/diff_drive_controller.cpp.o[0m
[1.175s] [ 42%] [32mBuilding CXX object CMakeFiles/turtlebot3_node_lib.dir/src/sensors/battery_state.cpp.o[0m
[1.175s] [ 42%] [32mBuilding CXX object CMakeFiles/turtlebot3_node_lib.dir/src/devices/sound.cpp.o[0m
[1.175s] [ 64%] [32mBuilding CXX object CMakeFiles/turtlebot3_node_lib.dir/src/devices/motor_power.cpp.o[0m
[1.175s] [ 71%] [32mBuilding CXX object CMakeFiles/turtlebot3_node_lib.dir/src/dynamixel_sdk_wrapper.cpp.o[0m
[1.176s] [ 78%] [32mBuilding CXX object CMakeFiles/turtlebot3_node_lib.dir/src/sensors/sensor_state.cpp.o[0m
[14.782s] [ 85%] [32m[1mLinking CXX static library libturtlebot3_node_lib.a[0m
[15.231s] [ 85%] Built target turtlebot3_node_lib
[15.250s] [ 92%] [32mBuilding CXX object CMakeFiles/turtlebot3_ros.dir/src/node_main.cpp.o[0m
[17.338s] [100%] [32m[1mLinking CXX executable turtlebot3_ros[0m
[18.354s] [100%] Built target turtlebot3_ros
[18.360s] Invoked command in '/home/tanayrs/lars-ros/lars_ws2/build/turtlebot3_node' returned '0': AMENT_PREFIX_PATH=/home/tanayrs/lars-ros/lars_ws2/install/turtlebot3_msgs:/home/tanayrs/lars-ros/lars_ws2/install/dynamixel_sdk:${AMENT_PREFIX_PATH} CMAKE_PREFIX_PATH=/home/tanayrs/lars-ros/lars_ws2/install/turtlebot3_msgs:/home/tanayrs/lars-ros/lars_ws2/install/dynamixel_sdk:/home/tanayrs/turtlebot3_ws/install/turtlebot3:/home/tanayrs/turtlebot3_ws/install/turtlebot3_simulations:/home/tanayrs/turtlebot3_ws/install/turtlebot3_bringup:/home/tanayrs/turtlebot3_ws/install/turtlebot3_node:/home/tanayrs/turtlebot3_ws/install/turtlebot3_navigation2:/home/tanayrs/turtlebot3_ws/install/turtlebot3_fake_node:/home/tanayrs/turtlebot3_ws/install/turtlebot3_msgs:/home/tanayrs/turtlebot3_ws/install/turtlebot3_gazebo:/home/tanayrs/turtlebot3_ws/install/turtlebot3_description:/home/tanayrs/turtlebot3_ws/install/turtlebot3_cartographer:/home/tanayrs/turtlebot3_ws/install/dynamixel_sdk_examples:/home/tanayrs/turtlebot3_ws/install/dynamixel_sdk_custom_interfaces:/home/tanayrs/turtlebot3_ws/install/dynamixel_sdk:/home/tanayrs/lars-ros/lars_ws/install/lars_groundbot_description:/home/tanayrs/turtlebot3_ws/install/turtlebot3_teleop:/home/tanayrs/turtlebot3_ws/install/turtlebot3_example:/home/tanayrs/lars-ros/lars_ws/install/lars_groundbot_control:/home/tanayrs/lars_ws/install/turtlebot_mover:/opt/ros/humble LD_LIBRARY_PATH=/home/tanayrs/lars-ros/lars_ws2/install/turtlebot3_msgs/lib:/home/tanayrs/lars-ros/lars_ws2/install/dynamixel_sdk/lib:${LD_LIBRARY_PATH} PYTHONPATH=/home/tanayrs/lars-ros/lars_ws2/install/turtlebot3_msgs/local/lib/python3.10/dist-packages:${PYTHONPATH} /usr/bin/cmake --build /home/tanayrs/lars-ros/lars_ws2/build/turtlebot3_node -- -j16 -l16
[18.361s] Invoking command in '/home/tanayrs/lars-ros/lars_ws2/build/turtlebot3_node': AMENT_PREFIX_PATH=/home/tanayrs/lars-ros/lars_ws2/install/turtlebot3_msgs:/home/tanayrs/lars-ros/lars_ws2/install/dynamixel_sdk:${AMENT_PREFIX_PATH} CMAKE_PREFIX_PATH=/home/tanayrs/lars-ros/lars_ws2/install/turtlebot3_msgs:/home/tanayrs/lars-ros/lars_ws2/install/dynamixel_sdk:/home/tanayrs/turtlebot3_ws/install/turtlebot3:/home/tanayrs/turtlebot3_ws/install/turtlebot3_simulations:/home/tanayrs/turtlebot3_ws/install/turtlebot3_bringup:/home/tanayrs/turtlebot3_ws/install/turtlebot3_node:/home/tanayrs/turtlebot3_ws/install/turtlebot3_navigation2:/home/tanayrs/turtlebot3_ws/install/turtlebot3_fake_node:/home/tanayrs/turtlebot3_ws/install/turtlebot3_msgs:/home/tanayrs/turtlebot3_ws/install/turtlebot3_gazebo:/home/tanayrs/turtlebot3_ws/install/turtlebot3_description:/home/tanayrs/turtlebot3_ws/install/turtlebot3_cartographer:/home/tanayrs/turtlebot3_ws/install/dynamixel_sdk_examples:/home/tanayrs/turtlebot3_ws/install/dynamixel_sdk_custom_interfaces:/home/tanayrs/turtlebot3_ws/install/dynamixel_sdk:/home/tanayrs/lars-ros/lars_ws/install/lars_groundbot_description:/home/tanayrs/turtlebot3_ws/install/turtlebot3_teleop:/home/tanayrs/turtlebot3_ws/install/turtlebot3_example:/home/tanayrs/lars-ros/lars_ws/install/lars_groundbot_control:/home/tanayrs/lars_ws/install/turtlebot_mover:/opt/ros/humble LD_LIBRARY_PATH=/home/tanayrs/lars-ros/lars_ws2/install/turtlebot3_msgs/lib:/home/tanayrs/lars-ros/lars_ws2/install/dynamixel_sdk/lib:${LD_LIBRARY_PATH} PYTHONPATH=/home/tanayrs/lars-ros/lars_ws2/install/turtlebot3_msgs/local/lib/python3.10/dist-packages:${PYTHONPATH} /usr/bin/cmake --install /home/tanayrs/lars-ros/lars_ws2/build/turtlebot3_node
[18.366s] -- Install configuration: ""
[18.366s] -- Installing: /home/tanayrs/lars-ros/lars_ws2/install/turtlebot3_node/share/turtlebot3_node/param
[18.366s] -- Installing: /home/tanayrs/lars-ros/lars_ws2/install/turtlebot3_node/share/turtlebot3_node/param/burger.yaml
[18.366s] -- Installing: /home/tanayrs/lars-ros/lars_ws2/install/turtlebot3_node/share/turtlebot3_node/param/waffle.yaml
[18.366s] -- Installing: /home/tanayrs/lars-ros/lars_ws2/install/turtlebot3_node/share/turtlebot3_node/param/waffle_pi.yaml
[18.366s] -- Installing: /home/tanayrs/lars-ros/lars_ws2/install/turtlebot3_node/lib/turtlebot3_node/turtlebot3_ros
[18.372s] -- Set runtime path of "/home/tanayrs/lars-ros/lars_ws2/install/turtlebot3_node/lib/turtlebot3_node/turtlebot3_ros" to ""
[18.372s] -- Installing: /home/tanayrs/lars-ros/lars_ws2/install/turtlebot3_node/share/ament_index/resource_index/package_run_dependencies/turtlebot3_node
[18.372s] -- Installing: /home/tanayrs/lars-ros/lars_ws2/install/turtlebot3_node/share/ament_index/resource_index/parent_prefix_path/turtlebot3_node
[18.372s] -- Installing: /home/tanayrs/lars-ros/lars_ws2/install/turtlebot3_node/share/turtlebot3_node/environment/ament_prefix_path.sh
[18.372s] -- Installing: /home/tanayrs/lars-ros/lars_ws2/install/turtlebot3_node/share/turtlebot3_node/environment/ament_prefix_path.dsv
[18.372s] -- Installing: /home/tanayrs/lars-ros/lars_ws2/install/turtlebot3_node/share/turtlebot3_node/environment/path.sh
[18.372s] -- Installing: /home/tanayrs/lars-ros/lars_ws2/install/turtlebot3_node/share/turtlebot3_node/environment/path.dsv
[18.372s] -- Installing: /home/tanayrs/lars-ros/lars_ws2/install/turtlebot3_node/share/turtlebot3_node/local_setup.bash
[18.372s] -- Installing: /home/tanayrs/lars-ros/lars_ws2/install/turtlebot3_node/share/turtlebot3_node/local_setup.sh
[18.372s] -- Installing: /home/tanayrs/lars-ros/lars_ws2/install/turtlebot3_node/share/turtlebot3_node/local_setup.zsh
[18.372s] -- Installing: /home/tanayrs/lars-ros/lars_ws2/install/turtlebot3_node/share/turtlebot3_node/local_setup.dsv
[18.373s] -- Installing: /home/tanayrs/lars-ros/lars_ws2/install/turtlebot3_node/share/turtlebot3_node/package.dsv
[18.373s] -- Installing: /home/tanayrs/lars-ros/lars_ws2/install/turtlebot3_node/share/ament_index/resource_index/packages/turtlebot3_node
[18.373s] -- Installing: /home/tanayrs/lars-ros/lars_ws2/install/turtlebot3_node/share/turtlebot3_node/cmake/ament_cmake_export_include_directories-extras.cmake
[18.373s] -- Installing: /home/tanayrs/lars-ros/lars_ws2/install/turtlebot3_node/share/turtlebot3_node/cmake/turtlebot3_nodeConfig.cmake
[18.373s] -- Installing: /home/tanayrs/lars-ros/lars_ws2/install/turtlebot3_node/share/turtlebot3_node/cmake/turtlebot3_nodeConfig-version.cmake
[18.373s] -- Installing: /home/tanayrs/lars-ros/lars_ws2/install/turtlebot3_node/share/turtlebot3_node/package.xml
[18.374s] Invoked command in '/home/tanayrs/lars-ros/lars_ws2/build/turtlebot3_node' returned '0': AMENT_PREFIX_PATH=/home/tanayrs/lars-ros/lars_ws2/install/turtlebot3_msgs:/home/tanayrs/lars-ros/lars_ws2/install/dynamixel_sdk:${AMENT_PREFIX_PATH} CMAKE_PREFIX_PATH=/home/tanayrs/lars-ros/lars_ws2/install/turtlebot3_msgs:/home/tanayrs/lars-ros/lars_ws2/install/dynamixel_sdk:/home/tanayrs/turtlebot3_ws/install/turtlebot3:/home/tanayrs/turtlebot3_ws/install/turtlebot3_simulations:/home/tanayrs/turtlebot3_ws/install/turtlebot3_bringup:/home/tanayrs/turtlebot3_ws/install/turtlebot3_node:/home/tanayrs/turtlebot3_ws/install/turtlebot3_navigation2:/home/tanayrs/turtlebot3_ws/install/turtlebot3_fake_node:/home/tanayrs/turtlebot3_ws/install/turtlebot3_msgs:/home/tanayrs/turtlebot3_ws/install/turtlebot3_gazebo:/home/tanayrs/turtlebot3_ws/install/turtlebot3_description:/home/tanayrs/turtlebot3_ws/install/turtlebot3_cartographer:/home/tanayrs/turtlebot3_ws/install/dynamixel_sdk_examples:/home/tanayrs/turtlebot3_ws/install/dynamixel_sdk_custom_interfaces:/home/tanayrs/turtlebot3_ws/install/dynamixel_sdk:/home/tanayrs/lars-ros/lars_ws/install/lars_groundbot_description:/home/tanayrs/turtlebot3_ws/install/turtlebot3_teleop:/home/tanayrs/turtlebot3_ws/install/turtlebot3_example:/home/tanayrs/lars-ros/lars_ws/install/lars_groundbot_control:/home/tanayrs/lars_ws/install/turtlebot_mover:/opt/ros/humble LD_LIBRARY_PATH=/home/tanayrs/lars-ros/lars_ws2/install/turtlebot3_msgs/lib:/home/tanayrs/lars-ros/lars_ws2/install/dynamixel_sdk/lib:${LD_LIBRARY_PATH} PYTHONPATH=/home/tanayrs/lars-ros/lars_ws2/install/turtlebot3_msgs/local/lib/python3.10/dist-packages:${PYTHONPATH} /usr/bin/cmake --install /home/tanayrs/lars-ros/lars_ws2/build/turtlebot3_node
