running develop
running egg_info
creating turtlebot3_grid_nav.egg-info
writing turtlebot3_grid_nav.egg-info/PKG-INFO
writing dependency_links to turtlebot3_grid_nav.egg-info/dependency_links.txt
writing entry points to turtlebot3_grid_nav.egg-info/entry_points.txt
writing requirements to turtlebot3_grid_nav.egg-info/requires.txt
writing top-level names to turtlebot3_grid_nav.egg-info/top_level.txt
writing manifest file 'turtlebot3_grid_nav.egg-info/SOURCES.txt'
reading manifest file 'turtlebot3_grid_nav.egg-info/SOURCES.txt'
writing manifest file 'turtlebot3_grid_nav.egg-info/SOURCES.txt'
running build_ext
Creating /home/tanayrs/lars-ros/lars_ws/install/turtlebot3_grid_nav/lib/python3.10/site-packages/turtlebot3-grid-nav.egg-link (link to .)
Installing grid_navigation script to /home/tanayrs/lars-ros/lars_ws/install/turtlebot3_grid_nav/lib/turtlebot3_grid_nav

Installed /home/tanayrs/lars-ros/lars_ws/build/turtlebot3_grid_nav
running symlink_data
creating /home/tanayrs/lars-ros/lars_ws/install/turtlebot3_grid_nav/share/ament_index
creating /home/tanayrs/lars-ros/lars_ws/install/turtlebot3_grid_nav/share/ament_index/resource_index
creating /home/tanayrs/lars-ros/lars_ws/install/turtlebot3_grid_nav/share/ament_index/resource_index/packages
symbolically linking /home/tanayrs/lars-ros/lars_ws/build/turtlebot3_grid_nav/resource/turtlebot3_grid_nav -> /home/tanayrs/lars-ros/lars_ws/install/turtlebot3_grid_nav/share/ament_index/resource_index/packages
symbolically linking /home/tanayrs/lars-ros/lars_ws/build/turtlebot3_grid_nav/package.xml -> /home/tanayrs/lars-ros/lars_ws/install/turtlebot3_grid_nav/share/turtlebot3_grid_nav
