[0.842s] Invoking command in '/home/tanayrs/lars-ros/lars_ws/build/turtlebot3_grid_nav': PYTHONPATH=/home/tanayrs/lars-ros/lars_ws/build/turtlebot3_grid_nav/prefix_override:/usr/lib/python3/dist-packages/colcon_core/task/python/colcon_distutils_commands:/home/tanayrs/lars-ros/lars_ws/install/turtlebot3_grid_nav/lib/python3.10/site-packages:${PYTHONPATH} /usr/bin/python3 -W ignore:setup.py install is deprecated -W ignore:easy_install command is deprecated setup.py develop --editable --build-directory /home/tanayrs/lars-ros/lars_ws/build/turtlebot3_grid_nav/build --no-deps symlink_data
[1.043s] running develop
[1.160s] running egg_info
[1.160s] creating turtlebot3_grid_nav.egg-info
[1.160s] writing turtlebot3_grid_nav.egg-info/PKG-INFO
[1.160s] writing dependency_links to turtlebot3_grid_nav.egg-info/dependency_links.txt
[1.160s] writing entry points to turtlebot3_grid_nav.egg-info/entry_points.txt
[1.160s] writing requirements to turtlebot3_grid_nav.egg-info/requires.txt
[1.160s] writing top-level names to turtlebot3_grid_nav.egg-info/top_level.txt
[1.160s] writing manifest file 'turtlebot3_grid_nav.egg-info/SOURCES.txt'
[1.162s] reading manifest file 'turtlebot3_grid_nav.egg-info/SOURCES.txt'
[1.162s] writing manifest file 'turtlebot3_grid_nav.egg-info/SOURCES.txt'
[1.163s] running build_ext
[1.163s] Creating /home/tanayrs/lars-ros/lars_ws/install/turtlebot3_grid_nav/lib/python3.10/site-packages/turtlebot3-grid-nav.egg-link (link to .)
[1.164s] Installing grid_navigation script to /home/tanayrs/lars-ros/lars_ws/install/turtlebot3_grid_nav/lib/turtlebot3_grid_nav
[1.164s] 
[1.164s] Installed /home/tanayrs/lars-ros/lars_ws/build/turtlebot3_grid_nav
[1.164s] running symlink_data
[1.164s] creating /home/tanayrs/lars-ros/lars_ws/install/turtlebot3_grid_nav/share/ament_index
[1.164s] creating /home/tanayrs/lars-ros/lars_ws/install/turtlebot3_grid_nav/share/ament_index/resource_index
[1.164s] creating /home/tanayrs/lars-ros/lars_ws/install/turtlebot3_grid_nav/share/ament_index/resource_index/packages
[1.164s] symbolically linking /home/tanayrs/lars-ros/lars_ws/build/turtlebot3_grid_nav/resource/turtlebot3_grid_nav -> /home/tanayrs/lars-ros/lars_ws/install/turtlebot3_grid_nav/share/ament_index/resource_index/packages
[1.164s] symbolically linking /home/tanayrs/lars-ros/lars_ws/build/turtlebot3_grid_nav/package.xml -> /home/tanayrs/lars-ros/lars_ws/install/turtlebot3_grid_nav/share/turtlebot3_grid_nav
[1.208s] Invoked command in '/home/tanayrs/lars-ros/lars_ws/build/turtlebot3_grid_nav' returned '0': PYTHONPATH=/home/tanayrs/lars-ros/lars_ws/build/turtlebot3_grid_nav/prefix_override:/usr/lib/python3/dist-packages/colcon_core/task/python/colcon_distutils_commands:/home/tanayrs/lars-ros/lars_ws/install/turtlebot3_grid_nav/lib/python3.10/site-packages:${PYTHONPATH} /usr/bin/python3 -W ignore:setup.py install is deprecated -W ignore:easy_install command is deprecated setup.py develop --editable --build-directory /home/tanayrs/lars-ros/lars_ws/build/turtlebot3_grid_nav/build --no-deps symlink_data
