[0.024s] Invoking command in '/home/tanayrs/lars-ros/lars_ws/build/turtlebot3_navigation2': CMAKE_PREFIX_PATH=${CMAKE_PREFIX_PATH}:/home/tanayrs/lars-ros/lars_ws/install/turtlebot3_teleop:/home/tanayrs/lars-ros/lars_ws/install/turtlebot3_example:/home/tanayrs/lars-ros/lars_ws/install/turtlebot3_grid_nav:/opt/ros/humble /usr/bin/cmake /home/tanayrs/lars-ros/lars_ws/src/turtlebot3/turtlebot3_navigation2 -DCMAKE_INSTALL_PREFIX=/home/tanayrs/lars-ros/lars_ws/install/turtlebot3_navigation2
[0.230s] -- Found ament_cmake: 1.3.11 (/opt/ros/humble/share/ament_cmake/cmake)
[0.230s] -- Override CMake install command with custom implementation using symlinks instead of copying resources
[0.230s] -- Configuring done
[0.230s] -- Generating done
[0.230s] -- Build files have been written to: /home/tanayrs/lars-ros/lars_ws/build/turtlebot3_navigation2
[0.409s] Invoked command in '/home/tanayrs/lars-ros/lars_ws/build/turtlebot3_navigation2' returned '0': CMAKE_PREFIX_PATH=${CMAKE_PREFIX_PATH}:/home/tanayrs/lars-ros/lars_ws/install/turtlebot3_teleop:/home/tanayrs/lars-ros/lars_ws/install/turtlebot3_example:/home/tanayrs/lars-ros/lars_ws/install/turtlebot3_grid_nav:/opt/ros/humble /usr/bin/cmake /home/tanayrs/lars-ros/lars_ws/src/turtlebot3/turtlebot3_navigation2 -DCMAKE_INSTALL_PREFIX=/home/tanayrs/lars-ros/lars_ws/install/turtlebot3_navigation2
[0.410s] Invoking command in '/home/tanayrs/lars-ros/lars_ws/build/turtlebot3_navigation2': CMAKE_PREFIX_PATH=${CMAKE_PREFIX_PATH}:/home/tanayrs/lars-ros/lars_ws/install/turtlebot3_teleop:/home/tanayrs/lars-ros/lars_ws/install/turtlebot3_example:/home/tanayrs/lars-ros/lars_ws/install/turtlebot3_grid_nav:/opt/ros/humble /usr/bin/cmake --build /home/tanayrs/lars-ros/lars_ws/build/turtlebot3_navigation2 -- -j16 -l16
[0.442s] Invoked command in '/home/tanayrs/lars-ros/lars_ws/build/turtlebot3_navigation2' returned '0': CMAKE_PREFIX_PATH=${CMAKE_PREFIX_PATH}:/home/tanayrs/lars-ros/lars_ws/install/turtlebot3_teleop:/home/tanayrs/lars-ros/lars_ws/install/turtlebot3_example:/home/tanayrs/lars-ros/lars_ws/install/turtlebot3_grid_nav:/opt/ros/humble /usr/bin/cmake --build /home/tanayrs/lars-ros/lars_ws/build/turtlebot3_navigation2 -- -j16 -l16
[0.444s] Invoking command in '/home/tanayrs/lars-ros/lars_ws/build/turtlebot3_navigation2': CMAKE_PREFIX_PATH=${CMAKE_PREFIX_PATH}:/home/tanayrs/lars-ros/lars_ws/install/turtlebot3_teleop:/home/tanayrs/lars-ros/lars_ws/install/turtlebot3_example:/home/tanayrs/lars-ros/lars_ws/install/turtlebot3_grid_nav:/opt/ros/humble /usr/bin/cmake --install /home/tanayrs/lars-ros/lars_ws/build/turtlebot3_navigation2
[0.450s] -- Install configuration: ""
[0.450s] -- Execute custom install script
[0.450s] -- Up-to-date symlink: /home/tanayrs/lars-ros/lars_ws/install/turtlebot3_navigation2/share/turtlebot3_navigation2/launch/navigation2.launch.py
[0.451s] -- Up-to-date symlink: /home/tanayrs/lars-ros/lars_ws/install/turtlebot3_navigation2/share/turtlebot3_navigation2/map/map.pgm
[0.451s] -- Up-to-date symlink: /home/tanayrs/lars-ros/lars_ws/install/turtlebot3_navigation2/share/turtlebot3_navigation2/map/map.yaml
[0.451s] -- Up-to-date symlink: /home/tanayrs/lars-ros/lars_ws/install/turtlebot3_navigation2/share/turtlebot3_navigation2/param/burger.yaml
[0.451s] -- Up-to-date symlink: /home/tanayrs/lars-ros/lars_ws/install/turtlebot3_navigation2/share/turtlebot3_navigation2/param/waffle.yaml
[0.451s] -- Up-to-date symlink: /home/tanayrs/lars-ros/lars_ws/install/turtlebot3_navigation2/share/turtlebot3_navigation2/param/waffle_pi.yaml
[0.451s] -- Up-to-date symlink: /home/tanayrs/lars-ros/lars_ws/install/turtlebot3_navigation2/share/turtlebot3_navigation2/rviz/tb3_navigation2.rviz
[0.452s] -- Up-to-date symlink: /home/tanayrs/lars-ros/lars_ws/install/turtlebot3_navigation2/share/ament_index/resource_index/package_run_dependencies/turtlebot3_navigation2
[0.452s] -- Up-to-date symlink: /home/tanayrs/lars-ros/lars_ws/install/turtlebot3_navigation2/share/ament_index/resource_index/parent_prefix_path/turtlebot3_navigation2
[0.452s] -- Up-to-date symlink: /home/tanayrs/lars-ros/lars_ws/install/turtlebot3_navigation2/share/turtlebot3_navigation2/environment/ament_prefix_path.sh
[0.452s] -- Up-to-date symlink: /home/tanayrs/lars-ros/lars_ws/install/turtlebot3_navigation2/share/turtlebot3_navigation2/environment/ament_prefix_path.dsv
[0.452s] -- Up-to-date symlink: /home/tanayrs/lars-ros/lars_ws/install/turtlebot3_navigation2/share/turtlebot3_navigation2/environment/path.sh
[0.452s] -- Up-to-date symlink: /home/tanayrs/lars-ros/lars_ws/install/turtlebot3_navigation2/share/turtlebot3_navigation2/environment/path.dsv
[0.453s] -- Up-to-date symlink: /home/tanayrs/lars-ros/lars_ws/install/turtlebot3_navigation2/share/turtlebot3_navigation2/local_setup.bash
[0.453s] -- Up-to-date symlink: /home/tanayrs/lars-ros/lars_ws/install/turtlebot3_navigation2/share/turtlebot3_navigation2/local_setup.sh
[0.454s] -- Up-to-date symlink: /home/tanayrs/lars-ros/lars_ws/install/turtlebot3_navigation2/share/turtlebot3_navigation2/local_setup.zsh
[0.454s] -- Up-to-date symlink: /home/tanayrs/lars-ros/lars_ws/install/turtlebot3_navigation2/share/turtlebot3_navigation2/local_setup.dsv
[0.454s] -- Symlinking: /home/tanayrs/lars-ros/lars_ws/install/turtlebot3_navigation2/share/turtlebot3_navigation2/package.dsv
[0.460s] -- Up-to-date symlink: /home/tanayrs/lars-ros/lars_ws/install/turtlebot3_navigation2/share/ament_index/resource_index/packages/turtlebot3_navigation2
[0.460s] -- Up-to-date symlink: /home/tanayrs/lars-ros/lars_ws/install/turtlebot3_navigation2/share/turtlebot3_navigation2/cmake/turtlebot3_navigation2Config.cmake
[0.461s] -- Up-to-date symlink: /home/tanayrs/lars-ros/lars_ws/install/turtlebot3_navigation2/share/turtlebot3_navigation2/cmake/turtlebot3_navigation2Config-version.cmake
[0.461s] -- Up-to-date symlink: /home/tanayrs/lars-ros/lars_ws/install/turtlebot3_navigation2/share/turtlebot3_navigation2/package.xml
[0.479s] Invoked command in '/home/tanayrs/lars-ros/lars_ws/build/turtlebot3_navigation2' returned '0': CMAKE_PREFIX_PATH=${CMAKE_PREFIX_PATH}:/home/tanayrs/lars-ros/lars_ws/install/turtlebot3_teleop:/home/tanayrs/lars-ros/lars_ws/install/turtlebot3_example:/home/tanayrs/lars-ros/lars_ws/install/turtlebot3_grid_nav:/opt/ros/humble /usr/bin/cmake --install /home/tanayrs/lars-ros/lars_ws/build/turtlebot3_navigation2
