[0.025s] Invoking command in '/home/tanayrs/lars-ros/lars_ws/build/turtlebot3_cartographer': CMAKE_PREFIX_PATH=${CMAKE_PREFIX_PATH}:/home/tanayrs/lars-ros/lars_ws/install/turtlebot3_teleop:/home/tanayrs/lars-ros/lars_ws/install/turtlebot3_example:/home/tanayrs/lars-ros/lars_ws/install/turtlebot3_grid_nav:/opt/ros/humble /usr/bin/cmake --build /home/tanayrs/lars-ros/lars_ws/build/turtlebot3_cartographer -- -j16 -l16
[0.396s] Invoked command in '/home/tanayrs/lars-ros/lars_ws/build/turtlebot3_cartographer' returned '0': CMAKE_PREFIX_PATH=${CMAKE_PREFIX_PATH}:/home/tanayrs/lars-ros/lars_ws/install/turtlebot3_teleop:/home/tanayrs/lars-ros/lars_ws/install/turtlebot3_example:/home/tanayrs/lars-ros/lars_ws/install/turtlebot3_grid_nav:/opt/ros/humble /usr/bin/cmake --build /home/tanayrs/lars-ros/lars_ws/build/turtlebot3_cartographer -- -j16 -l16
[0.402s] Invoking command in '/home/tanayrs/lars-ros/lars_ws/build/turtlebot3_cartographer': CMAKE_PREFIX_PATH=${CMAKE_PREFIX_PATH}:/home/tanayrs/lars-ros/lars_ws/install/turtlebot3_teleop:/home/tanayrs/lars-ros/lars_ws/install/turtlebot3_example:/home/tanayrs/lars-ros/lars_ws/install/turtlebot3_grid_nav:/opt/ros/humble /usr/bin/cmake --install /home/tanayrs/lars-ros/lars_ws/build/turtlebot3_cartographer
[0.407s] -- Install configuration: ""
[0.408s] -- Execute custom install script
[0.408s] -- Up-to-date symlink: /home/tanayrs/lars-ros/lars_ws/install/turtlebot3_cartographer/share/turtlebot3_cartographer/config/turtlebot3_lds_2d.lua
[0.408s] -- Up-to-date symlink: /home/tanayrs/lars-ros/lars_ws/install/turtlebot3_cartographer/share/turtlebot3_cartographer/launch/cartographer.launch.py
[0.408s] -- Up-to-date symlink: /home/tanayrs/lars-ros/lars_ws/install/turtlebot3_cartographer/share/turtlebot3_cartographer/launch/occupancy_grid.launch.py
[0.408s] -- Up-to-date symlink: /home/tanayrs/lars-ros/lars_ws/install/turtlebot3_cartographer/share/turtlebot3_cartographer/rviz/tb3_cartographer.rviz
[0.408s] -- Up-to-date symlink: /home/tanayrs/lars-ros/lars_ws/install/turtlebot3_cartographer/share/ament_index/resource_index/package_run_dependencies/turtlebot3_cartographer
[0.408s] -- Up-to-date symlink: /home/tanayrs/lars-ros/lars_ws/install/turtlebot3_cartographer/share/ament_index/resource_index/parent_prefix_path/turtlebot3_cartographer
[0.408s] -- Up-to-date symlink: /home/tanayrs/lars-ros/lars_ws/install/turtlebot3_cartographer/share/turtlebot3_cartographer/environment/ament_prefix_path.sh
[0.408s] -- Up-to-date symlink: /home/tanayrs/lars-ros/lars_ws/install/turtlebot3_cartographer/share/turtlebot3_cartographer/environment/ament_prefix_path.dsv
[0.408s] -- Up-to-date symlink: /home/tanayrs/lars-ros/lars_ws/install/turtlebot3_cartographer/share/turtlebot3_cartographer/environment/path.sh
[0.408s] -- Up-to-date symlink: /home/tanayrs/lars-ros/lars_ws/install/turtlebot3_cartographer/share/turtlebot3_cartographer/environment/path.dsv
[0.408s] -- Up-to-date symlink: /home/tanayrs/lars-ros/lars_ws/install/turtlebot3_cartographer/share/turtlebot3_cartographer/local_setup.bash
[0.409s] -- Up-to-date symlink: /home/tanayrs/lars-ros/lars_ws/install/turtlebot3_cartographer/share/turtlebot3_cartographer/local_setup.sh
[0.409s] -- Up-to-date symlink: /home/tanayrs/lars-ros/lars_ws/install/turtlebot3_cartographer/share/turtlebot3_cartographer/local_setup.zsh
[0.409s] -- Up-to-date symlink: /home/tanayrs/lars-ros/lars_ws/install/turtlebot3_cartographer/share/turtlebot3_cartographer/local_setup.dsv
[0.409s] -- Symlinking: /home/tanayrs/lars-ros/lars_ws/install/turtlebot3_cartographer/share/turtlebot3_cartographer/package.dsv
[0.415s] -- Up-to-date symlink: /home/tanayrs/lars-ros/lars_ws/install/turtlebot3_cartographer/share/ament_index/resource_index/packages/turtlebot3_cartographer
[0.416s] -- Up-to-date symlink: /home/tanayrs/lars-ros/lars_ws/install/turtlebot3_cartographer/share/turtlebot3_cartographer/cmake/turtlebot3_cartographerConfig.cmake
[0.416s] -- Up-to-date symlink: /home/tanayrs/lars-ros/lars_ws/install/turtlebot3_cartographer/share/turtlebot3_cartographer/cmake/turtlebot3_cartographerConfig-version.cmake
[0.417s] -- Up-to-date symlink: /home/tanayrs/lars-ros/lars_ws/install/turtlebot3_cartographer/share/turtlebot3_cartographer/package.xml
[0.432s] Invoked command in '/home/tanayrs/lars-ros/lars_ws/build/turtlebot3_cartographer' returned '0': CMAKE_PREFIX_PATH=${CMAKE_PREFIX_PATH}:/home/tanayrs/lars-ros/lars_ws/install/turtlebot3_teleop:/home/tanayrs/lars-ros/lars_ws/install/turtlebot3_example:/home/tanayrs/lars-ros/lars_ws/install/turtlebot3_grid_nav:/opt/ros/humble /usr/bin/cmake --install /home/tanayrs/lars-ros/lars_ws/build/turtlebot3_cartographer
