[0.563s] Invoking command in '/home/tanayrs/lars-ros/lars_ws2/src/turtlebot3/turtlebot3_example': AMENT_PREFIX_PATH=/home/tanayrs/lars-ros/lars_ws2/install/turtlebot3_msgs:${AMENT_PREFIX_PATH} CMAKE_PREFIX_PATH=/home/tanayrs/lars-ros/lars_ws2/install/turtlebot3_msgs:${CMAKE_PREFIX_PATH} LD_LIBRARY_PATH=/home/tanayrs/lars-ros/lars_ws2/install/turtlebot3_msgs/lib:${LD_LIBRARY_PATH} PYTHONPATH=/home/tanayrs/lars-ros/lars_ws2/build/turtlebot3_example/prefix_override:/usr/lib/python3/dist-packages/colcon_core/task/python/colcon_distutils_commands:/home/tanayrs/lars-ros/lars_ws2/install/turtlebot3_example/lib/python3.10/site-packages:/home/tanayrs/lars-ros/lars_ws2/install/turtlebot3_msgs/local/lib/python3.10/dist-packages:${PYTHONPATH} /usr/bin/python3 -W ignore:setup.py install is deprecated -W ignore:easy_install command is deprecated setup.py egg_info --egg-base ../../../build/turtlebot3_example build --build-base /home/tanayrs/lars-ros/lars_ws2/build/turtlebot3_example/build install --record /home/tanayrs/lars-ros/lars_ws2/build/turtlebot3_example/install.log --single-version-externally-managed install_data
[0.755s] running egg_info
[0.756s] creating ../../../build/turtlebot3_example/turtlebot3_example.egg-info
[0.756s] writing ../../../build/turtlebot3_example/turtlebot3_example.egg-info/PKG-INFO
[0.756s] writing dependency_links to ../../../build/turtlebot3_example/turtlebot3_example.egg-info/dependency_links.txt
[0.756s] writing entry points to ../../../build/turtlebot3_example/turtlebot3_example.egg-info/entry_points.txt
[0.756s] writing requirements to ../../../build/turtlebot3_example/turtlebot3_example.egg-info/requires.txt
[0.756s] writing top-level names to ../../../build/turtlebot3_example/turtlebot3_example.egg-info/top_level.txt
[0.756s] writing manifest file '../../../build/turtlebot3_example/turtlebot3_example.egg-info/SOURCES.txt'
[0.758s] reading manifest file '../../../build/turtlebot3_example/turtlebot3_example.egg-info/SOURCES.txt'
[0.759s] writing manifest file '../../../build/turtlebot3_example/turtlebot3_example.egg-info/SOURCES.txt'
[0.759s] running build
[0.759s] running build_py
[0.759s] creating /home/tanayrs/lars-ros/lars_ws2/build/turtlebot3_example/build
[0.759s] creating /home/tanayrs/lars-ros/lars_ws2/build/turtlebot3_example/build/lib
[0.759s] creating /home/tanayrs/lars-ros/lars_ws2/build/turtlebot3_example/build/lib/turtlebot3_example
[0.759s] copying turtlebot3_example/__init__.py -> /home/tanayrs/lars-ros/lars_ws2/build/turtlebot3_example/build/lib/turtlebot3_example
[0.759s] creating /home/tanayrs/lars-ros/lars_ws2/build/turtlebot3_example/build/lib/turtlebot3_example/turtlebot3_obstacle_detection
[0.759s] copying turtlebot3_example/turtlebot3_obstacle_detection/main.py -> /home/tanayrs/lars-ros/lars_ws2/build/turtlebot3_example/build/lib/turtlebot3_example/turtlebot3_obstacle_detection
[0.759s] copying turtlebot3_example/turtlebot3_obstacle_detection/__init__.py -> /home/tanayrs/lars-ros/lars_ws2/build/turtlebot3_example/build/lib/turtlebot3_example/turtlebot3_obstacle_detection
[0.760s] copying turtlebot3_example/turtlebot3_obstacle_detection/turtlebot3_obstacle_detection.py -> /home/tanayrs/lars-ros/lars_ws2/build/turtlebot3_example/build/lib/turtlebot3_example/turtlebot3_obstacle_detection
[0.760s] creating /home/tanayrs/lars-ros/lars_ws2/build/turtlebot3_example/build/lib/turtlebot3_example/turtlebot3_patrol_client
[0.760s] copying turtlebot3_example/turtlebot3_patrol_client/main.py -> /home/tanayrs/lars-ros/lars_ws2/build/turtlebot3_example/build/lib/turtlebot3_example/turtlebot3_patrol_client
[0.760s] copying turtlebot3_example/turtlebot3_patrol_client/__init__.py -> /home/tanayrs/lars-ros/lars_ws2/build/turtlebot3_example/build/lib/turtlebot3_example/turtlebot3_patrol_client
[0.760s] copying turtlebot3_example/turtlebot3_patrol_client/turtlebot3_patrol_client.py -> /home/tanayrs/lars-ros/lars_ws2/build/turtlebot3_example/build/lib/turtlebot3_example/turtlebot3_patrol_client
[0.760s] creating /home/tanayrs/lars-ros/lars_ws2/build/turtlebot3_example/build/lib/turtlebot3_example/turtlebot3_patrol_server
[0.760s] copying turtlebot3_example/turtlebot3_patrol_server/main.py -> /home/tanayrs/lars-ros/lars_ws2/build/turtlebot3_example/build/lib/turtlebot3_example/turtlebot3_patrol_server
[0.760s] copying turtlebot3_example/turtlebot3_patrol_server/turtlebot3_path.py -> /home/tanayrs/lars-ros/lars_ws2/build/turtlebot3_example/build/lib/turtlebot3_example/turtlebot3_patrol_server
[0.760s] copying turtlebot3_example/turtlebot3_patrol_server/turtlebot3_patrol_server.py -> /home/tanayrs/lars-ros/lars_ws2/build/turtlebot3_example/build/lib/turtlebot3_example/turtlebot3_patrol_server
[0.760s] copying turtlebot3_example/turtlebot3_patrol_server/__init__.py -> /home/tanayrs/lars-ros/lars_ws2/build/turtlebot3_example/build/lib/turtlebot3_example/turtlebot3_patrol_server
[0.760s] creating /home/tanayrs/lars-ros/lars_ws2/build/turtlebot3_example/build/lib/turtlebot3_example/turtlebot3_position_control
[0.761s] copying turtlebot3_example/turtlebot3_position_control/main.py -> /home/tanayrs/lars-ros/lars_ws2/build/turtlebot3_example/build/lib/turtlebot3_example/turtlebot3_position_control
[0.761s] copying turtlebot3_example/turtlebot3_position_control/turtlebot3_path.py -> /home/tanayrs/lars-ros/lars_ws2/build/turtlebot3_example/build/lib/turtlebot3_example/turtlebot3_position_control
[0.761s] copying turtlebot3_example/turtlebot3_position_control/turtlebot3_position_control.py -> /home/tanayrs/lars-ros/lars_ws2/build/turtlebot3_example/build/lib/turtlebot3_example/turtlebot3_position_control
[0.761s] copying turtlebot3_example/turtlebot3_position_control/__init__.py -> /home/tanayrs/lars-ros/lars_ws2/build/turtlebot3_example/build/lib/turtlebot3_example/turtlebot3_position_control
[0.761s] running install
[0.761s] running install_lib
[0.761s] creating /home/tanayrs/lars-ros/lars_ws2/install/turtlebot3_example/lib/python3.10/site-packages/turtlebot3_example
[0.761s] creating /home/tanayrs/lars-ros/lars_ws2/install/turtlebot3_example/lib/python3.10/site-packages/turtlebot3_example/turtlebot3_obstacle_detection
[0.761s] copying /home/tanayrs/lars-ros/lars_ws2/build/turtlebot3_example/build/lib/turtlebot3_example/turtlebot3_obstacle_detection/main.py -> /home/tanayrs/lars-ros/lars_ws2/install/turtlebot3_example/lib/python3.10/site-packages/turtlebot3_example/turtlebot3_obstacle_detection
[0.761s] copying /home/tanayrs/lars-ros/lars_ws2/build/turtlebot3_example/build/lib/turtlebot3_example/turtlebot3_obstacle_detection/__init__.py -> /home/tanayrs/lars-ros/lars_ws2/install/turtlebot3_example/lib/python3.10/site-packages/turtlebot3_example/turtlebot3_obstacle_detection
[0.762s] copying /home/tanayrs/lars-ros/lars_ws2/build/turtlebot3_example/build/lib/turtlebot3_example/turtlebot3_obstacle_detection/turtlebot3_obstacle_detection.py -> /home/tanayrs/lars-ros/lars_ws2/install/turtlebot3_example/lib/python3.10/site-packages/turtlebot3_example/turtlebot3_obstacle_detection
[0.762s] creating /home/tanayrs/lars-ros/lars_ws2/install/turtlebot3_example/lib/python3.10/site-packages/turtlebot3_example/turtlebot3_patrol_client
[0.762s] copying /home/tanayrs/lars-ros/lars_ws2/build/turtlebot3_example/build/lib/turtlebot3_example/turtlebot3_patrol_client/main.py -> /home/tanayrs/lars-ros/lars_ws2/install/turtlebot3_example/lib/python3.10/site-packages/turtlebot3_example/turtlebot3_patrol_client
[0.762s] copying /home/tanayrs/lars-ros/lars_ws2/build/turtlebot3_example/build/lib/turtlebot3_example/turtlebot3_patrol_client/__init__.py -> /home/tanayrs/lars-ros/lars_ws2/install/turtlebot3_example/lib/python3.10/site-packages/turtlebot3_example/turtlebot3_patrol_client
[0.762s] copying /home/tanayrs/lars-ros/lars_ws2/build/turtlebot3_example/build/lib/turtlebot3_example/turtlebot3_patrol_client/turtlebot3_patrol_client.py -> /home/tanayrs/lars-ros/lars_ws2/install/turtlebot3_example/lib/python3.10/site-packages/turtlebot3_example/turtlebot3_patrol_client
[0.762s] creating /home/tanayrs/lars-ros/lars_ws2/install/turtlebot3_example/lib/python3.10/site-packages/turtlebot3_example/turtlebot3_patrol_server
[0.762s] copying /home/tanayrs/lars-ros/lars_ws2/build/turtlebot3_example/build/lib/turtlebot3_example/turtlebot3_patrol_server/main.py -> /home/tanayrs/lars-ros/lars_ws2/install/turtlebot3_example/lib/python3.10/site-packages/turtlebot3_example/turtlebot3_patrol_server
[0.762s] copying /home/tanayrs/lars-ros/lars_ws2/build/turtlebot3_example/build/lib/turtlebot3_example/turtlebot3_patrol_server/turtlebot3_path.py -> /home/tanayrs/lars-ros/lars_ws2/install/turtlebot3_example/lib/python3.10/site-packages/turtlebot3_example/turtlebot3_patrol_server
[0.762s] copying /home/tanayrs/lars-ros/lars_ws2/build/turtlebot3_example/build/lib/turtlebot3_example/turtlebot3_patrol_server/turtlebot3_patrol_server.py -> /home/tanayrs/lars-ros/lars_ws2/install/turtlebot3_example/lib/python3.10/site-packages/turtlebot3_example/turtlebot3_patrol_server
[0.762s] copying /home/tanayrs/lars-ros/lars_ws2/build/turtlebot3_example/build/lib/turtlebot3_example/turtlebot3_patrol_server/__init__.py -> /home/tanayrs/lars-ros/lars_ws2/install/turtlebot3_example/lib/python3.10/site-packages/turtlebot3_example/turtlebot3_patrol_server
[0.762s] copying /home/tanayrs/lars-ros/lars_ws2/build/turtlebot3_example/build/lib/turtlebot3_example/__init__.py -> /home/tanayrs/lars-ros/lars_ws2/install/turtlebot3_example/lib/python3.10/site-packages/turtlebot3_example
[0.762s] creating /home/tanayrs/lars-ros/lars_ws2/install/turtlebot3_example/lib/python3.10/site-packages/turtlebot3_example/turtlebot3_position_control
[0.762s] copying /home/tanayrs/lars-ros/lars_ws2/build/turtlebot3_example/build/lib/turtlebot3_example/turtlebot3_position_control/main.py -> /home/tanayrs/lars-ros/lars_ws2/install/turtlebot3_example/lib/python3.10/site-packages/turtlebot3_example/turtlebot3_position_control
[0.762s] copying /home/tanayrs/lars-ros/lars_ws2/build/turtlebot3_example/build/lib/turtlebot3_example/turtlebot3_position_control/turtlebot3_path.py -> /home/tanayrs/lars-ros/lars_ws2/install/turtlebot3_example/lib/python3.10/site-packages/turtlebot3_example/turtlebot3_position_control
[0.763s] copying /home/tanayrs/lars-ros/lars_ws2/build/turtlebot3_example/build/lib/turtlebot3_example/turtlebot3_position_control/turtlebot3_position_control.py -> /home/tanayrs/lars-ros/lars_ws2/install/turtlebot3_example/lib/python3.10/site-packages/turtlebot3_example/turtlebot3_position_control
[0.763s] copying /home/tanayrs/lars-ros/lars_ws2/build/turtlebot3_example/build/lib/turtlebot3_example/turtlebot3_position_control/__init__.py -> /home/tanayrs/lars-ros/lars_ws2/install/turtlebot3_example/lib/python3.10/site-packages/turtlebot3_example/turtlebot3_position_control
[0.763s] byte-compiling /home/tanayrs/lars-ros/lars_ws2/install/turtlebot3_example/lib/python3.10/site-packages/turtlebot3_example/turtlebot3_obstacle_detection/main.py to main.cpython-310.pyc
[0.763s] byte-compiling /home/tanayrs/lars-ros/lars_ws2/install/turtlebot3_example/lib/python3.10/site-packages/turtlebot3_example/turtlebot3_obstacle_detection/__init__.py to __init__.cpython-310.pyc
[0.763s] byte-compiling /home/tanayrs/lars-ros/lars_ws2/install/turtlebot3_example/lib/python3.10/site-packages/turtlebot3_example/turtlebot3_obstacle_detection/turtlebot3_obstacle_detection.py to turtlebot3_obstacle_detection.cpython-310.pyc
[0.763s] byte-compiling /home/tanayrs/lars-ros/lars_ws2/install/turtlebot3_example/lib/python3.10/site-packages/turtlebot3_example/turtlebot3_patrol_client/main.py to main.cpython-310.pyc
[0.764s] byte-compiling /home/tanayrs/lars-ros/lars_ws2/install/turtlebot3_example/lib/python3.10/site-packages/turtlebot3_example/turtlebot3_patrol_client/__init__.py to __init__.cpython-310.pyc
[0.764s] byte-compiling /home/tanayrs/lars-ros/lars_ws2/install/turtlebot3_example/lib/python3.10/site-packages/turtlebot3_example/turtlebot3_patrol_client/turtlebot3_patrol_client.py to turtlebot3_patrol_client.cpython-310.pyc
[0.764s] byte-compiling /home/tanayrs/lars-ros/lars_ws2/install/turtlebot3_example/lib/python3.10/site-packages/turtlebot3_example/turtlebot3_patrol_server/main.py to main.cpython-310.pyc
[0.764s] byte-compiling /home/tanayrs/lars-ros/lars_ws2/install/turtlebot3_example/lib/python3.10/site-packages/turtlebot3_example/turtlebot3_patrol_server/turtlebot3_path.py to turtlebot3_path.cpython-310.pyc
[0.764s] byte-compiling /home/tanayrs/lars-ros/lars_ws2/install/turtlebot3_example/lib/python3.10/site-packages/turtlebot3_example/turtlebot3_patrol_server/turtlebot3_patrol_server.py to turtlebot3_patrol_server.cpython-310.pyc
[0.765s] byte-compiling /home/tanayrs/lars-ros/lars_ws2/install/turtlebot3_example/lib/python3.10/site-packages/turtlebot3_example/turtlebot3_patrol_server/__init__.py to __init__.cpython-310.pyc
[0.765s] byte-compiling /home/tanayrs/lars-ros/lars_ws2/install/turtlebot3_example/lib/python3.10/site-packages/turtlebot3_example/__init__.py to __init__.cpython-310.pyc
[0.765s] byte-compiling /home/tanayrs/lars-ros/lars_ws2/install/turtlebot3_example/lib/python3.10/site-packages/turtlebot3_example/turtlebot3_position_control/main.py to main.cpython-310.pyc
[0.765s] byte-compiling /home/tanayrs/lars-ros/lars_ws2/install/turtlebot3_example/lib/python3.10/site-packages/turtlebot3_example/turtlebot3_position_control/turtlebot3_path.py to turtlebot3_path.cpython-310.pyc
[0.765s] byte-compiling /home/tanayrs/lars-ros/lars_ws2/install/turtlebot3_example/lib/python3.10/site-packages/turtlebot3_example/turtlebot3_position_control/turtlebot3_position_control.py to turtlebot3_position_control.cpython-310.pyc
[0.766s] byte-compiling /home/tanayrs/lars-ros/lars_ws2/install/turtlebot3_example/lib/python3.10/site-packages/turtlebot3_example/turtlebot3_position_control/__init__.py to __init__.cpython-310.pyc
[0.766s] running install_data
[0.766s] creating /home/tanayrs/lars-ros/lars_ws2/install/turtlebot3_example/share/ament_index
[0.766s] creating /home/tanayrs/lars-ros/lars_ws2/install/turtlebot3_example/share/ament_index/resource_index
[0.766s] creating /home/tanayrs/lars-ros/lars_ws2/install/turtlebot3_example/share/ament_index/resource_index/packages
[0.766s] copying resource/turtlebot3_example -> /home/tanayrs/lars-ros/lars_ws2/install/turtlebot3_example/share/ament_index/resource_index/packages
[0.766s] copying package.xml -> /home/tanayrs/lars-ros/lars_ws2/install/turtlebot3_example/share/turtlebot3_example
[0.766s] running install_egg_info
[0.768s] Copying ../../../build/turtlebot3_example/turtlebot3_example.egg-info to /home/tanayrs/lars-ros/lars_ws2/install/turtlebot3_example/lib/python3.10/site-packages/turtlebot3_example-2.1.5-py3.10.egg-info
[0.768s] running install_scripts
[0.784s] Installing turtlebot3_obstacle_detection script to /home/tanayrs/lars-ros/lars_ws2/install/turtlebot3_example/lib/turtlebot3_example
[0.784s] Installing turtlebot3_patrol_client script to /home/tanayrs/lars-ros/lars_ws2/install/turtlebot3_example/lib/turtlebot3_example
[0.785s] Installing turtlebot3_patrol_server script to /home/tanayrs/lars-ros/lars_ws2/install/turtlebot3_example/lib/turtlebot3_example
[0.785s] Installing turtlebot3_position_control script to /home/tanayrs/lars-ros/lars_ws2/install/turtlebot3_example/lib/turtlebot3_example
[0.785s] writing list of installed files to '/home/tanayrs/lars-ros/lars_ws2/build/turtlebot3_example/install.log'
[0.819s] Invoked command in '/home/tanayrs/lars-ros/lars_ws2/src/turtlebot3/turtlebot3_example' returned '0': AMENT_PREFIX_PATH=/home/tanayrs/lars-ros/lars_ws2/install/turtlebot3_msgs:${AMENT_PREFIX_PATH} CMAKE_PREFIX_PATH=/home/tanayrs/lars-ros/lars_ws2/install/turtlebot3_msgs:${CMAKE_PREFIX_PATH} LD_LIBRARY_PATH=/home/tanayrs/lars-ros/lars_ws2/install/turtlebot3_msgs/lib:${LD_LIBRARY_PATH} PYTHONPATH=/home/tanayrs/lars-ros/lars_ws2/build/turtlebot3_example/prefix_override:/usr/lib/python3/dist-packages/colcon_core/task/python/colcon_distutils_commands:/home/tanayrs/lars-ros/lars_ws2/install/turtlebot3_example/lib/python3.10/site-packages:/home/tanayrs/lars-ros/lars_ws2/install/turtlebot3_msgs/local/lib/python3.10/dist-packages:${PYTHONPATH} /usr/bin/python3 -W ignore:setup.py install is deprecated -W ignore:easy_install command is deprecated setup.py egg_info --egg-base ../../../build/turtlebot3_example build --build-base /home/tanayrs/lars-ros/lars_ws2/build/turtlebot3_example/build install --record /home/tanayrs/lars-ros/lars_ws2/build/turtlebot3_example/install.log --single-version-externally-managed install_data
