[0.048s] Invoking command in '/home/tanayrs/lars-ros/lars_ws2/build/dynamixel_sdk_examples': AMENT_PREFIX_PATH=/home/tanayrs/lars-ros/lars_ws2/install/dynamixel_sdk_custom_interfaces:/home/tanayrs/lars-ros/lars_ws2/install/dynamixel_sdk:${AMENT_PREFIX_PATH} CMAKE_PREFIX_PATH=/home/tanayrs/lars-ros/lars_ws2/install/dynamixel_sdk_custom_interfaces:/home/tanayrs/lars-ros/lars_ws2/install/dynamixel_sdk:/home/tanayrs/turtlebot3_ws/install/turtlebot3:/home/tanayrs/turtlebot3_ws/install/turtlebot3_simulations:/home/tanayrs/turtlebot3_ws/install/turtlebot3_bringup:/home/tanayrs/turtlebot3_ws/install/turtlebot3_node:/home/tanayrs/turtlebot3_ws/install/turtlebot3_navigation2:/home/tanayrs/turtlebot3_ws/install/turtlebot3_fake_node:/home/tanayrs/turtlebot3_ws/install/turtlebot3_msgs:/home/tanayrs/turtlebot3_ws/install/turtlebot3_gazebo:/home/tanayrs/turtlebot3_ws/install/turtlebot3_description:/home/tanayrs/turtlebot3_ws/install/turtlebot3_cartographer:/home/tanayrs/turtlebot3_ws/install/dynamixel_sdk_examples:/home/tanayrs/turtlebot3_ws/install/dynamixel_sdk_custom_interfaces:/home/tanayrs/turtlebot3_ws/install/dynamixel_sdk:/home/tanayrs/lars-ros/lars_ws/install/lars_groundbot_description:/home/tanayrs/turtlebot3_ws/install/turtlebot3_teleop:/home/tanayrs/turtlebot3_ws/install/turtlebot3_example:/home/tanayrs/lars-ros/lars_ws/install/lars_groundbot_control:/home/tanayrs/lars_ws/install/turtlebot_mover:/opt/ros/humble LD_LIBRARY_PATH=/home/tanayrs/lars-ros/lars_ws2/install/dynamixel_sdk_custom_interfaces/lib:/home/tanayrs/lars-ros/lars_ws2/install/dynamixel_sdk/lib:${LD_LIBRARY_PATH} PYTHONPATH=/home/tanayrs/lars-ros/lars_ws2/install/dynamixel_sdk_custom_interfaces/local/lib/python3.10/dist-packages:${PYTHONPATH} /usr/bin/cmake /home/tanayrs/lars-ros/lars_ws2/src/DynamixelSDK/dynamixel_sdk_examples -DCMAKE_INSTALL_PREFIX=/home/tanayrs/lars-ros/lars_ws2/install/dynamixel_sdk_examples
[0.183s] -- The C compiler identification is GNU 11.4.0
[0.272s] -- The CXX compiler identification is GNU 11.4.0
[0.281s] -- Detecting C compiler ABI info
[0.388s] -- Detecting C compiler ABI info - done
[0.398s] -- Check for working C compiler: /usr/bin/cc - skipped
[0.399s] -- Detecting C compile features
[0.399s] -- Detecting C compile features - done
[0.406s] -- Detecting CXX compiler ABI info
[0.514s] -- Detecting CXX compiler ABI info - done
[0.523s] -- Check for working CXX compiler: /usr/bin/c++ - skipped
[0.524s] -- Detecting CXX compile features
[0.525s] -- Detecting CXX compile features - done
[0.531s] -- Found ament_cmake: 1.3.11 (/opt/ros/humble/share/ament_cmake/cmake)
[0.804s] -- Found Python3: /usr/bin/python3 (found version "3.10.12") found components: Interpreter 
[0.931s] -- Found dynamixel_sdk: 3.7.60 (/home/tanayrs/lars-ros/lars_ws2/install/dynamixel_sdk/share/dynamixel_sdk/cmake)
[0.932s] -- Found dynamixel_sdk_custom_interfaces: 3.7.60 (/home/tanayrs/lars-ros/lars_ws2/install/dynamixel_sdk_custom_interfaces/share/dynamixel_sdk_custom_interfaces/cmake)
[0.966s] -- Found rosidl_generator_c: 3.1.6 (/opt/ros/humble/share/rosidl_generator_c/cmake)
[0.971s] -- Found rosidl_adapter: 3.1.6 (/opt/ros/humble/share/rosidl_adapter/cmake)
[0.979s] -- Found rosidl_generator_cpp: 3.1.6 (/opt/ros/humble/share/rosidl_generator_cpp/cmake)
[0.989s] -- Using all available rosidl_typesupport_c: rosidl_typesupport_fastrtps_c;rosidl_typesupport_introspection_c
[1.004s] -- Using all available rosidl_typesupport_cpp: rosidl_typesupport_fastrtps_cpp;rosidl_typesupport_introspection_cpp
[1.025s] -- Found rclcpp: 16.0.11 (/opt/ros/humble/share/rclcpp/cmake)
[1.062s] -- Found rmw_implementation_cmake: 6.1.2 (/opt/ros/humble/share/rmw_implementation_cmake/cmake)
[1.064s] -- Found rmw_fastrtps_cpp: 6.2.7 (/opt/ros/humble/share/rmw_fastrtps_cpp/cmake)
[1.141s] -- Found OpenSSL: /usr/lib/x86_64-linux-gnu/libcrypto.so (found version "3.0.2")  
[1.164s] -- Found FastRTPS: /opt/ros/humble/include  
[1.197s] -- Using RMW implementation 'rmw_fastrtps_cpp' as default
[1.205s] -- Looking for pthread.h
[1.263s] -- Looking for pthread.h - found
[1.263s] -- Performing Test CMAKE_HAVE_LIBC_PTHREAD
[1.318s] -- Performing Test CMAKE_HAVE_LIBC_PTHREAD - Success
[1.318s] -- Found Threads: TRUE  
[1.360s] -- Found ament_lint_auto: 0.12.11 (/opt/ros/humble/share/ament_lint_auto/cmake)
[1.434s] -- Added test 'copyright' to check source files copyright and LICENSE
[1.435s] -- Added test 'cppcheck' to perform static code analysis on C / C++ code
[1.435s] -- Configured cppcheck include dirs: /home/tanayrs/lars-ros/lars_ws2/src/DynamixelSDK/dynamixel_sdk_examples/include
[1.435s] -- Configured cppcheck exclude dirs and/or files: 
[1.436s] -- Added test 'cpplint' to check C / C++ code against the Google style
[1.436s] -- Configured cpplint exclude dirs and/or files: 
[1.437s] -- Added test 'lint_cmake' to check CMake code style
[1.438s] -- Added test 'uncrustify' to check C / C++ code style
[1.438s] -- Configured uncrustify additional arguments: 
[1.438s] -- Added test 'xmllint' to check XML markup files
[1.439s] -- Configuring done
[1.446s] -- Generating done
[1.449s] -- Build files have been written to: /home/tanayrs/lars-ros/lars_ws2/build/dynamixel_sdk_examples
[1.459s] Invoked command in '/home/tanayrs/lars-ros/lars_ws2/build/dynamixel_sdk_examples' returned '0': AMENT_PREFIX_PATH=/home/tanayrs/lars-ros/lars_ws2/install/dynamixel_sdk_custom_interfaces:/home/tanayrs/lars-ros/lars_ws2/install/dynamixel_sdk:${AMENT_PREFIX_PATH} CMAKE_PREFIX_PATH=/home/tanayrs/lars-ros/lars_ws2/install/dynamixel_sdk_custom_interfaces:/home/tanayrs/lars-ros/lars_ws2/install/dynamixel_sdk:/home/tanayrs/turtlebot3_ws/install/turtlebot3:/home/tanayrs/turtlebot3_ws/install/turtlebot3_simulations:/home/tanayrs/turtlebot3_ws/install/turtlebot3_bringup:/home/tanayrs/turtlebot3_ws/install/turtlebot3_node:/home/tanayrs/turtlebot3_ws/install/turtlebot3_navigation2:/home/tanayrs/turtlebot3_ws/install/turtlebot3_fake_node:/home/tanayrs/turtlebot3_ws/install/turtlebot3_msgs:/home/tanayrs/turtlebot3_ws/install/turtlebot3_gazebo:/home/tanayrs/turtlebot3_ws/install/turtlebot3_description:/home/tanayrs/turtlebot3_ws/install/turtlebot3_cartographer:/home/tanayrs/turtlebot3_ws/install/dynamixel_sdk_examples:/home/tanayrs/turtlebot3_ws/install/dynamixel_sdk_custom_interfaces:/home/tanayrs/turtlebot3_ws/install/dynamixel_sdk:/home/tanayrs/lars-ros/lars_ws/install/lars_groundbot_description:/home/tanayrs/turtlebot3_ws/install/turtlebot3_teleop:/home/tanayrs/turtlebot3_ws/install/turtlebot3_example:/home/tanayrs/lars-ros/lars_ws/install/lars_groundbot_control:/home/tanayrs/lars_ws/install/turtlebot_mover:/opt/ros/humble LD_LIBRARY_PATH=/home/tanayrs/lars-ros/lars_ws2/install/dynamixel_sdk_custom_interfaces/lib:/home/tanayrs/lars-ros/lars_ws2/install/dynamixel_sdk/lib:${LD_LIBRARY_PATH} PYTHONPATH=/home/tanayrs/lars-ros/lars_ws2/install/dynamixel_sdk_custom_interfaces/local/lib/python3.10/dist-packages:${PYTHONPATH} /usr/bin/cmake /home/tanayrs/lars-ros/lars_ws2/src/DynamixelSDK/dynamixel_sdk_examples -DCMAKE_INSTALL_PREFIX=/home/tanayrs/lars-ros/lars_ws2/install/dynamixel_sdk_examples
[1.461s] Invoking command in '/home/tanayrs/lars-ros/lars_ws2/build/dynamixel_sdk_examples': AMENT_PREFIX_PATH=/home/tanayrs/lars-ros/lars_ws2/install/dynamixel_sdk_custom_interfaces:/home/tanayrs/lars-ros/lars_ws2/install/dynamixel_sdk:${AMENT_PREFIX_PATH} CMAKE_PREFIX_PATH=/home/tanayrs/lars-ros/lars_ws2/install/dynamixel_sdk_custom_interfaces:/home/tanayrs/lars-ros/lars_ws2/install/dynamixel_sdk:/home/tanayrs/turtlebot3_ws/install/turtlebot3:/home/tanayrs/turtlebot3_ws/install/turtlebot3_simulations:/home/tanayrs/turtlebot3_ws/install/turtlebot3_bringup:/home/tanayrs/turtlebot3_ws/install/turtlebot3_node:/home/tanayrs/turtlebot3_ws/install/turtlebot3_navigation2:/home/tanayrs/turtlebot3_ws/install/turtlebot3_fake_node:/home/tanayrs/turtlebot3_ws/install/turtlebot3_msgs:/home/tanayrs/turtlebot3_ws/install/turtlebot3_gazebo:/home/tanayrs/turtlebot3_ws/install/turtlebot3_description:/home/tanayrs/turtlebot3_ws/install/turtlebot3_cartographer:/home/tanayrs/turtlebot3_ws/install/dynamixel_sdk_examples:/home/tanayrs/turtlebot3_ws/install/dynamixel_sdk_custom_interfaces:/home/tanayrs/turtlebot3_ws/install/dynamixel_sdk:/home/tanayrs/lars-ros/lars_ws/install/lars_groundbot_description:/home/tanayrs/turtlebot3_ws/install/turtlebot3_teleop:/home/tanayrs/turtlebot3_ws/install/turtlebot3_example:/home/tanayrs/lars-ros/lars_ws/install/lars_groundbot_control:/home/tanayrs/lars_ws/install/turtlebot_mover:/opt/ros/humble LD_LIBRARY_PATH=/home/tanayrs/lars-ros/lars_ws2/install/dynamixel_sdk_custom_interfaces/lib:/home/tanayrs/lars-ros/lars_ws2/install/dynamixel_sdk/lib:${LD_LIBRARY_PATH} PYTHONPATH=/home/tanayrs/lars-ros/lars_ws2/install/dynamixel_sdk_custom_interfaces/local/lib/python3.10/dist-packages:${PYTHONPATH} /usr/bin/cmake --build /home/tanayrs/lars-ros/lars_ws2/build/dynamixel_sdk_examples -- -j16 -l16
[1.502s] [ 50%] [32mBuilding CXX object CMakeFiles/read_write_node.dir/src/read_write_node.cpp.o[0m
[10.890s] [100%] [32m[1mLinking CXX executable read_write_node[0m
[11.384s] [100%] Built target read_write_node
[11.395s] Invoked command in '/home/tanayrs/lars-ros/lars_ws2/build/dynamixel_sdk_examples' returned '0': AMENT_PREFIX_PATH=/home/tanayrs/lars-ros/lars_ws2/install/dynamixel_sdk_custom_interfaces:/home/tanayrs/lars-ros/lars_ws2/install/dynamixel_sdk:${AMENT_PREFIX_PATH} CMAKE_PREFIX_PATH=/home/tanayrs/lars-ros/lars_ws2/install/dynamixel_sdk_custom_interfaces:/home/tanayrs/lars-ros/lars_ws2/install/dynamixel_sdk:/home/tanayrs/turtlebot3_ws/install/turtlebot3:/home/tanayrs/turtlebot3_ws/install/turtlebot3_simulations:/home/tanayrs/turtlebot3_ws/install/turtlebot3_bringup:/home/tanayrs/turtlebot3_ws/install/turtlebot3_node:/home/tanayrs/turtlebot3_ws/install/turtlebot3_navigation2:/home/tanayrs/turtlebot3_ws/install/turtlebot3_fake_node:/home/tanayrs/turtlebot3_ws/install/turtlebot3_msgs:/home/tanayrs/turtlebot3_ws/install/turtlebot3_gazebo:/home/tanayrs/turtlebot3_ws/install/turtlebot3_description:/home/tanayrs/turtlebot3_ws/install/turtlebot3_cartographer:/home/tanayrs/turtlebot3_ws/install/dynamixel_sdk_examples:/home/tanayrs/turtlebot3_ws/install/dynamixel_sdk_custom_interfaces:/home/tanayrs/turtlebot3_ws/install/dynamixel_sdk:/home/tanayrs/lars-ros/lars_ws/install/lars_groundbot_description:/home/tanayrs/turtlebot3_ws/install/turtlebot3_teleop:/home/tanayrs/turtlebot3_ws/install/turtlebot3_example:/home/tanayrs/lars-ros/lars_ws/install/lars_groundbot_control:/home/tanayrs/lars_ws/install/turtlebot_mover:/opt/ros/humble LD_LIBRARY_PATH=/home/tanayrs/lars-ros/lars_ws2/install/dynamixel_sdk_custom_interfaces/lib:/home/tanayrs/lars-ros/lars_ws2/install/dynamixel_sdk/lib:${LD_LIBRARY_PATH} PYTHONPATH=/home/tanayrs/lars-ros/lars_ws2/install/dynamixel_sdk_custom_interfaces/local/lib/python3.10/dist-packages:${PYTHONPATH} /usr/bin/cmake --build /home/tanayrs/lars-ros/lars_ws2/build/dynamixel_sdk_examples -- -j16 -l16
[11.397s] Invoking command in '/home/tanayrs/lars-ros/lars_ws2/build/dynamixel_sdk_examples': AMENT_PREFIX_PATH=/home/tanayrs/lars-ros/lars_ws2/install/dynamixel_sdk_custom_interfaces:/home/tanayrs/lars-ros/lars_ws2/install/dynamixel_sdk:${AMENT_PREFIX_PATH} CMAKE_PREFIX_PATH=/home/tanayrs/lars-ros/lars_ws2/install/dynamixel_sdk_custom_interfaces:/home/tanayrs/lars-ros/lars_ws2/install/dynamixel_sdk:/home/tanayrs/turtlebot3_ws/install/turtlebot3:/home/tanayrs/turtlebot3_ws/install/turtlebot3_simulations:/home/tanayrs/turtlebot3_ws/install/turtlebot3_bringup:/home/tanayrs/turtlebot3_ws/install/turtlebot3_node:/home/tanayrs/turtlebot3_ws/install/turtlebot3_navigation2:/home/tanayrs/turtlebot3_ws/install/turtlebot3_fake_node:/home/tanayrs/turtlebot3_ws/install/turtlebot3_msgs:/home/tanayrs/turtlebot3_ws/install/turtlebot3_gazebo:/home/tanayrs/turtlebot3_ws/install/turtlebot3_description:/home/tanayrs/turtlebot3_ws/install/turtlebot3_cartographer:/home/tanayrs/turtlebot3_ws/install/dynamixel_sdk_examples:/home/tanayrs/turtlebot3_ws/install/dynamixel_sdk_custom_interfaces:/home/tanayrs/turtlebot3_ws/install/dynamixel_sdk:/home/tanayrs/lars-ros/lars_ws/install/lars_groundbot_description:/home/tanayrs/turtlebot3_ws/install/turtlebot3_teleop:/home/tanayrs/turtlebot3_ws/install/turtlebot3_example:/home/tanayrs/lars-ros/lars_ws/install/lars_groundbot_control:/home/tanayrs/lars_ws/install/turtlebot_mover:/opt/ros/humble LD_LIBRARY_PATH=/home/tanayrs/lars-ros/lars_ws2/install/dynamixel_sdk_custom_interfaces/lib:/home/tanayrs/lars-ros/lars_ws2/install/dynamixel_sdk/lib:${LD_LIBRARY_PATH} PYTHONPATH=/home/tanayrs/lars-ros/lars_ws2/install/dynamixel_sdk_custom_interfaces/local/lib/python3.10/dist-packages:${PYTHONPATH} /usr/bin/cmake --install /home/tanayrs/lars-ros/lars_ws2/build/dynamixel_sdk_examples
[11.404s] -- Install configuration: ""
[11.404s] -- Installing: /home/tanayrs/lars-ros/lars_ws2/install/dynamixel_sdk_examples/lib/dynamixel_sdk_examples/read_write_node
[11.406s] -- Set runtime path of "/home/tanayrs/lars-ros/lars_ws2/install/dynamixel_sdk_examples/lib/dynamixel_sdk_examples/read_write_node" to ""
[11.406s] -- Installing: /home/tanayrs/lars-ros/lars_ws2/install/dynamixel_sdk_examples/share/ament_index/resource_index/package_run_dependencies/dynamixel_sdk_examples
[11.406s] -- Installing: /home/tanayrs/lars-ros/lars_ws2/install/dynamixel_sdk_examples/share/ament_index/resource_index/parent_prefix_path/dynamixel_sdk_examples
[11.406s] -- Installing: /home/tanayrs/lars-ros/lars_ws2/install/dynamixel_sdk_examples/share/dynamixel_sdk_examples/environment/ament_prefix_path.sh
[11.406s] -- Installing: /home/tanayrs/lars-ros/lars_ws2/install/dynamixel_sdk_examples/share/dynamixel_sdk_examples/environment/ament_prefix_path.dsv
[11.406s] -- Installing: /home/tanayrs/lars-ros/lars_ws2/install/dynamixel_sdk_examples/share/dynamixel_sdk_examples/environment/path.sh
[11.407s] -- Installing: /home/tanayrs/lars-ros/lars_ws2/install/dynamixel_sdk_examples/share/dynamixel_sdk_examples/environment/path.dsv
[11.407s] -- Installing: /home/tanayrs/lars-ros/lars_ws2/install/dynamixel_sdk_examples/share/dynamixel_sdk_examples/local_setup.bash
[11.407s] -- Installing: /home/tanayrs/lars-ros/lars_ws2/install/dynamixel_sdk_examples/share/dynamixel_sdk_examples/local_setup.sh
[11.407s] -- Installing: /home/tanayrs/lars-ros/lars_ws2/install/dynamixel_sdk_examples/share/dynamixel_sdk_examples/local_setup.zsh
[11.407s] -- Installing: /home/tanayrs/lars-ros/lars_ws2/install/dynamixel_sdk_examples/share/dynamixel_sdk_examples/local_setup.dsv
[11.407s] -- Installing: /home/tanayrs/lars-ros/lars_ws2/install/dynamixel_sdk_examples/share/dynamixel_sdk_examples/package.dsv
[11.407s] -- Installing: /home/tanayrs/lars-ros/lars_ws2/install/dynamixel_sdk_examples/share/ament_index/resource_index/packages/dynamixel_sdk_examples
[11.407s] -- Installing: /home/tanayrs/lars-ros/lars_ws2/install/dynamixel_sdk_examples/share/dynamixel_sdk_examples/cmake/dynamixel_sdk_examplesConfig.cmake
[11.407s] -- Installing: /home/tanayrs/lars-ros/lars_ws2/install/dynamixel_sdk_examples/share/dynamixel_sdk_examples/cmake/dynamixel_sdk_examplesConfig-version.cmake
[11.407s] -- Installing: /home/tanayrs/lars-ros/lars_ws2/install/dynamixel_sdk_examples/share/dynamixel_sdk_examples/package.xml
[11.409s] Invoked command in '/home/tanayrs/lars-ros/lars_ws2/build/dynamixel_sdk_examples' returned '0': AMENT_PREFIX_PATH=/home/tanayrs/lars-ros/lars_ws2/install/dynamixel_sdk_custom_interfaces:/home/tanayrs/lars-ros/lars_ws2/install/dynamixel_sdk:${AMENT_PREFIX_PATH} CMAKE_PREFIX_PATH=/home/tanayrs/lars-ros/lars_ws2/install/dynamixel_sdk_custom_interfaces:/home/tanayrs/lars-ros/lars_ws2/install/dynamixel_sdk:/home/tanayrs/turtlebot3_ws/install/turtlebot3:/home/tanayrs/turtlebot3_ws/install/turtlebot3_simulations:/home/tanayrs/turtlebot3_ws/install/turtlebot3_bringup:/home/tanayrs/turtlebot3_ws/install/turtlebot3_node:/home/tanayrs/turtlebot3_ws/install/turtlebot3_navigation2:/home/tanayrs/turtlebot3_ws/install/turtlebot3_fake_node:/home/tanayrs/turtlebot3_ws/install/turtlebot3_msgs:/home/tanayrs/turtlebot3_ws/install/turtlebot3_gazebo:/home/tanayrs/turtlebot3_ws/install/turtlebot3_description:/home/tanayrs/turtlebot3_ws/install/turtlebot3_cartographer:/home/tanayrs/turtlebot3_ws/install/dynamixel_sdk_examples:/home/tanayrs/turtlebot3_ws/install/dynamixel_sdk_custom_interfaces:/home/tanayrs/turtlebot3_ws/install/dynamixel_sdk:/home/tanayrs/lars-ros/lars_ws/install/lars_groundbot_description:/home/tanayrs/turtlebot3_ws/install/turtlebot3_teleop:/home/tanayrs/turtlebot3_ws/install/turtlebot3_example:/home/tanayrs/lars-ros/lars_ws/install/lars_groundbot_control:/home/tanayrs/lars_ws/install/turtlebot_mover:/opt/ros/humble LD_LIBRARY_PATH=/home/tanayrs/lars-ros/lars_ws2/install/dynamixel_sdk_custom_interfaces/lib:/home/tanayrs/lars-ros/lars_ws2/install/dynamixel_sdk/lib:${LD_LIBRARY_PATH} PYTHONPATH=/home/tanayrs/lars-ros/lars_ws2/install/dynamixel_sdk_custom_interfaces/local/lib/python3.10/dist-packages:${PYTHONPATH} /usr/bin/cmake --install /home/tanayrs/lars-ros/lars_ws2/build/dynamixel_sdk_examples
