[0.028s] Invoking command in '/home/tanayrs/lars-ros/lars_ws2/build/turtlebot3_msgs': CMAKE_PREFIX_PATH=${CMAKE_PREFIX_PATH}:/home/tanayrs/turtlebot3_ws/install/turtlebot3_teleop:/home/tanayrs/turtlebot3_ws/install/turtlebot3_example:/home/tanayrs/lars-ros/lars_ws/install/lars_groundbot_control:/home/tanayrs/lars_ws/install/turtlebot_mover:/opt/ros/humble /usr/bin/cmake --build /home/tanayrs/lars-ros/lars_ws2/build/turtlebot3_msgs -- -j16 -l16
[0.056s] [35m[1mConsolidate compiler generated dependencies of target turtlebot3_msgs__rosidl_generator_c[0m
[0.062s] [  1%] Built target turtlebot3_msgs__cpp
[0.069s] [ 12%] Built target turtlebot3_msgs__rosidl_generator_c
[0.074s] [ 12%] Built target ament_cmake_python_copy_turtlebot3_msgs
[0.074s] [35m[1mConsolidate compiler generated dependencies of target turtlebot3_msgs__rosidl_typesupport_cpp[0m
[0.074s] [35m[1mConsolidate compiler generated dependencies of target turtlebot3_msgs__rosidl_typesupport_introspection_cpp[0m
[0.075s] [35m[1mConsolidate compiler generated dependencies of target turtlebot3_msgs__rosidl_typesupport_fastrtps_cpp[0m
[0.080s] [35m[1mConsolidate compiler generated dependencies of target turtlebot3_msgs__rosidl_typesupport_c[0m
[0.080s] [35m[1mConsolidate compiler generated dependencies of target turtlebot3_msgs__rosidl_typesupport_introspection_c[0m
[0.082s] [35m[1mConsolidate compiler generated dependencies of target turtlebot3_msgs__rosidl_typesupport_fastrtps_c[0m
[0.092s] [ 23%] Built target turtlebot3_msgs__rosidl_typesupport_introspection_cpp
[0.092s] [ 35%] Built target turtlebot3_msgs__rosidl_typesupport_c
[0.092s] [ 46%] Built target turtlebot3_msgs__rosidl_typesupport_introspection_c
[0.095s] [ 57%] Built target turtlebot3_msgs__rosidl_typesupport_fastrtps_cpp
[0.096s] [ 69%] Built target turtlebot3_msgs__rosidl_typesupport_fastrtps_c
[0.099s] [ 80%] Built target turtlebot3_msgs__rosidl_typesupport_cpp
[0.111s] [ 80%] Built target turtlebot3_msgs
[0.124s] [ 81%] Built target turtlebot3_msgs__py
[0.132s] [35m[1mConsolidate compiler generated dependencies of target turtlebot3_msgs__rosidl_generator_py[0m
[0.141s] [ 91%] Built target turtlebot3_msgs__rosidl_generator_py
[0.148s] [35m[1mConsolidate compiler generated dependencies of target turtlebot3_msgs__rosidl_typesupport_introspection_c__pyext[0m
[0.148s] [35m[1mConsolidate compiler generated dependencies of target turtlebot3_msgs__rosidl_typesupport_fastrtps_c__pyext[0m
[0.148s] [35m[1mConsolidate compiler generated dependencies of target turtlebot3_msgs__rosidl_typesupport_c__pyext[0m
[0.157s] [ 94%] Built target turtlebot3_msgs__rosidl_typesupport_introspection_c__pyext
[0.157s] [ 97%] Built target turtlebot3_msgs__rosidl_typesupport_fastrtps_c__pyext
[0.158s] [100%] Built target turtlebot3_msgs__rosidl_typesupport_c__pyext
[0.259s] running egg_info
[0.259s] writing turtlebot3_msgs.egg-info/PKG-INFO
[0.259s] writing dependency_links to turtlebot3_msgs.egg-info/dependency_links.txt
[0.259s] writing top-level names to turtlebot3_msgs.egg-info/top_level.txt
[0.265s] reading manifest file 'turtlebot3_msgs.egg-info/SOURCES.txt'
[0.265s] writing manifest file 'turtlebot3_msgs.egg-info/SOURCES.txt'
[0.283s] [100%] Built target ament_cmake_python_build_turtlebot3_msgs_egg
[0.295s] Invoked command in '/home/tanayrs/lars-ros/lars_ws2/build/turtlebot3_msgs' returned '0': CMAKE_PREFIX_PATH=${CMAKE_PREFIX_PATH}:/home/tanayrs/turtlebot3_ws/install/turtlebot3_teleop:/home/tanayrs/turtlebot3_ws/install/turtlebot3_example:/home/tanayrs/lars-ros/lars_ws/install/lars_groundbot_control:/home/tanayrs/lars_ws/install/turtlebot_mover:/opt/ros/humble /usr/bin/cmake --build /home/tanayrs/lars-ros/lars_ws2/build/turtlebot3_msgs -- -j16 -l16
[0.296s] Invoking command in '/home/tanayrs/lars-ros/lars_ws2/build/turtlebot3_msgs': CMAKE_PREFIX_PATH=${CMAKE_PREFIX_PATH}:/home/tanayrs/turtlebot3_ws/install/turtlebot3_teleop:/home/tanayrs/turtlebot3_ws/install/turtlebot3_example:/home/tanayrs/lars-ros/lars_ws/install/lars_groundbot_control:/home/tanayrs/lars_ws/install/turtlebot_mover:/opt/ros/humble /usr/bin/cmake --install /home/tanayrs/lars-ros/lars_ws2/build/turtlebot3_msgs
[0.313s] -- Install configuration: ""
[0.313s] -- Up-to-date: /home/tanayrs/lars-ros/lars_ws2/install/turtlebot3_msgs/share/ament_index/resource_index/rosidl_interfaces/turtlebot3_msgs
[0.313s] -- Up-to-date: /home/tanayrs/lars-ros/lars_ws2/install/turtlebot3_msgs/include/turtlebot3_msgs/turtlebot3_msgs
[0.313s] -- Up-to-date: /home/tanayrs/lars-ros/lars_ws2/install/turtlebot3_msgs/include/turtlebot3_msgs/turtlebot3_msgs/srv
[0.313s] -- Up-to-date: /home/tanayrs/lars-ros/lars_ws2/install/turtlebot3_msgs/include/turtlebot3_msgs/turtlebot3_msgs/srv/dqn.h
[0.313s] -- Up-to-date: /home/tanayrs/lars-ros/lars_ws2/install/turtlebot3_msgs/include/turtlebot3_msgs/turtlebot3_msgs/srv/detail
[0.313s] -- Up-to-date: /home/tanayrs/lars-ros/lars_ws2/install/turtlebot3_msgs/include/turtlebot3_msgs/turtlebot3_msgs/srv/detail/dqn__struct.h
[0.313s] -- Up-to-date: /home/tanayrs/lars-ros/lars_ws2/install/turtlebot3_msgs/include/turtlebot3_msgs/turtlebot3_msgs/srv/detail/sound__struct.h
[0.313s] -- Up-to-date: /home/tanayrs/lars-ros/lars_ws2/install/turtlebot3_msgs/include/turtlebot3_msgs/turtlebot3_msgs/srv/detail/dqn__functions.c
[0.313s] -- Up-to-date: /home/tanayrs/lars-ros/lars_ws2/install/turtlebot3_msgs/include/turtlebot3_msgs/turtlebot3_msgs/srv/detail/dqn__type_support.h
[0.313s] -- Up-to-date: /home/tanayrs/lars-ros/lars_ws2/install/turtlebot3_msgs/include/turtlebot3_msgs/turtlebot3_msgs/srv/detail/dqn__functions.h
[0.313s] -- Up-to-date: /home/tanayrs/lars-ros/lars_ws2/install/turtlebot3_msgs/include/turtlebot3_msgs/turtlebot3_msgs/srv/detail/sound__functions.c
[0.313s] -- Up-to-date: /home/tanayrs/lars-ros/lars_ws2/install/turtlebot3_msgs/include/turtlebot3_msgs/turtlebot3_msgs/srv/detail/sound__functions.h
[0.313s] -- Up-to-date: /home/tanayrs/lars-ros/lars_ws2/install/turtlebot3_msgs/include/turtlebot3_msgs/turtlebot3_msgs/srv/detail/sound__type_support.h
[0.313s] -- Up-to-date: /home/tanayrs/lars-ros/lars_ws2/install/turtlebot3_msgs/include/turtlebot3_msgs/turtlebot3_msgs/srv/sound.h
[0.313s] -- Up-to-date: /home/tanayrs/lars-ros/lars_ws2/install/turtlebot3_msgs/include/turtlebot3_msgs/turtlebot3_msgs/msg
[0.313s] -- Up-to-date: /home/tanayrs/lars-ros/lars_ws2/install/turtlebot3_msgs/include/turtlebot3_msgs/turtlebot3_msgs/msg/rosidl_generator_c__visibility_control.h
[0.313s] -- Up-to-date: /home/tanayrs/lars-ros/lars_ws2/install/turtlebot3_msgs/include/turtlebot3_msgs/turtlebot3_msgs/msg/detail
[0.313s] -- Up-to-date: /home/tanayrs/lars-ros/lars_ws2/install/turtlebot3_msgs/include/turtlebot3_msgs/turtlebot3_msgs/msg/detail/sound__struct.h
[0.313s] -- Up-to-date: /home/tanayrs/lars-ros/lars_ws2/install/turtlebot3_msgs/include/turtlebot3_msgs/turtlebot3_msgs/msg/detail/sensor_state__struct.h
[0.313s] -- Up-to-date: /home/tanayrs/lars-ros/lars_ws2/install/turtlebot3_msgs/include/turtlebot3_msgs/turtlebot3_msgs/msg/detail/version_info__functions.c
[0.313s] -- Up-to-date: /home/tanayrs/lars-ros/lars_ws2/install/turtlebot3_msgs/include/turtlebot3_msgs/turtlebot3_msgs/msg/detail/sensor_state__functions.c
[0.313s] -- Up-to-date: /home/tanayrs/lars-ros/lars_ws2/install/turtlebot3_msgs/include/turtlebot3_msgs/turtlebot3_msgs/msg/detail/sound__functions.c
[0.313s] -- Up-to-date: /home/tanayrs/lars-ros/lars_ws2/install/turtlebot3_msgs/include/turtlebot3_msgs/turtlebot3_msgs/msg/detail/sound__functions.h
[0.314s] -- Up-to-date: /home/tanayrs/lars-ros/lars_ws2/install/turtlebot3_msgs/include/turtlebot3_msgs/turtlebot3_msgs/msg/detail/version_info__type_support.h
[0.314s] -- Up-to-date: /home/tanayrs/lars-ros/lars_ws2/install/turtlebot3_msgs/include/turtlebot3_msgs/turtlebot3_msgs/msg/detail/version_info__functions.h
[0.314s] -- Up-to-date: /home/tanayrs/lars-ros/lars_ws2/install/turtlebot3_msgs/include/turtlebot3_msgs/turtlebot3_msgs/msg/detail/sensor_state__type_support.h
[0.314s] -- Up-to-date: /home/tanayrs/lars-ros/lars_ws2/install/turtlebot3_msgs/include/turtlebot3_msgs/turtlebot3_msgs/msg/detail/sensor_state__functions.h
[0.314s] -- Up-to-date: /home/tanayrs/lars-ros/lars_ws2/install/turtlebot3_msgs/include/turtlebot3_msgs/turtlebot3_msgs/msg/detail/version_info__struct.h
[0.314s] -- Up-to-date: /home/tanayrs/lars-ros/lars_ws2/install/turtlebot3_msgs/include/turtlebot3_msgs/turtlebot3_msgs/msg/detail/sound__type_support.h
[0.314s] -- Up-to-date: /home/tanayrs/lars-ros/lars_ws2/install/turtlebot3_msgs/include/turtlebot3_msgs/turtlebot3_msgs/msg/sound.h
[0.315s] -- Up-to-date: /home/tanayrs/lars-ros/lars_ws2/install/turtlebot3_msgs/include/turtlebot3_msgs/turtlebot3_msgs/msg/version_info.h
[0.315s] -- Up-to-date: /home/tanayrs/lars-ros/lars_ws2/install/turtlebot3_msgs/include/turtlebot3_msgs/turtlebot3_msgs/msg/sensor_state.h
[0.315s] -- Up-to-date: /home/tanayrs/lars-ros/lars_ws2/install/turtlebot3_msgs/include/turtlebot3_msgs/turtlebot3_msgs/action
[0.315s] -- Up-to-date: /home/tanayrs/lars-ros/lars_ws2/install/turtlebot3_msgs/include/turtlebot3_msgs/turtlebot3_msgs/action/patrol.h
[0.315s] -- Up-to-date: /home/tanayrs/lars-ros/lars_ws2/install/turtlebot3_msgs/include/turtlebot3_msgs/turtlebot3_msgs/action/detail
[0.315s] -- Up-to-date: /home/tanayrs/lars-ros/lars_ws2/install/turtlebot3_msgs/include/turtlebot3_msgs/turtlebot3_msgs/action/detail/patrol__functions.h
[0.315s] -- Up-to-date: /home/tanayrs/lars-ros/lars_ws2/install/turtlebot3_msgs/include/turtlebot3_msgs/turtlebot3_msgs/action/detail/patrol__type_support.h
[0.315s] -- Up-to-date: /home/tanayrs/lars-ros/lars_ws2/install/turtlebot3_msgs/include/turtlebot3_msgs/turtlebot3_msgs/action/detail/patrol__struct.h
[0.315s] -- Up-to-date: /home/tanayrs/lars-ros/lars_ws2/install/turtlebot3_msgs/include/turtlebot3_msgs/turtlebot3_msgs/action/detail/patrol__functions.c
[0.315s] -- Up-to-date: /home/tanayrs/lars-ros/lars_ws2/install/turtlebot3_msgs/share/turtlebot3_msgs/environment/library_path.sh
[0.315s] -- Up-to-date: /home/tanayrs/lars-ros/lars_ws2/install/turtlebot3_msgs/share/turtlebot3_msgs/environment/library_path.dsv
[0.315s] -- Up-to-date: /home/tanayrs/lars-ros/lars_ws2/install/turtlebot3_msgs/lib/libturtlebot3_msgs__rosidl_generator_c.so
[0.315s] -- Up-to-date: /home/tanayrs/lars-ros/lars_ws2/install/turtlebot3_msgs/include/turtlebot3_msgs/turtlebot3_msgs
[0.315s] -- Up-to-date: /home/tanayrs/lars-ros/lars_ws2/install/turtlebot3_msgs/include/turtlebot3_msgs/turtlebot3_msgs/srv
[0.315s] -- Up-to-date: /home/tanayrs/lars-ros/lars_ws2/install/turtlebot3_msgs/include/turtlebot3_msgs/turtlebot3_msgs/srv/detail
[0.315s] -- Up-to-date: /home/tanayrs/lars-ros/lars_ws2/install/turtlebot3_msgs/include/turtlebot3_msgs/turtlebot3_msgs/srv/detail/dqn__rosidl_typesupport_fastrtps_c.h
[0.315s] -- Up-to-date: /home/tanayrs/lars-ros/lars_ws2/install/turtlebot3_msgs/include/turtlebot3_msgs/turtlebot3_msgs/srv/detail/sound__rosidl_typesupport_fastrtps_c.h
[0.315s] -- Up-to-date: /home/tanayrs/lars-ros/lars_ws2/install/turtlebot3_msgs/include/turtlebot3_msgs/turtlebot3_msgs/msg
[0.315s] -- Up-to-date: /home/tanayrs/lars-ros/lars_ws2/install/turtlebot3_msgs/include/turtlebot3_msgs/turtlebot3_msgs/msg/rosidl_typesupport_fastrtps_c__visibility_control.h
[0.315s] -- Up-to-date: /home/tanayrs/lars-ros/lars_ws2/install/turtlebot3_msgs/include/turtlebot3_msgs/turtlebot3_msgs/msg/detail
[0.315s] -- Up-to-date: /home/tanayrs/lars-ros/lars_ws2/install/turtlebot3_msgs/include/turtlebot3_msgs/turtlebot3_msgs/msg/detail/sensor_state__rosidl_typesupport_fastrtps_c.h
[0.315s] -- Up-to-date: /home/tanayrs/lars-ros/lars_ws2/install/turtlebot3_msgs/include/turtlebot3_msgs/turtlebot3_msgs/msg/detail/version_info__rosidl_typesupport_fastrtps_c.h
[0.315s] -- Up-to-date: /home/tanayrs/lars-ros/lars_ws2/install/turtlebot3_msgs/include/turtlebot3_msgs/turtlebot3_msgs/msg/detail/sound__rosidl_typesupport_fastrtps_c.h
[0.315s] -- Up-to-date: /home/tanayrs/lars-ros/lars_ws2/install/turtlebot3_msgs/include/turtlebot3_msgs/turtlebot3_msgs/action
[0.315s] -- Up-to-date: /home/tanayrs/lars-ros/lars_ws2/install/turtlebot3_msgs/include/turtlebot3_msgs/turtlebot3_msgs/action/detail
[0.315s] -- Up-to-date: /home/tanayrs/lars-ros/lars_ws2/install/turtlebot3_msgs/include/turtlebot3_msgs/turtlebot3_msgs/action/detail/patrol__rosidl_typesupport_fastrtps_c.h
[0.315s] -- Up-to-date: /home/tanayrs/lars-ros/lars_ws2/install/turtlebot3_msgs/lib/libturtlebot3_msgs__rosidl_typesupport_fastrtps_c.so
[0.315s] -- Up-to-date: /home/tanayrs/lars-ros/lars_ws2/install/turtlebot3_msgs/include/turtlebot3_msgs/turtlebot3_msgs
[0.315s] -- Up-to-date: /home/tanayrs/lars-ros/lars_ws2/install/turtlebot3_msgs/include/turtlebot3_msgs/turtlebot3_msgs/srv
[0.316s] -- Up-to-date: /home/tanayrs/lars-ros/lars_ws2/install/turtlebot3_msgs/include/turtlebot3_msgs/turtlebot3_msgs/srv/dqn.hpp
[0.316s] -- Up-to-date: /home/tanayrs/lars-ros/lars_ws2/install/turtlebot3_msgs/include/turtlebot3_msgs/turtlebot3_msgs/srv/sound.hpp
[0.316s] -- Up-to-date: /home/tanayrs/lars-ros/lars_ws2/install/turtlebot3_msgs/include/turtlebot3_msgs/turtlebot3_msgs/srv/detail
[0.316s] -- Up-to-date: /home/tanayrs/lars-ros/lars_ws2/install/turtlebot3_msgs/include/turtlebot3_msgs/turtlebot3_msgs/srv/detail/sound__traits.hpp
[0.316s] -- Up-to-date: /home/tanayrs/lars-ros/lars_ws2/install/turtlebot3_msgs/include/turtlebot3_msgs/turtlebot3_msgs/srv/detail/dqn__builder.hpp
[0.316s] -- Up-to-date: /home/tanayrs/lars-ros/lars_ws2/install/turtlebot3_msgs/include/turtlebot3_msgs/turtlebot3_msgs/srv/detail/sound__struct.hpp
[0.316s] -- Up-to-date: /home/tanayrs/lars-ros/lars_ws2/install/turtlebot3_msgs/include/turtlebot3_msgs/turtlebot3_msgs/srv/detail/dqn__struct.hpp
[0.316s] -- Up-to-date: /home/tanayrs/lars-ros/lars_ws2/install/turtlebot3_msgs/include/turtlebot3_msgs/turtlebot3_msgs/srv/detail/sound__type_support.hpp
[0.316s] -- Up-to-date: /home/tanayrs/lars-ros/lars_ws2/install/turtlebot3_msgs/include/turtlebot3_msgs/turtlebot3_msgs/srv/detail/sound__builder.hpp
[0.316s] -- Up-to-date: /home/tanayrs/lars-ros/lars_ws2/install/turtlebot3_msgs/include/turtlebot3_msgs/turtlebot3_msgs/srv/detail/dqn__type_support.hpp
[0.316s] -- Up-to-date: /home/tanayrs/lars-ros/lars_ws2/install/turtlebot3_msgs/include/turtlebot3_msgs/turtlebot3_msgs/srv/detail/dqn__traits.hpp
[0.317s] -- Up-to-date: /home/tanayrs/lars-ros/lars_ws2/install/turtlebot3_msgs/include/turtlebot3_msgs/turtlebot3_msgs/msg
[0.317s] -- Up-to-date: /home/tanayrs/lars-ros/lars_ws2/install/turtlebot3_msgs/include/turtlebot3_msgs/turtlebot3_msgs/msg/version_info.hpp
[0.317s] -- Up-to-date: /home/tanayrs/lars-ros/lars_ws2/install/turtlebot3_msgs/include/turtlebot3_msgs/turtlebot3_msgs/msg/sensor_state.hpp
[0.317s] -- Up-to-date: /home/tanayrs/lars-ros/lars_ws2/install/turtlebot3_msgs/include/turtlebot3_msgs/turtlebot3_msgs/msg/rosidl_generator_cpp__visibility_control.hpp
[0.317s] -- Up-to-date: /home/tanayrs/lars-ros/lars_ws2/install/turtlebot3_msgs/include/turtlebot3_msgs/turtlebot3_msgs/msg/sound.hpp
[0.317s] -- Up-to-date: /home/tanayrs/lars-ros/lars_ws2/install/turtlebot3_msgs/include/turtlebot3_msgs/turtlebot3_msgs/msg/detail
[0.317s] -- Up-to-date: /home/tanayrs/lars-ros/lars_ws2/install/turtlebot3_msgs/include/turtlebot3_msgs/turtlebot3_msgs/msg/detail/version_info__struct.hpp
[0.317s] -- Up-to-date: /home/tanayrs/lars-ros/lars_ws2/install/turtlebot3_msgs/include/turtlebot3_msgs/turtlebot3_msgs/msg/detail/sound__traits.hpp
[0.317s] -- Up-to-date: /home/tanayrs/lars-ros/lars_ws2/install/turtlebot3_msgs/include/turtlebot3_msgs/turtlebot3_msgs/msg/detail/sensor_state__builder.hpp
[0.317s] -- Up-to-date: /home/tanayrs/lars-ros/lars_ws2/install/turtlebot3_msgs/include/turtlebot3_msgs/turtlebot3_msgs/msg/detail/version_info__type_support.hpp
[0.317s] -- Up-to-date: /home/tanayrs/lars-ros/lars_ws2/install/turtlebot3_msgs/include/turtlebot3_msgs/turtlebot3_msgs/msg/detail/sensor_state__type_support.hpp
[0.317s] -- Up-to-date: /home/tanayrs/lars-ros/lars_ws2/install/turtlebot3_msgs/include/turtlebot3_msgs/turtlebot3_msgs/msg/detail/sensor_state__struct.hpp
[0.317s] -- Up-to-date: /home/tanayrs/lars-ros/lars_ws2/install/turtlebot3_msgs/include/turtlebot3_msgs/turtlebot3_msgs/msg/detail/sound__struct.hpp
[0.317s] -- Up-to-date: /home/tanayrs/lars-ros/lars_ws2/install/turtlebot3_msgs/include/turtlebot3_msgs/turtlebot3_msgs/msg/detail/sound__type_support.hpp
[0.317s] -- Up-to-date: /home/tanayrs/lars-ros/lars_ws2/install/turtlebot3_msgs/include/turtlebot3_msgs/turtlebot3_msgs/msg/detail/version_info__traits.hpp
[0.317s] -- Up-to-date: /home/tanayrs/lars-ros/lars_ws2/install/turtlebot3_msgs/include/turtlebot3_msgs/turtlebot3_msgs/msg/detail/sound__builder.hpp
[0.317s] -- Up-to-date: /home/tanayrs/lars-ros/lars_ws2/install/turtlebot3_msgs/include/turtlebot3_msgs/turtlebot3_msgs/msg/detail/sensor_state__traits.hpp
[0.317s] -- Up-to-date: /home/tanayrs/lars-ros/lars_ws2/install/turtlebot3_msgs/include/turtlebot3_msgs/turtlebot3_msgs/msg/detail/version_info__builder.hpp
[0.317s] -- Up-to-date: /home/tanayrs/lars-ros/lars_ws2/install/turtlebot3_msgs/include/turtlebot3_msgs/turtlebot3_msgs/action
[0.317s] -- Up-to-date: /home/tanayrs/lars-ros/lars_ws2/install/turtlebot3_msgs/include/turtlebot3_msgs/turtlebot3_msgs/action/patrol.hpp
[0.317s] -- Up-to-date: /home/tanayrs/lars-ros/lars_ws2/install/turtlebot3_msgs/include/turtlebot3_msgs/turtlebot3_msgs/action/detail
[0.317s] -- Up-to-date: /home/tanayrs/lars-ros/lars_ws2/install/turtlebot3_msgs/include/turtlebot3_msgs/turtlebot3_msgs/action/detail/patrol__struct.hpp
[0.317s] -- Up-to-date: /home/tanayrs/lars-ros/lars_ws2/install/turtlebot3_msgs/include/turtlebot3_msgs/turtlebot3_msgs/action/detail/patrol__type_support.hpp
[0.317s] -- Up-to-date: /home/tanayrs/lars-ros/lars_ws2/install/turtlebot3_msgs/include/turtlebot3_msgs/turtlebot3_msgs/action/detail/patrol__traits.hpp
[0.317s] -- Up-to-date: /home/tanayrs/lars-ros/lars_ws2/install/turtlebot3_msgs/include/turtlebot3_msgs/turtlebot3_msgs/action/detail/patrol__builder.hpp
[0.317s] -- Up-to-date: /home/tanayrs/lars-ros/lars_ws2/install/turtlebot3_msgs/include/turtlebot3_msgs/turtlebot3_msgs
[0.317s] -- Up-to-date: /home/tanayrs/lars-ros/lars_ws2/install/turtlebot3_msgs/include/turtlebot3_msgs/turtlebot3_msgs/srv
[0.317s] -- Up-to-date: /home/tanayrs/lars-ros/lars_ws2/install/turtlebot3_msgs/include/turtlebot3_msgs/turtlebot3_msgs/srv/detail
[0.317s] -- Up-to-date: /home/tanayrs/lars-ros/lars_ws2/install/turtlebot3_msgs/include/turtlebot3_msgs/turtlebot3_msgs/srv/detail/dqn__rosidl_typesupport_fastrtps_cpp.hpp
[0.317s] -- Up-to-date: /home/tanayrs/lars-ros/lars_ws2/install/turtlebot3_msgs/include/turtlebot3_msgs/turtlebot3_msgs/srv/detail/dds_fastrtps
[0.317s] -- Up-to-date: /home/tanayrs/lars-ros/lars_ws2/install/turtlebot3_msgs/include/turtlebot3_msgs/turtlebot3_msgs/srv/detail/sound__rosidl_typesupport_fastrtps_cpp.hpp
[0.317s] -- Up-to-date: /home/tanayrs/lars-ros/lars_ws2/install/turtlebot3_msgs/include/turtlebot3_msgs/turtlebot3_msgs/msg
[0.318s] -- Up-to-date: /home/tanayrs/lars-ros/lars_ws2/install/turtlebot3_msgs/include/turtlebot3_msgs/turtlebot3_msgs/msg/rosidl_typesupport_fastrtps_cpp__visibility_control.h
[0.318s] -- Up-to-date: /home/tanayrs/lars-ros/lars_ws2/install/turtlebot3_msgs/include/turtlebot3_msgs/turtlebot3_msgs/msg/detail
[0.318s] -- Up-to-date: /home/tanayrs/lars-ros/lars_ws2/install/turtlebot3_msgs/include/turtlebot3_msgs/turtlebot3_msgs/msg/detail/dds_fastrtps
[0.318s] -- Up-to-date: /home/tanayrs/lars-ros/lars_ws2/install/turtlebot3_msgs/include/turtlebot3_msgs/turtlebot3_msgs/msg/detail/sensor_state__rosidl_typesupport_fastrtps_cpp.hpp
[0.318s] -- Up-to-date: /home/tanayrs/lars-ros/lars_ws2/install/turtlebot3_msgs/include/turtlebot3_msgs/turtlebot3_msgs/msg/detail/version_info__rosidl_typesupport_fastrtps_cpp.hpp
[0.318s] -- Up-to-date: /home/tanayrs/lars-ros/lars_ws2/install/turtlebot3_msgs/include/turtlebot3_msgs/turtlebot3_msgs/msg/detail/sound__rosidl_typesupport_fastrtps_cpp.hpp
[0.318s] -- Up-to-date: /home/tanayrs/lars-ros/lars_ws2/install/turtlebot3_msgs/include/turtlebot3_msgs/turtlebot3_msgs/action
[0.318s] -- Up-to-date: /home/tanayrs/lars-ros/lars_ws2/install/turtlebot3_msgs/include/turtlebot3_msgs/turtlebot3_msgs/action/detail
[0.318s] -- Up-to-date: /home/tanayrs/lars-ros/lars_ws2/install/turtlebot3_msgs/include/turtlebot3_msgs/turtlebot3_msgs/action/detail/patrol__rosidl_typesupport_fastrtps_cpp.hpp
[0.318s] -- Up-to-date: /home/tanayrs/lars-ros/lars_ws2/install/turtlebot3_msgs/include/turtlebot3_msgs/turtlebot3_msgs/action/detail/dds_fastrtps
[0.318s] -- Up-to-date: /home/tanayrs/lars-ros/lars_ws2/install/turtlebot3_msgs/lib/libturtlebot3_msgs__rosidl_typesupport_fastrtps_cpp.so
[0.318s] -- Up-to-date: /home/tanayrs/lars-ros/lars_ws2/install/turtlebot3_msgs/include/turtlebot3_msgs/turtlebot3_msgs
[0.318s] -- Up-to-date: /home/tanayrs/lars-ros/lars_ws2/install/turtlebot3_msgs/include/turtlebot3_msgs/turtlebot3_msgs/srv
[0.318s] -- Up-to-date: /home/tanayrs/lars-ros/lars_ws2/install/turtlebot3_msgs/include/turtlebot3_msgs/turtlebot3_msgs/srv/detail
[0.318s] -- Up-to-date: /home/tanayrs/lars-ros/lars_ws2/install/turtlebot3_msgs/include/turtlebot3_msgs/turtlebot3_msgs/srv/detail/dqn__type_support.c
[0.318s] -- Up-to-date: /home/tanayrs/lars-ros/lars_ws2/install/turtlebot3_msgs/include/turtlebot3_msgs/turtlebot3_msgs/srv/detail/sound__type_support.c
[0.318s] -- Up-to-date: /home/tanayrs/lars-ros/lars_ws2/install/turtlebot3_msgs/include/turtlebot3_msgs/turtlebot3_msgs/srv/detail/sound__rosidl_typesupport_introspection_c.h
[0.318s] -- Up-to-date: /home/tanayrs/lars-ros/lars_ws2/install/turtlebot3_msgs/include/turtlebot3_msgs/turtlebot3_msgs/srv/detail/dqn__rosidl_typesupport_introspection_c.h
[0.318s] -- Up-to-date: /home/tanayrs/lars-ros/lars_ws2/install/turtlebot3_msgs/include/turtlebot3_msgs/turtlebot3_msgs/msg
[0.318s] -- Up-to-date: /home/tanayrs/lars-ros/lars_ws2/install/turtlebot3_msgs/include/turtlebot3_msgs/turtlebot3_msgs/msg/rosidl_typesupport_introspection_c__visibility_control.h
[0.318s] -- Up-to-date: /home/tanayrs/lars-ros/lars_ws2/install/turtlebot3_msgs/include/turtlebot3_msgs/turtlebot3_msgs/msg/detail
[0.318s] -- Up-to-date: /home/tanayrs/lars-ros/lars_ws2/install/turtlebot3_msgs/include/turtlebot3_msgs/turtlebot3_msgs/msg/detail/sound__type_support.c
[0.318s] -- Up-to-date: /home/tanayrs/lars-ros/lars_ws2/install/turtlebot3_msgs/include/turtlebot3_msgs/turtlebot3_msgs/msg/detail/sensor_state__type_support.c
[0.318s] -- Up-to-date: /home/tanayrs/lars-ros/lars_ws2/install/turtlebot3_msgs/include/turtlebot3_msgs/turtlebot3_msgs/msg/detail/sensor_state__rosidl_typesupport_introspection_c.h
[0.318s] -- Up-to-date: /home/tanayrs/lars-ros/lars_ws2/install/turtlebot3_msgs/include/turtlebot3_msgs/turtlebot3_msgs/msg/detail/sound__rosidl_typesupport_introspection_c.h
[0.318s] -- Up-to-date: /home/tanayrs/lars-ros/lars_ws2/install/turtlebot3_msgs/include/turtlebot3_msgs/turtlebot3_msgs/msg/detail/version_info__rosidl_typesupport_introspection_c.h
[0.318s] -- Up-to-date: /home/tanayrs/lars-ros/lars_ws2/install/turtlebot3_msgs/include/turtlebot3_msgs/turtlebot3_msgs/msg/detail/version_info__type_support.c
[0.318s] -- Up-to-date: /home/tanayrs/lars-ros/lars_ws2/install/turtlebot3_msgs/include/turtlebot3_msgs/turtlebot3_msgs/action
[0.318s] -- Up-to-date: /home/tanayrs/lars-ros/lars_ws2/install/turtlebot3_msgs/include/turtlebot3_msgs/turtlebot3_msgs/action/detail
[0.318s] -- Up-to-date: /home/tanayrs/lars-ros/lars_ws2/install/turtlebot3_msgs/include/turtlebot3_msgs/turtlebot3_msgs/action/detail/patrol__type_support.c
[0.318s] -- Up-to-date: /home/tanayrs/lars-ros/lars_ws2/install/turtlebot3_msgs/include/turtlebot3_msgs/turtlebot3_msgs/action/detail/patrol__rosidl_typesupport_introspection_c.h
[0.318s] -- Up-to-date: /home/tanayrs/lars-ros/lars_ws2/install/turtlebot3_msgs/lib/libturtlebot3_msgs__rosidl_typesupport_introspection_c.so
[0.319s] -- Up-to-date: /home/tanayrs/lars-ros/lars_ws2/install/turtlebot3_msgs/lib/libturtlebot3_msgs__rosidl_typesupport_c.so
[0.319s] -- Up-to-date: /home/tanayrs/lars-ros/lars_ws2/install/turtlebot3_msgs/include/turtlebot3_msgs/turtlebot3_msgs
[0.319s] -- Up-to-date: /home/tanayrs/lars-ros/lars_ws2/install/turtlebot3_msgs/include/turtlebot3_msgs/turtlebot3_msgs/srv
[0.319s] -- Up-to-date: /home/tanayrs/lars-ros/lars_ws2/install/turtlebot3_msgs/include/turtlebot3_msgs/turtlebot3_msgs/srv/detail
[0.319s] -- Up-to-date: /home/tanayrs/lars-ros/lars_ws2/install/turtlebot3_msgs/include/turtlebot3_msgs/turtlebot3_msgs/srv/detail/dqn__type_support.cpp
[0.319s] -- Up-to-date: /home/tanayrs/lars-ros/lars_ws2/install/turtlebot3_msgs/include/turtlebot3_msgs/turtlebot3_msgs/srv/detail/sound__rosidl_typesupport_introspection_cpp.hpp
[0.319s] -- Up-to-date: /home/tanayrs/lars-ros/lars_ws2/install/turtlebot3_msgs/include/turtlebot3_msgs/turtlebot3_msgs/srv/detail/dqn__rosidl_typesupport_introspection_cpp.hpp
[0.319s] -- Up-to-date: /home/tanayrs/lars-ros/lars_ws2/install/turtlebot3_msgs/include/turtlebot3_msgs/turtlebot3_msgs/srv/detail/sound__type_support.cpp
[0.319s] -- Up-to-date: /home/tanayrs/lars-ros/lars_ws2/install/turtlebot3_msgs/include/turtlebot3_msgs/turtlebot3_msgs/msg
[0.319s] -- Up-to-date: /home/tanayrs/lars-ros/lars_ws2/install/turtlebot3_msgs/include/turtlebot3_msgs/turtlebot3_msgs/msg/detail
[0.319s] -- Up-to-date: /home/tanayrs/lars-ros/lars_ws2/install/turtlebot3_msgs/include/turtlebot3_msgs/turtlebot3_msgs/msg/detail/version_info__type_support.cpp
[0.319s] -- Up-to-date: /home/tanayrs/lars-ros/lars_ws2/install/turtlebot3_msgs/include/turtlebot3_msgs/turtlebot3_msgs/msg/detail/sensor_state__type_support.cpp
[0.319s] -- Up-to-date: /home/tanayrs/lars-ros/lars_ws2/install/turtlebot3_msgs/include/turtlebot3_msgs/turtlebot3_msgs/msg/detail/sensor_state__rosidl_typesupport_introspection_cpp.hpp
[0.319s] -- Up-to-date: /home/tanayrs/lars-ros/lars_ws2/install/turtlebot3_msgs/include/turtlebot3_msgs/turtlebot3_msgs/msg/detail/version_info__rosidl_typesupport_introspection_cpp.hpp
[0.319s] -- Up-to-date: /home/tanayrs/lars-ros/lars_ws2/install/turtlebot3_msgs/include/turtlebot3_msgs/turtlebot3_msgs/msg/detail/sound__rosidl_typesupport_introspection_cpp.hpp
[0.319s] -- Up-to-date: /home/tanayrs/lars-ros/lars_ws2/install/turtlebot3_msgs/include/turtlebot3_msgs/turtlebot3_msgs/msg/detail/sound__type_support.cpp
[0.319s] -- Up-to-date: /home/tanayrs/lars-ros/lars_ws2/install/turtlebot3_msgs/include/turtlebot3_msgs/turtlebot3_msgs/action
[0.319s] -- Up-to-date: /home/tanayrs/lars-ros/lars_ws2/install/turtlebot3_msgs/include/turtlebot3_msgs/turtlebot3_msgs/action/detail
[0.319s] -- Up-to-date: /home/tanayrs/lars-ros/lars_ws2/install/turtlebot3_msgs/include/turtlebot3_msgs/turtlebot3_msgs/action/detail/patrol__rosidl_typesupport_introspection_cpp.hpp
[0.319s] -- Up-to-date: /home/tanayrs/lars-ros/lars_ws2/install/turtlebot3_msgs/include/turtlebot3_msgs/turtlebot3_msgs/action/detail/patrol__type_support.cpp
[0.319s] -- Up-to-date: /home/tanayrs/lars-ros/lars_ws2/install/turtlebot3_msgs/lib/libturtlebot3_msgs__rosidl_typesupport_introspection_cpp.so
[0.321s] -- Up-to-date: /home/tanayrs/lars-ros/lars_ws2/install/turtlebot3_msgs/lib/libturtlebot3_msgs__rosidl_typesupport_cpp.so
[0.321s] -- Up-to-date: /home/tanayrs/lars-ros/lars_ws2/install/turtlebot3_msgs/share/turtlebot3_msgs/environment/pythonpath.sh
[0.321s] -- Up-to-date: /home/tanayrs/lars-ros/lars_ws2/install/turtlebot3_msgs/share/turtlebot3_msgs/environment/pythonpath.dsv
[0.321s] -- Up-to-date: /home/tanayrs/lars-ros/lars_ws2/install/turtlebot3_msgs/local/lib/python3.10/dist-packages/turtlebot3_msgs-2.2.3-py3.10.egg-info
[0.321s] -- Installing: /home/tanayrs/lars-ros/lars_ws2/install/turtlebot3_msgs/local/lib/python3.10/dist-packages/turtlebot3_msgs-2.2.3-py3.10.egg-info/dependency_links.txt
[0.321s] -- Installing: /home/tanayrs/lars-ros/lars_ws2/install/turtlebot3_msgs/local/lib/python3.10/dist-packages/turtlebot3_msgs-2.2.3-py3.10.egg-info/top_level.txt
[0.321s] -- Installing: /home/tanayrs/lars-ros/lars_ws2/install/turtlebot3_msgs/local/lib/python3.10/dist-packages/turtlebot3_msgs-2.2.3-py3.10.egg-info/SOURCES.txt
[0.321s] -- Installing: /home/tanayrs/lars-ros/lars_ws2/install/turtlebot3_msgs/local/lib/python3.10/dist-packages/turtlebot3_msgs-2.2.3-py3.10.egg-info/PKG-INFO
[0.321s] -- Up-to-date: /home/tanayrs/lars-ros/lars_ws2/install/turtlebot3_msgs/local/lib/python3.10/dist-packages/turtlebot3_msgs
[0.321s] -- Up-to-date: /home/tanayrs/lars-ros/lars_ws2/install/turtlebot3_msgs/local/lib/python3.10/dist-packages/turtlebot3_msgs/srv
[0.321s] -- Up-to-date: /home/tanayrs/lars-ros/lars_ws2/install/turtlebot3_msgs/local/lib/python3.10/dist-packages/turtlebot3_msgs/srv/_dqn.py
[0.321s] -- Up-to-date: /home/tanayrs/lars-ros/lars_ws2/install/turtlebot3_msgs/local/lib/python3.10/dist-packages/turtlebot3_msgs/srv/_dqn_s.c
[0.321s] -- Up-to-date: /home/tanayrs/lars-ros/lars_ws2/install/turtlebot3_msgs/local/lib/python3.10/dist-packages/turtlebot3_msgs/srv/_sound_s.c
[0.321s] -- Up-to-date: /home/tanayrs/lars-ros/lars_ws2/install/turtlebot3_msgs/local/lib/python3.10/dist-packages/turtlebot3_msgs/srv/__init__.py
[0.321s] -- Up-to-date: /home/tanayrs/lars-ros/lars_ws2/install/turtlebot3_msgs/local/lib/python3.10/dist-packages/turtlebot3_msgs/srv/_sound.py
[0.321s] -- Up-to-date: /home/tanayrs/lars-ros/lars_ws2/install/turtlebot3_msgs/local/lib/python3.10/dist-packages/turtlebot3_msgs/turtlebot3_msgs_s__rosidl_typesupport_c.cpython-310-x86_64-linux-gnu.so
[0.322s] -- Up-to-date: /home/tanayrs/lars-ros/lars_ws2/install/turtlebot3_msgs/local/lib/python3.10/dist-packages/turtlebot3_msgs/_turtlebot3_msgs_s.ep.rosidl_typesupport_introspection_c.c
[0.322s] -- Up-to-date: /home/tanayrs/lars-ros/lars_ws2/install/turtlebot3_msgs/local/lib/python3.10/dist-packages/turtlebot3_msgs/msg
[0.322s] -- Up-to-date: /home/tanayrs/lars-ros/lars_ws2/install/turtlebot3_msgs/local/lib/python3.10/dist-packages/turtlebot3_msgs/msg/_version_info_s.c
[0.322s] -- Up-to-date: /home/tanayrs/lars-ros/lars_ws2/install/turtlebot3_msgs/local/lib/python3.10/dist-packages/turtlebot3_msgs/msg/_sensor_state.py
[0.322s] -- Up-to-date: /home/tanayrs/lars-ros/lars_ws2/install/turtlebot3_msgs/local/lib/python3.10/dist-packages/turtlebot3_msgs/msg/_sound_s.c
[0.322s] -- Up-to-date: /home/tanayrs/lars-ros/lars_ws2/install/turtlebot3_msgs/local/lib/python3.10/dist-packages/turtlebot3_msgs/msg/__init__.py
[0.322s] -- Up-to-date: /home/tanayrs/lars-ros/lars_ws2/install/turtlebot3_msgs/local/lib/python3.10/dist-packages/turtlebot3_msgs/msg/_sensor_state_s.c
[0.322s] -- Up-to-date: /home/tanayrs/lars-ros/lars_ws2/install/turtlebot3_msgs/local/lib/python3.10/dist-packages/turtlebot3_msgs/msg/_sound.py
[0.322s] -- Up-to-date: /home/tanayrs/lars-ros/lars_ws2/install/turtlebot3_msgs/local/lib/python3.10/dist-packages/turtlebot3_msgs/msg/_version_info.py
[0.322s] -- Up-to-date: /home/tanayrs/lars-ros/lars_ws2/install/turtlebot3_msgs/local/lib/python3.10/dist-packages/turtlebot3_msgs/__init__.py
[0.322s] -- Up-to-date: /home/tanayrs/lars-ros/lars_ws2/install/turtlebot3_msgs/local/lib/python3.10/dist-packages/turtlebot3_msgs/_turtlebot3_msgs_s.ep.rosidl_typesupport_fastrtps_c.c
[0.322s] -- Up-to-date: /home/tanayrs/lars-ros/lars_ws2/install/turtlebot3_msgs/local/lib/python3.10/dist-packages/turtlebot3_msgs/libturtlebot3_msgs__rosidl_generator_py.so
[0.322s] -- Up-to-date: /home/tanayrs/lars-ros/lars_ws2/install/turtlebot3_msgs/local/lib/python3.10/dist-packages/turtlebot3_msgs/_turtlebot3_msgs_s.ep.rosidl_typesupport_c.c
[0.322s] -- Up-to-date: /home/tanayrs/lars-ros/lars_ws2/install/turtlebot3_msgs/local/lib/python3.10/dist-packages/turtlebot3_msgs/turtlebot3_msgs_s__rosidl_typesupport_introspection_c.cpython-310-x86_64-linux-gnu.so
[0.322s] -- Up-to-date: /home/tanayrs/lars-ros/lars_ws2/install/turtlebot3_msgs/local/lib/python3.10/dist-packages/turtlebot3_msgs/action
[0.322s] -- Up-to-date: /home/tanayrs/lars-ros/lars_ws2/install/turtlebot3_msgs/local/lib/python3.10/dist-packages/turtlebot3_msgs/action/_patrol.py
[0.322s] -- Up-to-date: /home/tanayrs/lars-ros/lars_ws2/install/turtlebot3_msgs/local/lib/python3.10/dist-packages/turtlebot3_msgs/action/__init__.py
[0.322s] -- Up-to-date: /home/tanayrs/lars-ros/lars_ws2/install/turtlebot3_msgs/local/lib/python3.10/dist-packages/turtlebot3_msgs/action/_patrol_s.c
[0.322s] -- Up-to-date: /home/tanayrs/lars-ros/lars_ws2/install/turtlebot3_msgs/local/lib/python3.10/dist-packages/turtlebot3_msgs/turtlebot3_msgs_s__rosidl_typesupport_fastrtps_c.cpython-310-x86_64-linux-gnu.so
[0.335s] Listing '/home/tanayrs/lars-ros/lars_ws2/install/turtlebot3_msgs/local/lib/python3.10/dist-packages/turtlebot3_msgs'...
[0.335s] Listing '/home/tanayrs/lars-ros/lars_ws2/install/turtlebot3_msgs/local/lib/python3.10/dist-packages/turtlebot3_msgs/action'...
[0.335s] Listing '/home/tanayrs/lars-ros/lars_ws2/install/turtlebot3_msgs/local/lib/python3.10/dist-packages/turtlebot3_msgs/msg'...
[0.335s] Listing '/home/tanayrs/lars-ros/lars_ws2/install/turtlebot3_msgs/local/lib/python3.10/dist-packages/turtlebot3_msgs/srv'...
[0.339s] -- Up-to-date: /home/tanayrs/lars-ros/lars_ws2/install/turtlebot3_msgs/local/lib/python3.10/dist-packages/turtlebot3_msgs/turtlebot3_msgs_s__rosidl_typesupport_fastrtps_c.cpython-310-x86_64-linux-gnu.so
[0.339s] -- Up-to-date: /home/tanayrs/lars-ros/lars_ws2/install/turtlebot3_msgs/local/lib/python3.10/dist-packages/turtlebot3_msgs/turtlebot3_msgs_s__rosidl_typesupport_introspection_c.cpython-310-x86_64-linux-gnu.so
[0.339s] -- Up-to-date: /home/tanayrs/lars-ros/lars_ws2/install/turtlebot3_msgs/local/lib/python3.10/dist-packages/turtlebot3_msgs/turtlebot3_msgs_s__rosidl_typesupport_c.cpython-310-x86_64-linux-gnu.so
[0.339s] -- Up-to-date: /home/tanayrs/lars-ros/lars_ws2/install/turtlebot3_msgs/lib/libturtlebot3_msgs__rosidl_generator_py.so
[0.339s] -- Up-to-date: /home/tanayrs/lars-ros/lars_ws2/install/turtlebot3_msgs/share/turtlebot3_msgs/msg/SensorState.idl
[0.339s] -- Up-to-date: /home/tanayrs/lars-ros/lars_ws2/install/turtlebot3_msgs/share/turtlebot3_msgs/msg/Sound.idl
[0.339s] -- Up-to-date: /home/tanayrs/lars-ros/lars_ws2/install/turtlebot3_msgs/share/turtlebot3_msgs/msg/VersionInfo.idl
[0.340s] -- Up-to-date: /home/tanayrs/lars-ros/lars_ws2/install/turtlebot3_msgs/share/turtlebot3_msgs/srv/Sound.idl
[0.340s] -- Up-to-date: /home/tanayrs/lars-ros/lars_ws2/install/turtlebot3_msgs/share/turtlebot3_msgs/srv/Dqn.idl
[0.340s] -- Up-to-date: /home/tanayrs/lars-ros/lars_ws2/install/turtlebot3_msgs/share/turtlebot3_msgs/action/Patrol.idl
[0.340s] -- Up-to-date: /home/tanayrs/lars-ros/lars_ws2/install/turtlebot3_msgs/share/turtlebot3_msgs/msg/SensorState.msg
[0.340s] -- Up-to-date: /home/tanayrs/lars-ros/lars_ws2/install/turtlebot3_msgs/share/turtlebot3_msgs/msg/Sound.msg
[0.340s] -- Up-to-date: /home/tanayrs/lars-ros/lars_ws2/install/turtlebot3_msgs/share/turtlebot3_msgs/msg/VersionInfo.msg
[0.340s] -- Up-to-date: /home/tanayrs/lars-ros/lars_ws2/install/turtlebot3_msgs/share/turtlebot3_msgs/srv/Sound.srv
[0.340s] -- Up-to-date: /home/tanayrs/lars-ros/lars_ws2/install/turtlebot3_msgs/share/turtlebot3_msgs/srv/Sound_Request.msg
[0.340s] -- Up-to-date: /home/tanayrs/lars-ros/lars_ws2/install/turtlebot3_msgs/share/turtlebot3_msgs/srv/Sound_Response.msg
[0.340s] -- Up-to-date: /home/tanayrs/lars-ros/lars_ws2/install/turtlebot3_msgs/share/turtlebot3_msgs/srv/Dqn.srv
[0.340s] -- Up-to-date: /home/tanayrs/lars-ros/lars_ws2/install/turtlebot3_msgs/share/turtlebot3_msgs/srv/Dqn_Request.msg
[0.340s] -- Up-to-date: /home/tanayrs/lars-ros/lars_ws2/install/turtlebot3_msgs/share/turtlebot3_msgs/srv/Dqn_Response.msg
[0.340s] -- Up-to-date: /home/tanayrs/lars-ros/lars_ws2/install/turtlebot3_msgs/share/turtlebot3_msgs/action/Patrol.action
[0.340s] -- Up-to-date: /home/tanayrs/lars-ros/lars_ws2/install/turtlebot3_msgs/share/ament_index/resource_index/package_run_dependencies/turtlebot3_msgs
[0.340s] -- Up-to-date: /home/tanayrs/lars-ros/lars_ws2/install/turtlebot3_msgs/share/ament_index/resource_index/parent_prefix_path/turtlebot3_msgs
[0.340s] -- Up-to-date: /home/tanayrs/lars-ros/lars_ws2/install/turtlebot3_msgs/share/turtlebot3_msgs/environment/ament_prefix_path.sh
[0.341s] -- Up-to-date: /home/tanayrs/lars-ros/lars_ws2/install/turtlebot3_msgs/share/turtlebot3_msgs/environment/ament_prefix_path.dsv
[0.341s] -- Up-to-date: /home/tanayrs/lars-ros/lars_ws2/install/turtlebot3_msgs/share/turtlebot3_msgs/environment/path.sh
[0.341s] -- Up-to-date: /home/tanayrs/lars-ros/lars_ws2/install/turtlebot3_msgs/share/turtlebot3_msgs/environment/path.dsv
[0.341s] -- Up-to-date: /home/tanayrs/lars-ros/lars_ws2/install/turtlebot3_msgs/share/turtlebot3_msgs/local_setup.bash
[0.341s] -- Up-to-date: /home/tanayrs/lars-ros/lars_ws2/install/turtlebot3_msgs/share/turtlebot3_msgs/local_setup.sh
[0.341s] -- Up-to-date: /home/tanayrs/lars-ros/lars_ws2/install/turtlebot3_msgs/share/turtlebot3_msgs/local_setup.zsh
[0.341s] -- Up-to-date: /home/tanayrs/lars-ros/lars_ws2/install/turtlebot3_msgs/share/turtlebot3_msgs/local_setup.dsv
[0.341s] -- Installing: /home/tanayrs/lars-ros/lars_ws2/install/turtlebot3_msgs/share/turtlebot3_msgs/package.dsv
[0.341s] -- Up-to-date: /home/tanayrs/lars-ros/lars_ws2/install/turtlebot3_msgs/share/ament_index/resource_index/packages/turtlebot3_msgs
[0.341s] -- Up-to-date: /home/tanayrs/lars-ros/lars_ws2/install/turtlebot3_msgs/share/turtlebot3_msgs/cmake/export_turtlebot3_msgs__rosidl_generator_cExport.cmake
[0.342s] -- Up-to-date: /home/tanayrs/lars-ros/lars_ws2/install/turtlebot3_msgs/share/turtlebot3_msgs/cmake/export_turtlebot3_msgs__rosidl_generator_cExport-noconfig.cmake
[0.342s] -- Up-to-date: /home/tanayrs/lars-ros/lars_ws2/install/turtlebot3_msgs/share/turtlebot3_msgs/cmake/export_turtlebot3_msgs__rosidl_typesupport_fastrtps_cExport.cmake
[0.342s] -- Up-to-date: /home/tanayrs/lars-ros/lars_ws2/install/turtlebot3_msgs/share/turtlebot3_msgs/cmake/export_turtlebot3_msgs__rosidl_typesupport_fastrtps_cExport-noconfig.cmake
[0.342s] -- Up-to-date: /home/tanayrs/lars-ros/lars_ws2/install/turtlebot3_msgs/share/turtlebot3_msgs/cmake/export_turtlebot3_msgs__rosidl_generator_cppExport.cmake
[0.342s] -- Up-to-date: /home/tanayrs/lars-ros/lars_ws2/install/turtlebot3_msgs/share/turtlebot3_msgs/cmake/export_turtlebot3_msgs__rosidl_typesupport_fastrtps_cppExport.cmake
[0.342s] -- Up-to-date: /home/tanayrs/lars-ros/lars_ws2/install/turtlebot3_msgs/share/turtlebot3_msgs/cmake/export_turtlebot3_msgs__rosidl_typesupport_fastrtps_cppExport-noconfig.cmake
[0.342s] -- Up-to-date: /home/tanayrs/lars-ros/lars_ws2/install/turtlebot3_msgs/share/turtlebot3_msgs/cmake/turtlebot3_msgs__rosidl_typesupport_introspection_cExport.cmake
[0.342s] -- Up-to-date: /home/tanayrs/lars-ros/lars_ws2/install/turtlebot3_msgs/share/turtlebot3_msgs/cmake/turtlebot3_msgs__rosidl_typesupport_introspection_cExport-noconfig.cmake
[0.342s] -- Up-to-date: /home/tanayrs/lars-ros/lars_ws2/install/turtlebot3_msgs/share/turtlebot3_msgs/cmake/turtlebot3_msgs__rosidl_typesupport_cExport.cmake
[0.342s] -- Up-to-date: /home/tanayrs/lars-ros/lars_ws2/install/turtlebot3_msgs/share/turtlebot3_msgs/cmake/turtlebot3_msgs__rosidl_typesupport_cExport-noconfig.cmake
[0.342s] -- Up-to-date: /home/tanayrs/lars-ros/lars_ws2/install/turtlebot3_msgs/share/turtlebot3_msgs/cmake/turtlebot3_msgs__rosidl_typesupport_introspection_cppExport.cmake
[0.342s] -- Up-to-date: /home/tanayrs/lars-ros/lars_ws2/install/turtlebot3_msgs/share/turtlebot3_msgs/cmake/turtlebot3_msgs__rosidl_typesupport_introspection_cppExport-noconfig.cmake
[0.342s] -- Up-to-date: /home/tanayrs/lars-ros/lars_ws2/install/turtlebot3_msgs/share/turtlebot3_msgs/cmake/turtlebot3_msgs__rosidl_typesupport_cppExport.cmake
[0.342s] -- Up-to-date: /home/tanayrs/lars-ros/lars_ws2/install/turtlebot3_msgs/share/turtlebot3_msgs/cmake/turtlebot3_msgs__rosidl_typesupport_cppExport-noconfig.cmake
[0.342s] -- Up-to-date: /home/tanayrs/lars-ros/lars_ws2/install/turtlebot3_msgs/share/turtlebot3_msgs/cmake/export_turtlebot3_msgs__rosidl_generator_pyExport.cmake
[0.342s] -- Up-to-date: /home/tanayrs/lars-ros/lars_ws2/install/turtlebot3_msgs/share/turtlebot3_msgs/cmake/export_turtlebot3_msgs__rosidl_generator_pyExport-noconfig.cmake
[0.342s] -- Up-to-date: /home/tanayrs/lars-ros/lars_ws2/install/turtlebot3_msgs/share/turtlebot3_msgs/cmake/rosidl_cmake-extras.cmake
[0.342s] -- Up-to-date: /home/tanayrs/lars-ros/lars_ws2/install/turtlebot3_msgs/share/turtlebot3_msgs/cmake/ament_cmake_export_dependencies-extras.cmake
[0.342s] -- Up-to-date: /home/tanayrs/lars-ros/lars_ws2/install/turtlebot3_msgs/share/turtlebot3_msgs/cmake/ament_cmake_export_include_directories-extras.cmake
[0.342s] -- Up-to-date: /home/tanayrs/lars-ros/lars_ws2/install/turtlebot3_msgs/share/turtlebot3_msgs/cmake/ament_cmake_export_libraries-extras.cmake
[0.342s] -- Up-to-date: /home/tanayrs/lars-ros/lars_ws2/install/turtlebot3_msgs/share/turtlebot3_msgs/cmake/ament_cmake_export_targets-extras.cmake
[0.343s] -- Up-to-date: /home/tanayrs/lars-ros/lars_ws2/install/turtlebot3_msgs/share/turtlebot3_msgs/cmake/rosidl_cmake_export_typesupport_targets-extras.cmake
[0.343s] -- Up-to-date: /home/tanayrs/lars-ros/lars_ws2/install/turtlebot3_msgs/share/turtlebot3_msgs/cmake/rosidl_cmake_export_typesupport_libraries-extras.cmake
[0.343s] -- Up-to-date: /home/tanayrs/lars-ros/lars_ws2/install/turtlebot3_msgs/share/turtlebot3_msgs/cmake/turtlebot3_msgsConfig.cmake
[0.343s] -- Up-to-date: /home/tanayrs/lars-ros/lars_ws2/install/turtlebot3_msgs/share/turtlebot3_msgs/cmake/turtlebot3_msgsConfig-version.cmake
[0.343s] -- Up-to-date: /home/tanayrs/lars-ros/lars_ws2/install/turtlebot3_msgs/share/turtlebot3_msgs/package.xml
[0.356s] Invoked command in '/home/tanayrs/lars-ros/lars_ws2/build/turtlebot3_msgs' returned '0': CMAKE_PREFIX_PATH=${CMAKE_PREFIX_PATH}:/home/tanayrs/turtlebot3_ws/install/turtlebot3_teleop:/home/tanayrs/turtlebot3_ws/install/turtlebot3_example:/home/tanayrs/lars-ros/lars_ws/install/lars_groundbot_control:/home/tanayrs/lars_ws/install/turtlebot_mover:/opt/ros/humble /usr/bin/cmake --install /home/tanayrs/lars-ros/lars_ws2/build/turtlebot3_msgs
