[0.017s] Invoking command in '/home/tanayrs/lars-ros/lars_ws2/build/turtlebot3_navigation2': CMAKE_PREFIX_PATH=${CMAKE_PREFIX_PATH}:/home/tanayrs/turtlebot3_ws/install/turtlebot3_teleop:/home/tanayrs/turtlebot3_ws/install/turtlebot3_example:/home/tanayrs/lars-ros/lars_ws/install/lars_groundbot_control:/home/tanayrs/lars_ws/install/turtlebot_mover:/opt/ros/humble /usr/bin/cmake /home/tanayrs/lars-ros/lars_ws2/src/turtlebot3/turtlebot3_navigation2 -DCMAKE_INSTALL_PREFIX=/home/tanayrs/lars-ros/lars_ws2/install/turtlebot3_navigation2
[0.099s] -- The C compiler identification is GNU 11.4.0
[0.172s] -- The CXX compiler identification is GNU 11.4.0
[0.176s] -- Detecting C compiler ABI info
[0.237s] -- Detecting C compiler ABI info - done
[0.242s] -- Check for working C compiler: /usr/bin/cc - skipped
[0.242s] -- Detecting C compile features
[0.242s] -- Detecting C compile features - done
[0.244s] -- Detecting CXX compiler ABI info
[0.310s] -- Detecting CXX compiler ABI info - done
[0.314s] -- Check for working CXX compiler: /usr/bin/c++ - skipped
[0.315s] -- Detecting CXX compile features
[0.315s] -- Detecting CXX compile features - done
[0.317s] -- Found ament_cmake: 1.3.11 (/opt/ros/humble/share/ament_cmake/cmake)
[0.450s] -- Found Python3: /usr/bin/python3 (found version "3.10.12") found components: Interpreter 
[0.597s] -- Configuring done
[0.599s] -- Generating done
[0.600s] -- Build files have been written to: /home/tanayrs/lars-ros/lars_ws2/build/turtlebot3_navigation2
[0.603s] Invoked command in '/home/tanayrs/lars-ros/lars_ws2/build/turtlebot3_navigation2' returned '0': CMAKE_PREFIX_PATH=${CMAKE_PREFIX_PATH}:/home/tanayrs/turtlebot3_ws/install/turtlebot3_teleop:/home/tanayrs/turtlebot3_ws/install/turtlebot3_example:/home/tanayrs/lars-ros/lars_ws/install/lars_groundbot_control:/home/tanayrs/lars_ws/install/turtlebot_mover:/opt/ros/humble /usr/bin/cmake /home/tanayrs/lars-ros/lars_ws2/src/turtlebot3/turtlebot3_navigation2 -DCMAKE_INSTALL_PREFIX=/home/tanayrs/lars-ros/lars_ws2/install/turtlebot3_navigation2
[0.605s] Invoking command in '/home/tanayrs/lars-ros/lars_ws2/build/turtlebot3_navigation2': CMAKE_PREFIX_PATH=${CMAKE_PREFIX_PATH}:/home/tanayrs/turtlebot3_ws/install/turtlebot3_teleop:/home/tanayrs/turtlebot3_ws/install/turtlebot3_example:/home/tanayrs/lars-ros/lars_ws/install/lars_groundbot_control:/home/tanayrs/lars_ws/install/turtlebot_mover:/opt/ros/humble /usr/bin/cmake --build /home/tanayrs/lars-ros/lars_ws2/build/turtlebot3_navigation2 -- -j16 -l16
[0.630s] Invoked command in '/home/tanayrs/lars-ros/lars_ws2/build/turtlebot3_navigation2' returned '0': CMAKE_PREFIX_PATH=${CMAKE_PREFIX_PATH}:/home/tanayrs/turtlebot3_ws/install/turtlebot3_teleop:/home/tanayrs/turtlebot3_ws/install/turtlebot3_example:/home/tanayrs/lars-ros/lars_ws/install/lars_groundbot_control:/home/tanayrs/lars_ws/install/turtlebot_mover:/opt/ros/humble /usr/bin/cmake --build /home/tanayrs/lars-ros/lars_ws2/build/turtlebot3_navigation2 -- -j16 -l16
[0.640s] Invoking command in '/home/tanayrs/lars-ros/lars_ws2/build/turtlebot3_navigation2': CMAKE_PREFIX_PATH=${CMAKE_PREFIX_PATH}:/home/tanayrs/turtlebot3_ws/install/turtlebot3_teleop:/home/tanayrs/turtlebot3_ws/install/turtlebot3_example:/home/tanayrs/lars-ros/lars_ws/install/lars_groundbot_control:/home/tanayrs/lars_ws/install/turtlebot_mover:/opt/ros/humble /usr/bin/cmake --install /home/tanayrs/lars-ros/lars_ws2/build/turtlebot3_navigation2
[0.649s] -- Install configuration: ""
[0.649s] -- Installing: /home/tanayrs/lars-ros/lars_ws2/install/turtlebot3_navigation2/share/turtlebot3_navigation2/launch
[0.649s] -- Installing: /home/tanayrs/lars-ros/lars_ws2/install/turtlebot3_navigation2/share/turtlebot3_navigation2/launch/navigation2.launch.py
[0.649s] -- Installing: /home/tanayrs/lars-ros/lars_ws2/install/turtlebot3_navigation2/share/turtlebot3_navigation2/map
[0.650s] -- Installing: /home/tanayrs/lars-ros/lars_ws2/install/turtlebot3_navigation2/share/turtlebot3_navigation2/map/map.yaml
[0.650s] -- Installing: /home/tanayrs/lars-ros/lars_ws2/install/turtlebot3_navigation2/share/turtlebot3_navigation2/map/map.pgm
[0.650s] -- Installing: /home/tanayrs/lars-ros/lars_ws2/install/turtlebot3_navigation2/share/turtlebot3_navigation2/param
[0.650s] -- Installing: /home/tanayrs/lars-ros/lars_ws2/install/turtlebot3_navigation2/share/turtlebot3_navigation2/param/burger.yaml
[0.650s] -- Installing: /home/tanayrs/lars-ros/lars_ws2/install/turtlebot3_navigation2/share/turtlebot3_navigation2/param/waffle.yaml
[0.650s] -- Installing: /home/tanayrs/lars-ros/lars_ws2/install/turtlebot3_navigation2/share/turtlebot3_navigation2/param/waffle_pi.yaml
[0.650s] -- Installing: /home/tanayrs/lars-ros/lars_ws2/install/turtlebot3_navigation2/share/turtlebot3_navigation2/rviz
[0.650s] -- Installing: /home/tanayrs/lars-ros/lars_ws2/install/turtlebot3_navigation2/share/turtlebot3_navigation2/rviz/tb3_navigation2.rviz
[0.650s] -- Installing: /home/tanayrs/lars-ros/lars_ws2/install/turtlebot3_navigation2/share/ament_index/resource_index/package_run_dependencies/turtlebot3_navigation2
[0.650s] -- Installing: /home/tanayrs/lars-ros/lars_ws2/install/turtlebot3_navigation2/share/ament_index/resource_index/parent_prefix_path/turtlebot3_navigation2
[0.650s] -- Installing: /home/tanayrs/lars-ros/lars_ws2/install/turtlebot3_navigation2/share/turtlebot3_navigation2/environment/ament_prefix_path.sh
[0.650s] -- Installing: /home/tanayrs/lars-ros/lars_ws2/install/turtlebot3_navigation2/share/turtlebot3_navigation2/environment/ament_prefix_path.dsv
[0.651s] -- Installing: /home/tanayrs/lars-ros/lars_ws2/install/turtlebot3_navigation2/share/turtlebot3_navigation2/environment/path.sh
[0.651s] -- Installing: /home/tanayrs/lars-ros/lars_ws2/install/turtlebot3_navigation2/share/turtlebot3_navigation2/environment/path.dsv
[0.651s] -- Installing: /home/tanayrs/lars-ros/lars_ws2/install/turtlebot3_navigation2/share/turtlebot3_navigation2/local_setup.bash
[0.651s] -- Installing: /home/tanayrs/lars-ros/lars_ws2/install/turtlebot3_navigation2/share/turtlebot3_navigation2/local_setup.sh
[0.651s] -- Installing: /home/tanayrs/lars-ros/lars_ws2/install/turtlebot3_navigation2/share/turtlebot3_navigation2/local_setup.zsh
[0.651s] -- Installing: /home/tanayrs/lars-ros/lars_ws2/install/turtlebot3_navigation2/share/turtlebot3_navigation2/local_setup.dsv
[0.651s] -- Installing: /home/tanayrs/lars-ros/lars_ws2/install/turtlebot3_navigation2/share/turtlebot3_navigation2/package.dsv
[0.651s] -- Installing: /home/tanayrs/lars-ros/lars_ws2/install/turtlebot3_navigation2/share/ament_index/resource_index/packages/turtlebot3_navigation2
[0.651s] -- Installing: /home/tanayrs/lars-ros/lars_ws2/install/turtlebot3_navigation2/share/turtlebot3_navigation2/cmake/turtlebot3_navigation2Config.cmake
[0.651s] -- Installing: /home/tanayrs/lars-ros/lars_ws2/install/turtlebot3_navigation2/share/turtlebot3_navigation2/cmake/turtlebot3_navigation2Config-version.cmake
[0.651s] -- Installing: /home/tanayrs/lars-ros/lars_ws2/install/turtlebot3_navigation2/share/turtlebot3_navigation2/package.xml
[0.654s] Invoked command in '/home/tanayrs/lars-ros/lars_ws2/build/turtlebot3_navigation2' returned '0': CMAKE_PREFIX_PATH=${CMAKE_PREFIX_PATH}:/home/tanayrs/turtlebot3_ws/install/turtlebot3_teleop:/home/tanayrs/turtlebot3_ws/install/turtlebot3_example:/home/tanayrs/lars-ros/lars_ws/install/lars_groundbot_control:/home/tanayrs/lars_ws/install/turtlebot_mover:/opt/ros/humble /usr/bin/cmake --install /home/tanayrs/lars-ros/lars_ws2/build/turtlebot3_navigation2
