[0.977s] Invoking command in '/home/tanayrs/lars-ros/lars_ws2/src/turtlebot3/turtlebot3_teleop': PYTHONPATH=/home/tanayrs/lars-ros/lars_ws2/build/turtlebot3_teleop/prefix_override:/usr/lib/python3/dist-packages/colcon_core/task/python/colcon_distutils_commands:/home/tanayrs/lars-ros/lars_ws2/install/turtlebot3_teleop/lib/python3.10/site-packages:${PYTHONPATH} /usr/bin/python3 -W ignore:setup.py install is deprecated -W ignore:easy_install command is deprecated setup.py egg_info --egg-base ../../../build/turtlebot3_teleop build --build-base /home/tanayrs/lars-ros/lars_ws2/build/turtlebot3_teleop/build install --record /home/tanayrs/lars-ros/lars_ws2/build/turtlebot3_teleop/install.log --single-version-externally-managed install_data
[1.197s] running egg_info
[1.197s] writing ../../../build/turtlebot3_teleop/turtlebot3_teleop.egg-info/PKG-INFO
[1.197s] writing dependency_links to ../../../build/turtlebot3_teleop/turtlebot3_teleop.egg-info/dependency_links.txt
[1.197s] writing entry points to ../../../build/turtlebot3_teleop/turtlebot3_teleop.egg-info/entry_points.txt
[1.198s] writing requirements to ../../../build/turtlebot3_teleop/turtlebot3_teleop.egg-info/requires.txt
[1.198s] writing top-level names to ../../../build/turtlebot3_teleop/turtlebot3_teleop.egg-info/top_level.txt
[1.199s] reading manifest file '../../../build/turtlebot3_teleop/turtlebot3_teleop.egg-info/SOURCES.txt'
[1.199s] writing manifest file '../../../build/turtlebot3_teleop/turtlebot3_teleop.egg-info/SOURCES.txt'
[1.199s] running build
[1.199s] running build_py
[1.199s] running install
[1.200s] running install_lib
[1.201s] running install_data
[1.201s] running install_egg_info
[1.202s] removing '/home/tanayrs/lars-ros/lars_ws2/install/turtlebot3_teleop/lib/python3.10/site-packages/turtlebot3_teleop-2.1.5-py3.10.egg-info' (and everything under it)
[1.202s] Copying ../../../build/turtlebot3_teleop/turtlebot3_teleop.egg-info to /home/tanayrs/lars-ros/lars_ws2/install/turtlebot3_teleop/lib/python3.10/site-packages/turtlebot3_teleop-2.1.5-py3.10.egg-info
[1.203s] running install_scripts
[1.223s] Installing teleop_keyboard script to /home/tanayrs/lars-ros/lars_ws2/install/turtlebot3_teleop/lib/turtlebot3_teleop
[1.224s] writing list of installed files to '/home/tanayrs/lars-ros/lars_ws2/build/turtlebot3_teleop/install.log'
[1.261s] Invoked command in '/home/tanayrs/lars-ros/lars_ws2/src/turtlebot3/turtlebot3_teleop' returned '0': PYTHONPATH=/home/tanayrs/lars-ros/lars_ws2/build/turtlebot3_teleop/prefix_override:/usr/lib/python3/dist-packages/colcon_core/task/python/colcon_distutils_commands:/home/tanayrs/lars-ros/lars_ws2/install/turtlebot3_teleop/lib/python3.10/site-packages:${PYTHONPATH} /usr/bin/python3 -W ignore:setup.py install is deprecated -W ignore:easy_install command is deprecated setup.py egg_info --egg-base ../../../build/turtlebot3_teleop build --build-base /home/tanayrs/lars-ros/lars_ws2/build/turtlebot3_teleop/build install --record /home/tanayrs/lars-ros/lars_ws2/build/turtlebot3_teleop/install.log --single-version-externally-managed install_data
