[0.024s] Invoking command in '/home/tanayrs/lars-ros/lars_ws2/build/dynamixel_sdk': CMAKE_PREFIX_PATH=${CMAKE_PREFIX_PATH}:/home/tanayrs/turtlebot3_ws/install/turtlebot3_teleop:/home/tanayrs/turtlebot3_ws/install/turtlebot3_example:/home/tanayrs/lars-ros/lars_ws/install/lars_groundbot_control:/home/tanayrs/lars_ws/install/turtlebot_mover:/opt/ros/humble /usr/bin/cmake /home/tanayrs/lars-ros/lars_ws2/src/DynamixelSDK/dynamixel_sdk -DCMAKE_INSTALL_PREFIX=/home/tanayrs/lars-ros/lars_ws2/install/dynamixel_sdk
[0.113s] -- The C compiler identification is GNU 11.4.0
[0.185s] -- The CXX compiler identification is GNU 11.4.0
[0.190s] -- Detecting C compiler ABI info
[0.250s] -- Detecting C compiler ABI info - done
[0.254s] -- Check for working C compiler: /usr/bin/cc - skipped
[0.254s] -- Detecting C compile features
[0.255s] -- Detecting C compile features - done
[0.256s] -- Detecting CXX compiler ABI info
[0.324s] -- Detecting CXX compiler ABI info - done
[0.329s] -- Check for working CXX compiler: /usr/bin/c++ - skipped
[0.329s] -- Detecting CXX compile features
[0.329s] -- Detecting CXX compile features - done
[0.331s] -- Found ament_cmake: 1.3.11 (/opt/ros/humble/share/ament_cmake/cmake)
[0.463s] -- Found Python3: /usr/bin/python3 (found version "3.10.12") found components: Interpreter 
[0.611s] -- Configuring done
[0.614s] -- Generating done
[0.616s] -- Build files have been written to: /home/tanayrs/lars-ros/lars_ws2/build/dynamixel_sdk
[0.620s] Invoked command in '/home/tanayrs/lars-ros/lars_ws2/build/dynamixel_sdk' returned '0': CMAKE_PREFIX_PATH=${CMAKE_PREFIX_PATH}:/home/tanayrs/turtlebot3_ws/install/turtlebot3_teleop:/home/tanayrs/turtlebot3_ws/install/turtlebot3_example:/home/tanayrs/lars-ros/lars_ws/install/lars_groundbot_control:/home/tanayrs/lars_ws/install/turtlebot_mover:/opt/ros/humble /usr/bin/cmake /home/tanayrs/lars-ros/lars_ws2/src/DynamixelSDK/dynamixel_sdk -DCMAKE_INSTALL_PREFIX=/home/tanayrs/lars-ros/lars_ws2/install/dynamixel_sdk
[0.621s] Invoking command in '/home/tanayrs/lars-ros/lars_ws2/build/dynamixel_sdk': CMAKE_PREFIX_PATH=${CMAKE_PREFIX_PATH}:/home/tanayrs/turtlebot3_ws/install/turtlebot3_teleop:/home/tanayrs/turtlebot3_ws/install/turtlebot3_example:/home/tanayrs/lars-ros/lars_ws/install/lars_groundbot_control:/home/tanayrs/lars_ws/install/turtlebot_mover:/opt/ros/humble /usr/bin/cmake --build /home/tanayrs/lars-ros/lars_ws2/build/dynamixel_sdk -- -j16 -l16
[0.654s] [ 60%] [32mBuilding CXX object CMakeFiles/dynamixel_sdk.dir/src/dynamixel_sdk/group_sync_read.cpp.o[0m
[0.654s] [ 60%] [32mBuilding CXX object CMakeFiles/dynamixel_sdk.dir/src/dynamixel_sdk/group_bulk_write.cpp.o[0m
[0.655s] [ 60%] [32mBuilding CXX object CMakeFiles/dynamixel_sdk.dir/src/dynamixel_sdk/group_bulk_read.cpp.o[0m
[0.655s] [ 60%] [32mBuilding CXX object CMakeFiles/dynamixel_sdk.dir/src/dynamixel_sdk/packet_handler.cpp.o[0m
[0.655s] [ 70%] [32mBuilding CXX object CMakeFiles/dynamixel_sdk.dir/src/dynamixel_sdk/protocol1_packet_handler.cpp.o[0m
[0.656s] [ 70%] [32mBuilding CXX object CMakeFiles/dynamixel_sdk.dir/src/dynamixel_sdk/protocol2_packet_handler.cpp.o[0m
[0.656s] [ 70%] [32mBuilding CXX object CMakeFiles/dynamixel_sdk.dir/src/dynamixel_sdk/group_sync_write.cpp.o[0m
[0.656s] [ 90%] [32mBuilding CXX object CMakeFiles/dynamixel_sdk.dir/src/dynamixel_sdk/port_handler.cpp.o[0m
[0.656s] [ 90%] [32mBuilding CXX object CMakeFiles/dynamixel_sdk.dir/src/dynamixel_sdk/port_handler_linux.cpp.o[0m
[1.017s] [100%] [32m[1mLinking CXX shared library libdynamixel_sdk.so[0m
[1.073s] [100%] Built target dynamixel_sdk
[1.081s] Invoked command in '/home/tanayrs/lars-ros/lars_ws2/build/dynamixel_sdk' returned '0': CMAKE_PREFIX_PATH=${CMAKE_PREFIX_PATH}:/home/tanayrs/turtlebot3_ws/install/turtlebot3_teleop:/home/tanayrs/turtlebot3_ws/install/turtlebot3_example:/home/tanayrs/lars-ros/lars_ws/install/lars_groundbot_control:/home/tanayrs/lars_ws/install/turtlebot_mover:/opt/ros/humble /usr/bin/cmake --build /home/tanayrs/lars-ros/lars_ws2/build/dynamixel_sdk -- -j16 -l16
[1.082s] Invoking command in '/home/tanayrs/lars-ros/lars_ws2/build/dynamixel_sdk': CMAKE_PREFIX_PATH=${CMAKE_PREFIX_PATH}:/home/tanayrs/turtlebot3_ws/install/turtlebot3_teleop:/home/tanayrs/turtlebot3_ws/install/turtlebot3_example:/home/tanayrs/lars-ros/lars_ws/install/lars_groundbot_control:/home/tanayrs/lars_ws/install/turtlebot_mover:/opt/ros/humble /usr/bin/cmake --install /home/tanayrs/lars-ros/lars_ws2/build/dynamixel_sdk
[1.086s] -- Install configuration: ""
[1.087s] -- Installing: /home/tanayrs/lars-ros/lars_ws2/install/dynamixel_sdk/include/
[1.087s] -- Installing: /home/tanayrs/lars-ros/lars_ws2/install/dynamixel_sdk/include//dynamixel_sdk
[1.087s] -- Installing: /home/tanayrs/lars-ros/lars_ws2/install/dynamixel_sdk/include//dynamixel_sdk/port_handler_mac.h
[1.087s] -- Installing: /home/tanayrs/lars-ros/lars_ws2/install/dynamixel_sdk/include//dynamixel_sdk/port_handler_arduino.h
[1.087s] -- Installing: /home/tanayrs/lars-ros/lars_ws2/install/dynamixel_sdk/include//dynamixel_sdk/group_bulk_read.h
[1.087s] -- Installing: /home/tanayrs/lars-ros/lars_ws2/install/dynamixel_sdk/include//dynamixel_sdk/protocol2_packet_handler.h
[1.087s] -- Installing: /home/tanayrs/lars-ros/lars_ws2/install/dynamixel_sdk/include//dynamixel_sdk/group_bulk_write.h
[1.087s] -- Installing: /home/tanayrs/lars-ros/lars_ws2/install/dynamixel_sdk/include//dynamixel_sdk/port_handler_windows.h
[1.087s] -- Installing: /home/tanayrs/lars-ros/lars_ws2/install/dynamixel_sdk/include//dynamixel_sdk/packet_handler.h
[1.087s] -- Installing: /home/tanayrs/lars-ros/lars_ws2/install/dynamixel_sdk/include//dynamixel_sdk/group_sync_read.h
[1.087s] -- Installing: /home/tanayrs/lars-ros/lars_ws2/install/dynamixel_sdk/include//dynamixel_sdk/protocol1_packet_handler.h
[1.087s] -- Installing: /home/tanayrs/lars-ros/lars_ws2/install/dynamixel_sdk/include//dynamixel_sdk/dynamixel_sdk.h
[1.087s] -- Installing: /home/tanayrs/lars-ros/lars_ws2/install/dynamixel_sdk/include//dynamixel_sdk/port_handler.h
[1.087s] -- Installing: /home/tanayrs/lars-ros/lars_ws2/install/dynamixel_sdk/include//dynamixel_sdk/port_handler_linux.h
[1.087s] -- Installing: /home/tanayrs/lars-ros/lars_ws2/install/dynamixel_sdk/include//dynamixel_sdk/group_sync_write.h
[1.087s] -- Installing: /home/tanayrs/lars-ros/lars_ws2/install/dynamixel_sdk/lib/libdynamixel_sdk.so
[1.087s] -- Installing: /home/tanayrs/lars-ros/lars_ws2/install/dynamixel_sdk/share/dynamixel_sdk/environment/library_path.sh
[1.088s] -- Installing: /home/tanayrs/lars-ros/lars_ws2/install/dynamixel_sdk/share/dynamixel_sdk/environment/library_path.dsv
[1.088s] -- Installing: /home/tanayrs/lars-ros/lars_ws2/install/dynamixel_sdk/share/ament_index/resource_index/package_run_dependencies/dynamixel_sdk
[1.088s] -- Installing: /home/tanayrs/lars-ros/lars_ws2/install/dynamixel_sdk/share/ament_index/resource_index/parent_prefix_path/dynamixel_sdk
[1.088s] -- Installing: /home/tanayrs/lars-ros/lars_ws2/install/dynamixel_sdk/share/dynamixel_sdk/environment/ament_prefix_path.sh
[1.088s] -- Installing: /home/tanayrs/lars-ros/lars_ws2/install/dynamixel_sdk/share/dynamixel_sdk/environment/ament_prefix_path.dsv
[1.088s] -- Installing: /home/tanayrs/lars-ros/lars_ws2/install/dynamixel_sdk/share/dynamixel_sdk/environment/path.sh
[1.088s] -- Installing: /home/tanayrs/lars-ros/lars_ws2/install/dynamixel_sdk/share/dynamixel_sdk/environment/path.dsv
[1.088s] -- Installing: /home/tanayrs/lars-ros/lars_ws2/install/dynamixel_sdk/share/dynamixel_sdk/local_setup.bash
[1.088s] -- Installing: /home/tanayrs/lars-ros/lars_ws2/install/dynamixel_sdk/share/dynamixel_sdk/local_setup.sh
[1.088s] -- Installing: /home/tanayrs/lars-ros/lars_ws2/install/dynamixel_sdk/share/dynamixel_sdk/local_setup.zsh
[1.088s] -- Installing: /home/tanayrs/lars-ros/lars_ws2/install/dynamixel_sdk/share/dynamixel_sdk/local_setup.dsv
[1.088s] -- Installing: /home/tanayrs/lars-ros/lars_ws2/install/dynamixel_sdk/share/dynamixel_sdk/package.dsv
[1.088s] -- Installing: /home/tanayrs/lars-ros/lars_ws2/install/dynamixel_sdk/share/ament_index/resource_index/packages/dynamixel_sdk
[1.089s] -- Installing: /home/tanayrs/lars-ros/lars_ws2/install/dynamixel_sdk/share/dynamixel_sdk/cmake/ament_cmake_export_include_directories-extras.cmake
[1.089s] -- Installing: /home/tanayrs/lars-ros/lars_ws2/install/dynamixel_sdk/share/dynamixel_sdk/cmake/ament_cmake_export_libraries-extras.cmake
[1.089s] -- Installing: /home/tanayrs/lars-ros/lars_ws2/install/dynamixel_sdk/share/dynamixel_sdk/cmake/dynamixel_sdkConfig.cmake
[1.089s] -- Installing: /home/tanayrs/lars-ros/lars_ws2/install/dynamixel_sdk/share/dynamixel_sdk/cmake/dynamixel_sdkConfig-version.cmake
[1.089s] -- Installing: /home/tanayrs/lars-ros/lars_ws2/install/dynamixel_sdk/share/dynamixel_sdk/package.xml
[1.090s] Invoked command in '/home/tanayrs/lars-ros/lars_ws2/build/dynamixel_sdk' returned '0': CMAKE_PREFIX_PATH=${CMAKE_PREFIX_PATH}:/home/tanayrs/turtlebot3_ws/install/turtlebot3_teleop:/home/tanayrs/turtlebot3_ws/install/turtlebot3_example:/home/tanayrs/lars-ros/lars_ws/install/lars_groundbot_control:/home/tanayrs/lars_ws/install/turtlebot_mover:/opt/ros/humble /usr/bin/cmake --install /home/tanayrs/lars-ros/lars_ws2/build/dynamixel_sdk
