[0.020s] Invoking command in '/home/tanayrs/lars-ros/lars_ws/build/turtlebot3_description': CMAKE_PREFIX_PATH=${CMAKE_PREFIX_PATH}:/home/tanayrs/lars-ros/lars_ws/install/turtlebot3_teleop:/home/tanayrs/lars-ros/lars_ws/install/turtlebot3_example:/home/tanayrs/lars-ros/lars_ws/install/turtlebot3_grid_nav:/opt/ros/humble /usr/bin/cmake /home/tanayrs/lars-ros/lars_ws/src/turtlebot3/turtlebot3_description -DAMENT_CMAKE_SYMLINK_INSTALL=1 -DCMAKE_INSTALL_PREFIX=/home/tanayrs/lars-ros/lars_ws/install/turtlebot3_description
[0.244s] -- The C compiler identification is GNU 11.4.0
[0.244s] -- The CXX compiler identification is GNU 11.4.0
[0.244s] -- Detecting C compiler ABI info
[0.244s] -- Detecting C compiler ABI info - done
[0.244s] -- Check for working C compiler: /usr/bin/cc - skipped
[0.244s] -- Detecting C compile features
[0.244s] -- Detecting C compile features - done
[0.244s] -- Detecting CXX compiler ABI info
[0.244s] -- Detecting CXX compiler ABI info - done
[0.244s] -- Check for working CXX compiler: /usr/bin/c++ - skipped
[0.244s] -- Detecting CXX compile features
[0.245s] -- Detecting CXX compile features - done
[0.245s] -- Found ament_cmake: 1.3.11 (/opt/ros/humble/share/ament_cmake/cmake)
[0.344s] -- Found Python3: /usr/bin/python3 (found version "3.10.12") found components: Interpreter 
[0.398s] -- Override CMake install command with custom implementation using symlinks instead of copying resources
[0.421s] -- Found urdf: 2.6.1 (/opt/ros/humble/share/urdf/cmake)
[0.510s] -- Configuring done
[0.512s] -- Generating done
[0.513s] -- Build files have been written to: /home/tanayrs/lars-ros/lars_ws/build/turtlebot3_description
[0.528s] Invoked command in '/home/tanayrs/lars-ros/lars_ws/build/turtlebot3_description' returned '0': CMAKE_PREFIX_PATH=${CMAKE_PREFIX_PATH}:/home/tanayrs/lars-ros/lars_ws/install/turtlebot3_teleop:/home/tanayrs/lars-ros/lars_ws/install/turtlebot3_example:/home/tanayrs/lars-ros/lars_ws/install/turtlebot3_grid_nav:/opt/ros/humble /usr/bin/cmake /home/tanayrs/lars-ros/lars_ws/src/turtlebot3/turtlebot3_description -DAMENT_CMAKE_SYMLINK_INSTALL=1 -DCMAKE_INSTALL_PREFIX=/home/tanayrs/lars-ros/lars_ws/install/turtlebot3_description
[0.528s] Invoking command in '/home/tanayrs/lars-ros/lars_ws/build/turtlebot3_description': CMAKE_PREFIX_PATH=${CMAKE_PREFIX_PATH}:/home/tanayrs/lars-ros/lars_ws/install/turtlebot3_teleop:/home/tanayrs/lars-ros/lars_ws/install/turtlebot3_example:/home/tanayrs/lars-ros/lars_ws/install/turtlebot3_grid_nav:/opt/ros/humble /usr/bin/cmake --build /home/tanayrs/lars-ros/lars_ws/build/turtlebot3_description -- -j16 -l16
[0.575s] Invoked command in '/home/tanayrs/lars-ros/lars_ws/build/turtlebot3_description' returned '0': CMAKE_PREFIX_PATH=${CMAKE_PREFIX_PATH}:/home/tanayrs/lars-ros/lars_ws/install/turtlebot3_teleop:/home/tanayrs/lars-ros/lars_ws/install/turtlebot3_example:/home/tanayrs/lars-ros/lars_ws/install/turtlebot3_grid_nav:/opt/ros/humble /usr/bin/cmake --build /home/tanayrs/lars-ros/lars_ws/build/turtlebot3_description -- -j16 -l16
[0.575s] Invoking command in '/home/tanayrs/lars-ros/lars_ws/build/turtlebot3_description': CMAKE_PREFIX_PATH=${CMAKE_PREFIX_PATH}:/home/tanayrs/lars-ros/lars_ws/install/turtlebot3_teleop:/home/tanayrs/lars-ros/lars_ws/install/turtlebot3_example:/home/tanayrs/lars-ros/lars_ws/install/turtlebot3_grid_nav:/opt/ros/humble /usr/bin/cmake --install /home/tanayrs/lars-ros/lars_ws/build/turtlebot3_description
[0.582s] -- Install configuration: ""
[0.582s] -- Execute custom install script
[0.583s] -- Symlinking: /home/tanayrs/lars-ros/lars_ws/install/turtlebot3_description/share/turtlebot3_description/meshes/bases/burger_base.stl
[0.596s] -- Symlinking: /home/tanayrs/lars-ros/lars_ws/install/turtlebot3_description/share/turtlebot3_description/meshes/bases/waffle_base.stl
[0.607s] -- Symlinking: /home/tanayrs/lars-ros/lars_ws/install/turtlebot3_description/share/turtlebot3_description/meshes/bases/waffle_base.stl.bak
[0.616s] -- Symlinking: /home/tanayrs/lars-ros/lars_ws/install/turtlebot3_description/share/turtlebot3_description/meshes/bases/waffle_pi_base.stl
[0.627s] -- Symlinking: /home/tanayrs/lars-ros/lars_ws/install/turtlebot3_description/share/turtlebot3_description/meshes/sensors/astra.dae
[0.636s] -- Symlinking: /home/tanayrs/lars-ros/lars_ws/install/turtlebot3_description/share/turtlebot3_description/meshes/sensors/astra.jpg
[0.645s] -- Symlinking: /home/tanayrs/lars-ros/lars_ws/install/turtlebot3_description/share/turtlebot3_description/meshes/sensors/lds.stl
[0.655s] -- Symlinking: /home/tanayrs/lars-ros/lars_ws/install/turtlebot3_description/share/turtlebot3_description/meshes/sensors/r200.dae
[0.665s] -- Symlinking: /home/tanayrs/lars-ros/lars_ws/install/turtlebot3_description/share/turtlebot3_description/meshes/sensors/r200.jpg
[0.675s] -- Symlinking: /home/tanayrs/lars-ros/lars_ws/install/turtlebot3_description/share/turtlebot3_description/meshes/wheel/left_tire.stl
[0.684s] -- Symlinking: /home/tanayrs/lars-ros/lars_ws/install/turtlebot3_description/share/turtlebot3_description/meshes/wheel/right_tire.stl
[0.695s] -- Symlinking: /home/tanayrs/lars-ros/lars_ws/install/turtlebot3_description/share/turtlebot3_description/rviz/model.rviz
[0.706s] -- Symlinking: /home/tanayrs/lars-ros/lars_ws/install/turtlebot3_description/share/turtlebot3_description/urdf/common_properties.urdf
[0.716s] -- Symlinking: /home/tanayrs/lars-ros/lars_ws/install/turtlebot3_description/share/turtlebot3_description/urdf/turtlebot3_burger.urdf
[0.725s] -- Symlinking: /home/tanayrs/lars-ros/lars_ws/install/turtlebot3_description/share/turtlebot3_description/urdf/turtlebot3_waffle.urdf
[0.735s] -- Symlinking: /home/tanayrs/lars-ros/lars_ws/install/turtlebot3_description/share/turtlebot3_description/urdf/turtlebot3_waffle_pi.urdf
[0.744s] -- Symlinking: /home/tanayrs/lars-ros/lars_ws/install/turtlebot3_description/share/ament_index/resource_index/package_run_dependencies/turtlebot3_description
[0.754s] -- Symlinking: /home/tanayrs/lars-ros/lars_ws/install/turtlebot3_description/share/ament_index/resource_index/parent_prefix_path/turtlebot3_description
[0.768s] -- Symlinking: /home/tanayrs/lars-ros/lars_ws/install/turtlebot3_description/share/turtlebot3_description/environment/ament_prefix_path.sh
[0.779s] -- Symlinking: /home/tanayrs/lars-ros/lars_ws/install/turtlebot3_description/share/turtlebot3_description/environment/ament_prefix_path.dsv
[0.794s] -- Symlinking: /home/tanayrs/lars-ros/lars_ws/install/turtlebot3_description/share/turtlebot3_description/environment/path.sh
[0.803s] -- Symlinking: /home/tanayrs/lars-ros/lars_ws/install/turtlebot3_description/share/turtlebot3_description/environment/path.dsv
[0.815s] -- Symlinking: /home/tanayrs/lars-ros/lars_ws/install/turtlebot3_description/share/turtlebot3_description/local_setup.bash
[0.827s] -- Symlinking: /home/tanayrs/lars-ros/lars_ws/install/turtlebot3_description/share/turtlebot3_description/local_setup.sh
[0.837s] -- Symlinking: /home/tanayrs/lars-ros/lars_ws/install/turtlebot3_description/share/turtlebot3_description/local_setup.zsh
[0.847s] -- Symlinking: /home/tanayrs/lars-ros/lars_ws/install/turtlebot3_description/share/turtlebot3_description/local_setup.dsv
[0.857s] -- Symlinking: /home/tanayrs/lars-ros/lars_ws/install/turtlebot3_description/share/turtlebot3_description/package.dsv
[0.867s] -- Symlinking: /home/tanayrs/lars-ros/lars_ws/install/turtlebot3_description/share/ament_index/resource_index/packages/turtlebot3_description
[0.877s] -- Symlinking: /home/tanayrs/lars-ros/lars_ws/install/turtlebot3_description/share/turtlebot3_description/cmake/turtlebot3_descriptionConfig.cmake
[0.884s] -- Symlinking: /home/tanayrs/lars-ros/lars_ws/install/turtlebot3_description/share/turtlebot3_description/cmake/turtlebot3_descriptionConfig-version.cmake
[0.891s] -- Symlinking: /home/tanayrs/lars-ros/lars_ws/install/turtlebot3_description/share/turtlebot3_description/package.xml
[0.902s] Invoked command in '/home/tanayrs/lars-ros/lars_ws/build/turtlebot3_description' returned '0': CMAKE_PREFIX_PATH=${CMAKE_PREFIX_PATH}:/home/tanayrs/lars-ros/lars_ws/install/turtlebot3_teleop:/home/tanayrs/lars-ros/lars_ws/install/turtlebot3_example:/home/tanayrs/lars-ros/lars_ws/install/turtlebot3_grid_nav:/opt/ros/humble /usr/bin/cmake --install /home/tanayrs/lars-ros/lars_ws/build/turtlebot3_description
