[0.577s] Invoking command in '/home/tanayrs/lars-ros/lars_ws2/src/turtlebot3/turtlebot3_teleop': PYTHONPATH=/home/tanayrs/lars-ros/lars_ws2/build/turtlebot3_teleop/prefix_override:/usr/lib/python3/dist-packages/colcon_core/task/python/colcon_distutils_commands:/home/tanayrs/lars-ros/lars_ws2/install/turtlebot3_teleop/lib/python3.10/site-packages:${PYTHONPATH} /usr/bin/python3 -W ignore:setup.py install is deprecated -W ignore:easy_install command is deprecated setup.py egg_info --egg-base ../../../build/turtlebot3_teleop build --build-base /home/tanayrs/lars-ros/lars_ws2/build/turtlebot3_teleop/build install --record /home/tanayrs/lars-ros/lars_ws2/build/turtlebot3_teleop/install.log --single-version-externally-managed install_data
[0.748s] running egg_info
[0.748s] writing ../../../build/turtlebot3_teleop/turtlebot3_teleop.egg-info/PKG-INFO
[0.749s] writing dependency_links to ../../../build/turtlebot3_teleop/turtlebot3_teleop.egg-info/dependency_links.txt
[0.749s] writing entry points to ../../../build/turtlebot3_teleop/turtlebot3_teleop.egg-info/entry_points.txt
[0.749s] writing requirements to ../../../build/turtlebot3_teleop/turtlebot3_teleop.egg-info/requires.txt
[0.749s] writing top-level names to ../../../build/turtlebot3_teleop/turtlebot3_teleop.egg-info/top_level.txt
[0.750s] reading manifest file '../../../build/turtlebot3_teleop/turtlebot3_teleop.egg-info/SOURCES.txt'
[0.750s] writing manifest file '../../../build/turtlebot3_teleop/turtlebot3_teleop.egg-info/SOURCES.txt'
[0.750s] running build
[0.750s] running build_py
[0.751s] running install
[0.751s] running install_lib
[0.752s] running install_data
[0.752s] running install_egg_info
[0.753s] removing '/home/tanayrs/lars-ros/lars_ws2/install/turtlebot3_teleop/lib/python3.10/site-packages/turtlebot3_teleop-2.1.5-py3.10.egg-info' (and everything under it)
[0.753s] Copying ../../../build/turtlebot3_teleop/turtlebot3_teleop.egg-info to /home/tanayrs/lars-ros/lars_ws2/install/turtlebot3_teleop/lib/python3.10/site-packages/turtlebot3_teleop-2.1.5-py3.10.egg-info
[0.753s] running install_scripts
[0.766s] Installing teleop_keyboard script to /home/tanayrs/lars-ros/lars_ws2/install/turtlebot3_teleop/lib/turtlebot3_teleop
[0.766s] writing list of installed files to '/home/tanayrs/lars-ros/lars_ws2/build/turtlebot3_teleop/install.log'
[0.781s] Invoked command in '/home/tanayrs/lars-ros/lars_ws2/src/turtlebot3/turtlebot3_teleop' returned '0': PYTHONPATH=/home/tanayrs/lars-ros/lars_ws2/build/turtlebot3_teleop/prefix_override:/usr/lib/python3/dist-packages/colcon_core/task/python/colcon_distutils_commands:/home/tanayrs/lars-ros/lars_ws2/install/turtlebot3_teleop/lib/python3.10/site-packages:${PYTHONPATH} /usr/bin/python3 -W ignore:setup.py install is deprecated -W ignore:easy_install command is deprecated setup.py egg_info --egg-base ../../../build/turtlebot3_teleop build --build-base /home/tanayrs/lars-ros/lars_ws2/build/turtlebot3_teleop/build install --record /home/tanayrs/lars-ros/lars_ws2/build/turtlebot3_teleop/install.log --single-version-externally-managed install_data
