[0.023s] Invoking command in '/home/tanayrs/lars-ros/lars_ws2/build/turtlebot3_description': CMAKE_PREFIX_PATH=${CMAKE_PREFIX_PATH}:/home/tanayrs/turtlebot3_ws/install/turtlebot3_teleop:/home/tanayrs/turtlebot3_ws/install/turtlebot3_example:/home/tanayrs/lars-ros/lars_ws/install/lars_groundbot_control:/home/tanayrs/lars_ws/install/turtlebot_mover:/opt/ros/humble /usr/bin/cmake /home/tanayrs/lars-ros/lars_ws2/src/turtlebot3/turtlebot3_description -DCMAKE_INSTALL_PREFIX=/home/tanayrs/lars-ros/lars_ws2/install/turtlebot3_description
[0.110s] -- The C compiler identification is GNU 11.4.0
[0.183s] -- The CXX compiler identification is GNU 11.4.0
[0.187s] -- Detecting C compiler ABI info
[0.247s] -- Detecting C compiler ABI info - done
[0.255s] -- Check for working C compiler: /usr/bin/cc - skipped
[0.255s] -- Detecting C compile features
[0.256s] -- Detecting C compile features - done
[0.258s] -- Detecting CXX compiler ABI info
[0.321s] -- Detecting CXX compiler ABI info - done
[0.330s] -- Check for working CXX compiler: /usr/bin/c++ - skipped
[0.330s] -- Detecting CXX compile features
[0.330s] -- Detecting CXX compile features - done
[0.332s] -- Found ament_cmake: 1.3.11 (/opt/ros/humble/share/ament_cmake/cmake)
[0.461s] -- Found Python3: /usr/bin/python3 (found version "3.10.12") found components: Interpreter 
[0.559s] -- Found urdf: 2.6.1 (/opt/ros/humble/share/urdf/cmake)
[0.660s] -- Configuring done
[0.662s] -- Generating done
[0.665s] -- Build files have been written to: /home/tanayrs/lars-ros/lars_ws2/build/turtlebot3_description
[0.681s] Invoked command in '/home/tanayrs/lars-ros/lars_ws2/build/turtlebot3_description' returned '0': CMAKE_PREFIX_PATH=${CMAKE_PREFIX_PATH}:/home/tanayrs/turtlebot3_ws/install/turtlebot3_teleop:/home/tanayrs/turtlebot3_ws/install/turtlebot3_example:/home/tanayrs/lars-ros/lars_ws/install/lars_groundbot_control:/home/tanayrs/lars_ws/install/turtlebot_mover:/opt/ros/humble /usr/bin/cmake /home/tanayrs/lars-ros/lars_ws2/src/turtlebot3/turtlebot3_description -DCMAKE_INSTALL_PREFIX=/home/tanayrs/lars-ros/lars_ws2/install/turtlebot3_description
[0.683s] Invoking command in '/home/tanayrs/lars-ros/lars_ws2/build/turtlebot3_description': CMAKE_PREFIX_PATH=${CMAKE_PREFIX_PATH}:/home/tanayrs/turtlebot3_ws/install/turtlebot3_teleop:/home/tanayrs/turtlebot3_ws/install/turtlebot3_example:/home/tanayrs/lars-ros/lars_ws/install/lars_groundbot_control:/home/tanayrs/lars_ws/install/turtlebot_mover:/opt/ros/humble /usr/bin/cmake --build /home/tanayrs/lars-ros/lars_ws2/build/turtlebot3_description -- -j16 -l16
[0.728s] Invoked command in '/home/tanayrs/lars-ros/lars_ws2/build/turtlebot3_description' returned '0': CMAKE_PREFIX_PATH=${CMAKE_PREFIX_PATH}:/home/tanayrs/turtlebot3_ws/install/turtlebot3_teleop:/home/tanayrs/turtlebot3_ws/install/turtlebot3_example:/home/tanayrs/lars-ros/lars_ws/install/lars_groundbot_control:/home/tanayrs/lars_ws/install/turtlebot_mover:/opt/ros/humble /usr/bin/cmake --build /home/tanayrs/lars-ros/lars_ws2/build/turtlebot3_description -- -j16 -l16
[0.730s] Invoking command in '/home/tanayrs/lars-ros/lars_ws2/build/turtlebot3_description': CMAKE_PREFIX_PATH=${CMAKE_PREFIX_PATH}:/home/tanayrs/turtlebot3_ws/install/turtlebot3_teleop:/home/tanayrs/turtlebot3_ws/install/turtlebot3_example:/home/tanayrs/lars-ros/lars_ws/install/lars_groundbot_control:/home/tanayrs/lars_ws/install/turtlebot_mover:/opt/ros/humble /usr/bin/cmake --install /home/tanayrs/lars-ros/lars_ws2/build/turtlebot3_description
[0.738s] -- Install configuration: ""
[0.738s] -- Installing: /home/tanayrs/lars-ros/lars_ws2/install/turtlebot3_description/share/turtlebot3_description/meshes
[0.738s] -- Installing: /home/tanayrs/lars-ros/lars_ws2/install/turtlebot3_description/share/turtlebot3_description/meshes/bases
[0.738s] -- Installing: /home/tanayrs/lars-ros/lars_ws2/install/turtlebot3_description/share/turtlebot3_description/meshes/bases/burger_base.stl
[0.743s] -- Installing: /home/tanayrs/lars-ros/lars_ws2/install/turtlebot3_description/share/turtlebot3_description/meshes/bases/waffle_pi_base.stl
[0.749s] -- Installing: /home/tanayrs/lars-ros/lars_ws2/install/turtlebot3_description/share/turtlebot3_description/meshes/bases/waffle_base.stl
[0.762s] -- Installing: /home/tanayrs/lars-ros/lars_ws2/install/turtlebot3_description/share/turtlebot3_description/meshes/wheels
[0.762s] -- Installing: /home/tanayrs/lars-ros/lars_ws2/install/turtlebot3_description/share/turtlebot3_description/meshes/wheels/left_tire.stl
[0.763s] -- Installing: /home/tanayrs/lars-ros/lars_ws2/install/turtlebot3_description/share/turtlebot3_description/meshes/wheels/right_tire.stl
[0.764s] -- Installing: /home/tanayrs/lars-ros/lars_ws2/install/turtlebot3_description/share/turtlebot3_description/meshes/sensors
[0.764s] -- Installing: /home/tanayrs/lars-ros/lars_ws2/install/turtlebot3_description/share/turtlebot3_description/meshes/sensors/lds.stl
[0.765s] -- Installing: /home/tanayrs/lars-ros/lars_ws2/install/turtlebot3_description/share/turtlebot3_description/meshes/sensors/r200.jpg
[0.765s] -- Installing: /home/tanayrs/lars-ros/lars_ws2/install/turtlebot3_description/share/turtlebot3_description/meshes/sensors/r200.dae
[0.765s] -- Installing: /home/tanayrs/lars-ros/lars_ws2/install/turtlebot3_description/share/turtlebot3_description/meshes/sensors/astra.dae
[0.773s] -- Installing: /home/tanayrs/lars-ros/lars_ws2/install/turtlebot3_description/share/turtlebot3_description/meshes/sensors/astra.jpg
[0.774s] -- Installing: /home/tanayrs/lars-ros/lars_ws2/install/turtlebot3_description/share/turtlebot3_description/rviz
[0.774s] -- Installing: /home/tanayrs/lars-ros/lars_ws2/install/turtlebot3_description/share/turtlebot3_description/rviz/model.rviz
[0.774s] -- Installing: /home/tanayrs/lars-ros/lars_ws2/install/turtlebot3_description/share/turtlebot3_description/urdf
[0.774s] -- Installing: /home/tanayrs/lars-ros/lars_ws2/install/turtlebot3_description/share/turtlebot3_description/urdf/turtlebot3_waffle_pi.urdf
[0.774s] -- Installing: /home/tanayrs/lars-ros/lars_ws2/install/turtlebot3_description/share/turtlebot3_description/urdf/turtlebot3_waffle.urdf
[0.774s] -- Installing: /home/tanayrs/lars-ros/lars_ws2/install/turtlebot3_description/share/turtlebot3_description/urdf/common_properties.urdf
[0.774s] -- Installing: /home/tanayrs/lars-ros/lars_ws2/install/turtlebot3_description/share/turtlebot3_description/urdf/turtlebot3_burger.urdf
[0.774s] -- Installing: /home/tanayrs/lars-ros/lars_ws2/install/turtlebot3_description/share/ament_index/resource_index/package_run_dependencies/turtlebot3_description
[0.774s] -- Installing: /home/tanayrs/lars-ros/lars_ws2/install/turtlebot3_description/share/ament_index/resource_index/parent_prefix_path/turtlebot3_description
[0.775s] -- Installing: /home/tanayrs/lars-ros/lars_ws2/install/turtlebot3_description/share/turtlebot3_description/environment/ament_prefix_path.sh
[0.775s] -- Installing: /home/tanayrs/lars-ros/lars_ws2/install/turtlebot3_description/share/turtlebot3_description/environment/ament_prefix_path.dsv
[0.775s] -- Installing: /home/tanayrs/lars-ros/lars_ws2/install/turtlebot3_description/share/turtlebot3_description/environment/path.sh
[0.775s] -- Installing: /home/tanayrs/lars-ros/lars_ws2/install/turtlebot3_description/share/turtlebot3_description/environment/path.dsv
[0.775s] -- Installing: /home/tanayrs/lars-ros/lars_ws2/install/turtlebot3_description/share/turtlebot3_description/local_setup.bash
[0.775s] -- Installing: /home/tanayrs/lars-ros/lars_ws2/install/turtlebot3_description/share/turtlebot3_description/local_setup.sh
[0.775s] -- Installing: /home/tanayrs/lars-ros/lars_ws2/install/turtlebot3_description/share/turtlebot3_description/local_setup.zsh
[0.775s] -- Installing: /home/tanayrs/lars-ros/lars_ws2/install/turtlebot3_description/share/turtlebot3_description/local_setup.dsv
[0.775s] -- Installing: /home/tanayrs/lars-ros/lars_ws2/install/turtlebot3_description/share/turtlebot3_description/package.dsv
[0.776s] -- Installing: /home/tanayrs/lars-ros/lars_ws2/install/turtlebot3_description/share/ament_index/resource_index/packages/turtlebot3_description
[0.776s] -- Installing: /home/tanayrs/lars-ros/lars_ws2/install/turtlebot3_description/share/turtlebot3_description/cmake/turtlebot3_descriptionConfig.cmake
[0.776s] -- Installing: /home/tanayrs/lars-ros/lars_ws2/install/turtlebot3_description/share/turtlebot3_description/cmake/turtlebot3_descriptionConfig-version.cmake
[0.776s] -- Installing: /home/tanayrs/lars-ros/lars_ws2/install/turtlebot3_description/share/turtlebot3_description/package.xml
[0.779s] Invoked command in '/home/tanayrs/lars-ros/lars_ws2/build/turtlebot3_description' returned '0': CMAKE_PREFIX_PATH=${CMAKE_PREFIX_PATH}:/home/tanayrs/turtlebot3_ws/install/turtlebot3_teleop:/home/tanayrs/turtlebot3_ws/install/turtlebot3_example:/home/tanayrs/lars-ros/lars_ws/install/lars_groundbot_control:/home/tanayrs/lars_ws/install/turtlebot_mover:/opt/ros/humble /usr/bin/cmake --install /home/tanayrs/lars-ros/lars_ws2/build/turtlebot3_description
