[0.183s] Invoking command in '/home/tanayrs/lars-ros/lars_ws/build/turtlebot3_fake_node': CMAKE_PREFIX_PATH=/home/tanayrs/lars-ros/lars_ws/install/turtlebot3_msgs:/home/tanayrs/lars-ros/lars_ws/install/turtlebot3:/home/tanayrs/lars-ros/lars_ws/install/turtlebot3_simulations:/home/tanayrs/lars-ros/lars_ws/install/turtlebot3_bringup:/home/tanayrs/lars-ros/lars_ws/install/turtlebot3_node:/home/tanayrs/lars-ros/lars_ws/install/turtlebot3_navigation2:/home/tanayrs/lars-ros/lars_ws/install/turtlebot3_fake_node:/home/tanayrs/lars-ros/lars_ws/install/turtlebot3_gazebo:/home/tanayrs/lars-ros/lars_ws/install/turtlebot3_description:/home/tanayrs/lars-ros/lars_ws/install/turtlebot3_cartographer:/home/tanayrs/lars-ros/lars_ws/install/dynamixel_sdk_examples:/home/tanayrs/lars-ros/lars_ws/install/dynamixel_sdk_custom_interfaces:/home/tanayrs/lars-ros/lars_ws/install/dynamixel_sdk:/home/tanayrs/lars-ros/lars_ws/install/turtlebot3_teleop:/home/tanayrs/lars-ros/lars_ws/install/turtlebot3_example:/home/tanayrs/lars-ros/lars_ws/install/turtlebot3_grid_nav:/opt/ros/humble /usr/bin/cmake /home/tanayrs/lars-ros/lars_ws/src/turtlebot3_simulations/turtlebot3_fake_node -DCMAKE_INSTALL_PREFIX=/home/tanayrs/lars-ros/lars_ws/install/turtlebot3_fake_node
[0.190s] -- Found ament_cmake: 1.3.11 (/opt/ros/humble/share/ament_cmake/cmake)
[0.272s] -- Override CMake install command with custom implementation using symlinks instead of copying resources
[0.276s] -- Found geometry_msgs: 4.2.4 (/opt/ros/humble/share/geometry_msgs/cmake)
[0.291s] -- Found rosidl_generator_c: 3.1.6 (/opt/ros/humble/share/rosidl_generator_c/cmake)
[0.292s] -- Found rosidl_adapter: 3.1.6 (/opt/ros/humble/share/rosidl_adapter/cmake)
[0.295s] -- Found rosidl_generator_cpp: 3.1.6 (/opt/ros/humble/share/rosidl_generator_cpp/cmake)
[0.301s] -- Using all available rosidl_typesupport_c: rosidl_typesupport_fastrtps_c;rosidl_typesupport_introspection_c
[0.308s] -- Using all available rosidl_typesupport_cpp: rosidl_typesupport_fastrtps_cpp;rosidl_typesupport_introspection_cpp
[0.329s] -- Found nav_msgs: 4.2.4 (/opt/ros/humble/share/nav_msgs/cmake)
[0.338s] -- Found rclcpp: 16.0.11 (/opt/ros/humble/share/rclcpp/cmake)
[0.353s] -- Found rmw_implementation_cmake: 6.1.2 (/opt/ros/humble/share/rmw_implementation_cmake/cmake)
[0.354s] -- Found rmw_fastrtps_cpp: 6.2.7 (/opt/ros/humble/share/rmw_fastrtps_cpp/cmake)
[0.422s] -- Using RMW implementation 'rmw_fastrtps_cpp' as default
[0.445s] -- Found sensor_msgs: 4.2.4 (/opt/ros/humble/share/sensor_msgs/cmake)
[0.455s] -- Found tf2: 0.25.12 (/opt/ros/humble/share/tf2/cmake)
[0.457s] -- Found tf2_msgs: 0.25.12 (/opt/ros/humble/share/tf2_msgs/cmake)
[0.481s] -- Found turtlebot3_msgs: 2.2.3 (/home/tanayrs/lars-ros/lars_ws/install/turtlebot3_msgs/share/turtlebot3_msgs/cmake)
[0.538s] -- Configuring done
[0.545s] -- Generating done
[0.547s] -- Build files have been written to: /home/tanayrs/lars-ros/lars_ws/build/turtlebot3_fake_node
[0.553s] Invoked command in '/home/tanayrs/lars-ros/lars_ws/build/turtlebot3_fake_node' returned '0': CMAKE_PREFIX_PATH=/home/tanayrs/lars-ros/lars_ws/install/turtlebot3_msgs:/home/tanayrs/lars-ros/lars_ws/install/turtlebot3:/home/tanayrs/lars-ros/lars_ws/install/turtlebot3_simulations:/home/tanayrs/lars-ros/lars_ws/install/turtlebot3_bringup:/home/tanayrs/lars-ros/lars_ws/install/turtlebot3_node:/home/tanayrs/lars-ros/lars_ws/install/turtlebot3_navigation2:/home/tanayrs/lars-ros/lars_ws/install/turtlebot3_fake_node:/home/tanayrs/lars-ros/lars_ws/install/turtlebot3_gazebo:/home/tanayrs/lars-ros/lars_ws/install/turtlebot3_description:/home/tanayrs/lars-ros/lars_ws/install/turtlebot3_cartographer:/home/tanayrs/lars-ros/lars_ws/install/dynamixel_sdk_examples:/home/tanayrs/lars-ros/lars_ws/install/dynamixel_sdk_custom_interfaces:/home/tanayrs/lars-ros/lars_ws/install/dynamixel_sdk:/home/tanayrs/lars-ros/lars_ws/install/turtlebot3_teleop:/home/tanayrs/lars-ros/lars_ws/install/turtlebot3_example:/home/tanayrs/lars-ros/lars_ws/install/turtlebot3_grid_nav:/opt/ros/humble /usr/bin/cmake /home/tanayrs/lars-ros/lars_ws/src/turtlebot3_simulations/turtlebot3_fake_node -DCMAKE_INSTALL_PREFIX=/home/tanayrs/lars-ros/lars_ws/install/turtlebot3_fake_node
[0.554s] Invoking command in '/home/tanayrs/lars-ros/lars_ws/build/turtlebot3_fake_node': CMAKE_PREFIX_PATH=/home/tanayrs/lars-ros/lars_ws/install/turtlebot3_msgs:/home/tanayrs/lars-ros/lars_ws/install/turtlebot3:/home/tanayrs/lars-ros/lars_ws/install/turtlebot3_simulations:/home/tanayrs/lars-ros/lars_ws/install/turtlebot3_bringup:/home/tanayrs/lars-ros/lars_ws/install/turtlebot3_node:/home/tanayrs/lars-ros/lars_ws/install/turtlebot3_navigation2:/home/tanayrs/lars-ros/lars_ws/install/turtlebot3_fake_node:/home/tanayrs/lars-ros/lars_ws/install/turtlebot3_gazebo:/home/tanayrs/lars-ros/lars_ws/install/turtlebot3_description:/home/tanayrs/lars-ros/lars_ws/install/turtlebot3_cartographer:/home/tanayrs/lars-ros/lars_ws/install/dynamixel_sdk_examples:/home/tanayrs/lars-ros/lars_ws/install/dynamixel_sdk_custom_interfaces:/home/tanayrs/lars-ros/lars_ws/install/dynamixel_sdk:/home/tanayrs/lars-ros/lars_ws/install/turtlebot3_teleop:/home/tanayrs/lars-ros/lars_ws/install/turtlebot3_example:/home/tanayrs/lars-ros/lars_ws/install/turtlebot3_grid_nav:/opt/ros/humble /usr/bin/cmake --build /home/tanayrs/lars-ros/lars_ws/build/turtlebot3_fake_node -- -j16 -l16
[0.578s] [35m[1mConsolidate compiler generated dependencies of target turtlebot3_fake_node[0m
[0.588s] [100%] Built target turtlebot3_fake_node
[0.595s] Invoked command in '/home/tanayrs/lars-ros/lars_ws/build/turtlebot3_fake_node' returned '0': CMAKE_PREFIX_PATH=/home/tanayrs/lars-ros/lars_ws/install/turtlebot3_msgs:/home/tanayrs/lars-ros/lars_ws/install/turtlebot3:/home/tanayrs/lars-ros/lars_ws/install/turtlebot3_simulations:/home/tanayrs/lars-ros/lars_ws/install/turtlebot3_bringup:/home/tanayrs/lars-ros/lars_ws/install/turtlebot3_node:/home/tanayrs/lars-ros/lars_ws/install/turtlebot3_navigation2:/home/tanayrs/lars-ros/lars_ws/install/turtlebot3_fake_node:/home/tanayrs/lars-ros/lars_ws/install/turtlebot3_gazebo:/home/tanayrs/lars-ros/lars_ws/install/turtlebot3_description:/home/tanayrs/lars-ros/lars_ws/install/turtlebot3_cartographer:/home/tanayrs/lars-ros/lars_ws/install/dynamixel_sdk_examples:/home/tanayrs/lars-ros/lars_ws/install/dynamixel_sdk_custom_interfaces:/home/tanayrs/lars-ros/lars_ws/install/dynamixel_sdk:/home/tanayrs/lars-ros/lars_ws/install/turtlebot3_teleop:/home/tanayrs/lars-ros/lars_ws/install/turtlebot3_example:/home/tanayrs/lars-ros/lars_ws/install/turtlebot3_grid_nav:/opt/ros/humble /usr/bin/cmake --build /home/tanayrs/lars-ros/lars_ws/build/turtlebot3_fake_node -- -j16 -l16
[0.596s] Invoking command in '/home/tanayrs/lars-ros/lars_ws/build/turtlebot3_fake_node': CMAKE_PREFIX_PATH=/home/tanayrs/lars-ros/lars_ws/install/turtlebot3_msgs:/home/tanayrs/lars-ros/lars_ws/install/turtlebot3:/home/tanayrs/lars-ros/lars_ws/install/turtlebot3_simulations:/home/tanayrs/lars-ros/lars_ws/install/turtlebot3_bringup:/home/tanayrs/lars-ros/lars_ws/install/turtlebot3_node:/home/tanayrs/lars-ros/lars_ws/install/turtlebot3_navigation2:/home/tanayrs/lars-ros/lars_ws/install/turtlebot3_fake_node:/home/tanayrs/lars-ros/lars_ws/install/turtlebot3_gazebo:/home/tanayrs/lars-ros/lars_ws/install/turtlebot3_description:/home/tanayrs/lars-ros/lars_ws/install/turtlebot3_cartographer:/home/tanayrs/lars-ros/lars_ws/install/dynamixel_sdk_examples:/home/tanayrs/lars-ros/lars_ws/install/dynamixel_sdk_custom_interfaces:/home/tanayrs/lars-ros/lars_ws/install/dynamixel_sdk:/home/tanayrs/lars-ros/lars_ws/install/turtlebot3_teleop:/home/tanayrs/lars-ros/lars_ws/install/turtlebot3_example:/home/tanayrs/lars-ros/lars_ws/install/turtlebot3_grid_nav:/opt/ros/humble /usr/bin/cmake --install /home/tanayrs/lars-ros/lars_ws/build/turtlebot3_fake_node
[0.601s] -- Install configuration: ""
[0.601s] -- Execute custom install script
[0.601s] -- Up-to-date symlink: /home/tanayrs/lars-ros/lars_ws/install/turtlebot3_fake_node/lib/turtlebot3_fake_node/turtlebot3_fake_node
[0.601s] -- Up-to-date symlink: /home/tanayrs/lars-ros/lars_ws/install/turtlebot3_fake_node/share/turtlebot3_fake_node/launch/rviz2.launch.py
[0.601s] -- Up-to-date symlink: /home/tanayrs/lars-ros/lars_ws/install/turtlebot3_fake_node/share/turtlebot3_fake_node/launch/turtlebot3_fake_node.launch.py
[0.601s] -- Up-to-date symlink: /home/tanayrs/lars-ros/lars_ws/install/turtlebot3_fake_node/share/turtlebot3_fake_node/param/burger.yaml
[0.601s] -- Up-to-date symlink: /home/tanayrs/lars-ros/lars_ws/install/turtlebot3_fake_node/share/turtlebot3_fake_node/param/waffle.yaml
[0.601s] -- Up-to-date symlink: /home/tanayrs/lars-ros/lars_ws/install/turtlebot3_fake_node/share/turtlebot3_fake_node/param/waffle_pi.yaml
[0.602s] -- Up-to-date symlink: /home/tanayrs/lars-ros/lars_ws/install/turtlebot3_fake_node/include//turtlebot3_fake_node/turtlebot3_fake_node.hpp
[0.602s] -- Up-to-date symlink: /home/tanayrs/lars-ros/lars_ws/install/turtlebot3_fake_node/share/ament_index/resource_index/package_run_dependencies/turtlebot3_fake_node
[0.602s] -- Up-to-date symlink: /home/tanayrs/lars-ros/lars_ws/install/turtlebot3_fake_node/share/ament_index/resource_index/parent_prefix_path/turtlebot3_fake_node
[0.602s] -- Up-to-date symlink: /home/tanayrs/lars-ros/lars_ws/install/turtlebot3_fake_node/share/turtlebot3_fake_node/environment/ament_prefix_path.sh
[0.602s] -- Up-to-date symlink: /home/tanayrs/lars-ros/lars_ws/install/turtlebot3_fake_node/share/turtlebot3_fake_node/environment/ament_prefix_path.dsv
[0.602s] -- Up-to-date symlink: /home/tanayrs/lars-ros/lars_ws/install/turtlebot3_fake_node/share/turtlebot3_fake_node/environment/path.sh
[0.602s] -- Up-to-date symlink: /home/tanayrs/lars-ros/lars_ws/install/turtlebot3_fake_node/share/turtlebot3_fake_node/environment/path.dsv
[0.602s] -- Up-to-date symlink: /home/tanayrs/lars-ros/lars_ws/install/turtlebot3_fake_node/share/turtlebot3_fake_node/local_setup.bash
[0.602s] -- Up-to-date symlink: /home/tanayrs/lars-ros/lars_ws/install/turtlebot3_fake_node/share/turtlebot3_fake_node/local_setup.sh
[0.602s] -- Up-to-date symlink: /home/tanayrs/lars-ros/lars_ws/install/turtlebot3_fake_node/share/turtlebot3_fake_node/local_setup.zsh
[0.602s] -- Up-to-date symlink: /home/tanayrs/lars-ros/lars_ws/install/turtlebot3_fake_node/share/turtlebot3_fake_node/local_setup.dsv
[0.602s] -- Symlinking: /home/tanayrs/lars-ros/lars_ws/install/turtlebot3_fake_node/share/turtlebot3_fake_node/package.dsv
[0.608s] -- Up-to-date symlink: /home/tanayrs/lars-ros/lars_ws/install/turtlebot3_fake_node/share/ament_index/resource_index/packages/turtlebot3_fake_node
[0.608s] -- Up-to-date symlink: /home/tanayrs/lars-ros/lars_ws/install/turtlebot3_fake_node/share/turtlebot3_fake_node/cmake/ament_cmake_export_include_directories-extras.cmake
[0.608s] -- Up-to-date symlink: /home/tanayrs/lars-ros/lars_ws/install/turtlebot3_fake_node/share/turtlebot3_fake_node/cmake/ament_cmake_export_dependencies-extras.cmake
[0.608s] -- Up-to-date symlink: /home/tanayrs/lars-ros/lars_ws/install/turtlebot3_fake_node/share/turtlebot3_fake_node/cmake/turtlebot3_fake_nodeConfig.cmake
[0.608s] -- Up-to-date symlink: /home/tanayrs/lars-ros/lars_ws/install/turtlebot3_fake_node/share/turtlebot3_fake_node/cmake/turtlebot3_fake_nodeConfig-version.cmake
[0.608s] -- Up-to-date symlink: /home/tanayrs/lars-ros/lars_ws/install/turtlebot3_fake_node/share/turtlebot3_fake_node/package.xml
[0.609s] Invoked command in '/home/tanayrs/lars-ros/lars_ws/build/turtlebot3_fake_node' returned '0': CMAKE_PREFIX_PATH=/home/tanayrs/lars-ros/lars_ws/install/turtlebot3_msgs:/home/tanayrs/lars-ros/lars_ws/install/turtlebot3:/home/tanayrs/lars-ros/lars_ws/install/turtlebot3_simulations:/home/tanayrs/lars-ros/lars_ws/install/turtlebot3_bringup:/home/tanayrs/lars-ros/lars_ws/install/turtlebot3_node:/home/tanayrs/lars-ros/lars_ws/install/turtlebot3_navigation2:/home/tanayrs/lars-ros/lars_ws/install/turtlebot3_fake_node:/home/tanayrs/lars-ros/lars_ws/install/turtlebot3_gazebo:/home/tanayrs/lars-ros/lars_ws/install/turtlebot3_description:/home/tanayrs/lars-ros/lars_ws/install/turtlebot3_cartographer:/home/tanayrs/lars-ros/lars_ws/install/dynamixel_sdk_examples:/home/tanayrs/lars-ros/lars_ws/install/dynamixel_sdk_custom_interfaces:/home/tanayrs/lars-ros/lars_ws/install/dynamixel_sdk:/home/tanayrs/lars-ros/lars_ws/install/turtlebot3_teleop:/home/tanayrs/lars-ros/lars_ws/install/turtlebot3_example:/home/tanayrs/lars-ros/lars_ws/install/turtlebot3_grid_nav:/opt/ros/humble /usr/bin/cmake --install /home/tanayrs/lars-ros/lars_ws/build/turtlebot3_fake_node
