[0.018s] Invoking command in '/home/tanayrs/lars-ros/lars_ws2/build/turtlebot3_gazebo': CMAKE_PREFIX_PATH=${CMAKE_PREFIX_PATH}:/home/tanayrs/turtlebot3_ws/install/turtlebot3_teleop:/home/tanayrs/turtlebot3_ws/install/turtlebot3_example:/home/tanayrs/lars-ros/lars_ws/install/lars_groundbot_control:/home/tanayrs/lars_ws/install/turtlebot_mover:/opt/ros/humble /usr/bin/cmake /home/tanayrs/lars-ros/lars_ws2/src/turtlebot3_simulations/turtlebot3_gazebo -DCMAKE_INSTALL_PREFIX=/home/tanayrs/lars-ros/lars_ws2/install/turtlebot3_gazebo
[0.102s] -- The C compiler identification is GNU 11.4.0
[0.174s] -- The CXX compiler identification is GNU 11.4.0
[0.179s] -- Detecting C compiler ABI info
[0.240s] -- Detecting C compiler ABI info - done
[0.244s] -- Check for working C compiler: /usr/bin/cc - skipped
[0.244s] -- Detecting C compile features
[0.244s] -- Detecting C compile features - done
[0.246s] -- Detecting CXX compiler ABI info
[0.312s] -- Detecting CXX compiler ABI info - done
[0.318s] -- Check for working CXX compiler: /usr/bin/c++ - skipped
[0.318s] -- Detecting CXX compile features
[0.318s] -- Detecting CXX compile features - done
[0.320s] -- Found ament_cmake: 1.3.11 (/opt/ros/humble/share/ament_cmake/cmake)
[0.453s] -- Found Python3: /usr/bin/python3 (found version "3.10.12") found components: Interpreter 
[0.555s] [33mCMake Warning (dev) at /usr/share/cmake-3.22/Modules/FindPackageHandleStandardArgs.cmake:438 (message):
[0.555s]   The package name passed to `find_package_handle_standard_args` (PkgConfig)
[0.555s]   does not match the name of the calling package (gazebo).  This can lead to
[0.555s]   problems in calling code that expects `find_package` result variables
[0.555s]   (e.g., `_FOUND`) to follow a certain pattern.
[0.555s] Call Stack (most recent call first):
[0.555s]   /usr/share/cmake-3.22/Modules/FindPkgConfig.cmake:99 (find_package_handle_standard_args)
[0.555s]   /usr/lib/x86_64-linux-gnu/cmake/gazebo/gazebo-config.cmake:72 (include)
[0.555s]   CMakeLists.txt:23 (find_package)
[0.555s] This warning is for project developers.  Use -Wno-dev to suppress it.
[0.555s] [0m
[0.556s] -- Found PkgConfig: /usr/bin/pkg-config (found version "0.29.2") 
[0.558s] -- Checking for module 'bullet>=2.82'
[0.567s] --   Found bullet, version 3.05
[0.650s] -- Found fcl: /usr/include (found suitable version "0.7.0", minimum required is "0.5.0") 
[0.706s] -- Found assimp: /usr/include (found version "5.2.0") 
[0.737s] -- Found DART: /usr/include (Required is at least version "6.6") found components: dart 
[0.904s] -- Found Boost: /usr/lib/x86_64-linux-gnu/cmake/Boost-1.74.0/BoostConfig.cmake (found suitable version "1.74.0", minimum required is "1.40.0") found components: thread system filesystem program_options regex iostreams date_time 
[0.917s] -- Found Protobuf: /usr/lib/x86_64-linux-gnu/libprotobuf.so (found version "3.12.4") 
[0.924s] -- Looking for ignition-math6 -- found version 6.15.1
[0.929s] -- Searching for dependencies of ignition-math6
[0.930s] -- Looking for OGRE...
[0.930s] -- OGRE_PREFIX_WATCH changed.
[0.934s] -- Checking for module 'OGRE'
[0.943s] --   Found OGRE, version 1.9.0
[0.965s] -- Found Ogre Ghadamon (1.9.0)
[0.974s] -- Found OGRE: optimized;/usr/lib/x86_64-linux-gnu/libOgreMain.so;debug;/usr/lib/x86_64-linux-gnu/libOgreMain.so
[0.981s] -- Looking for OGRE_Paging...
[0.986s] -- Found OGRE_Paging: optimized;/usr/lib/x86_64-linux-gnu/libOgrePaging.so;debug;/usr/lib/x86_64-linux-gnu/libOgrePaging.so
[0.986s] -- Looking for OGRE_Terrain...
[0.991s] -- Found OGRE_Terrain: optimized;/usr/lib/x86_64-linux-gnu/libOgreTerrain.so;debug;/usr/lib/x86_64-linux-gnu/libOgreTerrain.so
[0.991s] -- Looking for OGRE_Property...
[0.996s] -- Found OGRE_Property: optimized;/usr/lib/x86_64-linux-gnu/libOgreProperty.so;debug;/usr/lib/x86_64-linux-gnu/libOgreProperty.so
[0.996s] -- Looking for OGRE_RTShaderSystem...
[1.001s] -- Found OGRE_RTShaderSystem: optimized;/usr/lib/x86_64-linux-gnu/libOgreRTShaderSystem.so;debug;/usr/lib/x86_64-linux-gnu/libOgreRTShaderSystem.so
[1.001s] -- Looking for OGRE_Volume...
[1.006s] -- Found OGRE_Volume: optimized;/usr/lib/x86_64-linux-gnu/libOgreVolume.so;debug;/usr/lib/x86_64-linux-gnu/libOgreVolume.so
[1.006s] -- Looking for OGRE_Overlay...
[1.011s] -- Found OGRE_Overlay: optimized;/usr/lib/x86_64-linux-gnu/libOgreOverlay.so;debug;/usr/lib/x86_64-linux-gnu/libOgreOverlay.so
[1.113s] -- Looking for ignition-math6 -- found version 6.15.1
[1.115s] -- Looking for ignition-transport8 -- found version 8.2.1
[1.115s] -- Searching for dependencies of ignition-transport8
[1.127s] -- Found Protobuf: /usr/lib/x86_64-linux-gnu/libprotobuf.so (found suitable version "3.12.4", minimum required is "3") 
[1.134s] -- Config-file not installed for ZeroMQ -- checking for pkg-config
[1.137s] -- Checking for module 'libzmq >= 4'
[1.145s] --   Found libzmq , version 4.3.4
[1.168s] -- Found ZeroMQ: TRUE (Required is at least version "4") 
[1.173s] -- Checking for module 'uuid'
[1.180s] --   Found uuid, version 2.37.2
[1.199s] -- Found UUID: TRUE  
[1.201s] -- Looking for ignition-msgs5 -- found version 5.8.1
[1.202s] -- Searching for dependencies of ignition-msgs5
[1.215s] -- Looking for ignition-math6 -- found version 6.15.1
[1.219s] -- Checking for module 'tinyxml2'
[1.226s] --   Found tinyxml2, version 9.0.0
[1.245s] -- Looking for ignition-msgs5 -- found version 5.8.1
[1.249s] -- Looking for ignition-common3 -- found version 3.14.0
[1.249s] -- Searching for dependencies of ignition-common3
[1.249s] -- Looking for dlfcn.h - found
[1.250s] -- Looking for libdl - found
[1.251s] -- Found DL: TRUE  
[1.260s] -- Found tinyobjloader: /usr/lib/x86_64-linux-gnu/cmake/tinyobjloader/tinyobjloader-config.cmake (found version "2.0.0") 
[1.260s] -- Searching for <ignition-common3> component [graphics]
[1.262s] -- Looking for ignition-common3-graphics -- found version 3.14.0
[1.262s] -- Searching for dependencies of ignition-common3-graphics
[1.262s] -- Looking for ignition-math6 -- found version 6.15.1
[1.264s] -- Looking for ignition-fuel_tools4 -- found version 4.4.0
[1.265s] -- Searching for dependencies of ignition-fuel_tools4
[1.313s] -- Found CURL: /usr/lib/x86_64-linux-gnu/libcurl.so (found version "7.81.0")  
[1.319s] -- Checking for module 'jsoncpp'
[1.328s] --   Found jsoncpp, version 1.9.5
[1.346s] -- Found JSONCPP: TRUE  
[1.351s] -- Checking for module 'libzip'
[1.359s] --   Found libzip, version 1.7.3
[1.380s] -- Found ZIP: TRUE  
[1.380s] -- Looking for ignition-common3 -- found version 3.14.0
[1.380s] -- Looking for ignition-math6 -- found version 6.15.1
[1.381s] -- Looking for ignition-msgs5 -- found version 5.8.1
[1.385s] -- Found gazebo_ros_pkgs: 3.9.0 (/opt/ros/humble/share/gazebo_ros_pkgs/cmake)
[1.387s] -- Found geometry_msgs: 4.2.4 (/opt/ros/humble/share/geometry_msgs/cmake)
[1.412s] -- Found rosidl_generator_c: 3.1.6 (/opt/ros/humble/share/rosidl_generator_c/cmake)
[1.417s] -- Found rosidl_adapter: 3.1.6 (/opt/ros/humble/share/rosidl_adapter/cmake)
[1.423s] -- Found rosidl_generator_cpp: 3.1.6 (/opt/ros/humble/share/rosidl_generator_cpp/cmake)
[1.432s] -- Using all available rosidl_typesupport_c: rosidl_typesupport_fastrtps_c;rosidl_typesupport_introspection_c
[1.444s] -- Using all available rosidl_typesupport_cpp: rosidl_typesupport_fastrtps_cpp;rosidl_typesupport_introspection_cpp
[1.472s] -- Found nav_msgs: 4.2.4 (/opt/ros/humble/share/nav_msgs/cmake)
[1.484s] -- Found rclcpp: 16.0.11 (/opt/ros/humble/share/rclcpp/cmake)
[1.516s] -- Found rmw_implementation_cmake: 6.1.2 (/opt/ros/humble/share/rmw_implementation_cmake/cmake)
[1.518s] -- Found rmw_fastrtps_cpp: 6.2.7 (/opt/ros/humble/share/rmw_fastrtps_cpp/cmake)
[1.593s] -- Found OpenSSL: /usr/lib/x86_64-linux-gnu/libcrypto.so (found version "3.0.2")  
[1.620s] -- Found FastRTPS: /opt/ros/humble/include  
[1.654s] -- Using RMW implementation 'rmw_fastrtps_cpp' as default
[1.662s] -- Found Threads: TRUE  
[1.692s] -- Found sensor_msgs: 4.2.4 (/opt/ros/humble/share/sensor_msgs/cmake)
[1.706s] -- Found tf2: 0.25.12 (/opt/ros/humble/share/tf2/cmake)
[1.762s] -- Configuring done
[1.781s] -- Generating done
[1.787s] -- Build files have been written to: /home/tanayrs/lars-ros/lars_ws2/build/turtlebot3_gazebo
[1.801s] Invoked command in '/home/tanayrs/lars-ros/lars_ws2/build/turtlebot3_gazebo' returned '0': CMAKE_PREFIX_PATH=${CMAKE_PREFIX_PATH}:/home/tanayrs/turtlebot3_ws/install/turtlebot3_teleop:/home/tanayrs/turtlebot3_ws/install/turtlebot3_example:/home/tanayrs/lars-ros/lars_ws/install/lars_groundbot_control:/home/tanayrs/lars_ws/install/turtlebot_mover:/opt/ros/humble /usr/bin/cmake /home/tanayrs/lars-ros/lars_ws2/src/turtlebot3_simulations/turtlebot3_gazebo -DCMAKE_INSTALL_PREFIX=/home/tanayrs/lars-ros/lars_ws2/install/turtlebot3_gazebo
[1.803s] Invoking command in '/home/tanayrs/lars-ros/lars_ws2/build/turtlebot3_gazebo': CMAKE_PREFIX_PATH=${CMAKE_PREFIX_PATH}:/home/tanayrs/turtlebot3_ws/install/turtlebot3_teleop:/home/tanayrs/turtlebot3_ws/install/turtlebot3_example:/home/tanayrs/lars-ros/lars_ws/install/lars_groundbot_control:/home/tanayrs/lars_ws/install/turtlebot_mover:/opt/ros/humble /usr/bin/cmake --build /home/tanayrs/lars-ros/lars_ws2/build/turtlebot3_gazebo -- -j16 -l16
[1.844s] [ 37%] [32mBuilding CXX object CMakeFiles/turtlebot3_drive.dir/src/turtlebot3_drive.cpp.o[0m
[1.844s] [ 37%] [32mBuilding CXX object CMakeFiles/obstacles.dir/models/turtlebot3_dqn_world/obstacle_plugin/obstacles.cc.o[0m
[1.844s] [ 37%] [32mBuilding CXX object CMakeFiles/obstacle1.dir/models/turtlebot3_dqn_world/obstacle_plugin/obstacle1.cc.o[0m
[1.844s] [ 50%] [32mBuilding CXX object CMakeFiles/obstacle2.dir/models/turtlebot3_dqn_world/obstacle_plugin/obstacle2.cc.o[0m
[14.888s] [ 62%] [32m[1mLinking CXX executable turtlebot3_drive[0m
[15.319s] [ 75%] [32m[1mLinking CXX shared library libobstacle1.so[0m
[15.474s] [ 75%] Built target turtlebot3_drive
[15.552s] [ 75%] Built target obstacle1
[15.637s] [ 87%] [32m[1mLinking CXX shared library libobstacles.so[0m
[15.798s] [100%] [32m[1mLinking CXX shared library libobstacle2.so[0m
[15.813s] [100%] Built target obstacles
[15.961s] [100%] Built target obstacle2
[15.969s] Invoked command in '/home/tanayrs/lars-ros/lars_ws2/build/turtlebot3_gazebo' returned '0': CMAKE_PREFIX_PATH=${CMAKE_PREFIX_PATH}:/home/tanayrs/turtlebot3_ws/install/turtlebot3_teleop:/home/tanayrs/turtlebot3_ws/install/turtlebot3_example:/home/tanayrs/lars-ros/lars_ws/install/lars_groundbot_control:/home/tanayrs/lars_ws/install/turtlebot_mover:/opt/ros/humble /usr/bin/cmake --build /home/tanayrs/lars-ros/lars_ws2/build/turtlebot3_gazebo -- -j16 -l16
[15.971s] Invoking command in '/home/tanayrs/lars-ros/lars_ws2/build/turtlebot3_gazebo': CMAKE_PREFIX_PATH=${CMAKE_PREFIX_PATH}:/home/tanayrs/turtlebot3_ws/install/turtlebot3_teleop:/home/tanayrs/turtlebot3_ws/install/turtlebot3_example:/home/tanayrs/lars-ros/lars_ws/install/lars_groundbot_control:/home/tanayrs/lars_ws/install/turtlebot_mover:/opt/ros/humble /usr/bin/cmake --install /home/tanayrs/lars-ros/lars_ws2/build/turtlebot3_gazebo
[15.976s] -- Install configuration: ""
[15.976s] -- Installing: /home/tanayrs/lars-ros/lars_ws2/install/turtlebot3_gazebo/lib/turtlebot3_gazebo/turtlebot3_drive
[15.979s] -- Set runtime path of "/home/tanayrs/lars-ros/lars_ws2/install/turtlebot3_gazebo/lib/turtlebot3_gazebo/turtlebot3_drive" to ""
[15.979s] -- Installing: /home/tanayrs/lars-ros/lars_ws2/install/turtlebot3_gazebo/share/turtlebot3_gazebo//launch
[15.979s] -- Installing: /home/tanayrs/lars-ros/lars_ws2/install/turtlebot3_gazebo/share/turtlebot3_gazebo//launch/turtlebot3_dqn_stage4.launch.py
[15.979s] -- Installing: /home/tanayrs/lars-ros/lars_ws2/install/turtlebot3_gazebo/share/turtlebot3_gazebo//launch/turtlebot3_dqn_stage2.launch.py
[15.979s] -- Installing: /home/tanayrs/lars-ros/lars_ws2/install/turtlebot3_gazebo/share/turtlebot3_gazebo//launch/turtlebot3_dqn_stage3.launch.py
[15.979s] -- Installing: /home/tanayrs/lars-ros/lars_ws2/install/turtlebot3_gazebo/share/turtlebot3_gazebo//launch/turtlebot3_dqn_stage1.launch.py
[15.979s] -- Installing: /home/tanayrs/lars-ros/lars_ws2/install/turtlebot3_gazebo/share/turtlebot3_gazebo//launch/turtlebot3_house.launch.py
[15.979s] -- Installing: /home/tanayrs/lars-ros/lars_ws2/install/turtlebot3_gazebo/share/turtlebot3_gazebo//launch/robot_state_publisher.launch.py
[15.979s] -- Installing: /home/tanayrs/lars-ros/lars_ws2/install/turtlebot3_gazebo/share/turtlebot3_gazebo//launch/turtlebot3_world.launch.py
[15.979s] -- Installing: /home/tanayrs/lars-ros/lars_ws2/install/turtlebot3_gazebo/share/turtlebot3_gazebo//launch/spawn_turtlebot3.launch.py
[15.979s] -- Installing: /home/tanayrs/lars-ros/lars_ws2/install/turtlebot3_gazebo/share/turtlebot3_gazebo//launch/empty_world.launch.py
[15.979s] -- Installing: /home/tanayrs/lars-ros/lars_ws2/install/turtlebot3_gazebo/share/turtlebot3_gazebo//models
[15.979s] -- Installing: /home/tanayrs/lars-ros/lars_ws2/install/turtlebot3_gazebo/share/turtlebot3_gazebo//models/turtlebot3_world
[15.980s] -- Installing: /home/tanayrs/lars-ros/lars_ws2/install/turtlebot3_gazebo/share/turtlebot3_gazebo//models/turtlebot3_world/model.sdf
[15.980s] -- Installing: /home/tanayrs/lars-ros/lars_ws2/install/turtlebot3_gazebo/share/turtlebot3_gazebo//models/turtlebot3_world/meshes
[15.980s] -- Installing: /home/tanayrs/lars-ros/lars_ws2/install/turtlebot3_gazebo/share/turtlebot3_gazebo//models/turtlebot3_world/meshes/hexagon.dae
[15.980s] -- Installing: /home/tanayrs/lars-ros/lars_ws2/install/turtlebot3_gazebo/share/turtlebot3_gazebo//models/turtlebot3_world/meshes/wall.dae
[15.980s] -- Installing: /home/tanayrs/lars-ros/lars_ws2/install/turtlebot3_gazebo/share/turtlebot3_gazebo//models/turtlebot3_world/model.config
[15.980s] -- Installing: /home/tanayrs/lars-ros/lars_ws2/install/turtlebot3_gazebo/share/turtlebot3_gazebo//models/turtlebot3_world/model-1_4.sdf
[15.980s] -- Installing: /home/tanayrs/lars-ros/lars_ws2/install/turtlebot3_gazebo/share/turtlebot3_gazebo//models/turtlebot3_dqn_world
[15.980s] -- Installing: /home/tanayrs/lars-ros/lars_ws2/install/turtlebot3_gazebo/share/turtlebot3_gazebo//models/turtlebot3_dqn_world/model.sdf
[15.980s] -- Installing: /home/tanayrs/lars-ros/lars_ws2/install/turtlebot3_gazebo/share/turtlebot3_gazebo//models/turtlebot3_dqn_world/goal_box
[15.980s] -- Installing: /home/tanayrs/lars-ros/lars_ws2/install/turtlebot3_gazebo/share/turtlebot3_gazebo//models/turtlebot3_dqn_world/goal_box/model.sdf
[15.980s] -- Installing: /home/tanayrs/lars-ros/lars_ws2/install/turtlebot3_gazebo/share/turtlebot3_gazebo//models/turtlebot3_dqn_world/goal_box/model.config
[15.980s] -- Installing: /home/tanayrs/lars-ros/lars_ws2/install/turtlebot3_gazebo/share/turtlebot3_gazebo//models/turtlebot3_dqn_world/obstacle1
[15.980s] -- Installing: /home/tanayrs/lars-ros/lars_ws2/install/turtlebot3_gazebo/share/turtlebot3_gazebo//models/turtlebot3_dqn_world/obstacle1/model.sdf
[15.980s] -- Installing: /home/tanayrs/lars-ros/lars_ws2/install/turtlebot3_gazebo/share/turtlebot3_gazebo//models/turtlebot3_dqn_world/obstacle1/model.config
[15.980s] -- Installing: /home/tanayrs/lars-ros/lars_ws2/install/turtlebot3_gazebo/share/turtlebot3_gazebo//models/turtlebot3_dqn_world/obstacle_plugin
[15.980s] -- Installing: /home/tanayrs/lars-ros/lars_ws2/install/turtlebot3_gazebo/share/turtlebot3_gazebo//models/turtlebot3_dqn_world/obstacle_plugin/obstacle1.cc
[15.980s] -- Installing: /home/tanayrs/lars-ros/lars_ws2/install/turtlebot3_gazebo/share/turtlebot3_gazebo//models/turtlebot3_dqn_world/obstacle_plugin/CMakeLists.txt
[15.980s] -- Installing: /home/tanayrs/lars-ros/lars_ws2/install/turtlebot3_gazebo/share/turtlebot3_gazebo//models/turtlebot3_dqn_world/obstacle_plugin/obstacle2.cc
[15.980s] -- Installing: /home/tanayrs/lars-ros/lars_ws2/install/turtlebot3_gazebo/share/turtlebot3_gazebo//models/turtlebot3_dqn_world/obstacle_plugin/obstacles.cc
[15.980s] -- Installing: /home/tanayrs/lars-ros/lars_ws2/install/turtlebot3_gazebo/share/turtlebot3_gazebo//models/turtlebot3_dqn_world/model.config
[15.980s] -- Installing: /home/tanayrs/lars-ros/lars_ws2/install/turtlebot3_gazebo/share/turtlebot3_gazebo//models/turtlebot3_dqn_world/inner_walls
[15.980s] -- Installing: /home/tanayrs/lars-ros/lars_ws2/install/turtlebot3_gazebo/share/turtlebot3_gazebo//models/turtlebot3_dqn_world/inner_walls/model.sdf
[15.980s] -- Installing: /home/tanayrs/lars-ros/lars_ws2/install/turtlebot3_gazebo/share/turtlebot3_gazebo//models/turtlebot3_dqn_world/inner_walls/model.config
[15.980s] -- Installing: /home/tanayrs/lars-ros/lars_ws2/install/turtlebot3_gazebo/share/turtlebot3_gazebo//models/turtlebot3_dqn_world/obstacles
[15.981s] -- Installing: /home/tanayrs/lars-ros/lars_ws2/install/turtlebot3_gazebo/share/turtlebot3_gazebo//models/turtlebot3_dqn_world/obstacles/model.sdf
[15.981s] -- Installing: /home/tanayrs/lars-ros/lars_ws2/install/turtlebot3_gazebo/share/turtlebot3_gazebo//models/turtlebot3_dqn_world/obstacles/model.config
[15.981s] -- Installing: /home/tanayrs/lars-ros/lars_ws2/install/turtlebot3_gazebo/share/turtlebot3_gazebo//models/turtlebot3_dqn_world/obstacle2
[15.981s] -- Installing: /home/tanayrs/lars-ros/lars_ws2/install/turtlebot3_gazebo/share/turtlebot3_gazebo//models/turtlebot3_dqn_world/obstacle2/model.sdf
[15.981s] -- Installing: /home/tanayrs/lars-ros/lars_ws2/install/turtlebot3_gazebo/share/turtlebot3_gazebo//models/turtlebot3_dqn_world/obstacle2/model.config
[15.981s] -- Installing: /home/tanayrs/lars-ros/lars_ws2/install/turtlebot3_gazebo/share/turtlebot3_gazebo//models/turtlebot3_waffle_pi
[15.981s] -- Installing: /home/tanayrs/lars-ros/lars_ws2/install/turtlebot3_gazebo/share/turtlebot3_gazebo//models/turtlebot3_waffle_pi/model.sdf
[15.981s] -- Installing: /home/tanayrs/lars-ros/lars_ws2/install/turtlebot3_gazebo/share/turtlebot3_gazebo//models/turtlebot3_waffle_pi/model.config
[15.981s] -- Installing: /home/tanayrs/lars-ros/lars_ws2/install/turtlebot3_gazebo/share/turtlebot3_gazebo//models/turtlebot3_waffle_pi/model-1_4_.sdf
[15.981s] -- Installing: /home/tanayrs/lars-ros/lars_ws2/install/turtlebot3_gazebo/share/turtlebot3_gazebo//models/turtlebot3_common
[15.981s] -- Installing: /home/tanayrs/lars-ros/lars_ws2/install/turtlebot3_gazebo/share/turtlebot3_gazebo//models/turtlebot3_common/meshes
[15.981s] -- Installing: /home/tanayrs/lars-ros/lars_ws2/install/turtlebot3_gazebo/share/turtlebot3_gazebo//models/turtlebot3_common/meshes/waffle_base.dae
[15.981s] -- Installing: /home/tanayrs/lars-ros/lars_ws2/install/turtlebot3_gazebo/share/turtlebot3_gazebo//models/turtlebot3_common/meshes/burger_base.dae
[15.981s] -- Installing: /home/tanayrs/lars-ros/lars_ws2/install/turtlebot3_gazebo/share/turtlebot3_gazebo//models/turtlebot3_common/meshes/lds.dae
[15.981s] -- Installing: /home/tanayrs/lars-ros/lars_ws2/install/turtlebot3_gazebo/share/turtlebot3_gazebo//models/turtlebot3_common/meshes/r200.dae
[15.981s] -- Installing: /home/tanayrs/lars-ros/lars_ws2/install/turtlebot3_gazebo/share/turtlebot3_gazebo//models/turtlebot3_common/meshes/tire.dae
[15.981s] -- Installing: /home/tanayrs/lars-ros/lars_ws2/install/turtlebot3_gazebo/share/turtlebot3_gazebo//models/turtlebot3_common/meshes/waffle_pi_base.dae
[15.981s] -- Installing: /home/tanayrs/lars-ros/lars_ws2/install/turtlebot3_gazebo/share/turtlebot3_gazebo//models/turtlebot3_common/model.config
[15.981s] -- Installing: /home/tanayrs/lars-ros/lars_ws2/install/turtlebot3_gazebo/share/turtlebot3_gazebo//models/turtlebot3_burger
[15.981s] -- Installing: /home/tanayrs/lars-ros/lars_ws2/install/turtlebot3_gazebo/share/turtlebot3_gazebo//models/turtlebot3_burger/model.sdf
[15.981s] -- Installing: /home/tanayrs/lars-ros/lars_ws2/install/turtlebot3_gazebo/share/turtlebot3_gazebo//models/turtlebot3_burger/model.config
[15.981s] -- Installing: /home/tanayrs/lars-ros/lars_ws2/install/turtlebot3_gazebo/share/turtlebot3_gazebo//models/turtlebot3_burger/model-1_4.sdf
[15.981s] -- Installing: /home/tanayrs/lars-ros/lars_ws2/install/turtlebot3_gazebo/share/turtlebot3_gazebo//models/turtlebot3_house
[15.981s] -- Installing: /home/tanayrs/lars-ros/lars_ws2/install/turtlebot3_gazebo/share/turtlebot3_gazebo//models/turtlebot3_house/model.sdf
[15.982s] -- Installing: /home/tanayrs/lars-ros/lars_ws2/install/turtlebot3_gazebo/share/turtlebot3_gazebo//models/turtlebot3_house/model.config
[15.982s] -- Installing: /home/tanayrs/lars-ros/lars_ws2/install/turtlebot3_gazebo/share/turtlebot3_gazebo//models/turtlebot3_waffle
[15.982s] -- Installing: /home/tanayrs/lars-ros/lars_ws2/install/turtlebot3_gazebo/share/turtlebot3_gazebo//models/turtlebot3_waffle/model.sdf
[15.982s] -- Installing: /home/tanayrs/lars-ros/lars_ws2/install/turtlebot3_gazebo/share/turtlebot3_gazebo//models/turtlebot3_waffle/model.config
[15.982s] -- Installing: /home/tanayrs/lars-ros/lars_ws2/install/turtlebot3_gazebo/share/turtlebot3_gazebo//models/turtlebot3_waffle/model-1_4.sdf
[15.982s] -- Installing: /home/tanayrs/lars-ros/lars_ws2/install/turtlebot3_gazebo/share/turtlebot3_gazebo//rviz
[15.982s] -- Installing: /home/tanayrs/lars-ros/lars_ws2/install/turtlebot3_gazebo/share/turtlebot3_gazebo//rviz/tb3_gazebo.rviz
[15.982s] -- Installing: /home/tanayrs/lars-ros/lars_ws2/install/turtlebot3_gazebo/share/turtlebot3_gazebo//urdf
[15.982s] -- Installing: /home/tanayrs/lars-ros/lars_ws2/install/turtlebot3_gazebo/share/turtlebot3_gazebo//urdf/turtlebot3_waffle_pi.urdf
[15.982s] -- Installing: /home/tanayrs/lars-ros/lars_ws2/install/turtlebot3_gazebo/share/turtlebot3_gazebo//urdf/turtlebot3_waffle.urdf
[15.982s] -- Installing: /home/tanayrs/lars-ros/lars_ws2/install/turtlebot3_gazebo/share/turtlebot3_gazebo//urdf/common_properties.urdf
[15.982s] -- Installing: /home/tanayrs/lars-ros/lars_ws2/install/turtlebot3_gazebo/share/turtlebot3_gazebo//urdf/turtlebot3_burger.urdf
[15.982s] -- Installing: /home/tanayrs/lars-ros/lars_ws2/install/turtlebot3_gazebo/share/turtlebot3_gazebo//worlds
[15.982s] -- Installing: /home/tanayrs/lars-ros/lars_ws2/install/turtlebot3_gazebo/share/turtlebot3_gazebo//worlds/turtlebot3_dqn_stage3.world
[15.982s] -- Installing: /home/tanayrs/lars-ros/lars_ws2/install/turtlebot3_gazebo/share/turtlebot3_gazebo//worlds/turtlebot3_world.world
[15.982s] -- Installing: /home/tanayrs/lars-ros/lars_ws2/install/turtlebot3_gazebo/share/turtlebot3_gazebo//worlds/empty_world.world
[15.982s] -- Installing: /home/tanayrs/lars-ros/lars_ws2/install/turtlebot3_gazebo/share/turtlebot3_gazebo//worlds/turtlebot3_dqn_stage4.world
[15.982s] -- Installing: /home/tanayrs/lars-ros/lars_ws2/install/turtlebot3_gazebo/share/turtlebot3_gazebo//worlds/turtlebot3_house.world
[15.982s] -- Installing: /home/tanayrs/lars-ros/lars_ws2/install/turtlebot3_gazebo/share/turtlebot3_gazebo//worlds/turtlebot3_dqn_stage1.world
[15.982s] -- Installing: /home/tanayrs/lars-ros/lars_ws2/install/turtlebot3_gazebo/share/turtlebot3_gazebo//worlds/turtlebot3_dqn_stage2.world
[15.982s] -- Installing: /home/tanayrs/lars-ros/lars_ws2/install/turtlebot3_gazebo/include/
[15.983s] -- Installing: /home/tanayrs/lars-ros/lars_ws2/install/turtlebot3_gazebo/include//turtlebot3_gazebo
[15.983s] -- Installing: /home/tanayrs/lars-ros/lars_ws2/install/turtlebot3_gazebo/include//turtlebot3_gazebo/turtlebot3_drive.hpp
[15.983s] -- Installing: /home/tanayrs/lars-ros/lars_ws2/install/turtlebot3_gazebo/share/ament_index/resource_index/package_run_dependencies/turtlebot3_gazebo
[15.983s] -- Installing: /home/tanayrs/lars-ros/lars_ws2/install/turtlebot3_gazebo/share/ament_index/resource_index/parent_prefix_path/turtlebot3_gazebo
[15.983s] -- Installing: /home/tanayrs/lars-ros/lars_ws2/install/turtlebot3_gazebo/share/turtlebot3_gazebo/environment/ament_prefix_path.sh
[15.983s] -- Installing: /home/tanayrs/lars-ros/lars_ws2/install/turtlebot3_gazebo/share/turtlebot3_gazebo/environment/ament_prefix_path.dsv
[15.983s] -- Installing: /home/tanayrs/lars-ros/lars_ws2/install/turtlebot3_gazebo/share/turtlebot3_gazebo/environment/path.sh
[15.983s] -- Installing: /home/tanayrs/lars-ros/lars_ws2/install/turtlebot3_gazebo/share/turtlebot3_gazebo/environment/path.dsv
[15.983s] -- Installing: /home/tanayrs/lars-ros/lars_ws2/install/turtlebot3_gazebo/share/turtlebot3_gazebo/local_setup.bash
[15.983s] -- Installing: /home/tanayrs/lars-ros/lars_ws2/install/turtlebot3_gazebo/share/turtlebot3_gazebo/local_setup.sh
[15.983s] -- Installing: /home/tanayrs/lars-ros/lars_ws2/install/turtlebot3_gazebo/share/turtlebot3_gazebo/local_setup.zsh
[15.983s] -- Installing: /home/tanayrs/lars-ros/lars_ws2/install/turtlebot3_gazebo/share/turtlebot3_gazebo/local_setup.dsv
[15.983s] -- Installing: /home/tanayrs/lars-ros/lars_ws2/install/turtlebot3_gazebo/share/turtlebot3_gazebo/package.dsv
[15.983s] -- Installing: /home/tanayrs/lars-ros/lars_ws2/install/turtlebot3_gazebo/share/ament_index/resource_index/packages/turtlebot3_gazebo
[15.984s] -- Installing: /home/tanayrs/lars-ros/lars_ws2/install/turtlebot3_gazebo/share/turtlebot3_gazebo/cmake/ament_cmake_export_include_directories-extras.cmake
[15.984s] -- Installing: /home/tanayrs/lars-ros/lars_ws2/install/turtlebot3_gazebo/share/turtlebot3_gazebo/cmake/ament_cmake_export_dependencies-extras.cmake
[15.984s] -- Installing: /home/tanayrs/lars-ros/lars_ws2/install/turtlebot3_gazebo/share/turtlebot3_gazebo/cmake/turtlebot3_gazeboConfig.cmake
[15.984s] -- Installing: /home/tanayrs/lars-ros/lars_ws2/install/turtlebot3_gazebo/share/turtlebot3_gazebo/cmake/turtlebot3_gazeboConfig-version.cmake
[15.984s] -- Installing: /home/tanayrs/lars-ros/lars_ws2/install/turtlebot3_gazebo/share/turtlebot3_gazebo/package.xml
[15.985s] Invoked command in '/home/tanayrs/lars-ros/lars_ws2/build/turtlebot3_gazebo' returned '0': CMAKE_PREFIX_PATH=${CMAKE_PREFIX_PATH}:/home/tanayrs/turtlebot3_ws/install/turtlebot3_teleop:/home/tanayrs/turtlebot3_ws/install/turtlebot3_example:/home/tanayrs/lars-ros/lars_ws/install/lars_groundbot_control:/home/tanayrs/lars_ws/install/turtlebot_mover:/opt/ros/humble /usr/bin/cmake --install /home/tanayrs/lars-ros/lars_ws2/build/turtlebot3_gazebo
