[0.416s] Invoking command in '/home/tanayrs/lars-ros/lars_ws2/src/turtlebot3/turtlebot3_example': AMENT_PREFIX_PATH=/home/tanayrs/lars-ros/lars_ws2/install/turtlebot3_msgs:${AMENT_PREFIX_PATH} CMAKE_PREFIX_PATH=/home/tanayrs/lars-ros/lars_ws2/install/turtlebot3_msgs:${CMAKE_PREFIX_PATH} LD_LIBRARY_PATH=/home/tanayrs/lars-ros/lars_ws2/install/turtlebot3_msgs/lib:${LD_LIBRARY_PATH} PYTHONPATH=/home/tanayrs/lars-ros/lars_ws2/build/turtlebot3_example/prefix_override:/usr/lib/python3/dist-packages/colcon_core/task/python/colcon_distutils_commands:/home/tanayrs/lars-ros/lars_ws2/install/turtlebot3_example/lib/python3.10/site-packages:/home/tanayrs/lars-ros/lars_ws2/install/turtlebot3_msgs/local/lib/python3.10/dist-packages:${PYTHONPATH} /usr/bin/python3 -W ignore:setup.py install is deprecated -W ignore:easy_install command is deprecated setup.py egg_info --egg-base ../../../build/turtlebot3_example build --build-base /home/tanayrs/lars-ros/lars_ws2/build/turtlebot3_example/build install --record /home/tanayrs/lars-ros/lars_ws2/build/turtlebot3_example/install.log --single-version-externally-managed install_data
[0.566s] running egg_info
[0.566s] writing ../../../build/turtlebot3_example/turtlebot3_example.egg-info/PKG-INFO
[0.566s] writing dependency_links to ../../../build/turtlebot3_example/turtlebot3_example.egg-info/dependency_links.txt
[0.566s] writing entry points to ../../../build/turtlebot3_example/turtlebot3_example.egg-info/entry_points.txt
[0.566s] writing requirements to ../../../build/turtlebot3_example/turtlebot3_example.egg-info/requires.txt
[0.567s] writing top-level names to ../../../build/turtlebot3_example/turtlebot3_example.egg-info/top_level.txt
[0.568s] reading manifest file '../../../build/turtlebot3_example/turtlebot3_example.egg-info/SOURCES.txt'
[0.569s] writing manifest file '../../../build/turtlebot3_example/turtlebot3_example.egg-info/SOURCES.txt'
[0.569s] running build
[0.569s] running build_py
[0.569s] running install
[0.569s] running install_lib
[0.570s] running install_data
[0.570s] running install_egg_info
[0.572s] removing '/home/tanayrs/lars-ros/lars_ws2/install/turtlebot3_example/lib/python3.10/site-packages/turtlebot3_example-2.1.5-py3.10.egg-info' (and everything under it)
[0.572s] Copying ../../../build/turtlebot3_example/turtlebot3_example.egg-info to /home/tanayrs/lars-ros/lars_ws2/install/turtlebot3_example/lib/python3.10/site-packages/turtlebot3_example-2.1.5-py3.10.egg-info
[0.572s] running install_scripts
[0.584s] Installing turtlebot3_obstacle_detection script to /home/tanayrs/lars-ros/lars_ws2/install/turtlebot3_example/lib/turtlebot3_example
[0.584s] Installing turtlebot3_patrol_client script to /home/tanayrs/lars-ros/lars_ws2/install/turtlebot3_example/lib/turtlebot3_example
[0.585s] Installing turtlebot3_patrol_server script to /home/tanayrs/lars-ros/lars_ws2/install/turtlebot3_example/lib/turtlebot3_example
[0.585s] Installing turtlebot3_position_control script to /home/tanayrs/lars-ros/lars_ws2/install/turtlebot3_example/lib/turtlebot3_example
[0.585s] writing list of installed files to '/home/tanayrs/lars-ros/lars_ws2/build/turtlebot3_example/install.log'
[0.599s] Invoked command in '/home/tanayrs/lars-ros/lars_ws2/src/turtlebot3/turtlebot3_example' returned '0': AMENT_PREFIX_PATH=/home/tanayrs/lars-ros/lars_ws2/install/turtlebot3_msgs:${AMENT_PREFIX_PATH} CMAKE_PREFIX_PATH=/home/tanayrs/lars-ros/lars_ws2/install/turtlebot3_msgs:${CMAKE_PREFIX_PATH} LD_LIBRARY_PATH=/home/tanayrs/lars-ros/lars_ws2/install/turtlebot3_msgs/lib:${LD_LIBRARY_PATH} PYTHONPATH=/home/tanayrs/lars-ros/lars_ws2/build/turtlebot3_example/prefix_override:/usr/lib/python3/dist-packages/colcon_core/task/python/colcon_distutils_commands:/home/tanayrs/lars-ros/lars_ws2/install/turtlebot3_example/lib/python3.10/site-packages:/home/tanayrs/lars-ros/lars_ws2/install/turtlebot3_msgs/local/lib/python3.10/dist-packages:${PYTHONPATH} /usr/bin/python3 -W ignore:setup.py install is deprecated -W ignore:easy_install command is deprecated setup.py egg_info --egg-base ../../../build/turtlebot3_example build --build-base /home/tanayrs/lars-ros/lars_ws2/build/turtlebot3_example/build install --record /home/tanayrs/lars-ros/lars_ws2/build/turtlebot3_example/install.log --single-version-externally-managed install_data
