[0.379s] Invoking command in '/home/tanayrs/lars_ws/src/turtlebot_mover': PYTHONPATH=/home/tanayrs/lars_ws/build/turtlebot_mover/prefix_override:/usr/lib/python3/dist-packages/colcon_core/task/python/colcon_distutils_commands:/home/tanayrs/lars_ws/install/turtlebot_mover/lib/python3.10/site-packages:${PYTHONPATH} /usr/bin/python3 -W ignore:setup.py install is deprecated -W ignore:easy_install command is deprecated setup.py egg_info --egg-base ../../build/turtlebot_mover build --build-base /home/tanayrs/lars_ws/build/turtlebot_mover/build install --record /home/tanayrs/lars_ws/build/turtlebot_mover/install.log --single-version-externally-managed
[0.523s] running egg_info
[0.524s] writing ../../build/turtlebot_mover/turtlebot_mover.egg-info/PKG-INFO
[0.524s] writing dependency_links to ../../build/turtlebot_mover/turtlebot_mover.egg-info/dependency_links.txt
[0.524s] writing entry points to ../../build/turtlebot_mover/turtlebot_mover.egg-info/entry_points.txt
[0.524s] writing requirements to ../../build/turtlebot_mover/turtlebot_mover.egg-info/requires.txt
[0.524s] writing top-level names to ../../build/turtlebot_mover/turtlebot_mover.egg-info/top_level.txt
[0.525s] reading manifest file '../../build/turtlebot_mover/turtlebot_mover.egg-info/SOURCES.txt'
[0.526s] writing manifest file '../../build/turtlebot_mover/turtlebot_mover.egg-info/SOURCES.txt'
[0.526s] running build
[0.526s] running build_py
[0.526s] copying turtlebot_mover/move_turtlebot_grid.py -> /home/tanayrs/lars_ws/build/turtlebot_mover/build/lib/turtlebot_mover
[0.526s] running install
[0.526s] running install_lib
[0.527s] copying /home/tanayrs/lars_ws/build/turtlebot_mover/build/lib/turtlebot_mover/move_turtlebot_grid.py -> /home/tanayrs/lars_ws/install/turtlebot_mover/lib/python3.10/site-packages/turtlebot_mover
[0.527s] byte-compiling /home/tanayrs/lars_ws/install/turtlebot_mover/lib/python3.10/site-packages/turtlebot_mover/move_turtlebot_grid.py to move_turtlebot_grid.cpython-310.pyc
[0.527s] running install_egg_info
[0.529s] removing '/home/tanayrs/lars_ws/install/turtlebot_mover/lib/python3.10/site-packages/turtlebot_mover-0.0.0-py3.10.egg-info' (and everything under it)
[0.529s] Copying ../../build/turtlebot_mover/turtlebot_mover.egg-info to /home/tanayrs/lars_ws/install/turtlebot_mover/lib/python3.10/site-packages/turtlebot_mover-0.0.0-py3.10.egg-info
[0.529s] running install_scripts
[0.542s] Installing move_turtlebot_grid script to /home/tanayrs/lars_ws/install/turtlebot_mover/lib/turtlebot_mover
[0.542s] writing list of installed files to '/home/tanayrs/lars_ws/build/turtlebot_mover/install.log'
[0.556s] Invoked command in '/home/tanayrs/lars_ws/src/turtlebot_mover' returned '0': PYTHONPATH=/home/tanayrs/lars_ws/build/turtlebot_mover/prefix_override:/usr/lib/python3/dist-packages/colcon_core/task/python/colcon_distutils_commands:/home/tanayrs/lars_ws/install/turtlebot_mover/lib/python3.10/site-packages:${PYTHONPATH} /usr/bin/python3 -W ignore:setup.py install is deprecated -W ignore:easy_install command is deprecated setup.py egg_info --egg-base ../../build/turtlebot_mover build --build-base /home/tanayrs/lars_ws/build/turtlebot_mover/build install --record /home/tanayrs/lars_ws/build/turtlebot_mover/install.log --single-version-externally-managed
