[0.039s] Invoking command in '/home/tanayrs/lars-ros/lars_ws2/build/turtlebot3_cartographer': CMAKE_PREFIX_PATH=${CMAKE_PREFIX_PATH}:/home/tanayrs/lars-ros/lars_ws2/install/turtlebot3_teleop:/home/tanayrs/lars-ros/lars_ws2/install/turtlebot3_example:/home/tanayrs/lars-ros/lars_ws2/install/turtlebot3_grid_nav:/home/tanayrs/lars-ros/lars_ws/install/lars_groundbot_control:/home/tanayrs/turtlebot3_ws/install/turtlebot3_teleop:/home/tanayrs/turtlebot3_ws/install/turtlebot3_example:/home/tanayrs/lars_ws/install/turtlebot_mover:/opt/ros/humble /usr/bin/cmake --build /home/tanayrs/lars-ros/lars_ws2/build/turtlebot3_cartographer -- -j16 -l16
[0.596s] Invoked command in '/home/tanayrs/lars-ros/lars_ws2/build/turtlebot3_cartographer' returned '0': CMAKE_PREFIX_PATH=${CMAKE_PREFIX_PATH}:/home/tanayrs/lars-ros/lars_ws2/install/turtlebot3_teleop:/home/tanayrs/lars-ros/lars_ws2/install/turtlebot3_example:/home/tanayrs/lars-ros/lars_ws2/install/turtlebot3_grid_nav:/home/tanayrs/lars-ros/lars_ws/install/lars_groundbot_control:/home/tanayrs/turtlebot3_ws/install/turtlebot3_teleop:/home/tanayrs/turtlebot3_ws/install/turtlebot3_example:/home/tanayrs/lars_ws/install/turtlebot_mover:/opt/ros/humble /usr/bin/cmake --build /home/tanayrs/lars-ros/lars_ws2/build/turtlebot3_cartographer -- -j16 -l16
[0.597s] Invoking command in '/home/tanayrs/lars-ros/lars_ws2/build/turtlebot3_cartographer': CMAKE_PREFIX_PATH=${CMAKE_PREFIX_PATH}:/home/tanayrs/lars-ros/lars_ws2/install/turtlebot3_teleop:/home/tanayrs/lars-ros/lars_ws2/install/turtlebot3_example:/home/tanayrs/lars-ros/lars_ws2/install/turtlebot3_grid_nav:/home/tanayrs/lars-ros/lars_ws/install/lars_groundbot_control:/home/tanayrs/turtlebot3_ws/install/turtlebot3_teleop:/home/tanayrs/turtlebot3_ws/install/turtlebot3_example:/home/tanayrs/lars_ws/install/turtlebot_mover:/opt/ros/humble /usr/bin/cmake --install /home/tanayrs/lars-ros/lars_ws2/build/turtlebot3_cartographer
[0.610s] -- Install configuration: ""
[0.610s] -- Up-to-date: /home/tanayrs/lars-ros/lars_ws2/install/turtlebot3_cartographer/share/turtlebot3_cartographer/config
[0.611s] -- Up-to-date: /home/tanayrs/lars-ros/lars_ws2/install/turtlebot3_cartographer/share/turtlebot3_cartographer/config/turtlebot3_lds_2d.lua
[0.611s] -- Up-to-date: /home/tanayrs/lars-ros/lars_ws2/install/turtlebot3_cartographer/share/turtlebot3_cartographer/launch
[0.611s] -- Up-to-date: /home/tanayrs/lars-ros/lars_ws2/install/turtlebot3_cartographer/share/turtlebot3_cartographer/launch/cartographer.launch.py
[0.611s] -- Up-to-date: /home/tanayrs/lars-ros/lars_ws2/install/turtlebot3_cartographer/share/turtlebot3_cartographer/launch/occupancy_grid.launch.py
[0.611s] -- Up-to-date: /home/tanayrs/lars-ros/lars_ws2/install/turtlebot3_cartographer/share/turtlebot3_cartographer/rviz
[0.611s] -- Up-to-date: /home/tanayrs/lars-ros/lars_ws2/install/turtlebot3_cartographer/share/turtlebot3_cartographer/rviz/tb3_cartographer.rviz
[0.611s] -- Up-to-date: /home/tanayrs/lars-ros/lars_ws2/install/turtlebot3_cartographer/share/ament_index/resource_index/package_run_dependencies/turtlebot3_cartographer
[0.611s] -- Up-to-date: /home/tanayrs/lars-ros/lars_ws2/install/turtlebot3_cartographer/share/ament_index/resource_index/parent_prefix_path/turtlebot3_cartographer
[0.611s] -- Up-to-date: /home/tanayrs/lars-ros/lars_ws2/install/turtlebot3_cartographer/share/turtlebot3_cartographer/environment/ament_prefix_path.sh
[0.611s] -- Up-to-date: /home/tanayrs/lars-ros/lars_ws2/install/turtlebot3_cartographer/share/turtlebot3_cartographer/environment/ament_prefix_path.dsv
[0.611s] -- Up-to-date: /home/tanayrs/lars-ros/lars_ws2/install/turtlebot3_cartographer/share/turtlebot3_cartographer/environment/path.sh
[0.611s] -- Up-to-date: /home/tanayrs/lars-ros/lars_ws2/install/turtlebot3_cartographer/share/turtlebot3_cartographer/environment/path.dsv
[0.611s] -- Up-to-date: /home/tanayrs/lars-ros/lars_ws2/install/turtlebot3_cartographer/share/turtlebot3_cartographer/local_setup.bash
[0.611s] -- Up-to-date: /home/tanayrs/lars-ros/lars_ws2/install/turtlebot3_cartographer/share/turtlebot3_cartographer/local_setup.sh
[0.611s] -- Up-to-date: /home/tanayrs/lars-ros/lars_ws2/install/turtlebot3_cartographer/share/turtlebot3_cartographer/local_setup.zsh
[0.611s] -- Up-to-date: /home/tanayrs/lars-ros/lars_ws2/install/turtlebot3_cartographer/share/turtlebot3_cartographer/local_setup.dsv
[0.611s] -- Installing: /home/tanayrs/lars-ros/lars_ws2/install/turtlebot3_cartographer/share/turtlebot3_cartographer/package.dsv
[0.611s] -- Up-to-date: /home/tanayrs/lars-ros/lars_ws2/install/turtlebot3_cartographer/share/ament_index/resource_index/packages/turtlebot3_cartographer
[0.611s] -- Up-to-date: /home/tanayrs/lars-ros/lars_ws2/install/turtlebot3_cartographer/share/turtlebot3_cartographer/cmake/turtlebot3_cartographerConfig.cmake
[0.611s] -- Up-to-date: /home/tanayrs/lars-ros/lars_ws2/install/turtlebot3_cartographer/share/turtlebot3_cartographer/cmake/turtlebot3_cartographerConfig-version.cmake
[0.611s] -- Up-to-date: /home/tanayrs/lars-ros/lars_ws2/install/turtlebot3_cartographer/share/turtlebot3_cartographer/package.xml
[0.694s] Invoked command in '/home/tanayrs/lars-ros/lars_ws2/build/turtlebot3_cartographer' returned '0': CMAKE_PREFIX_PATH=${CMAKE_PREFIX_PATH}:/home/tanayrs/lars-ros/lars_ws2/install/turtlebot3_teleop:/home/tanayrs/lars-ros/lars_ws2/install/turtlebot3_example:/home/tanayrs/lars-ros/lars_ws2/install/turtlebot3_grid_nav:/home/tanayrs/lars-ros/lars_ws/install/lars_groundbot_control:/home/tanayrs/turtlebot3_ws/install/turtlebot3_teleop:/home/tanayrs/turtlebot3_ws/install/turtlebot3_example:/home/tanayrs/lars_ws/install/turtlebot_mover:/opt/ros/humble /usr/bin/cmake --install /home/tanayrs/lars-ros/lars_ws2/build/turtlebot3_cartographer
