[0.423s] Invoking command in '/home/tanayrs/lars-ros/lars_ws/build/turtlebot3_example': CMAKE_PREFIX_PATH=/home/tanayrs/lars-ros/lars_ws/install/turtlebot3_msgs:/home/tanayrs/lars-ros/lars_ws/install/turtlebot3:/home/tanayrs/lars-ros/lars_ws/install/turtlebot3_simulations:/home/tanayrs/lars-ros/lars_ws/install/turtlebot3_bringup:/home/tanayrs/lars-ros/lars_ws/install/turtlebot3_node:/home/tanayrs/lars-ros/lars_ws/install/turtlebot3_navigation2:/home/tanayrs/lars-ros/lars_ws/install/turtlebot3_fake_node:/home/tanayrs/lars-ros/lars_ws/install/turtlebot3_gazebo:/home/tanayrs/lars-ros/lars_ws/install/turtlebot3_description:/home/tanayrs/lars-ros/lars_ws/install/turtlebot3_cartographer:/home/tanayrs/lars-ros/lars_ws/install/dynamixel_sdk_examples:/home/tanayrs/lars-ros/lars_ws/install/dynamixel_sdk_custom_interfaces:/home/tanayrs/lars-ros/lars_ws/install/dynamixel_sdk PYTHONPATH=/home/tanayrs/lars-ros/lars_ws/build/turtlebot3_example/prefix_override:/usr/lib/python3/dist-packages/colcon_core/task/python/colcon_distutils_commands:/home/tanayrs/lars-ros/lars_ws/install/turtlebot3_example/lib/python3.10/site-packages:${PYTHONPATH} /usr/bin/python3 -W ignore:setup.py install is deprecated -W ignore:easy_install command is deprecated setup.py develop --uninstall --editable --build-directory /home/tanayrs/lars-ros/lars_ws/build/turtlebot3_example/build
[0.594s] running develop
[0.708s] Removing /home/tanayrs/lars-ros/lars_ws/install/turtlebot3_example/lib/python3.10/site-packages/turtlebot3-example.egg-link (link to .)
[0.727s] Invoked command in '/home/tanayrs/lars-ros/lars_ws/build/turtlebot3_example' returned '0': CMAKE_PREFIX_PATH=/home/tanayrs/lars-ros/lars_ws/install/turtlebot3_msgs:/home/tanayrs/lars-ros/lars_ws/install/turtlebot3:/home/tanayrs/lars-ros/lars_ws/install/turtlebot3_simulations:/home/tanayrs/lars-ros/lars_ws/install/turtlebot3_bringup:/home/tanayrs/lars-ros/lars_ws/install/turtlebot3_node:/home/tanayrs/lars-ros/lars_ws/install/turtlebot3_navigation2:/home/tanayrs/lars-ros/lars_ws/install/turtlebot3_fake_node:/home/tanayrs/lars-ros/lars_ws/install/turtlebot3_gazebo:/home/tanayrs/lars-ros/lars_ws/install/turtlebot3_description:/home/tanayrs/lars-ros/lars_ws/install/turtlebot3_cartographer:/home/tanayrs/lars-ros/lars_ws/install/dynamixel_sdk_examples:/home/tanayrs/lars-ros/lars_ws/install/dynamixel_sdk_custom_interfaces:/home/tanayrs/lars-ros/lars_ws/install/dynamixel_sdk PYTHONPATH=/home/tanayrs/lars-ros/lars_ws/build/turtlebot3_example/prefix_override:/usr/lib/python3/dist-packages/colcon_core/task/python/colcon_distutils_commands:/home/tanayrs/lars-ros/lars_ws/install/turtlebot3_example/lib/python3.10/site-packages:${PYTHONPATH} /usr/bin/python3 -W ignore:setup.py install is deprecated -W ignore:easy_install command is deprecated setup.py develop --uninstall --editable --build-directory /home/tanayrs/lars-ros/lars_ws/build/turtlebot3_example/build
[0.728s] Invoking command in '/home/tanayrs/lars-ros/lars_ws/src/turtlebot3/turtlebot3_example': CMAKE_PREFIX_PATH=/home/tanayrs/lars-ros/lars_ws/install/turtlebot3_msgs:/home/tanayrs/lars-ros/lars_ws/install/turtlebot3:/home/tanayrs/lars-ros/lars_ws/install/turtlebot3_simulations:/home/tanayrs/lars-ros/lars_ws/install/turtlebot3_bringup:/home/tanayrs/lars-ros/lars_ws/install/turtlebot3_node:/home/tanayrs/lars-ros/lars_ws/install/turtlebot3_navigation2:/home/tanayrs/lars-ros/lars_ws/install/turtlebot3_fake_node:/home/tanayrs/lars-ros/lars_ws/install/turtlebot3_gazebo:/home/tanayrs/lars-ros/lars_ws/install/turtlebot3_description:/home/tanayrs/lars-ros/lars_ws/install/turtlebot3_cartographer:/home/tanayrs/lars-ros/lars_ws/install/dynamixel_sdk_examples:/home/tanayrs/lars-ros/lars_ws/install/dynamixel_sdk_custom_interfaces:/home/tanayrs/lars-ros/lars_ws/install/dynamixel_sdk PYTHONPATH=/home/tanayrs/lars-ros/lars_ws/build/turtlebot3_example/prefix_override:/usr/lib/python3/dist-packages/colcon_core/task/python/colcon_distutils_commands:/home/tanayrs/lars-ros/lars_ws/install/turtlebot3_example/lib/python3.10/site-packages:${PYTHONPATH} /usr/bin/python3 -W ignore:setup.py install is deprecated -W ignore:easy_install command is deprecated setup.py egg_info --egg-base ../../../build/turtlebot3_example build --build-base /home/tanayrs/lars-ros/lars_ws/build/turtlebot3_example/build install --record /home/tanayrs/lars-ros/lars_ws/build/turtlebot3_example/install.log --single-version-externally-managed install_data --force
[0.882s] running egg_info
[0.882s] writing ../../../build/turtlebot3_example/turtlebot3_example.egg-info/PKG-INFO
[0.882s] writing dependency_links to ../../../build/turtlebot3_example/turtlebot3_example.egg-info/dependency_links.txt
[0.883s] writing entry points to ../../../build/turtlebot3_example/turtlebot3_example.egg-info/entry_points.txt
[0.883s] writing requirements to ../../../build/turtlebot3_example/turtlebot3_example.egg-info/requires.txt
[0.883s] writing top-level names to ../../../build/turtlebot3_example/turtlebot3_example.egg-info/top_level.txt
[0.884s] reading manifest file '../../../build/turtlebot3_example/turtlebot3_example.egg-info/SOURCES.txt'
[0.885s] writing manifest file '../../../build/turtlebot3_example/turtlebot3_example.egg-info/SOURCES.txt'
[0.885s] running build
[0.885s] running build_py
[0.885s] creating /home/tanayrs/lars-ros/lars_ws/build/turtlebot3_example/build
[0.885s] creating /home/tanayrs/lars-ros/lars_ws/build/turtlebot3_example/build/lib
[0.885s] creating /home/tanayrs/lars-ros/lars_ws/build/turtlebot3_example/build/lib/turtlebot3_example
[0.885s] copying turtlebot3_example/__init__.py -> /home/tanayrs/lars-ros/lars_ws/build/turtlebot3_example/build/lib/turtlebot3_example
[0.885s] creating /home/tanayrs/lars-ros/lars_ws/build/turtlebot3_example/build/lib/turtlebot3_example/turtlebot3_obstacle_detection
[0.885s] copying turtlebot3_example/turtlebot3_obstacle_detection/main.py -> /home/tanayrs/lars-ros/lars_ws/build/turtlebot3_example/build/lib/turtlebot3_example/turtlebot3_obstacle_detection
[0.885s] copying turtlebot3_example/turtlebot3_obstacle_detection/__init__.py -> /home/tanayrs/lars-ros/lars_ws/build/turtlebot3_example/build/lib/turtlebot3_example/turtlebot3_obstacle_detection
[0.885s] copying turtlebot3_example/turtlebot3_obstacle_detection/turtlebot3_obstacle_detection.py -> /home/tanayrs/lars-ros/lars_ws/build/turtlebot3_example/build/lib/turtlebot3_example/turtlebot3_obstacle_detection
[0.885s] creating /home/tanayrs/lars-ros/lars_ws/build/turtlebot3_example/build/lib/turtlebot3_example/turtlebot3_patrol_client
[0.885s] copying turtlebot3_example/turtlebot3_patrol_client/main.py -> /home/tanayrs/lars-ros/lars_ws/build/turtlebot3_example/build/lib/turtlebot3_example/turtlebot3_patrol_client
[0.885s] copying turtlebot3_example/turtlebot3_patrol_client/__init__.py -> /home/tanayrs/lars-ros/lars_ws/build/turtlebot3_example/build/lib/turtlebot3_example/turtlebot3_patrol_client
[0.886s] copying turtlebot3_example/turtlebot3_patrol_client/turtlebot3_patrol_client.py -> /home/tanayrs/lars-ros/lars_ws/build/turtlebot3_example/build/lib/turtlebot3_example/turtlebot3_patrol_client
[0.886s] creating /home/tanayrs/lars-ros/lars_ws/build/turtlebot3_example/build/lib/turtlebot3_example/turtlebot3_patrol_server
[0.886s] copying turtlebot3_example/turtlebot3_patrol_server/main.py -> /home/tanayrs/lars-ros/lars_ws/build/turtlebot3_example/build/lib/turtlebot3_example/turtlebot3_patrol_server
[0.886s] copying turtlebot3_example/turtlebot3_patrol_server/turtlebot3_path.py -> /home/tanayrs/lars-ros/lars_ws/build/turtlebot3_example/build/lib/turtlebot3_example/turtlebot3_patrol_server
[0.886s] copying turtlebot3_example/turtlebot3_patrol_server/turtlebot3_patrol_server.py -> /home/tanayrs/lars-ros/lars_ws/build/turtlebot3_example/build/lib/turtlebot3_example/turtlebot3_patrol_server
[0.886s] copying turtlebot3_example/turtlebot3_patrol_server/__init__.py -> /home/tanayrs/lars-ros/lars_ws/build/turtlebot3_example/build/lib/turtlebot3_example/turtlebot3_patrol_server
[0.886s] creating /home/tanayrs/lars-ros/lars_ws/build/turtlebot3_example/build/lib/turtlebot3_example/turtlebot3_position_control
[0.886s] copying turtlebot3_example/turtlebot3_position_control/main.py -> /home/tanayrs/lars-ros/lars_ws/build/turtlebot3_example/build/lib/turtlebot3_example/turtlebot3_position_control
[0.886s] copying turtlebot3_example/turtlebot3_position_control/turtlebot3_path.py -> /home/tanayrs/lars-ros/lars_ws/build/turtlebot3_example/build/lib/turtlebot3_example/turtlebot3_position_control
[0.886s] copying turtlebot3_example/turtlebot3_position_control/turtlebot3_position_control.py -> /home/tanayrs/lars-ros/lars_ws/build/turtlebot3_example/build/lib/turtlebot3_example/turtlebot3_position_control
[0.886s] copying turtlebot3_example/turtlebot3_position_control/__init__.py -> /home/tanayrs/lars-ros/lars_ws/build/turtlebot3_example/build/lib/turtlebot3_example/turtlebot3_position_control
[0.887s] running install
[0.887s] running install_lib
[0.887s] creating /home/tanayrs/lars-ros/lars_ws/install/turtlebot3_example/lib/python3.10/site-packages/turtlebot3_example
[0.887s] creating /home/tanayrs/lars-ros/lars_ws/install/turtlebot3_example/lib/python3.10/site-packages/turtlebot3_example/turtlebot3_obstacle_detection
[0.887s] copying /home/tanayrs/lars-ros/lars_ws/build/turtlebot3_example/build/lib/turtlebot3_example/turtlebot3_obstacle_detection/main.py -> /home/tanayrs/lars-ros/lars_ws/install/turtlebot3_example/lib/python3.10/site-packages/turtlebot3_example/turtlebot3_obstacle_detection
[0.887s] copying /home/tanayrs/lars-ros/lars_ws/build/turtlebot3_example/build/lib/turtlebot3_example/turtlebot3_obstacle_detection/__init__.py -> /home/tanayrs/lars-ros/lars_ws/install/turtlebot3_example/lib/python3.10/site-packages/turtlebot3_example/turtlebot3_obstacle_detection
[0.887s] copying /home/tanayrs/lars-ros/lars_ws/build/turtlebot3_example/build/lib/turtlebot3_example/turtlebot3_obstacle_detection/turtlebot3_obstacle_detection.py -> /home/tanayrs/lars-ros/lars_ws/install/turtlebot3_example/lib/python3.10/site-packages/turtlebot3_example/turtlebot3_obstacle_detection
[0.887s] creating /home/tanayrs/lars-ros/lars_ws/install/turtlebot3_example/lib/python3.10/site-packages/turtlebot3_example/turtlebot3_patrol_client
[0.887s] copying /home/tanayrs/lars-ros/lars_ws/build/turtlebot3_example/build/lib/turtlebot3_example/turtlebot3_patrol_client/main.py -> /home/tanayrs/lars-ros/lars_ws/install/turtlebot3_example/lib/python3.10/site-packages/turtlebot3_example/turtlebot3_patrol_client
[0.888s] copying /home/tanayrs/lars-ros/lars_ws/build/turtlebot3_example/build/lib/turtlebot3_example/turtlebot3_patrol_client/__init__.py -> /home/tanayrs/lars-ros/lars_ws/install/turtlebot3_example/lib/python3.10/site-packages/turtlebot3_example/turtlebot3_patrol_client
[0.888s] copying /home/tanayrs/lars-ros/lars_ws/build/turtlebot3_example/build/lib/turtlebot3_example/turtlebot3_patrol_client/turtlebot3_patrol_client.py -> /home/tanayrs/lars-ros/lars_ws/install/turtlebot3_example/lib/python3.10/site-packages/turtlebot3_example/turtlebot3_patrol_client
[0.888s] creating /home/tanayrs/lars-ros/lars_ws/install/turtlebot3_example/lib/python3.10/site-packages/turtlebot3_example/turtlebot3_patrol_server
[0.888s] copying /home/tanayrs/lars-ros/lars_ws/build/turtlebot3_example/build/lib/turtlebot3_example/turtlebot3_patrol_server/main.py -> /home/tanayrs/lars-ros/lars_ws/install/turtlebot3_example/lib/python3.10/site-packages/turtlebot3_example/turtlebot3_patrol_server
[0.888s] copying /home/tanayrs/lars-ros/lars_ws/build/turtlebot3_example/build/lib/turtlebot3_example/turtlebot3_patrol_server/turtlebot3_path.py -> /home/tanayrs/lars-ros/lars_ws/install/turtlebot3_example/lib/python3.10/site-packages/turtlebot3_example/turtlebot3_patrol_server
[0.888s] copying /home/tanayrs/lars-ros/lars_ws/build/turtlebot3_example/build/lib/turtlebot3_example/turtlebot3_patrol_server/turtlebot3_patrol_server.py -> /home/tanayrs/lars-ros/lars_ws/install/turtlebot3_example/lib/python3.10/site-packages/turtlebot3_example/turtlebot3_patrol_server
[0.888s] copying /home/tanayrs/lars-ros/lars_ws/build/turtlebot3_example/build/lib/turtlebot3_example/turtlebot3_patrol_server/__init__.py -> /home/tanayrs/lars-ros/lars_ws/install/turtlebot3_example/lib/python3.10/site-packages/turtlebot3_example/turtlebot3_patrol_server
[0.888s] copying /home/tanayrs/lars-ros/lars_ws/build/turtlebot3_example/build/lib/turtlebot3_example/__init__.py -> /home/tanayrs/lars-ros/lars_ws/install/turtlebot3_example/lib/python3.10/site-packages/turtlebot3_example
[0.888s] creating /home/tanayrs/lars-ros/lars_ws/install/turtlebot3_example/lib/python3.10/site-packages/turtlebot3_example/turtlebot3_position_control
[0.888s] copying /home/tanayrs/lars-ros/lars_ws/build/turtlebot3_example/build/lib/turtlebot3_example/turtlebot3_position_control/main.py -> /home/tanayrs/lars-ros/lars_ws/install/turtlebot3_example/lib/python3.10/site-packages/turtlebot3_example/turtlebot3_position_control
[0.888s] copying /home/tanayrs/lars-ros/lars_ws/build/turtlebot3_example/build/lib/turtlebot3_example/turtlebot3_position_control/turtlebot3_path.py -> /home/tanayrs/lars-ros/lars_ws/install/turtlebot3_example/lib/python3.10/site-packages/turtlebot3_example/turtlebot3_position_control
[0.888s] copying /home/tanayrs/lars-ros/lars_ws/build/turtlebot3_example/build/lib/turtlebot3_example/turtlebot3_position_control/turtlebot3_position_control.py -> /home/tanayrs/lars-ros/lars_ws/install/turtlebot3_example/lib/python3.10/site-packages/turtlebot3_example/turtlebot3_position_control
[0.888s] copying /home/tanayrs/lars-ros/lars_ws/build/turtlebot3_example/build/lib/turtlebot3_example/turtlebot3_position_control/__init__.py -> /home/tanayrs/lars-ros/lars_ws/install/turtlebot3_example/lib/python3.10/site-packages/turtlebot3_example/turtlebot3_position_control
[0.888s] byte-compiling /home/tanayrs/lars-ros/lars_ws/install/turtlebot3_example/lib/python3.10/site-packages/turtlebot3_example/turtlebot3_obstacle_detection/main.py to main.cpython-310.pyc
[0.888s] byte-compiling /home/tanayrs/lars-ros/lars_ws/install/turtlebot3_example/lib/python3.10/site-packages/turtlebot3_example/turtlebot3_obstacle_detection/__init__.py to __init__.cpython-310.pyc
[0.889s] byte-compiling /home/tanayrs/lars-ros/lars_ws/install/turtlebot3_example/lib/python3.10/site-packages/turtlebot3_example/turtlebot3_obstacle_detection/turtlebot3_obstacle_detection.py to turtlebot3_obstacle_detection.cpython-310.pyc
[0.889s] byte-compiling /home/tanayrs/lars-ros/lars_ws/install/turtlebot3_example/lib/python3.10/site-packages/turtlebot3_example/turtlebot3_patrol_client/main.py to main.cpython-310.pyc
[0.889s] byte-compiling /home/tanayrs/lars-ros/lars_ws/install/turtlebot3_example/lib/python3.10/site-packages/turtlebot3_example/turtlebot3_patrol_client/__init__.py to __init__.cpython-310.pyc
[0.889s] byte-compiling /home/tanayrs/lars-ros/lars_ws/install/turtlebot3_example/lib/python3.10/site-packages/turtlebot3_example/turtlebot3_patrol_client/turtlebot3_patrol_client.py to turtlebot3_patrol_client.cpython-310.pyc
[0.890s] byte-compiling /home/tanayrs/lars-ros/lars_ws/install/turtlebot3_example/lib/python3.10/site-packages/turtlebot3_example/turtlebot3_patrol_server/main.py to main.cpython-310.pyc
[0.890s] byte-compiling /home/tanayrs/lars-ros/lars_ws/install/turtlebot3_example/lib/python3.10/site-packages/turtlebot3_example/turtlebot3_patrol_server/turtlebot3_path.py to turtlebot3_path.cpython-310.pyc
[0.890s] byte-compiling /home/tanayrs/lars-ros/lars_ws/install/turtlebot3_example/lib/python3.10/site-packages/turtlebot3_example/turtlebot3_patrol_server/turtlebot3_patrol_server.py to turtlebot3_patrol_server.cpython-310.pyc
[0.890s] byte-compiling /home/tanayrs/lars-ros/lars_ws/install/turtlebot3_example/lib/python3.10/site-packages/turtlebot3_example/turtlebot3_patrol_server/__init__.py to __init__.cpython-310.pyc
[0.890s] byte-compiling /home/tanayrs/lars-ros/lars_ws/install/turtlebot3_example/lib/python3.10/site-packages/turtlebot3_example/__init__.py to __init__.cpython-310.pyc
[0.890s] byte-compiling /home/tanayrs/lars-ros/lars_ws/install/turtlebot3_example/lib/python3.10/site-packages/turtlebot3_example/turtlebot3_position_control/main.py to main.cpython-310.pyc
[0.891s] byte-compiling /home/tanayrs/lars-ros/lars_ws/install/turtlebot3_example/lib/python3.10/site-packages/turtlebot3_example/turtlebot3_position_control/turtlebot3_path.py to turtlebot3_path.cpython-310.pyc
[0.891s] byte-compiling /home/tanayrs/lars-ros/lars_ws/install/turtlebot3_example/lib/python3.10/site-packages/turtlebot3_example/turtlebot3_position_control/turtlebot3_position_control.py to turtlebot3_position_control.cpython-310.pyc
[0.891s] byte-compiling /home/tanayrs/lars-ros/lars_ws/install/turtlebot3_example/lib/python3.10/site-packages/turtlebot3_example/turtlebot3_position_control/__init__.py to __init__.cpython-310.pyc
[0.891s] running install_data
[0.891s] copying resource/turtlebot3_example -> /home/tanayrs/lars-ros/lars_ws/install/turtlebot3_example/share/ament_index/resource_index/packages
[0.891s] copying package.xml -> /home/tanayrs/lars-ros/lars_ws/install/turtlebot3_example/share/turtlebot3_example
[0.892s] running install_egg_info
[0.893s] Copying ../../../build/turtlebot3_example/turtlebot3_example.egg-info to /home/tanayrs/lars-ros/lars_ws/install/turtlebot3_example/lib/python3.10/site-packages/turtlebot3_example-2.1.5-py3.10.egg-info
[0.893s] running install_scripts
[0.905s] Installing turtlebot3_obstacle_detection script to /home/tanayrs/lars-ros/lars_ws/install/turtlebot3_example/lib/turtlebot3_example
[0.905s] Installing turtlebot3_patrol_client script to /home/tanayrs/lars-ros/lars_ws/install/turtlebot3_example/lib/turtlebot3_example
[0.905s] Installing turtlebot3_patrol_server script to /home/tanayrs/lars-ros/lars_ws/install/turtlebot3_example/lib/turtlebot3_example
[0.905s] Installing turtlebot3_position_control script to /home/tanayrs/lars-ros/lars_ws/install/turtlebot3_example/lib/turtlebot3_example
[0.906s] writing list of installed files to '/home/tanayrs/lars-ros/lars_ws/build/turtlebot3_example/install.log'
[0.921s] Invoked command in '/home/tanayrs/lars-ros/lars_ws/src/turtlebot3/turtlebot3_example' returned '0': CMAKE_PREFIX_PATH=/home/tanayrs/lars-ros/lars_ws/install/turtlebot3_msgs:/home/tanayrs/lars-ros/lars_ws/install/turtlebot3:/home/tanayrs/lars-ros/lars_ws/install/turtlebot3_simulations:/home/tanayrs/lars-ros/lars_ws/install/turtlebot3_bringup:/home/tanayrs/lars-ros/lars_ws/install/turtlebot3_node:/home/tanayrs/lars-ros/lars_ws/install/turtlebot3_navigation2:/home/tanayrs/lars-ros/lars_ws/install/turtlebot3_fake_node:/home/tanayrs/lars-ros/lars_ws/install/turtlebot3_gazebo:/home/tanayrs/lars-ros/lars_ws/install/turtlebot3_description:/home/tanayrs/lars-ros/lars_ws/install/turtlebot3_cartographer:/home/tanayrs/lars-ros/lars_ws/install/dynamixel_sdk_examples:/home/tanayrs/lars-ros/lars_ws/install/dynamixel_sdk_custom_interfaces:/home/tanayrs/lars-ros/lars_ws/install/dynamixel_sdk PYTHONPATH=/home/tanayrs/lars-ros/lars_ws/build/turtlebot3_example/prefix_override:/usr/lib/python3/dist-packages/colcon_core/task/python/colcon_distutils_commands:/home/tanayrs/lars-ros/lars_ws/install/turtlebot3_example/lib/python3.10/site-packages:${PYTHONPATH} /usr/bin/python3 -W ignore:setup.py install is deprecated -W ignore:easy_install command is deprecated setup.py egg_info --egg-base ../../../build/turtlebot3_example build --build-base /home/tanayrs/lars-ros/lars_ws/build/turtlebot3_example/build install --record /home/tanayrs/lars-ros/lars_ws/build/turtlebot3_example/install.log --single-version-externally-managed install_data --force
