[0.535s] Invoking command in '/home/tanayrs/lars-ros/lars_ws2/src/turtlebot3/turtlebot3_teleop': PYTHONPATH=/home/tanayrs/lars-ros/lars_ws2/build/turtlebot3_teleop/prefix_override:/usr/lib/python3/dist-packages/colcon_core/task/python/colcon_distutils_commands:/home/tanayrs/lars-ros/lars_ws2/install/turtlebot3_teleop/lib/python3.10/site-packages:${PYTHONPATH} /usr/bin/python3 -W ignore:setup.py install is deprecated -W ignore:easy_install command is deprecated setup.py egg_info --egg-base ../../../build/turtlebot3_teleop build --build-base /home/tanayrs/lars-ros/lars_ws2/build/turtlebot3_teleop/build install --record /home/tanayrs/lars-ros/lars_ws2/build/turtlebot3_teleop/install.log --single-version-externally-managed install_data
[0.740s] running egg_info
[0.741s] creating ../../../build/turtlebot3_teleop/turtlebot3_teleop.egg-info
[0.741s] writing ../../../build/turtlebot3_teleop/turtlebot3_teleop.egg-info/PKG-INFO
[0.741s] writing dependency_links to ../../../build/turtlebot3_teleop/turtlebot3_teleop.egg-info/dependency_links.txt
[0.742s] writing entry points to ../../../build/turtlebot3_teleop/turtlebot3_teleop.egg-info/entry_points.txt
[0.742s] writing requirements to ../../../build/turtlebot3_teleop/turtlebot3_teleop.egg-info/requires.txt
[0.742s] writing top-level names to ../../../build/turtlebot3_teleop/turtlebot3_teleop.egg-info/top_level.txt
[0.742s] writing manifest file '../../../build/turtlebot3_teleop/turtlebot3_teleop.egg-info/SOURCES.txt'
[0.744s] reading manifest file '../../../build/turtlebot3_teleop/turtlebot3_teleop.egg-info/SOURCES.txt'
[0.744s] writing manifest file '../../../build/turtlebot3_teleop/turtlebot3_teleop.egg-info/SOURCES.txt'
[0.745s] running build
[0.745s] running build_py
[0.745s] creating /home/tanayrs/lars-ros/lars_ws2/build/turtlebot3_teleop/build
[0.745s] creating /home/tanayrs/lars-ros/lars_ws2/build/turtlebot3_teleop/build/lib
[0.745s] creating /home/tanayrs/lars-ros/lars_ws2/build/turtlebot3_teleop/build/lib/turtlebot3_teleop
[0.745s] copying turtlebot3_teleop/__init__.py -> /home/tanayrs/lars-ros/lars_ws2/build/turtlebot3_teleop/build/lib/turtlebot3_teleop
[0.745s] creating /home/tanayrs/lars-ros/lars_ws2/build/turtlebot3_teleop/build/lib/turtlebot3_teleop/script
[0.745s] copying turtlebot3_teleop/script/__init__.py -> /home/tanayrs/lars-ros/lars_ws2/build/turtlebot3_teleop/build/lib/turtlebot3_teleop/script
[0.745s] copying turtlebot3_teleop/script/teleop_keyboard.py -> /home/tanayrs/lars-ros/lars_ws2/build/turtlebot3_teleop/build/lib/turtlebot3_teleop/script
[0.746s] running install
[0.746s] running install_lib
[0.746s] creating /home/tanayrs/lars-ros/lars_ws2/install/turtlebot3_teleop/lib/python3.10/site-packages/turtlebot3_teleop
[0.746s] creating /home/tanayrs/lars-ros/lars_ws2/install/turtlebot3_teleop/lib/python3.10/site-packages/turtlebot3_teleop/script
[0.746s] copying /home/tanayrs/lars-ros/lars_ws2/build/turtlebot3_teleop/build/lib/turtlebot3_teleop/script/__init__.py -> /home/tanayrs/lars-ros/lars_ws2/install/turtlebot3_teleop/lib/python3.10/site-packages/turtlebot3_teleop/script
[0.746s] copying /home/tanayrs/lars-ros/lars_ws2/build/turtlebot3_teleop/build/lib/turtlebot3_teleop/script/teleop_keyboard.py -> /home/tanayrs/lars-ros/lars_ws2/install/turtlebot3_teleop/lib/python3.10/site-packages/turtlebot3_teleop/script
[0.747s] copying /home/tanayrs/lars-ros/lars_ws2/build/turtlebot3_teleop/build/lib/turtlebot3_teleop/__init__.py -> /home/tanayrs/lars-ros/lars_ws2/install/turtlebot3_teleop/lib/python3.10/site-packages/turtlebot3_teleop
[0.747s] byte-compiling /home/tanayrs/lars-ros/lars_ws2/install/turtlebot3_teleop/lib/python3.10/site-packages/turtlebot3_teleop/script/__init__.py to __init__.cpython-310.pyc
[0.747s] byte-compiling /home/tanayrs/lars-ros/lars_ws2/install/turtlebot3_teleop/lib/python3.10/site-packages/turtlebot3_teleop/script/teleop_keyboard.py to teleop_keyboard.cpython-310.pyc
[0.748s] byte-compiling /home/tanayrs/lars-ros/lars_ws2/install/turtlebot3_teleop/lib/python3.10/site-packages/turtlebot3_teleop/__init__.py to __init__.cpython-310.pyc
[0.748s] running install_data
[0.749s] creating /home/tanayrs/lars-ros/lars_ws2/install/turtlebot3_teleop/share/ament_index
[0.749s] creating /home/tanayrs/lars-ros/lars_ws2/install/turtlebot3_teleop/share/ament_index/resource_index
[0.749s] creating /home/tanayrs/lars-ros/lars_ws2/install/turtlebot3_teleop/share/ament_index/resource_index/packages
[0.749s] copying resource/turtlebot3_teleop -> /home/tanayrs/lars-ros/lars_ws2/install/turtlebot3_teleop/share/ament_index/resource_index/packages
[0.749s] copying package.xml -> /home/tanayrs/lars-ros/lars_ws2/install/turtlebot3_teleop/share/turtlebot3_teleop
[0.749s] running install_egg_info
[0.750s] Copying ../../../build/turtlebot3_teleop/turtlebot3_teleop.egg-info to /home/tanayrs/lars-ros/lars_ws2/install/turtlebot3_teleop/lib/python3.10/site-packages/turtlebot3_teleop-2.1.5-py3.10.egg-info
[0.751s] running install_scripts
[0.770s] Installing teleop_keyboard script to /home/tanayrs/lars-ros/lars_ws2/install/turtlebot3_teleop/lib/turtlebot3_teleop
[0.770s] writing list of installed files to '/home/tanayrs/lars-ros/lars_ws2/build/turtlebot3_teleop/install.log'
[0.810s] Invoked command in '/home/tanayrs/lars-ros/lars_ws2/src/turtlebot3/turtlebot3_teleop' returned '0': PYTHONPATH=/home/tanayrs/lars-ros/lars_ws2/build/turtlebot3_teleop/prefix_override:/usr/lib/python3/dist-packages/colcon_core/task/python/colcon_distutils_commands:/home/tanayrs/lars-ros/lars_ws2/install/turtlebot3_teleop/lib/python3.10/site-packages:${PYTHONPATH} /usr/bin/python3 -W ignore:setup.py install is deprecated -W ignore:easy_install command is deprecated setup.py egg_info --egg-base ../../../build/turtlebot3_teleop build --build-base /home/tanayrs/lars-ros/lars_ws2/build/turtlebot3_teleop/build install --record /home/tanayrs/lars-ros/lars_ws2/build/turtlebot3_teleop/install.log --single-version-externally-managed install_data
