[0.018s] Invoking command in '/home/tanayrs/lars-ros/lars_ws/build/turtlebot3_gazebo': CMAKE_PREFIX_PATH=${CMAKE_PREFIX_PATH}:/home/tanayrs/lars-ros/lars_ws/install/turtlebot3_teleop:/home/tanayrs/lars-ros/lars_ws/install/turtlebot3_example:/home/tanayrs/lars-ros/lars_ws/install/turtlebot3_grid_nav:/opt/ros/humble /usr/bin/cmake /home/tanayrs/lars-ros/lars_ws/src/turtlebot3_simulations/turtlebot3_gazebo -DAMENT_CMAKE_SYMLINK_INSTALL=1 -DCMAKE_INSTALL_PREFIX=/home/tanayrs/lars-ros/lars_ws/install/turtlebot3_gazebo
[0.241s] -- The C compiler identification is GNU 11.4.0
[0.241s] -- The CXX compiler identification is GNU 11.4.0
[0.241s] -- Detecting C compiler ABI info
[0.241s] -- Detecting C compiler ABI info - done
[0.241s] -- Check for working C compiler: /usr/bin/cc - skipped
[0.241s] -- Detecting C compile features
[0.241s] -- Detecting C compile features - done
[0.241s] -- Detecting CXX compiler ABI info
[0.241s] -- Detecting CXX compiler ABI info - done
[0.241s] -- Check for working CXX compiler: /usr/bin/c++ - skipped
[0.241s] -- Detecting CXX compile features
[0.242s] -- Detecting CXX compile features - done
[0.242s] -- Found ament_cmake: 1.3.11 (/opt/ros/humble/share/ament_cmake/cmake)
[0.354s] -- Found Python3: /usr/bin/python3 (found version "3.10.12") found components: Interpreter 
[0.407s] -- Override CMake install command with custom implementation using symlinks instead of copying resources
[0.428s] [33mCMake Warning (dev) at /usr/share/cmake-3.22/Modules/FindPackageHandleStandardArgs.cmake:438 (message):
[0.428s]   The package name passed to `find_package_handle_standard_args` (PkgConfig)
[0.428s]   does not match the name of the calling package (gazebo).  This can lead to
[0.428s]   problems in calling code that expects `find_package` result variables
[0.428s]   (e.g., `_FOUND`) to follow a certain pattern.
[0.428s] Call Stack (most recent call first):
[0.428s]   /usr/share/cmake-3.22/Modules/FindPkgConfig.cmake:99 (find_package_handle_standard_args)
[0.428s]   /usr/lib/x86_64-linux-gnu/cmake/gazebo/gazebo-config.cmake:72 (include)
[0.428s]   CMakeLists.txt:23 (find_package)
[0.428s] This warning is for project developers.  Use -Wno-dev to suppress it.
[0.428s] [0m
[0.428s] -- Found PkgConfig: /usr/bin/pkg-config (found version "0.29.2") 
[0.431s] -- Checking for module 'bullet>=2.82'
[0.441s] --   Found bullet, version 3.05
[0.551s] -- Found fcl: /usr/include (found suitable version "0.7.0", minimum required is "0.5.0") 
[0.620s] -- Found assimp: /usr/include (found version "5.2.0") 
[0.643s] -- Found DART: /usr/include (Required is at least version "6.6") found components: dart 
[0.866s] -- Found Boost: /usr/lib/x86_64-linux-gnu/cmake/Boost-1.74.0/BoostConfig.cmake (found suitable version "1.74.0", minimum required is "1.40.0") found components: thread system filesystem program_options regex iostreams date_time 
[0.896s] -- Found Protobuf: /usr/lib/x86_64-linux-gnu/libprotobuf.so (found version "3.12.4") 
[0.899s] -- Looking for ignition-math6 -- found version 6.15.1
[0.903s] -- Searching for dependencies of ignition-math6
[0.903s] -- Looking for OGRE...
[0.903s] -- OGRE_PREFIX_WATCH changed.
[0.908s] -- Checking for module 'OGRE'
[0.920s] --   Found OGRE, version 1.9.0
[0.942s] -- Found Ogre Ghadamon (1.9.0)
[0.952s] -- Found OGRE: optimized;/usr/lib/x86_64-linux-gnu/libOgreMain.so;debug;/usr/lib/x86_64-linux-gnu/libOgreMain.so
[0.958s] -- Looking for OGRE_Paging...
[0.963s] -- Found OGRE_Paging: optimized;/usr/lib/x86_64-linux-gnu/libOgrePaging.so;debug;/usr/lib/x86_64-linux-gnu/libOgrePaging.so
[0.963s] -- Looking for OGRE_Terrain...
[0.967s] -- Found OGRE_Terrain: optimized;/usr/lib/x86_64-linux-gnu/libOgreTerrain.so;debug;/usr/lib/x86_64-linux-gnu/libOgreTerrain.so
[0.967s] -- Looking for OGRE_Property...
[0.972s] -- Found OGRE_Property: optimized;/usr/lib/x86_64-linux-gnu/libOgreProperty.so;debug;/usr/lib/x86_64-linux-gnu/libOgreProperty.so
[0.972s] -- Looking for OGRE_RTShaderSystem...
[0.976s] -- Found OGRE_RTShaderSystem: optimized;/usr/lib/x86_64-linux-gnu/libOgreRTShaderSystem.so;debug;/usr/lib/x86_64-linux-gnu/libOgreRTShaderSystem.so
[0.976s] -- Looking for OGRE_Volume...
[0.981s] -- Found OGRE_Volume: optimized;/usr/lib/x86_64-linux-gnu/libOgreVolume.so;debug;/usr/lib/x86_64-linux-gnu/libOgreVolume.so
[0.981s] -- Looking for OGRE_Overlay...
[0.985s] -- Found OGRE_Overlay: optimized;/usr/lib/x86_64-linux-gnu/libOgreOverlay.so;debug;/usr/lib/x86_64-linux-gnu/libOgreOverlay.so
[1.098s] -- Looking for ignition-math6 -- found version 6.15.1
[1.099s] -- Looking for ignition-transport8 -- found version 8.2.1
[1.100s] -- Searching for dependencies of ignition-transport8
[1.112s] -- Found Protobuf: /usr/lib/x86_64-linux-gnu/libprotobuf.so (found suitable version "3.12.4", minimum required is "3") 
[1.119s] -- Config-file not installed for ZeroMQ -- checking for pkg-config
[1.122s] -- Checking for module 'libzmq >= 4'
[1.131s] --   Found libzmq , version 4.3.4
[1.153s] -- Found ZeroMQ: TRUE (Required is at least version "4") 
[1.157s] -- Checking for module 'uuid'
[1.165s] --   Found uuid, version 2.37.2
[1.191s] -- Found UUID: TRUE  
[1.193s] -- Looking for ignition-msgs5 -- found version 5.8.1
[1.193s] -- Searching for dependencies of ignition-msgs5
[1.209s] -- Looking for ignition-math6 -- found version 6.15.1
[1.214s] -- Checking for module 'tinyxml2'
[1.222s] --   Found tinyxml2, version 9.0.0
[1.241s] -- Looking for ignition-msgs5 -- found version 5.8.1
[1.243s] -- Looking for ignition-common3 -- found version 3.14.0
[1.243s] -- Searching for dependencies of ignition-common3
[1.243s] -- Looking for dlfcn.h - found
[1.244s] -- Looking for libdl - found
[1.245s] -- Found DL: TRUE  
[1.253s] -- Found tinyobjloader: /usr/lib/x86_64-linux-gnu/cmake/tinyobjloader/tinyobjloader-config.cmake (found version "2.0.0") 
[1.253s] -- Searching for <ignition-common3> component [graphics]
[1.255s] -- Looking for ignition-common3-graphics -- found version 3.14.0
[1.256s] -- Searching for dependencies of ignition-common3-graphics
[1.256s] -- Looking for ignition-math6 -- found version 6.15.1
[1.257s] -- Looking for ignition-fuel_tools4 -- found version 4.4.0
[1.257s] -- Searching for dependencies of ignition-fuel_tools4
[1.310s] -- Found CURL: /usr/lib/x86_64-linux-gnu/libcurl.so (found version "7.81.0")  
[1.318s] -- Checking for module 'jsoncpp'
[1.328s] --   Found jsoncpp, version 1.9.5
[1.348s] -- Found JSONCPP: TRUE  
[1.352s] -- Checking for module 'libzip'
[1.361s] --   Found libzip, version 1.7.3
[1.380s] -- Found ZIP: TRUE  
[1.380s] -- Looking for ignition-common3 -- found version 3.14.0
[1.380s] -- Looking for ignition-math6 -- found version 6.15.1
[1.381s] -- Looking for ignition-msgs5 -- found version 5.8.1
[1.384s] -- Found gazebo_ros_pkgs: 3.9.0 (/opt/ros/humble/share/gazebo_ros_pkgs/cmake)
[1.385s] -- Found geometry_msgs: 4.2.4 (/opt/ros/humble/share/geometry_msgs/cmake)
[1.405s] -- Found rosidl_generator_c: 3.1.6 (/opt/ros/humble/share/rosidl_generator_c/cmake)
[1.408s] -- Found rosidl_adapter: 3.1.6 (/opt/ros/humble/share/rosidl_adapter/cmake)
[1.414s] -- Found rosidl_generator_cpp: 3.1.6 (/opt/ros/humble/share/rosidl_generator_cpp/cmake)
[1.422s] -- Using all available rosidl_typesupport_c: rosidl_typesupport_fastrtps_c;rosidl_typesupport_introspection_c
[1.433s] -- Using all available rosidl_typesupport_cpp: rosidl_typesupport_fastrtps_cpp;rosidl_typesupport_introspection_cpp
[1.460s] -- Found nav_msgs: 4.2.4 (/opt/ros/humble/share/nav_msgs/cmake)
[1.472s] -- Found rclcpp: 16.0.11 (/opt/ros/humble/share/rclcpp/cmake)
[1.499s] -- Found rmw_implementation_cmake: 6.1.2 (/opt/ros/humble/share/rmw_implementation_cmake/cmake)
[1.501s] -- Found rmw_fastrtps_cpp: 6.2.7 (/opt/ros/humble/share/rmw_fastrtps_cpp/cmake)
[1.579s] -- Found OpenSSL: /usr/lib/x86_64-linux-gnu/libcrypto.so (found version "3.0.2")  
[1.600s] -- Found FastRTPS: /opt/ros/humble/include  
[1.635s] -- Using RMW implementation 'rmw_fastrtps_cpp' as default
[1.642s] -- Found Threads: TRUE  
[1.669s] -- Found sensor_msgs: 4.2.4 (/opt/ros/humble/share/sensor_msgs/cmake)
[1.681s] -- Found tf2: 0.25.12 (/opt/ros/humble/share/tf2/cmake)
[1.735s] -- Configuring done
[1.758s] -- Generating done
[1.765s] -- Build files have been written to: /home/tanayrs/lars-ros/lars_ws/build/turtlebot3_gazebo
[1.777s] Invoked command in '/home/tanayrs/lars-ros/lars_ws/build/turtlebot3_gazebo' returned '0': CMAKE_PREFIX_PATH=${CMAKE_PREFIX_PATH}:/home/tanayrs/lars-ros/lars_ws/install/turtlebot3_teleop:/home/tanayrs/lars-ros/lars_ws/install/turtlebot3_example:/home/tanayrs/lars-ros/lars_ws/install/turtlebot3_grid_nav:/opt/ros/humble /usr/bin/cmake /home/tanayrs/lars-ros/lars_ws/src/turtlebot3_simulations/turtlebot3_gazebo -DAMENT_CMAKE_SYMLINK_INSTALL=1 -DCMAKE_INSTALL_PREFIX=/home/tanayrs/lars-ros/lars_ws/install/turtlebot3_gazebo
[1.779s] Invoking command in '/home/tanayrs/lars-ros/lars_ws/build/turtlebot3_gazebo': CMAKE_PREFIX_PATH=${CMAKE_PREFIX_PATH}:/home/tanayrs/lars-ros/lars_ws/install/turtlebot3_teleop:/home/tanayrs/lars-ros/lars_ws/install/turtlebot3_example:/home/tanayrs/lars-ros/lars_ws/install/turtlebot3_grid_nav:/opt/ros/humble /usr/bin/cmake --build /home/tanayrs/lars-ros/lars_ws/build/turtlebot3_gazebo -- -j16 -l16
[1.836s] [ 50%] [32mBuilding CXX object CMakeFiles/turtlebot3_drive.dir/src/turtlebot3_drive.cpp.o[0m
[1.837s] [ 50%] [32mBuilding CXX object CMakeFiles/obstacle2.dir/models/turtlebot3_dqn_world/obstacle_plugin/obstacle2.cc.o[0m
[1.837s] [ 50%] [32mBuilding CXX object CMakeFiles/obstacles.dir/models/turtlebot3_dqn_world/obstacle_plugin/obstacles.cc.o[0m
[1.837s] [ 50%] [32mBuilding CXX object CMakeFiles/obstacle1.dir/models/turtlebot3_dqn_world/obstacle_plugin/obstacle1.cc.o[0m
[14.388s] [ 62%] [32m[1mLinking CXX executable turtlebot3_drive[0m
[14.824s] [ 75%] [32m[1mLinking CXX shared library libobstacle2.so[0m
[14.935s] [ 87%] [32m[1mLinking CXX shared library libobstacle1.so[0m
[15.109s] [ 87%] Built target obstacle2
[15.138s] [ 87%] Built target turtlebot3_drive
[15.199s] [100%] [32m[1mLinking CXX shared library libobstacles.so[0m
[15.210s] [100%] Built target obstacle1
[15.388s] [100%] Built target obstacles
[15.397s] Invoked command in '/home/tanayrs/lars-ros/lars_ws/build/turtlebot3_gazebo' returned '0': CMAKE_PREFIX_PATH=${CMAKE_PREFIX_PATH}:/home/tanayrs/lars-ros/lars_ws/install/turtlebot3_teleop:/home/tanayrs/lars-ros/lars_ws/install/turtlebot3_example:/home/tanayrs/lars-ros/lars_ws/install/turtlebot3_grid_nav:/opt/ros/humble /usr/bin/cmake --build /home/tanayrs/lars-ros/lars_ws/build/turtlebot3_gazebo -- -j16 -l16
[15.398s] Invoking command in '/home/tanayrs/lars-ros/lars_ws/build/turtlebot3_gazebo': CMAKE_PREFIX_PATH=${CMAKE_PREFIX_PATH}:/home/tanayrs/lars-ros/lars_ws/install/turtlebot3_teleop:/home/tanayrs/lars-ros/lars_ws/install/turtlebot3_example:/home/tanayrs/lars-ros/lars_ws/install/turtlebot3_grid_nav:/opt/ros/humble /usr/bin/cmake --install /home/tanayrs/lars-ros/lars_ws/build/turtlebot3_gazebo
[15.403s] -- Install configuration: ""
[15.403s] -- Execute custom install script
[15.403s] -- Symlinking: /home/tanayrs/lars-ros/lars_ws/install/turtlebot3_gazebo/lib/turtlebot3_gazebo/turtlebot3_drive
[15.410s] -- Symlinking: /home/tanayrs/lars-ros/lars_ws/install/turtlebot3_gazebo/share/turtlebot3_gazebo//launch/empty_world.launch.py
[15.416s] -- Symlinking: /home/tanayrs/lars-ros/lars_ws/install/turtlebot3_gazebo/share/turtlebot3_gazebo//launch/robot_state_publisher.launch.py
[15.422s] -- Symlinking: /home/tanayrs/lars-ros/lars_ws/install/turtlebot3_gazebo/share/turtlebot3_gazebo//launch/spawn_turtlebot3.launch.py
[15.428s] -- Symlinking: /home/tanayrs/lars-ros/lars_ws/install/turtlebot3_gazebo/share/turtlebot3_gazebo//launch/turtlebot3_dqn_stage1.launch.py
[15.435s] -- Symlinking: /home/tanayrs/lars-ros/lars_ws/install/turtlebot3_gazebo/share/turtlebot3_gazebo//launch/turtlebot3_dqn_stage2.launch.py
[15.441s] -- Symlinking: /home/tanayrs/lars-ros/lars_ws/install/turtlebot3_gazebo/share/turtlebot3_gazebo//launch/turtlebot3_dqn_stage3.launch.py
[15.446s] -- Symlinking: /home/tanayrs/lars-ros/lars_ws/install/turtlebot3_gazebo/share/turtlebot3_gazebo//launch/turtlebot3_dqn_stage4.launch.py
[15.452s] -- Symlinking: /home/tanayrs/lars-ros/lars_ws/install/turtlebot3_gazebo/share/turtlebot3_gazebo//launch/turtlebot3_house.launch.py
[15.458s] -- Symlinking: /home/tanayrs/lars-ros/lars_ws/install/turtlebot3_gazebo/share/turtlebot3_gazebo//launch/turtlebot3_world.launch.py
[15.465s] -- Symlinking: /home/tanayrs/lars-ros/lars_ws/install/turtlebot3_gazebo/share/turtlebot3_gazebo//models/turtlebot3_burger/model-1_4.sdf
[15.471s] -- Symlinking: /home/tanayrs/lars-ros/lars_ws/install/turtlebot3_gazebo/share/turtlebot3_gazebo//models/turtlebot3_burger/model.config
[15.478s] -- Symlinking: /home/tanayrs/lars-ros/lars_ws/install/turtlebot3_gazebo/share/turtlebot3_gazebo//models/turtlebot3_burger/model.sdf
[15.486s] -- Symlinking: /home/tanayrs/lars-ros/lars_ws/install/turtlebot3_gazebo/share/turtlebot3_gazebo//models/turtlebot3_common/meshes/burger_base.dae
[15.493s] -- Symlinking: /home/tanayrs/lars-ros/lars_ws/install/turtlebot3_gazebo/share/turtlebot3_gazebo//models/turtlebot3_common/meshes/lds.dae
[15.500s] -- Symlinking: /home/tanayrs/lars-ros/lars_ws/install/turtlebot3_gazebo/share/turtlebot3_gazebo//models/turtlebot3_common/meshes/r200.dae
[15.506s] -- Symlinking: /home/tanayrs/lars-ros/lars_ws/install/turtlebot3_gazebo/share/turtlebot3_gazebo//models/turtlebot3_common/meshes/tire.dae
[15.513s] -- Symlinking: /home/tanayrs/lars-ros/lars_ws/install/turtlebot3_gazebo/share/turtlebot3_gazebo//models/turtlebot3_common/meshes/waffle_base.dae
[15.519s] -- Symlinking: /home/tanayrs/lars-ros/lars_ws/install/turtlebot3_gazebo/share/turtlebot3_gazebo//models/turtlebot3_common/meshes/waffle_base.dae.bak
[15.526s] -- Symlinking: /home/tanayrs/lars-ros/lars_ws/install/turtlebot3_gazebo/share/turtlebot3_gazebo//models/turtlebot3_common/meshes/waffle_pi_base.dae
[15.532s] -- Symlinking: /home/tanayrs/lars-ros/lars_ws/install/turtlebot3_gazebo/share/turtlebot3_gazebo//models/turtlebot3_common/model.config
[15.538s] -- Symlinking: /home/tanayrs/lars-ros/lars_ws/install/turtlebot3_gazebo/share/turtlebot3_gazebo//models/turtlebot3_dqn_world/goal_box/model.config
[15.545s] -- Symlinking: /home/tanayrs/lars-ros/lars_ws/install/turtlebot3_gazebo/share/turtlebot3_gazebo//models/turtlebot3_dqn_world/goal_box/model.sdf
[15.551s] -- Symlinking: /home/tanayrs/lars-ros/lars_ws/install/turtlebot3_gazebo/share/turtlebot3_gazebo//models/turtlebot3_dqn_world/inner_walls/model.config
[15.556s] -- Symlinking: /home/tanayrs/lars-ros/lars_ws/install/turtlebot3_gazebo/share/turtlebot3_gazebo//models/turtlebot3_dqn_world/inner_walls/model.sdf
[15.562s] -- Symlinking: /home/tanayrs/lars-ros/lars_ws/install/turtlebot3_gazebo/share/turtlebot3_gazebo//models/turtlebot3_dqn_world/model.config
[15.568s] -- Symlinking: /home/tanayrs/lars-ros/lars_ws/install/turtlebot3_gazebo/share/turtlebot3_gazebo//models/turtlebot3_dqn_world/model.sdf
[15.574s] -- Symlinking: /home/tanayrs/lars-ros/lars_ws/install/turtlebot3_gazebo/share/turtlebot3_gazebo//models/turtlebot3_dqn_world/obstacle1/model.config
[15.580s] -- Symlinking: /home/tanayrs/lars-ros/lars_ws/install/turtlebot3_gazebo/share/turtlebot3_gazebo//models/turtlebot3_dqn_world/obstacle1/model.sdf
[15.585s] -- Symlinking: /home/tanayrs/lars-ros/lars_ws/install/turtlebot3_gazebo/share/turtlebot3_gazebo//models/turtlebot3_dqn_world/obstacle2/model.config
[15.591s] -- Symlinking: /home/tanayrs/lars-ros/lars_ws/install/turtlebot3_gazebo/share/turtlebot3_gazebo//models/turtlebot3_dqn_world/obstacle2/model.sdf
[15.597s] -- Symlinking: /home/tanayrs/lars-ros/lars_ws/install/turtlebot3_gazebo/share/turtlebot3_gazebo//models/turtlebot3_dqn_world/obstacle_plugin/CMakeLists.txt
[15.603s] -- Symlinking: /home/tanayrs/lars-ros/lars_ws/install/turtlebot3_gazebo/share/turtlebot3_gazebo//models/turtlebot3_dqn_world/obstacle_plugin/obstacle1.cc
[15.609s] -- Symlinking: /home/tanayrs/lars-ros/lars_ws/install/turtlebot3_gazebo/share/turtlebot3_gazebo//models/turtlebot3_dqn_world/obstacle_plugin/obstacle2.cc
[15.614s] -- Symlinking: /home/tanayrs/lars-ros/lars_ws/install/turtlebot3_gazebo/share/turtlebot3_gazebo//models/turtlebot3_dqn_world/obstacle_plugin/obstacles.cc
[15.620s] -- Symlinking: /home/tanayrs/lars-ros/lars_ws/install/turtlebot3_gazebo/share/turtlebot3_gazebo//models/turtlebot3_dqn_world/obstacles/model.config
[15.626s] -- Symlinking: /home/tanayrs/lars-ros/lars_ws/install/turtlebot3_gazebo/share/turtlebot3_gazebo//models/turtlebot3_dqn_world/obstacles/model.sdf
[15.632s] -- Symlinking: /home/tanayrs/lars-ros/lars_ws/install/turtlebot3_gazebo/share/turtlebot3_gazebo//models/turtlebot3_house/model.config
[15.638s] -- Symlinking: /home/tanayrs/lars-ros/lars_ws/install/turtlebot3_gazebo/share/turtlebot3_gazebo//models/turtlebot3_house/model.sdf
[15.644s] -- Symlinking: /home/tanayrs/lars-ros/lars_ws/install/turtlebot3_gazebo/share/turtlebot3_gazebo//models/turtlebot3_waffle/model-1_4.sdf
[15.651s] -- Symlinking: /home/tanayrs/lars-ros/lars_ws/install/turtlebot3_gazebo/share/turtlebot3_gazebo//models/turtlebot3_waffle/model.config
[15.656s] -- Symlinking: /home/tanayrs/lars-ros/lars_ws/install/turtlebot3_gazebo/share/turtlebot3_gazebo//models/turtlebot3_waffle/model.sdf
[15.662s] -- Symlinking: /home/tanayrs/lars-ros/lars_ws/install/turtlebot3_gazebo/share/turtlebot3_gazebo//models/turtlebot3_waffle_pi/model-1_4_.sdf
[15.668s] -- Symlinking: /home/tanayrs/lars-ros/lars_ws/install/turtlebot3_gazebo/share/turtlebot3_gazebo//models/turtlebot3_waffle_pi/model.config
[15.674s] -- Symlinking: /home/tanayrs/lars-ros/lars_ws/install/turtlebot3_gazebo/share/turtlebot3_gazebo//models/turtlebot3_waffle_pi/model.sdf
[15.680s] -- Symlinking: /home/tanayrs/lars-ros/lars_ws/install/turtlebot3_gazebo/share/turtlebot3_gazebo//models/turtlebot3_world/meshes/hexagon.dae
[15.685s] -- Symlinking: /home/tanayrs/lars-ros/lars_ws/install/turtlebot3_gazebo/share/turtlebot3_gazebo//models/turtlebot3_world/meshes/wall.dae
[15.691s] -- Symlinking: /home/tanayrs/lars-ros/lars_ws/install/turtlebot3_gazebo/share/turtlebot3_gazebo//models/turtlebot3_world/model-1_4.sdf
[15.696s] -- Symlinking: /home/tanayrs/lars-ros/lars_ws/install/turtlebot3_gazebo/share/turtlebot3_gazebo//models/turtlebot3_world/model.config
[15.702s] -- Symlinking: /home/tanayrs/lars-ros/lars_ws/install/turtlebot3_gazebo/share/turtlebot3_gazebo//models/turtlebot3_world/model.sdf
[15.707s] -- Symlinking: /home/tanayrs/lars-ros/lars_ws/install/turtlebot3_gazebo/share/turtlebot3_gazebo//rviz/tb3_gazebo.rviz
[15.713s] -- Symlinking: /home/tanayrs/lars-ros/lars_ws/install/turtlebot3_gazebo/share/turtlebot3_gazebo//urdf/common_properties.urdf
[15.719s] -- Symlinking: /home/tanayrs/lars-ros/lars_ws/install/turtlebot3_gazebo/share/turtlebot3_gazebo//urdf/turtlebot3_burger.urdf
[15.724s] -- Symlinking: /home/tanayrs/lars-ros/lars_ws/install/turtlebot3_gazebo/share/turtlebot3_gazebo//urdf/turtlebot3_waffle.urdf
[15.730s] -- Symlinking: /home/tanayrs/lars-ros/lars_ws/install/turtlebot3_gazebo/share/turtlebot3_gazebo//urdf/turtlebot3_waffle_pi.urdf
[15.735s] -- Symlinking: /home/tanayrs/lars-ros/lars_ws/install/turtlebot3_gazebo/share/turtlebot3_gazebo//worlds/empty_world.world
[15.741s] -- Symlinking: /home/tanayrs/lars-ros/lars_ws/install/turtlebot3_gazebo/share/turtlebot3_gazebo//worlds/turtlebot3_dqn_stage1.world
[15.746s] -- Symlinking: /home/tanayrs/lars-ros/lars_ws/install/turtlebot3_gazebo/share/turtlebot3_gazebo//worlds/turtlebot3_dqn_stage2.world
[15.752s] -- Symlinking: /home/tanayrs/lars-ros/lars_ws/install/turtlebot3_gazebo/share/turtlebot3_gazebo//worlds/turtlebot3_dqn_stage3.world
[15.758s] -- Symlinking: /home/tanayrs/lars-ros/lars_ws/install/turtlebot3_gazebo/share/turtlebot3_gazebo//worlds/turtlebot3_dqn_stage4.world
[15.764s] -- Symlinking: /home/tanayrs/lars-ros/lars_ws/install/turtlebot3_gazebo/share/turtlebot3_gazebo//worlds/turtlebot3_house.world
[15.769s] -- Symlinking: /home/tanayrs/lars-ros/lars_ws/install/turtlebot3_gazebo/share/turtlebot3_gazebo//worlds/turtlebot3_world.world
[15.775s] -- Symlinking: /home/tanayrs/lars-ros/lars_ws/install/turtlebot3_gazebo/include//turtlebot3_gazebo/turtlebot3_drive.hpp
[15.781s] -- Symlinking: /home/tanayrs/lars-ros/lars_ws/install/turtlebot3_gazebo/share/ament_index/resource_index/package_run_dependencies/turtlebot3_gazebo
[15.787s] -- Symlinking: /home/tanayrs/lars-ros/lars_ws/install/turtlebot3_gazebo/share/ament_index/resource_index/parent_prefix_path/turtlebot3_gazebo
[15.793s] -- Symlinking: /home/tanayrs/lars-ros/lars_ws/install/turtlebot3_gazebo/share/turtlebot3_gazebo/environment/ament_prefix_path.sh
[15.798s] -- Symlinking: /home/tanayrs/lars-ros/lars_ws/install/turtlebot3_gazebo/share/turtlebot3_gazebo/environment/ament_prefix_path.dsv
[15.804s] -- Symlinking: /home/tanayrs/lars-ros/lars_ws/install/turtlebot3_gazebo/share/turtlebot3_gazebo/environment/path.sh
[15.811s] -- Symlinking: /home/tanayrs/lars-ros/lars_ws/install/turtlebot3_gazebo/share/turtlebot3_gazebo/environment/path.dsv
[15.816s] -- Symlinking: /home/tanayrs/lars-ros/lars_ws/install/turtlebot3_gazebo/share/turtlebot3_gazebo/local_setup.bash
[15.822s] -- Symlinking: /home/tanayrs/lars-ros/lars_ws/install/turtlebot3_gazebo/share/turtlebot3_gazebo/local_setup.sh
[15.828s] -- Symlinking: /home/tanayrs/lars-ros/lars_ws/install/turtlebot3_gazebo/share/turtlebot3_gazebo/local_setup.zsh
[15.835s] -- Symlinking: /home/tanayrs/lars-ros/lars_ws/install/turtlebot3_gazebo/share/turtlebot3_gazebo/local_setup.dsv
[15.841s] -- Symlinking: /home/tanayrs/lars-ros/lars_ws/install/turtlebot3_gazebo/share/turtlebot3_gazebo/package.dsv
[15.848s] -- Symlinking: /home/tanayrs/lars-ros/lars_ws/install/turtlebot3_gazebo/share/ament_index/resource_index/packages/turtlebot3_gazebo
[15.854s] -- Symlinking: /home/tanayrs/lars-ros/lars_ws/install/turtlebot3_gazebo/share/turtlebot3_gazebo/cmake/ament_cmake_export_include_directories-extras.cmake
[15.859s] -- Symlinking: /home/tanayrs/lars-ros/lars_ws/install/turtlebot3_gazebo/share/turtlebot3_gazebo/cmake/ament_cmake_export_dependencies-extras.cmake
[15.865s] -- Symlinking: /home/tanayrs/lars-ros/lars_ws/install/turtlebot3_gazebo/share/turtlebot3_gazebo/cmake/turtlebot3_gazeboConfig.cmake
[15.871s] -- Symlinking: /home/tanayrs/lars-ros/lars_ws/install/turtlebot3_gazebo/share/turtlebot3_gazebo/cmake/turtlebot3_gazeboConfig-version.cmake
[15.877s] -- Symlinking: /home/tanayrs/lars-ros/lars_ws/install/turtlebot3_gazebo/share/turtlebot3_gazebo/package.xml
[15.884s] Invoked command in '/home/tanayrs/lars-ros/lars_ws/build/turtlebot3_gazebo' returned '0': CMAKE_PREFIX_PATH=${CMAKE_PREFIX_PATH}:/home/tanayrs/lars-ros/lars_ws/install/turtlebot3_teleop:/home/tanayrs/lars-ros/lars_ws/install/turtlebot3_example:/home/tanayrs/lars-ros/lars_ws/install/turtlebot3_grid_nav:/opt/ros/humble /usr/bin/cmake --install /home/tanayrs/lars-ros/lars_ws/build/turtlebot3_gazebo
