[0.009s] Invoking command in '/home/tanayrs/lars-ros/lars_ws/build/dynamixel_sdk_examples': CMAKE_PREFIX_PATH=/home/tanayrs/lars-ros/lars_ws/install/dynamixel_sdk_custom_interfaces:/home/tanayrs/lars-ros/lars_ws/install/dynamixel_sdk:/home/tanayrs/lars-ros/lars_ws/install/turtlebot3:/home/tanayrs/lars-ros/lars_ws/install/turtlebot3_simulations:/home/tanayrs/lars-ros/lars_ws/install/turtlebot3_bringup:/home/tanayrs/lars-ros/lars_ws/install/turtlebot3_node:/home/tanayrs/lars-ros/lars_ws/install/turtlebot3_navigation2:/home/tanayrs/lars-ros/lars_ws/install/turtlebot3_fake_node:/home/tanayrs/lars-ros/lars_ws/install/turtlebot3_msgs:/home/tanayrs/lars-ros/lars_ws/install/turtlebot3_gazebo:/home/tanayrs/lars-ros/lars_ws/install/turtlebot3_description:/home/tanayrs/lars-ros/lars_ws/install/turtlebot3_cartographer:/home/tanayrs/lars-ros/lars_ws/install/dynamixel_sdk_examples:/home/tanayrs/lars-ros/lars_ws/install/turtlebot3_teleop:/home/tanayrs/lars-ros/lars_ws/install/turtlebot3_example:/home/tanayrs/lars-ros/lars_ws/install/turtlebot3_grid_nav:/opt/ros/humble LD_LIBRARY_PATH=/home/tanayrs/lars-ros/lars_ws/install/dynamixel_sdk_custom_interfaces/lib:/home/tanayrs/lars-ros/lars_ws/install/dynamixel_sdk/lib:/home/tanayrs/lars-ros/lars_ws/install/turtlebot3_msgs/lib:/usr/lib/x86_64-linux-gnu/gazebo-11/plugins:/opt/ros/humble/opt/rviz_ogre_vendor/lib:/opt/ros/humble/lib/x86_64-linux-gnu:/opt/ros/humble/lib /usr/bin/cmake /home/tanayrs/lars-ros/lars_ws/src/DynamixelSDK/dynamixel_sdk_examples -DAMENT_CMAKE_SYMLINK_INSTALL=1 -DCMAKE_INSTALL_PREFIX=/home/tanayrs/lars-ros/lars_ws/install/dynamixel_sdk_examples
[0.050s] -- The C compiler identification is GNU 11.4.0
[0.090s] -- The CXX compiler identification is GNU 11.4.0
[0.095s] -- Detecting C compiler ABI info
[0.142s] -- Detecting C compiler ABI info - done
[0.147s] -- Check for working C compiler: /usr/bin/cc - skipped
[0.147s] -- Detecting C compile features
[0.147s] -- Detecting C compile features - done
[0.149s] -- Detecting CXX compiler ABI info
[0.203s] -- Detecting CXX compiler ABI info - done
[0.208s] -- Check for working CXX compiler: /usr/bin/c++ - skipped
[0.208s] -- Detecting CXX compile features
[0.208s] -- Detecting CXX compile features - done
[0.210s] -- Found ament_cmake: 1.3.11 (/opt/ros/humble/share/ament_cmake/cmake)
[0.315s] -- Found Python3: /usr/bin/python3 (found version "3.10.12") found components: Interpreter 
[0.361s] -- Override CMake install command with custom implementation using symlinks instead of copying resources
[0.382s] -- Found dynamixel_sdk: 3.7.60 (/home/tanayrs/lars-ros/lars_ws/install/dynamixel_sdk/share/dynamixel_sdk/cmake)
[0.382s] -- Found dynamixel_sdk_custom_interfaces: 3.7.60 (/home/tanayrs/lars-ros/lars_ws/install/dynamixel_sdk_custom_interfaces/share/dynamixel_sdk_custom_interfaces/cmake)
[0.408s] -- Found rosidl_generator_c: 3.1.6 (/opt/ros/humble/share/rosidl_generator_c/cmake)
[0.411s] -- Found rosidl_adapter: 3.1.6 (/opt/ros/humble/share/rosidl_adapter/cmake)
[0.417s] -- Found rosidl_generator_cpp: 3.1.6 (/opt/ros/humble/share/rosidl_generator_cpp/cmake)
[0.426s] -- Using all available rosidl_typesupport_c: rosidl_typesupport_fastrtps_c;rosidl_typesupport_introspection_c
[0.437s] -- Using all available rosidl_typesupport_cpp: rosidl_typesupport_fastrtps_cpp;rosidl_typesupport_introspection_cpp
[0.455s] -- Found rclcpp: 16.0.11 (/opt/ros/humble/share/rclcpp/cmake)
[0.482s] -- Found rmw_implementation_cmake: 6.1.2 (/opt/ros/humble/share/rmw_implementation_cmake/cmake)
[0.484s] -- Found rmw_fastrtps_cpp: 6.2.7 (/opt/ros/humble/share/rmw_fastrtps_cpp/cmake)
[0.544s] -- Found OpenSSL: /usr/lib/x86_64-linux-gnu/libcrypto.so (found version "3.0.2")  
[0.565s] -- Found FastRTPS: /opt/ros/humble/include  
[0.595s] -- Using RMW implementation 'rmw_fastrtps_cpp' as default
[0.601s] -- Looking for pthread.h
[0.650s] -- Looking for pthread.h - found
[0.650s] -- Performing Test CMAKE_HAVE_LIBC_PTHREAD
[0.699s] -- Performing Test CMAKE_HAVE_LIBC_PTHREAD - Success
[0.700s] -- Found Threads: TRUE  
[0.738s] -- Found ament_lint_auto: 0.12.11 (/opt/ros/humble/share/ament_lint_auto/cmake)
[0.798s] -- Added test 'copyright' to check source files copyright and LICENSE
[0.798s] -- Added test 'cppcheck' to perform static code analysis on C / C++ code
[0.798s] -- Configured cppcheck include dirs: /home/tanayrs/lars-ros/lars_ws/src/DynamixelSDK/dynamixel_sdk_examples/include
[0.799s] -- Configured cppcheck exclude dirs and/or files: 
[0.799s] -- Added test 'cpplint' to check C / C++ code against the Google style
[0.799s] -- Configured cpplint exclude dirs and/or files: 
[0.800s] -- Added test 'lint_cmake' to check CMake code style
[0.800s] -- Added test 'uncrustify' to check C / C++ code style
[0.800s] -- Configured uncrustify additional arguments: 
[0.801s] -- Added test 'xmllint' to check XML markup files
[0.802s] -- Configuring done
[0.808s] -- Generating done
[0.810s] -- Build files have been written to: /home/tanayrs/lars-ros/lars_ws/build/dynamixel_sdk_examples
[0.818s] Invoked command in '/home/tanayrs/lars-ros/lars_ws/build/dynamixel_sdk_examples' returned '0': CMAKE_PREFIX_PATH=/home/tanayrs/lars-ros/lars_ws/install/dynamixel_sdk_custom_interfaces:/home/tanayrs/lars-ros/lars_ws/install/dynamixel_sdk:/home/tanayrs/lars-ros/lars_ws/install/turtlebot3:/home/tanayrs/lars-ros/lars_ws/install/turtlebot3_simulations:/home/tanayrs/lars-ros/lars_ws/install/turtlebot3_bringup:/home/tanayrs/lars-ros/lars_ws/install/turtlebot3_node:/home/tanayrs/lars-ros/lars_ws/install/turtlebot3_navigation2:/home/tanayrs/lars-ros/lars_ws/install/turtlebot3_fake_node:/home/tanayrs/lars-ros/lars_ws/install/turtlebot3_msgs:/home/tanayrs/lars-ros/lars_ws/install/turtlebot3_gazebo:/home/tanayrs/lars-ros/lars_ws/install/turtlebot3_description:/home/tanayrs/lars-ros/lars_ws/install/turtlebot3_cartographer:/home/tanayrs/lars-ros/lars_ws/install/dynamixel_sdk_examples:/home/tanayrs/lars-ros/lars_ws/install/turtlebot3_teleop:/home/tanayrs/lars-ros/lars_ws/install/turtlebot3_example:/home/tanayrs/lars-ros/lars_ws/install/turtlebot3_grid_nav:/opt/ros/humble LD_LIBRARY_PATH=/home/tanayrs/lars-ros/lars_ws/install/dynamixel_sdk_custom_interfaces/lib:/home/tanayrs/lars-ros/lars_ws/install/dynamixel_sdk/lib:/home/tanayrs/lars-ros/lars_ws/install/turtlebot3_msgs/lib:/usr/lib/x86_64-linux-gnu/gazebo-11/plugins:/opt/ros/humble/opt/rviz_ogre_vendor/lib:/opt/ros/humble/lib/x86_64-linux-gnu:/opt/ros/humble/lib /usr/bin/cmake /home/tanayrs/lars-ros/lars_ws/src/DynamixelSDK/dynamixel_sdk_examples -DAMENT_CMAKE_SYMLINK_INSTALL=1 -DCMAKE_INSTALL_PREFIX=/home/tanayrs/lars-ros/lars_ws/install/dynamixel_sdk_examples
[0.819s] Invoking command in '/home/tanayrs/lars-ros/lars_ws/build/dynamixel_sdk_examples': CMAKE_PREFIX_PATH=/home/tanayrs/lars-ros/lars_ws/install/dynamixel_sdk_custom_interfaces:/home/tanayrs/lars-ros/lars_ws/install/dynamixel_sdk:/home/tanayrs/lars-ros/lars_ws/install/turtlebot3:/home/tanayrs/lars-ros/lars_ws/install/turtlebot3_simulations:/home/tanayrs/lars-ros/lars_ws/install/turtlebot3_bringup:/home/tanayrs/lars-ros/lars_ws/install/turtlebot3_node:/home/tanayrs/lars-ros/lars_ws/install/turtlebot3_navigation2:/home/tanayrs/lars-ros/lars_ws/install/turtlebot3_fake_node:/home/tanayrs/lars-ros/lars_ws/install/turtlebot3_msgs:/home/tanayrs/lars-ros/lars_ws/install/turtlebot3_gazebo:/home/tanayrs/lars-ros/lars_ws/install/turtlebot3_description:/home/tanayrs/lars-ros/lars_ws/install/turtlebot3_cartographer:/home/tanayrs/lars-ros/lars_ws/install/dynamixel_sdk_examples:/home/tanayrs/lars-ros/lars_ws/install/turtlebot3_teleop:/home/tanayrs/lars-ros/lars_ws/install/turtlebot3_example:/home/tanayrs/lars-ros/lars_ws/install/turtlebot3_grid_nav:/opt/ros/humble LD_LIBRARY_PATH=/home/tanayrs/lars-ros/lars_ws/install/dynamixel_sdk_custom_interfaces/lib:/home/tanayrs/lars-ros/lars_ws/install/dynamixel_sdk/lib:/home/tanayrs/lars-ros/lars_ws/install/turtlebot3_msgs/lib:/usr/lib/x86_64-linux-gnu/gazebo-11/plugins:/opt/ros/humble/opt/rviz_ogre_vendor/lib:/opt/ros/humble/lib/x86_64-linux-gnu:/opt/ros/humble/lib /usr/bin/cmake --build /home/tanayrs/lars-ros/lars_ws/build/dynamixel_sdk_examples -- -j16 -l16
[0.853s] [ 50%] [32mBuilding CXX object CMakeFiles/read_write_node.dir/src/read_write_node.cpp.o[0m
[10.575s] [100%] [32m[1mLinking CXX executable read_write_node[0m
[10.888s] [100%] Built target read_write_node
[10.897s] Invoked command in '/home/tanayrs/lars-ros/lars_ws/build/dynamixel_sdk_examples' returned '0': CMAKE_PREFIX_PATH=/home/tanayrs/lars-ros/lars_ws/install/dynamixel_sdk_custom_interfaces:/home/tanayrs/lars-ros/lars_ws/install/dynamixel_sdk:/home/tanayrs/lars-ros/lars_ws/install/turtlebot3:/home/tanayrs/lars-ros/lars_ws/install/turtlebot3_simulations:/home/tanayrs/lars-ros/lars_ws/install/turtlebot3_bringup:/home/tanayrs/lars-ros/lars_ws/install/turtlebot3_node:/home/tanayrs/lars-ros/lars_ws/install/turtlebot3_navigation2:/home/tanayrs/lars-ros/lars_ws/install/turtlebot3_fake_node:/home/tanayrs/lars-ros/lars_ws/install/turtlebot3_msgs:/home/tanayrs/lars-ros/lars_ws/install/turtlebot3_gazebo:/home/tanayrs/lars-ros/lars_ws/install/turtlebot3_description:/home/tanayrs/lars-ros/lars_ws/install/turtlebot3_cartographer:/home/tanayrs/lars-ros/lars_ws/install/dynamixel_sdk_examples:/home/tanayrs/lars-ros/lars_ws/install/turtlebot3_teleop:/home/tanayrs/lars-ros/lars_ws/install/turtlebot3_example:/home/tanayrs/lars-ros/lars_ws/install/turtlebot3_grid_nav:/opt/ros/humble LD_LIBRARY_PATH=/home/tanayrs/lars-ros/lars_ws/install/dynamixel_sdk_custom_interfaces/lib:/home/tanayrs/lars-ros/lars_ws/install/dynamixel_sdk/lib:/home/tanayrs/lars-ros/lars_ws/install/turtlebot3_msgs/lib:/usr/lib/x86_64-linux-gnu/gazebo-11/plugins:/opt/ros/humble/opt/rviz_ogre_vendor/lib:/opt/ros/humble/lib/x86_64-linux-gnu:/opt/ros/humble/lib /usr/bin/cmake --build /home/tanayrs/lars-ros/lars_ws/build/dynamixel_sdk_examples -- -j16 -l16
[10.898s] Invoking command in '/home/tanayrs/lars-ros/lars_ws/build/dynamixel_sdk_examples': CMAKE_PREFIX_PATH=/home/tanayrs/lars-ros/lars_ws/install/dynamixel_sdk_custom_interfaces:/home/tanayrs/lars-ros/lars_ws/install/dynamixel_sdk:/home/tanayrs/lars-ros/lars_ws/install/turtlebot3:/home/tanayrs/lars-ros/lars_ws/install/turtlebot3_simulations:/home/tanayrs/lars-ros/lars_ws/install/turtlebot3_bringup:/home/tanayrs/lars-ros/lars_ws/install/turtlebot3_node:/home/tanayrs/lars-ros/lars_ws/install/turtlebot3_navigation2:/home/tanayrs/lars-ros/lars_ws/install/turtlebot3_fake_node:/home/tanayrs/lars-ros/lars_ws/install/turtlebot3_msgs:/home/tanayrs/lars-ros/lars_ws/install/turtlebot3_gazebo:/home/tanayrs/lars-ros/lars_ws/install/turtlebot3_description:/home/tanayrs/lars-ros/lars_ws/install/turtlebot3_cartographer:/home/tanayrs/lars-ros/lars_ws/install/dynamixel_sdk_examples:/home/tanayrs/lars-ros/lars_ws/install/turtlebot3_teleop:/home/tanayrs/lars-ros/lars_ws/install/turtlebot3_example:/home/tanayrs/lars-ros/lars_ws/install/turtlebot3_grid_nav:/opt/ros/humble LD_LIBRARY_PATH=/home/tanayrs/lars-ros/lars_ws/install/dynamixel_sdk_custom_interfaces/lib:/home/tanayrs/lars-ros/lars_ws/install/dynamixel_sdk/lib:/home/tanayrs/lars-ros/lars_ws/install/turtlebot3_msgs/lib:/usr/lib/x86_64-linux-gnu/gazebo-11/plugins:/opt/ros/humble/opt/rviz_ogre_vendor/lib:/opt/ros/humble/lib/x86_64-linux-gnu:/opt/ros/humble/lib /usr/bin/cmake --install /home/tanayrs/lars-ros/lars_ws/build/dynamixel_sdk_examples
[10.903s] -- Install configuration: ""
[10.903s] -- Execute custom install script
[10.903s] -- Symlinking: /home/tanayrs/lars-ros/lars_ws/install/dynamixel_sdk_examples/lib/dynamixel_sdk_examples/read_write_node
[10.908s] -- Symlinking: /home/tanayrs/lars-ros/lars_ws/install/dynamixel_sdk_examples/share/ament_index/resource_index/package_run_dependencies/dynamixel_sdk_examples
[10.914s] -- Symlinking: /home/tanayrs/lars-ros/lars_ws/install/dynamixel_sdk_examples/share/ament_index/resource_index/parent_prefix_path/dynamixel_sdk_examples
[10.919s] -- Symlinking: /home/tanayrs/lars-ros/lars_ws/install/dynamixel_sdk_examples/share/dynamixel_sdk_examples/environment/ament_prefix_path.sh
[10.925s] -- Symlinking: /home/tanayrs/lars-ros/lars_ws/install/dynamixel_sdk_examples/share/dynamixel_sdk_examples/environment/ament_prefix_path.dsv
[10.931s] -- Symlinking: /home/tanayrs/lars-ros/lars_ws/install/dynamixel_sdk_examples/share/dynamixel_sdk_examples/environment/path.sh
[10.937s] -- Symlinking: /home/tanayrs/lars-ros/lars_ws/install/dynamixel_sdk_examples/share/dynamixel_sdk_examples/environment/path.dsv
[10.942s] -- Symlinking: /home/tanayrs/lars-ros/lars_ws/install/dynamixel_sdk_examples/share/dynamixel_sdk_examples/local_setup.bash
[10.948s] -- Symlinking: /home/tanayrs/lars-ros/lars_ws/install/dynamixel_sdk_examples/share/dynamixel_sdk_examples/local_setup.sh
[10.954s] -- Symlinking: /home/tanayrs/lars-ros/lars_ws/install/dynamixel_sdk_examples/share/dynamixel_sdk_examples/local_setup.zsh
[10.960s] -- Symlinking: /home/tanayrs/lars-ros/lars_ws/install/dynamixel_sdk_examples/share/dynamixel_sdk_examples/local_setup.dsv
[10.966s] -- Symlinking: /home/tanayrs/lars-ros/lars_ws/install/dynamixel_sdk_examples/share/dynamixel_sdk_examples/package.dsv
[10.972s] -- Symlinking: /home/tanayrs/lars-ros/lars_ws/install/dynamixel_sdk_examples/share/ament_index/resource_index/packages/dynamixel_sdk_examples
[10.978s] -- Symlinking: /home/tanayrs/lars-ros/lars_ws/install/dynamixel_sdk_examples/share/dynamixel_sdk_examples/cmake/dynamixel_sdk_examplesConfig.cmake
[10.984s] -- Symlinking: /home/tanayrs/lars-ros/lars_ws/install/dynamixel_sdk_examples/share/dynamixel_sdk_examples/cmake/dynamixel_sdk_examplesConfig-version.cmake
[10.990s] -- Symlinking: /home/tanayrs/lars-ros/lars_ws/install/dynamixel_sdk_examples/share/dynamixel_sdk_examples/package.xml
[10.997s] Invoked command in '/home/tanayrs/lars-ros/lars_ws/build/dynamixel_sdk_examples' returned '0': CMAKE_PREFIX_PATH=/home/tanayrs/lars-ros/lars_ws/install/dynamixel_sdk_custom_interfaces:/home/tanayrs/lars-ros/lars_ws/install/dynamixel_sdk:/home/tanayrs/lars-ros/lars_ws/install/turtlebot3:/home/tanayrs/lars-ros/lars_ws/install/turtlebot3_simulations:/home/tanayrs/lars-ros/lars_ws/install/turtlebot3_bringup:/home/tanayrs/lars-ros/lars_ws/install/turtlebot3_node:/home/tanayrs/lars-ros/lars_ws/install/turtlebot3_navigation2:/home/tanayrs/lars-ros/lars_ws/install/turtlebot3_fake_node:/home/tanayrs/lars-ros/lars_ws/install/turtlebot3_msgs:/home/tanayrs/lars-ros/lars_ws/install/turtlebot3_gazebo:/home/tanayrs/lars-ros/lars_ws/install/turtlebot3_description:/home/tanayrs/lars-ros/lars_ws/install/turtlebot3_cartographer:/home/tanayrs/lars-ros/lars_ws/install/dynamixel_sdk_examples:/home/tanayrs/lars-ros/lars_ws/install/turtlebot3_teleop:/home/tanayrs/lars-ros/lars_ws/install/turtlebot3_example:/home/tanayrs/lars-ros/lars_ws/install/turtlebot3_grid_nav:/opt/ros/humble LD_LIBRARY_PATH=/home/tanayrs/lars-ros/lars_ws/install/dynamixel_sdk_custom_interfaces/lib:/home/tanayrs/lars-ros/lars_ws/install/dynamixel_sdk/lib:/home/tanayrs/lars-ros/lars_ws/install/turtlebot3_msgs/lib:/usr/lib/x86_64-linux-gnu/gazebo-11/plugins:/opt/ros/humble/opt/rviz_ogre_vendor/lib:/opt/ros/humble/lib/x86_64-linux-gnu:/opt/ros/humble/lib /usr/bin/cmake --install /home/tanayrs/lars-ros/lars_ws/build/dynamixel_sdk_examples
