[0.023s] Invoking command in '/home/tanayrs/lars-ros/lars_ws/build/turtlebot3_msgs': CMAKE_PREFIX_PATH=${CMAKE_PREFIX_PATH}:/home/tanayrs/lars-ros/lars_ws/install/turtlebot3_teleop:/home/tanayrs/lars-ros/lars_ws/install/turtlebot3_example:/home/tanayrs/lars-ros/lars_ws/install/turtlebot3_grid_nav:/opt/ros/humble /usr/bin/cmake /home/tanayrs/lars-ros/lars_ws/src/turtlebot3_msgs -DAMENT_CMAKE_SYMLINK_INSTALL=1 -DCMAKE_INSTALL_PREFIX=/home/tanayrs/lars-ros/lars_ws/install/turtlebot3_msgs
[0.246s] -- The C compiler identification is GNU 11.4.0
[0.247s] -- The CXX compiler identification is GNU 11.4.0
[0.247s] -- Detecting C compiler ABI info
[0.247s] -- Detecting C compiler ABI info - done
[0.247s] -- Check for working C compiler: /usr/bin/cc - skipped
[0.247s] -- Detecting C compile features
[0.247s] -- Detecting C compile features - done
[0.248s] -- Detecting CXX compiler ABI info
[0.248s] -- Detecting CXX compiler ABI info - done
[0.248s] -- Check for working CXX compiler: /usr/bin/c++ - skipped
[0.248s] -- Detecting CXX compile features
[0.248s] -- Detecting CXX compile features - done
[0.248s] -- Found action_msgs: 1.2.1 (/opt/ros/humble/share/action_msgs/cmake)
[0.349s] -- Found Python3: /usr/bin/python3 (found version "3.10.12") found components: Interpreter 
[0.403s] -- Override CMake install command with custom implementation using symlinks instead of copying resources
[0.448s] -- Found rosidl_generator_c: 3.1.6 (/opt/ros/humble/share/rosidl_generator_c/cmake)
[0.452s] -- Found rosidl_adapter: 3.1.6 (/opt/ros/humble/share/rosidl_adapter/cmake)
[0.458s] -- Found rosidl_generator_cpp: 3.1.6 (/opt/ros/humble/share/rosidl_generator_cpp/cmake)
[0.467s] -- Using all available rosidl_typesupport_c: rosidl_typesupport_fastrtps_c;rosidl_typesupport_introspection_c
[0.479s] -- Using all available rosidl_typesupport_cpp: rosidl_typesupport_fastrtps_cpp;rosidl_typesupport_introspection_cpp
[0.506s] -- Found rosidl_default_generators: 1.2.0 (/opt/ros/humble/share/rosidl_default_generators/cmake)
[0.513s] -- Found std_msgs: 4.2.4 (/opt/ros/humble/share/std_msgs/cmake)
[0.884s] -- Found ament_cmake_cppcheck: 0.12.11 (/opt/ros/humble/share/ament_cmake_cppcheck/cmake)
[0.887s] -- Found ament_cmake_cpplint: 0.12.11 (/opt/ros/humble/share/ament_cmake_cpplint/cmake)
[0.889s] -- Found ament_cmake_uncrustify: 0.12.11 (/opt/ros/humble/share/ament_cmake_uncrustify/cmake)
[0.893s] -- Found ament_cmake_ros: 0.10.0 (/opt/ros/humble/share/ament_cmake_ros/cmake)
[1.165s] -- Using all available rosidl_typesupport_c: rosidl_typesupport_fastrtps_c;rosidl_typesupport_introspection_c
[1.276s] -- Using all available rosidl_typesupport_cpp: rosidl_typesupport_fastrtps_cpp;rosidl_typesupport_introspection_cpp
[1.292s] -- Found PythonInterp: /usr/bin/python3 (found suitable version "3.10.12", minimum required is "3.6") 
[1.293s] -- Found python_cmake_module: 0.10.0 (/opt/ros/humble/share/python_cmake_module/cmake)
[1.317s] -- Found PythonLibs: /usr/lib/x86_64-linux-gnu/libpython3.10.so (found suitable version "3.10.12", minimum required is "3.5") 
[1.317s] -- Using PYTHON_EXECUTABLE: /usr/bin/python3
[1.317s] -- Using PYTHON_INCLUDE_DIRS: /usr/include/python3.10
[1.317s] -- Using PYTHON_LIBRARIES: /usr/lib/x86_64-linux-gnu/libpython3.10.so
[1.336s] -- Found PythonExtra: .so  
[1.379s] -- Found ament_cmake_flake8: 0.12.11 (/opt/ros/humble/share/ament_cmake_flake8/cmake)
[1.381s] -- Found ament_cmake_pep257: 0.12.11 (/opt/ros/humble/share/ament_cmake_pep257/cmake)
[1.388s] -- Configuring done
[1.413s] -- Generating done
[1.420s] -- Build files have been written to: /home/tanayrs/lars-ros/lars_ws/build/turtlebot3_msgs
[1.427s] Invoked command in '/home/tanayrs/lars-ros/lars_ws/build/turtlebot3_msgs' returned '0': CMAKE_PREFIX_PATH=${CMAKE_PREFIX_PATH}:/home/tanayrs/lars-ros/lars_ws/install/turtlebot3_teleop:/home/tanayrs/lars-ros/lars_ws/install/turtlebot3_example:/home/tanayrs/lars-ros/lars_ws/install/turtlebot3_grid_nav:/opt/ros/humble /usr/bin/cmake /home/tanayrs/lars-ros/lars_ws/src/turtlebot3_msgs -DAMENT_CMAKE_SYMLINK_INSTALL=1 -DCMAKE_INSTALL_PREFIX=/home/tanayrs/lars-ros/lars_ws/install/turtlebot3_msgs
[1.428s] Invoking command in '/home/tanayrs/lars-ros/lars_ws/build/turtlebot3_msgs': CMAKE_PREFIX_PATH=${CMAKE_PREFIX_PATH}:/home/tanayrs/lars-ros/lars_ws/install/turtlebot3_teleop:/home/tanayrs/lars-ros/lars_ws/install/turtlebot3_example:/home/tanayrs/lars-ros/lars_ws/install/turtlebot3_grid_nav:/opt/ros/humble /usr/bin/cmake --build /home/tanayrs/lars-ros/lars_ws/build/turtlebot3_msgs -- -j16 -l16
[1.452s] [  1%] [34m[1mGenerating C code for ROS interfaces[0m
[1.458s] [  2%] [34m[1mGenerating C++ code for ROS interfaces[0m
[1.463s] [  2%] Built target ament_cmake_python_symlink_turtlebot3_msgs
[1.639s] running egg_info
[1.640s] creating turtlebot3_msgs.egg-info
[1.640s] writing turtlebot3_msgs.egg-info/PKG-INFO
[1.640s] writing dependency_links to turtlebot3_msgs.egg-info/dependency_links.txt
[1.640s] writing top-level names to turtlebot3_msgs.egg-info/top_level.txt
[1.640s] writing manifest file 'turtlebot3_msgs.egg-info/SOURCES.txt'
[1.642s] reading manifest file 'turtlebot3_msgs.egg-info/SOURCES.txt'
[1.642s] writing manifest file 'turtlebot3_msgs.egg-info/SOURCES.txt'
[1.669s] [  2%] Built target ament_cmake_python_build_turtlebot3_msgs_egg
[2.380s] [  2%] Built target turtlebot3_msgs__cpp
[2.390s] [  4%] [34m[1mGenerating C++ type support dispatch for ROS interfaces[0m
[2.391s] [  7%] [34m[1mGenerating C++ introspection for ROS interfaces[0m
[2.391s] [  7%] [34m[1mGenerating C++ type support for eProsima Fast-RTPS[0m
[2.410s] [  8%] [32mBuilding C object CMakeFiles/turtlebot3_msgs__rosidl_generator_c.dir/rosidl_generator_c/turtlebot3_msgs/msg/detail/sensor_state__functions.c.o[0m
[2.410s] [ 15%] [32mBuilding C object CMakeFiles/turtlebot3_msgs__rosidl_generator_c.dir/rosidl_generator_c/turtlebot3_msgs/msg/detail/sound__functions.c.o[0m
[2.410s] [ 15%] [32mBuilding C object CMakeFiles/turtlebot3_msgs__rosidl_generator_c.dir/rosidl_generator_c/turtlebot3_msgs/action/detail/patrol__functions.c.o[0m
[2.410s] [ 15%] [32mBuilding C object CMakeFiles/turtlebot3_msgs__rosidl_generator_c.dir/rosidl_generator_c/turtlebot3_msgs/srv/detail/sound__functions.c.o[0m
[2.410s] [ 15%] [32mBuilding C object CMakeFiles/turtlebot3_msgs__rosidl_generator_c.dir/rosidl_generator_c/turtlebot3_msgs/srv/detail/dqn__functions.c.o[0m
[2.411s] [ 15%] [32mBuilding C object CMakeFiles/turtlebot3_msgs__rosidl_generator_c.dir/rosidl_generator_c/turtlebot3_msgs/msg/detail/version_info__functions.c.o[0m
[2.526s] [ 16%] [32m[1mLinking C shared library libturtlebot3_msgs__rosidl_generator_c.so[0m
[2.571s] [ 16%] Built target turtlebot3_msgs__rosidl_generator_c
[2.584s] [ 21%] [34m[1mGenerating C type support for eProsima Fast-RTPS[0m
[2.584s] [ 21%] [34m[1mGenerating C introspection for ROS interfaces[0m
[2.584s] [ 21%] [34m[1mGenerating C type support dispatch for ROS interfaces[0m
[3.089s] [ 22%] [32mBuilding CXX object CMakeFiles/turtlebot3_msgs__rosidl_typesupport_introspection_cpp.dir/rosidl_typesupport_introspection_cpp/turtlebot3_msgs/msg/detail/version_info__type_support.cpp.o[0m
[3.089s] [ 23%] [32mBuilding CXX object CMakeFiles/turtlebot3_msgs__rosidl_typesupport_introspection_cpp.dir/rosidl_typesupport_introspection_cpp/turtlebot3_msgs/msg/detail/sensor_state__type_support.cpp.o[0m
[3.090s] [ 25%] [32mBuilding CXX object CMakeFiles/turtlebot3_msgs__rosidl_typesupport_introspection_cpp.dir/rosidl_typesupport_introspection_cpp/turtlebot3_msgs/msg/detail/sound__type_support.cpp.o[0m
[3.090s] [ 28%] [32mBuilding CXX object CMakeFiles/turtlebot3_msgs__rosidl_typesupport_introspection_cpp.dir/rosidl_typesupport_introspection_cpp/turtlebot3_msgs/srv/detail/sound__type_support.cpp.o[0m
[3.092s] [ 28%] [32mBuilding CXX object CMakeFiles/turtlebot3_msgs__rosidl_typesupport_introspection_cpp.dir/rosidl_typesupport_introspection_cpp/turtlebot3_msgs/srv/detail/dqn__type_support.cpp.o[0m
[3.094s] [ 29%] [32mBuilding CXX object CMakeFiles/turtlebot3_msgs__rosidl_typesupport_introspection_cpp.dir/rosidl_typesupport_introspection_cpp/turtlebot3_msgs/action/detail/patrol__type_support.cpp.o[0m
[3.224s] [ 30%] [32mBuilding CXX object CMakeFiles/turtlebot3_msgs__rosidl_typesupport_fastrtps_cpp.dir/rosidl_typesupport_fastrtps_cpp/turtlebot3_msgs/msg/detail/dds_fastrtps/sensor_state__type_support.cpp.o[0m
[3.237s] [ 32%] [32mBuilding CXX object CMakeFiles/turtlebot3_msgs__rosidl_typesupport_fastrtps_cpp.dir/rosidl_typesupport_fastrtps_cpp/turtlebot3_msgs/msg/detail/dds_fastrtps/version_info__type_support.cpp.o[0m
[3.237s] [ 35%] [32mBuilding CXX object CMakeFiles/turtlebot3_msgs__rosidl_typesupport_fastrtps_cpp.dir/rosidl_typesupport_fastrtps_cpp/turtlebot3_msgs/msg/detail/dds_fastrtps/sound__type_support.cpp.o[0m
[3.237s] [ 35%] [32mBuilding CXX object CMakeFiles/turtlebot3_msgs__rosidl_typesupport_fastrtps_cpp.dir/rosidl_typesupport_fastrtps_cpp/turtlebot3_msgs/srv/detail/dds_fastrtps/dqn__type_support.cpp.o[0m
[3.241s] [ 36%] [32mBuilding CXX object CMakeFiles/turtlebot3_msgs__rosidl_typesupport_fastrtps_cpp.dir/rosidl_typesupport_fastrtps_cpp/turtlebot3_msgs/action/detail/dds_fastrtps/patrol__type_support.cpp.o[0m
[3.244s] [ 38%] [32mBuilding CXX object CMakeFiles/turtlebot3_msgs__rosidl_typesupport_fastrtps_cpp.dir/rosidl_typesupport_fastrtps_cpp/turtlebot3_msgs/srv/detail/dds_fastrtps/sound__type_support.cpp.o[0m
[3.404s] [ 39%] [32mBuilding CXX object CMakeFiles/turtlebot3_msgs__rosidl_typesupport_c.dir/rosidl_typesupport_c/turtlebot3_msgs/msg/sensor_state__type_support.cpp.o[0m
[3.404s] [ 40%] [32mBuilding CXX object CMakeFiles/turtlebot3_msgs__rosidl_typesupport_cpp.dir/rosidl_typesupport_cpp/turtlebot3_msgs/msg/sensor_state__type_support.cpp.o[0m
[3.479s] [ 42%] [32mBuilding CXX object CMakeFiles/turtlebot3_msgs__rosidl_typesupport_c.dir/rosidl_typesupport_c/turtlebot3_msgs/msg/sound__type_support.cpp.o[0m
[3.564s] [ 43%] [32mBuilding CXX object CMakeFiles/turtlebot3_msgs__rosidl_typesupport_c.dir/rosidl_typesupport_c/turtlebot3_msgs/msg/version_info__type_support.cpp.o[0m
[3.650s] [ 45%] [32mBuilding CXX object CMakeFiles/turtlebot3_msgs__rosidl_typesupport_cpp.dir/rosidl_typesupport_cpp/turtlebot3_msgs/msg/sound__type_support.cpp.o[0m
[3.652s] [ 46%] [32mBuilding CXX object CMakeFiles/turtlebot3_msgs__rosidl_typesupport_c.dir/rosidl_typesupport_c/turtlebot3_msgs/srv/sound__type_support.cpp.o[0m
[3.662s] [ 47%] [32mBuilding CXX object CMakeFiles/turtlebot3_msgs__rosidl_typesupport_c.dir/rosidl_typesupport_c/turtlebot3_msgs/srv/dqn__type_support.cpp.o[0m
[3.683s] [ 49%] [32mBuilding CXX object CMakeFiles/turtlebot3_msgs__rosidl_typesupport_cpp.dir/rosidl_typesupport_cpp/turtlebot3_msgs/msg/version_info__type_support.cpp.o[0m
[3.710s] [ 50%] [32mBuilding CXX object CMakeFiles/turtlebot3_msgs__rosidl_typesupport_cpp.dir/rosidl_typesupport_cpp/turtlebot3_msgs/srv/sound__type_support.cpp.o[0m
[3.737s] [ 52%] [32mBuilding CXX object CMakeFiles/turtlebot3_msgs__rosidl_typesupport_cpp.dir/rosidl_typesupport_cpp/turtlebot3_msgs/srv/dqn__type_support.cpp.o[0m
[3.743s] [ 53%] [32mBuilding CXX object CMakeFiles/turtlebot3_msgs__rosidl_typesupport_c.dir/rosidl_typesupport_c/turtlebot3_msgs/action/patrol__type_support.cpp.o[0m
[3.836s] [ 54%] [32mBuilding CXX object CMakeFiles/turtlebot3_msgs__rosidl_typesupport_cpp.dir/rosidl_typesupport_cpp/turtlebot3_msgs/action/patrol__type_support.cpp.o[0m
[3.859s] [ 56%] [32m[1mLinking CXX shared library libturtlebot3_msgs__rosidl_typesupport_c.so[0m
[3.893s] [ 57%] [32mBuilding C object CMakeFiles/turtlebot3_msgs__rosidl_typesupport_introspection_c.dir/rosidl_typesupport_introspection_c/turtlebot3_msgs/msg/detail/sensor_state__type_support.c.o[0m
[3.896s] [ 59%] [32mBuilding C object CMakeFiles/turtlebot3_msgs__rosidl_typesupport_introspection_c.dir/rosidl_typesupport_introspection_c/turtlebot3_msgs/msg/detail/sound__type_support.c.o[0m
[3.902s] [ 60%] [32mBuilding C object CMakeFiles/turtlebot3_msgs__rosidl_typesupport_introspection_c.dir/rosidl_typesupport_introspection_c/turtlebot3_msgs/msg/detail/version_info__type_support.c.o[0m
[3.906s] [ 61%] [32mBuilding C object CMakeFiles/turtlebot3_msgs__rosidl_typesupport_introspection_c.dir/rosidl_typesupport_introspection_c/turtlebot3_msgs/srv/detail/sound__type_support.c.o[0m
[3.943s] [ 61%] Built target turtlebot3_msgs__rosidl_typesupport_c
[3.956s] [ 63%] [32mBuilding C object CMakeFiles/turtlebot3_msgs__rosidl_typesupport_introspection_c.dir/rosidl_typesupport_introspection_c/turtlebot3_msgs/srv/detail/dqn__type_support.c.o[0m
[3.956s] [ 64%] [32mBuilding C object CMakeFiles/turtlebot3_msgs__rosidl_typesupport_introspection_c.dir/rosidl_typesupport_introspection_c/turtlebot3_msgs/action/detail/patrol__type_support.c.o[0m
[3.964s] [ 66%] [32m[1mLinking CXX shared library libturtlebot3_msgs__rosidl_typesupport_introspection_cpp.so[0m
[4.028s] [ 67%] [32m[1mLinking C shared library libturtlebot3_msgs__rosidl_typesupport_introspection_c.so[0m
[4.083s] [ 67%] Built target turtlebot3_msgs__rosidl_typesupport_introspection_c
[4.101s] [ 67%] Built target turtlebot3_msgs__rosidl_typesupport_introspection_cpp
[4.113s] [ 73%] [32mBuilding CXX object CMakeFiles/turtlebot3_msgs__rosidl_typesupport_fastrtps_c.dir/rosidl_typesupport_fastrtps_c/turtlebot3_msgs/msg/detail/sensor_state__type_support_c.cpp.o[0m
[4.113s] [ 73%] [32mBuilding CXX object CMakeFiles/turtlebot3_msgs__rosidl_typesupport_fastrtps_c.dir/rosidl_typesupport_fastrtps_c/turtlebot3_msgs/srv/detail/sound__type_support_c.cpp.o[0m
[4.113s] [ 73%] [32mBuilding CXX object CMakeFiles/turtlebot3_msgs__rosidl_typesupport_fastrtps_c.dir/rosidl_typesupport_fastrtps_c/turtlebot3_msgs/msg/detail/sound__type_support_c.cpp.o[0m
[4.113s] [ 73%] [32mBuilding CXX object CMakeFiles/turtlebot3_msgs__rosidl_typesupport_fastrtps_c.dir/rosidl_typesupport_fastrtps_c/turtlebot3_msgs/srv/detail/dqn__type_support_c.cpp.o[0m
[4.113s] [ 74%] [32mBuilding CXX object CMakeFiles/turtlebot3_msgs__rosidl_typesupport_fastrtps_c.dir/rosidl_typesupport_fastrtps_c/turtlebot3_msgs/action/detail/patrol__type_support_c.cpp.o[0m
[4.116s] [ 76%] [32mBuilding CXX object CMakeFiles/turtlebot3_msgs__rosidl_typesupport_fastrtps_c.dir/rosidl_typesupport_fastrtps_c/turtlebot3_msgs/msg/detail/version_info__type_support_c.cpp.o[0m
[4.122s] [ 77%] [32m[1mLinking CXX shared library libturtlebot3_msgs__rosidl_typesupport_fastrtps_cpp.so[0m
[4.271s] [ 77%] Built target turtlebot3_msgs__rosidl_typesupport_fastrtps_cpp
[4.454s] [ 78%] [32m[1mLinking CXX shared library libturtlebot3_msgs__rosidl_typesupport_cpp.so[0m
[4.491s] [ 78%] Built target turtlebot3_msgs__rosidl_typesupport_cpp
[4.547s] [ 80%] [32m[1mLinking CXX shared library libturtlebot3_msgs__rosidl_typesupport_fastrtps_c.so[0m
[4.622s] [ 80%] Built target turtlebot3_msgs__rosidl_typesupport_fastrtps_c
[4.639s] [ 80%] Built target turtlebot3_msgs
[4.656s] [ 81%] [34m[1mGenerating Python code for ROS interfaces[0m
[5.895s] [ 81%] Built target turtlebot3_msgs__py
[5.913s] [ 84%] [32mBuilding C object CMakeFiles/turtlebot3_msgs__rosidl_generator_py.dir/rosidl_generator_py/turtlebot3_msgs/srv/_sound_s.c.o[0m
[5.913s] [ 84%] [32mBuilding C object CMakeFiles/turtlebot3_msgs__rosidl_generator_py.dir/rosidl_generator_py/turtlebot3_msgs/msg/_sensor_state_s.c.o[0m
[5.913s] [ 85%] [32mBuilding C object CMakeFiles/turtlebot3_msgs__rosidl_generator_py.dir/rosidl_generator_py/turtlebot3_msgs/msg/_version_info_s.c.o[0m
[5.914s] [ 88%] [32mBuilding C object CMakeFiles/turtlebot3_msgs__rosidl_generator_py.dir/rosidl_generator_py/turtlebot3_msgs/msg/_sound_s.c.o[0m
[5.914s] [ 88%] [32mBuilding C object CMakeFiles/turtlebot3_msgs__rosidl_generator_py.dir/rosidl_generator_py/turtlebot3_msgs/srv/_dqn_s.c.o[0m
[5.914s] [ 90%] [32mBuilding C object CMakeFiles/turtlebot3_msgs__rosidl_generator_py.dir/rosidl_generator_py/turtlebot3_msgs/action/_patrol_s.c.o[0m
[6.058s] [ 91%] [32m[1mLinking C shared library rosidl_generator_py/turtlebot3_msgs/libturtlebot3_msgs__rosidl_generator_py.so[0m
[6.093s] [ 91%] Built target turtlebot3_msgs__rosidl_generator_py
[6.110s] [ 95%] [32mBuilding C object CMakeFiles/turtlebot3_msgs__rosidl_typesupport_fastrtps_c__pyext.dir/rosidl_generator_py/turtlebot3_msgs/_turtlebot3_msgs_s.ep.rosidl_typesupport_fastrtps_c.c.o[0m
[6.110s] [ 95%] [32mBuilding C object CMakeFiles/turtlebot3_msgs__rosidl_typesupport_introspection_c__pyext.dir/rosidl_generator_py/turtlebot3_msgs/_turtlebot3_msgs_s.ep.rosidl_typesupport_introspection_c.c.o[0m
[6.110s] [ 95%] [32mBuilding C object CMakeFiles/turtlebot3_msgs__rosidl_typesupport_c__pyext.dir/rosidl_generator_py/turtlebot3_msgs/_turtlebot3_msgs_s.ep.rosidl_typesupport_c.c.o[0m
[6.215s] [100%] [32m[1mLinking C shared library rosidl_generator_py/turtlebot3_msgs/turtlebot3_msgs_s__rosidl_typesupport_fastrtps_c.cpython-310-x86_64-linux-gnu.so[0m
[6.216s] [100%] [32m[1mLinking C shared library rosidl_generator_py/turtlebot3_msgs/turtlebot3_msgs_s__rosidl_typesupport_introspection_c.cpython-310-x86_64-linux-gnu.so[0m
[6.216s] [100%] [32m[1mLinking C shared library rosidl_generator_py/turtlebot3_msgs/turtlebot3_msgs_s__rosidl_typesupport_c.cpython-310-x86_64-linux-gnu.so[0m
[6.251s] [100%] Built target turtlebot3_msgs__rosidl_typesupport_introspection_c__pyext
[6.251s] [100%] Built target turtlebot3_msgs__rosidl_typesupport_fastrtps_c__pyext
[6.251s] [100%] Built target turtlebot3_msgs__rosidl_typesupport_c__pyext
[6.262s] Invoked command in '/home/tanayrs/lars-ros/lars_ws/build/turtlebot3_msgs' returned '0': CMAKE_PREFIX_PATH=${CMAKE_PREFIX_PATH}:/home/tanayrs/lars-ros/lars_ws/install/turtlebot3_teleop:/home/tanayrs/lars-ros/lars_ws/install/turtlebot3_example:/home/tanayrs/lars-ros/lars_ws/install/turtlebot3_grid_nav:/opt/ros/humble /usr/bin/cmake --build /home/tanayrs/lars-ros/lars_ws/build/turtlebot3_msgs -- -j16 -l16
[6.263s] Invoking command in '/home/tanayrs/lars-ros/lars_ws/build/turtlebot3_msgs': CMAKE_PREFIX_PATH=${CMAKE_PREFIX_PATH}:/home/tanayrs/lars-ros/lars_ws/install/turtlebot3_teleop:/home/tanayrs/lars-ros/lars_ws/install/turtlebot3_example:/home/tanayrs/lars-ros/lars_ws/install/turtlebot3_grid_nav:/opt/ros/humble /usr/bin/cmake --install /home/tanayrs/lars-ros/lars_ws/build/turtlebot3_msgs
[6.270s] -- Install configuration: ""
[6.270s] -- Execute custom install script
[6.270s] -- Symlinking: /home/tanayrs/lars-ros/lars_ws/install/turtlebot3_msgs/share/ament_index/resource_index/rosidl_interfaces/turtlebot3_msgs
[6.278s] -- Symlinking: /home/tanayrs/lars-ros/lars_ws/install/turtlebot3_msgs/include/turtlebot3_msgs/turtlebot3_msgs/action/detail/patrol__functions.h
[6.285s] -- Symlinking: /home/tanayrs/lars-ros/lars_ws/install/turtlebot3_msgs/include/turtlebot3_msgs/turtlebot3_msgs/action/detail/patrol__struct.h
[6.292s] -- Symlinking: /home/tanayrs/lars-ros/lars_ws/install/turtlebot3_msgs/include/turtlebot3_msgs/turtlebot3_msgs/action/detail/patrol__type_support.h
[6.299s] -- Symlinking: /home/tanayrs/lars-ros/lars_ws/install/turtlebot3_msgs/include/turtlebot3_msgs/turtlebot3_msgs/action/patrol.h
[6.305s] -- Symlinking: /home/tanayrs/lars-ros/lars_ws/install/turtlebot3_msgs/include/turtlebot3_msgs/turtlebot3_msgs/msg/detail/sensor_state__functions.h
[6.312s] -- Symlinking: /home/tanayrs/lars-ros/lars_ws/install/turtlebot3_msgs/include/turtlebot3_msgs/turtlebot3_msgs/msg/detail/sensor_state__struct.h
[6.318s] -- Symlinking: /home/tanayrs/lars-ros/lars_ws/install/turtlebot3_msgs/include/turtlebot3_msgs/turtlebot3_msgs/msg/detail/sensor_state__type_support.h
[6.325s] -- Symlinking: /home/tanayrs/lars-ros/lars_ws/install/turtlebot3_msgs/include/turtlebot3_msgs/turtlebot3_msgs/msg/detail/sound__functions.h
[6.332s] -- Symlinking: /home/tanayrs/lars-ros/lars_ws/install/turtlebot3_msgs/include/turtlebot3_msgs/turtlebot3_msgs/msg/detail/sound__struct.h
[6.339s] -- Symlinking: /home/tanayrs/lars-ros/lars_ws/install/turtlebot3_msgs/include/turtlebot3_msgs/turtlebot3_msgs/msg/detail/sound__type_support.h
[6.345s] -- Symlinking: /home/tanayrs/lars-ros/lars_ws/install/turtlebot3_msgs/include/turtlebot3_msgs/turtlebot3_msgs/msg/detail/version_info__functions.h
[6.352s] -- Symlinking: /home/tanayrs/lars-ros/lars_ws/install/turtlebot3_msgs/include/turtlebot3_msgs/turtlebot3_msgs/msg/detail/version_info__struct.h
[6.360s] -- Symlinking: /home/tanayrs/lars-ros/lars_ws/install/turtlebot3_msgs/include/turtlebot3_msgs/turtlebot3_msgs/msg/detail/version_info__type_support.h
[6.367s] -- Symlinking: /home/tanayrs/lars-ros/lars_ws/install/turtlebot3_msgs/include/turtlebot3_msgs/turtlebot3_msgs/msg/rosidl_generator_c__visibility_control.h
[6.374s] -- Symlinking: /home/tanayrs/lars-ros/lars_ws/install/turtlebot3_msgs/include/turtlebot3_msgs/turtlebot3_msgs/msg/sensor_state.h
[6.381s] -- Symlinking: /home/tanayrs/lars-ros/lars_ws/install/turtlebot3_msgs/include/turtlebot3_msgs/turtlebot3_msgs/msg/sound.h
[6.387s] -- Symlinking: /home/tanayrs/lars-ros/lars_ws/install/turtlebot3_msgs/include/turtlebot3_msgs/turtlebot3_msgs/msg/version_info.h
[6.394s] -- Symlinking: /home/tanayrs/lars-ros/lars_ws/install/turtlebot3_msgs/include/turtlebot3_msgs/turtlebot3_msgs/srv/detail/dqn__functions.h
[6.401s] -- Symlinking: /home/tanayrs/lars-ros/lars_ws/install/turtlebot3_msgs/include/turtlebot3_msgs/turtlebot3_msgs/srv/detail/dqn__struct.h
[6.407s] -- Symlinking: /home/tanayrs/lars-ros/lars_ws/install/turtlebot3_msgs/include/turtlebot3_msgs/turtlebot3_msgs/srv/detail/dqn__type_support.h
[6.414s] -- Symlinking: /home/tanayrs/lars-ros/lars_ws/install/turtlebot3_msgs/include/turtlebot3_msgs/turtlebot3_msgs/srv/detail/sound__functions.h
[6.421s] -- Symlinking: /home/tanayrs/lars-ros/lars_ws/install/turtlebot3_msgs/include/turtlebot3_msgs/turtlebot3_msgs/srv/detail/sound__struct.h
[6.427s] -- Symlinking: /home/tanayrs/lars-ros/lars_ws/install/turtlebot3_msgs/include/turtlebot3_msgs/turtlebot3_msgs/srv/detail/sound__type_support.h
[6.433s] -- Symlinking: /home/tanayrs/lars-ros/lars_ws/install/turtlebot3_msgs/include/turtlebot3_msgs/turtlebot3_msgs/srv/dqn.h
[6.440s] -- Symlinking: /home/tanayrs/lars-ros/lars_ws/install/turtlebot3_msgs/include/turtlebot3_msgs/turtlebot3_msgs/srv/sound.h
[6.447s] -- Symlinking: /home/tanayrs/lars-ros/lars_ws/install/turtlebot3_msgs/share/turtlebot3_msgs/environment/library_path.sh
[6.453s] -- Symlinking: /home/tanayrs/lars-ros/lars_ws/install/turtlebot3_msgs/share/turtlebot3_msgs/environment/library_path.dsv
[6.460s] -- Symlinking: /home/tanayrs/lars-ros/lars_ws/install/turtlebot3_msgs/include/turtlebot3_msgs/turtlebot3_msgs/action/detail/patrol__rosidl_typesupport_fastrtps_c.h
[6.467s] -- Symlinking: /home/tanayrs/lars-ros/lars_ws/install/turtlebot3_msgs/include/turtlebot3_msgs/turtlebot3_msgs/msg/detail/sensor_state__rosidl_typesupport_fastrtps_c.h
[6.473s] -- Symlinking: /home/tanayrs/lars-ros/lars_ws/install/turtlebot3_msgs/include/turtlebot3_msgs/turtlebot3_msgs/msg/detail/sound__rosidl_typesupport_fastrtps_c.h
[6.480s] -- Symlinking: /home/tanayrs/lars-ros/lars_ws/install/turtlebot3_msgs/include/turtlebot3_msgs/turtlebot3_msgs/msg/detail/version_info__rosidl_typesupport_fastrtps_c.h
[6.487s] -- Symlinking: /home/tanayrs/lars-ros/lars_ws/install/turtlebot3_msgs/include/turtlebot3_msgs/turtlebot3_msgs/msg/rosidl_typesupport_fastrtps_c__visibility_control.h
[6.493s] -- Symlinking: /home/tanayrs/lars-ros/lars_ws/install/turtlebot3_msgs/include/turtlebot3_msgs/turtlebot3_msgs/srv/detail/dqn__rosidl_typesupport_fastrtps_c.h
[6.499s] -- Symlinking: /home/tanayrs/lars-ros/lars_ws/install/turtlebot3_msgs/include/turtlebot3_msgs/turtlebot3_msgs/srv/detail/sound__rosidl_typesupport_fastrtps_c.h
[6.505s] -- Symlinking: /home/tanayrs/lars-ros/lars_ws/install/turtlebot3_msgs/include/turtlebot3_msgs/turtlebot3_msgs/action/detail/patrol__builder.hpp
[6.512s] -- Symlinking: /home/tanayrs/lars-ros/lars_ws/install/turtlebot3_msgs/include/turtlebot3_msgs/turtlebot3_msgs/action/detail/patrol__struct.hpp
[6.518s] -- Symlinking: /home/tanayrs/lars-ros/lars_ws/install/turtlebot3_msgs/include/turtlebot3_msgs/turtlebot3_msgs/action/detail/patrol__traits.hpp
[6.525s] -- Symlinking: /home/tanayrs/lars-ros/lars_ws/install/turtlebot3_msgs/include/turtlebot3_msgs/turtlebot3_msgs/action/detail/patrol__type_support.hpp
[6.531s] -- Symlinking: /home/tanayrs/lars-ros/lars_ws/install/turtlebot3_msgs/include/turtlebot3_msgs/turtlebot3_msgs/action/patrol.hpp
[6.537s] -- Symlinking: /home/tanayrs/lars-ros/lars_ws/install/turtlebot3_msgs/include/turtlebot3_msgs/turtlebot3_msgs/msg/detail/sensor_state__builder.hpp
[6.543s] -- Symlinking: /home/tanayrs/lars-ros/lars_ws/install/turtlebot3_msgs/include/turtlebot3_msgs/turtlebot3_msgs/msg/detail/sensor_state__struct.hpp
[6.550s] -- Symlinking: /home/tanayrs/lars-ros/lars_ws/install/turtlebot3_msgs/include/turtlebot3_msgs/turtlebot3_msgs/msg/detail/sensor_state__traits.hpp
[6.556s] -- Symlinking: /home/tanayrs/lars-ros/lars_ws/install/turtlebot3_msgs/include/turtlebot3_msgs/turtlebot3_msgs/msg/detail/sensor_state__type_support.hpp
[6.562s] -- Symlinking: /home/tanayrs/lars-ros/lars_ws/install/turtlebot3_msgs/include/turtlebot3_msgs/turtlebot3_msgs/msg/detail/sound__builder.hpp
[6.569s] -- Symlinking: /home/tanayrs/lars-ros/lars_ws/install/turtlebot3_msgs/include/turtlebot3_msgs/turtlebot3_msgs/msg/detail/sound__struct.hpp
[6.575s] -- Symlinking: /home/tanayrs/lars-ros/lars_ws/install/turtlebot3_msgs/include/turtlebot3_msgs/turtlebot3_msgs/msg/detail/sound__traits.hpp
[6.581s] -- Symlinking: /home/tanayrs/lars-ros/lars_ws/install/turtlebot3_msgs/include/turtlebot3_msgs/turtlebot3_msgs/msg/detail/sound__type_support.hpp
[6.587s] -- Symlinking: /home/tanayrs/lars-ros/lars_ws/install/turtlebot3_msgs/include/turtlebot3_msgs/turtlebot3_msgs/msg/detail/version_info__builder.hpp
[6.594s] -- Symlinking: /home/tanayrs/lars-ros/lars_ws/install/turtlebot3_msgs/include/turtlebot3_msgs/turtlebot3_msgs/msg/detail/version_info__struct.hpp
[6.600s] -- Symlinking: /home/tanayrs/lars-ros/lars_ws/install/turtlebot3_msgs/include/turtlebot3_msgs/turtlebot3_msgs/msg/detail/version_info__traits.hpp
[6.606s] -- Symlinking: /home/tanayrs/lars-ros/lars_ws/install/turtlebot3_msgs/include/turtlebot3_msgs/turtlebot3_msgs/msg/detail/version_info__type_support.hpp
[6.612s] -- Symlinking: /home/tanayrs/lars-ros/lars_ws/install/turtlebot3_msgs/include/turtlebot3_msgs/turtlebot3_msgs/msg/rosidl_generator_cpp__visibility_control.hpp
[6.619s] -- Symlinking: /home/tanayrs/lars-ros/lars_ws/install/turtlebot3_msgs/include/turtlebot3_msgs/turtlebot3_msgs/msg/sensor_state.hpp
[6.625s] -- Symlinking: /home/tanayrs/lars-ros/lars_ws/install/turtlebot3_msgs/include/turtlebot3_msgs/turtlebot3_msgs/msg/sound.hpp
[6.631s] -- Symlinking: /home/tanayrs/lars-ros/lars_ws/install/turtlebot3_msgs/include/turtlebot3_msgs/turtlebot3_msgs/msg/version_info.hpp
[6.637s] -- Symlinking: /home/tanayrs/lars-ros/lars_ws/install/turtlebot3_msgs/include/turtlebot3_msgs/turtlebot3_msgs/srv/detail/dqn__builder.hpp
[6.644s] -- Symlinking: /home/tanayrs/lars-ros/lars_ws/install/turtlebot3_msgs/include/turtlebot3_msgs/turtlebot3_msgs/srv/detail/dqn__struct.hpp
[6.650s] -- Symlinking: /home/tanayrs/lars-ros/lars_ws/install/turtlebot3_msgs/include/turtlebot3_msgs/turtlebot3_msgs/srv/detail/dqn__traits.hpp
[6.656s] -- Symlinking: /home/tanayrs/lars-ros/lars_ws/install/turtlebot3_msgs/include/turtlebot3_msgs/turtlebot3_msgs/srv/detail/dqn__type_support.hpp
[6.662s] -- Symlinking: /home/tanayrs/lars-ros/lars_ws/install/turtlebot3_msgs/include/turtlebot3_msgs/turtlebot3_msgs/srv/detail/sound__builder.hpp
[6.668s] -- Symlinking: /home/tanayrs/lars-ros/lars_ws/install/turtlebot3_msgs/include/turtlebot3_msgs/turtlebot3_msgs/srv/detail/sound__struct.hpp
[6.675s] -- Symlinking: /home/tanayrs/lars-ros/lars_ws/install/turtlebot3_msgs/include/turtlebot3_msgs/turtlebot3_msgs/srv/detail/sound__traits.hpp
[6.681s] -- Symlinking: /home/tanayrs/lars-ros/lars_ws/install/turtlebot3_msgs/include/turtlebot3_msgs/turtlebot3_msgs/srv/detail/sound__type_support.hpp
[6.687s] -- Symlinking: /home/tanayrs/lars-ros/lars_ws/install/turtlebot3_msgs/include/turtlebot3_msgs/turtlebot3_msgs/srv/dqn.hpp
[6.693s] -- Symlinking: /home/tanayrs/lars-ros/lars_ws/install/turtlebot3_msgs/include/turtlebot3_msgs/turtlebot3_msgs/srv/sound.hpp
[6.700s] -- Symlinking: /home/tanayrs/lars-ros/lars_ws/install/turtlebot3_msgs/include/turtlebot3_msgs/turtlebot3_msgs/action/detail/patrol__rosidl_typesupport_fastrtps_cpp.hpp
[6.706s] -- Symlinking: /home/tanayrs/lars-ros/lars_ws/install/turtlebot3_msgs/include/turtlebot3_msgs/turtlebot3_msgs/msg/detail/sensor_state__rosidl_typesupport_fastrtps_cpp.hpp
[6.712s] -- Symlinking: /home/tanayrs/lars-ros/lars_ws/install/turtlebot3_msgs/include/turtlebot3_msgs/turtlebot3_msgs/msg/detail/sound__rosidl_typesupport_fastrtps_cpp.hpp
[6.718s] -- Symlinking: /home/tanayrs/lars-ros/lars_ws/install/turtlebot3_msgs/include/turtlebot3_msgs/turtlebot3_msgs/msg/detail/version_info__rosidl_typesupport_fastrtps_cpp.hpp
[6.725s] -- Symlinking: /home/tanayrs/lars-ros/lars_ws/install/turtlebot3_msgs/include/turtlebot3_msgs/turtlebot3_msgs/msg/rosidl_typesupport_fastrtps_cpp__visibility_control.h
[6.731s] -- Symlinking: /home/tanayrs/lars-ros/lars_ws/install/turtlebot3_msgs/include/turtlebot3_msgs/turtlebot3_msgs/srv/detail/dqn__rosidl_typesupport_fastrtps_cpp.hpp
[6.737s] -- Symlinking: /home/tanayrs/lars-ros/lars_ws/install/turtlebot3_msgs/include/turtlebot3_msgs/turtlebot3_msgs/srv/detail/sound__rosidl_typesupport_fastrtps_cpp.hpp
[6.743s] -- Symlinking: /home/tanayrs/lars-ros/lars_ws/install/turtlebot3_msgs/include/turtlebot3_msgs/turtlebot3_msgs/action/detail/patrol__rosidl_typesupport_introspection_c.h
[6.749s] -- Symlinking: /home/tanayrs/lars-ros/lars_ws/install/turtlebot3_msgs/include/turtlebot3_msgs/turtlebot3_msgs/msg/detail/sensor_state__rosidl_typesupport_introspection_c.h
[6.755s] -- Symlinking: /home/tanayrs/lars-ros/lars_ws/install/turtlebot3_msgs/include/turtlebot3_msgs/turtlebot3_msgs/msg/detail/sound__rosidl_typesupport_introspection_c.h
[6.762s] -- Symlinking: /home/tanayrs/lars-ros/lars_ws/install/turtlebot3_msgs/include/turtlebot3_msgs/turtlebot3_msgs/msg/detail/version_info__rosidl_typesupport_introspection_c.h
[6.768s] -- Symlinking: /home/tanayrs/lars-ros/lars_ws/install/turtlebot3_msgs/include/turtlebot3_msgs/turtlebot3_msgs/msg/rosidl_typesupport_introspection_c__visibility_control.h
[6.775s] -- Symlinking: /home/tanayrs/lars-ros/lars_ws/install/turtlebot3_msgs/include/turtlebot3_msgs/turtlebot3_msgs/srv/detail/dqn__rosidl_typesupport_introspection_c.h
[6.781s] -- Symlinking: /home/tanayrs/lars-ros/lars_ws/install/turtlebot3_msgs/include/turtlebot3_msgs/turtlebot3_msgs/srv/detail/sound__rosidl_typesupport_introspection_c.h
[6.787s] -- Symlinking: /home/tanayrs/lars-ros/lars_ws/install/turtlebot3_msgs/include/turtlebot3_msgs/turtlebot3_msgs/action/detail/patrol__rosidl_typesupport_introspection_cpp.hpp
[6.794s] -- Symlinking: /home/tanayrs/lars-ros/lars_ws/install/turtlebot3_msgs/include/turtlebot3_msgs/turtlebot3_msgs/msg/detail/sensor_state__rosidl_typesupport_introspection_cpp.hpp
[6.801s] -- Symlinking: /home/tanayrs/lars-ros/lars_ws/install/turtlebot3_msgs/include/turtlebot3_msgs/turtlebot3_msgs/msg/detail/sound__rosidl_typesupport_introspection_cpp.hpp
[6.807s] -- Symlinking: /home/tanayrs/lars-ros/lars_ws/install/turtlebot3_msgs/include/turtlebot3_msgs/turtlebot3_msgs/msg/detail/version_info__rosidl_typesupport_introspection_cpp.hpp
[6.814s] -- Symlinking: /home/tanayrs/lars-ros/lars_ws/install/turtlebot3_msgs/include/turtlebot3_msgs/turtlebot3_msgs/srv/detail/dqn__rosidl_typesupport_introspection_cpp.hpp
[6.820s] -- Symlinking: /home/tanayrs/lars-ros/lars_ws/install/turtlebot3_msgs/include/turtlebot3_msgs/turtlebot3_msgs/srv/detail/sound__rosidl_typesupport_introspection_cpp.hpp
[6.826s] -- Symlinking: /home/tanayrs/lars-ros/lars_ws/install/turtlebot3_msgs/share/turtlebot3_msgs/environment/pythonpath.sh
[6.832s] -- Symlinking: /home/tanayrs/lars-ros/lars_ws/install/turtlebot3_msgs/share/turtlebot3_msgs/environment/pythonpath.dsv
[6.839s] -- Symlinking: /home/tanayrs/lars-ros/lars_ws/install/turtlebot3_msgs/local/lib/python3.10/dist-packages/turtlebot3_msgs-2.2.3-py3.10.egg-info/PKG-INFO
[6.845s] -- Symlinking: /home/tanayrs/lars-ros/lars_ws/install/turtlebot3_msgs/local/lib/python3.10/dist-packages/turtlebot3_msgs-2.2.3-py3.10.egg-info/SOURCES.txt
[6.851s] -- Symlinking: /home/tanayrs/lars-ros/lars_ws/install/turtlebot3_msgs/local/lib/python3.10/dist-packages/turtlebot3_msgs-2.2.3-py3.10.egg-info/dependency_links.txt
[6.857s] -- Symlinking: /home/tanayrs/lars-ros/lars_ws/install/turtlebot3_msgs/local/lib/python3.10/dist-packages/turtlebot3_msgs-2.2.3-py3.10.egg-info/top_level.txt
[6.864s] -- Symlinking: /home/tanayrs/lars-ros/lars_ws/install/turtlebot3_msgs/local/lib/python3.10/dist-packages/turtlebot3_msgs/__init__.py
[6.871s] -- Symlinking: /home/tanayrs/lars-ros/lars_ws/install/turtlebot3_msgs/local/lib/python3.10/dist-packages/turtlebot3_msgs/_turtlebot3_msgs_s.ep.rosidl_typesupport_c.c
[6.877s] -- Symlinking: /home/tanayrs/lars-ros/lars_ws/install/turtlebot3_msgs/local/lib/python3.10/dist-packages/turtlebot3_msgs/_turtlebot3_msgs_s.ep.rosidl_typesupport_fastrtps_c.c
[6.883s] -- Symlinking: /home/tanayrs/lars-ros/lars_ws/install/turtlebot3_msgs/local/lib/python3.10/dist-packages/turtlebot3_msgs/_turtlebot3_msgs_s.ep.rosidl_typesupport_introspection_c.c
[6.889s] -- Symlinking: /home/tanayrs/lars-ros/lars_ws/install/turtlebot3_msgs/local/lib/python3.10/dist-packages/turtlebot3_msgs/action/__init__.py
[6.895s] -- Symlinking: /home/tanayrs/lars-ros/lars_ws/install/turtlebot3_msgs/local/lib/python3.10/dist-packages/turtlebot3_msgs/action/_patrol.py
[6.901s] -- Symlinking: /home/tanayrs/lars-ros/lars_ws/install/turtlebot3_msgs/local/lib/python3.10/dist-packages/turtlebot3_msgs/action/_patrol_s.c
[6.908s] -- Symlinking: /home/tanayrs/lars-ros/lars_ws/install/turtlebot3_msgs/local/lib/python3.10/dist-packages/turtlebot3_msgs/libturtlebot3_msgs__rosidl_generator_py.so
[6.914s] -- Symlinking: /home/tanayrs/lars-ros/lars_ws/install/turtlebot3_msgs/local/lib/python3.10/dist-packages/turtlebot3_msgs/msg/__init__.py
[6.920s] -- Symlinking: /home/tanayrs/lars-ros/lars_ws/install/turtlebot3_msgs/local/lib/python3.10/dist-packages/turtlebot3_msgs/msg/_sensor_state.py
[6.927s] -- Symlinking: /home/tanayrs/lars-ros/lars_ws/install/turtlebot3_msgs/local/lib/python3.10/dist-packages/turtlebot3_msgs/msg/_sensor_state_s.c
[6.933s] -- Symlinking: /home/tanayrs/lars-ros/lars_ws/install/turtlebot3_msgs/local/lib/python3.10/dist-packages/turtlebot3_msgs/msg/_sound.py
[6.939s] -- Symlinking: /home/tanayrs/lars-ros/lars_ws/install/turtlebot3_msgs/local/lib/python3.10/dist-packages/turtlebot3_msgs/msg/_sound_s.c
[6.945s] -- Symlinking: /home/tanayrs/lars-ros/lars_ws/install/turtlebot3_msgs/local/lib/python3.10/dist-packages/turtlebot3_msgs/msg/_version_info.py
[6.952s] -- Symlinking: /home/tanayrs/lars-ros/lars_ws/install/turtlebot3_msgs/local/lib/python3.10/dist-packages/turtlebot3_msgs/msg/_version_info_s.c
[6.958s] -- Symlinking: /home/tanayrs/lars-ros/lars_ws/install/turtlebot3_msgs/local/lib/python3.10/dist-packages/turtlebot3_msgs/srv/__init__.py
[6.964s] -- Symlinking: /home/tanayrs/lars-ros/lars_ws/install/turtlebot3_msgs/local/lib/python3.10/dist-packages/turtlebot3_msgs/srv/_dqn.py
[6.970s] -- Symlinking: /home/tanayrs/lars-ros/lars_ws/install/turtlebot3_msgs/local/lib/python3.10/dist-packages/turtlebot3_msgs/srv/_dqn_s.c
[6.976s] -- Symlinking: /home/tanayrs/lars-ros/lars_ws/install/turtlebot3_msgs/local/lib/python3.10/dist-packages/turtlebot3_msgs/srv/_sound.py
[6.982s] -- Symlinking: /home/tanayrs/lars-ros/lars_ws/install/turtlebot3_msgs/local/lib/python3.10/dist-packages/turtlebot3_msgs/srv/_sound_s.c
[6.989s] -- Symlinking: /home/tanayrs/lars-ros/lars_ws/install/turtlebot3_msgs/local/lib/python3.10/dist-packages/turtlebot3_msgs/turtlebot3_msgs_s__rosidl_typesupport_c.cpython-310-x86_64-linux-gnu.so
[6.995s] -- Symlinking: /home/tanayrs/lars-ros/lars_ws/install/turtlebot3_msgs/local/lib/python3.10/dist-packages/turtlebot3_msgs/turtlebot3_msgs_s__rosidl_typesupport_fastrtps_c.cpython-310-x86_64-linux-gnu.so
[7.001s] -- Symlinking: /home/tanayrs/lars-ros/lars_ws/install/turtlebot3_msgs/local/lib/python3.10/dist-packages/turtlebot3_msgs/turtlebot3_msgs_s__rosidl_typesupport_introspection_c.cpython-310-x86_64-linux-gnu.so
[7.008s] -- Up-to-date symlink: /home/tanayrs/lars-ros/lars_ws/install/turtlebot3_msgs/local/lib/python3.10/dist-packages/turtlebot3_msgs/turtlebot3_msgs_s__rosidl_typesupport_fastrtps_c.cpython-310-x86_64-linux-gnu.so
[7.008s] -- Up-to-date symlink: /home/tanayrs/lars-ros/lars_ws/install/turtlebot3_msgs/local/lib/python3.10/dist-packages/turtlebot3_msgs/turtlebot3_msgs_s__rosidl_typesupport_introspection_c.cpython-310-x86_64-linux-gnu.so
[7.008s] -- Up-to-date symlink: /home/tanayrs/lars-ros/lars_ws/install/turtlebot3_msgs/local/lib/python3.10/dist-packages/turtlebot3_msgs/turtlebot3_msgs_s__rosidl_typesupport_c.cpython-310-x86_64-linux-gnu.so
[7.008s] -- Symlinking: /home/tanayrs/lars-ros/lars_ws/install/turtlebot3_msgs/share/turtlebot3_msgs/msg/SensorState.idl
[7.014s] -- Symlinking: /home/tanayrs/lars-ros/lars_ws/install/turtlebot3_msgs/share/turtlebot3_msgs/msg/Sound.idl
[7.021s] -- Symlinking: /home/tanayrs/lars-ros/lars_ws/install/turtlebot3_msgs/share/turtlebot3_msgs/msg/VersionInfo.idl
[7.027s] -- Symlinking: /home/tanayrs/lars-ros/lars_ws/install/turtlebot3_msgs/share/turtlebot3_msgs/srv/Sound.idl
[7.033s] -- Symlinking: /home/tanayrs/lars-ros/lars_ws/install/turtlebot3_msgs/share/turtlebot3_msgs/srv/Dqn.idl
[7.040s] -- Symlinking: /home/tanayrs/lars-ros/lars_ws/install/turtlebot3_msgs/share/turtlebot3_msgs/action/Patrol.idl
[7.046s] -- Symlinking: /home/tanayrs/lars-ros/lars_ws/install/turtlebot3_msgs/share/turtlebot3_msgs/msg/SensorState.msg
[7.053s] -- Symlinking: /home/tanayrs/lars-ros/lars_ws/install/turtlebot3_msgs/share/turtlebot3_msgs/msg/Sound.msg
[7.059s] -- Symlinking: /home/tanayrs/lars-ros/lars_ws/install/turtlebot3_msgs/share/turtlebot3_msgs/msg/VersionInfo.msg
[7.066s] -- Symlinking: /home/tanayrs/lars-ros/lars_ws/install/turtlebot3_msgs/share/turtlebot3_msgs/srv/Sound.srv
[7.072s] -- Symlinking: /home/tanayrs/lars-ros/lars_ws/install/turtlebot3_msgs/share/turtlebot3_msgs/srv/Sound_Request.msg
[7.079s] -- Symlinking: /home/tanayrs/lars-ros/lars_ws/install/turtlebot3_msgs/share/turtlebot3_msgs/srv/Sound_Response.msg
[7.085s] -- Symlinking: /home/tanayrs/lars-ros/lars_ws/install/turtlebot3_msgs/share/turtlebot3_msgs/srv/Dqn.srv
[7.092s] -- Symlinking: /home/tanayrs/lars-ros/lars_ws/install/turtlebot3_msgs/share/turtlebot3_msgs/srv/Dqn_Request.msg
[7.098s] -- Symlinking: /home/tanayrs/lars-ros/lars_ws/install/turtlebot3_msgs/share/turtlebot3_msgs/srv/Dqn_Response.msg
[7.104s] -- Symlinking: /home/tanayrs/lars-ros/lars_ws/install/turtlebot3_msgs/share/turtlebot3_msgs/action/Patrol.action
[7.111s] -- Symlinking: /home/tanayrs/lars-ros/lars_ws/install/turtlebot3_msgs/share/ament_index/resource_index/package_run_dependencies/turtlebot3_msgs
[7.117s] -- Symlinking: /home/tanayrs/lars-ros/lars_ws/install/turtlebot3_msgs/share/ament_index/resource_index/parent_prefix_path/turtlebot3_msgs
[7.124s] -- Symlinking: /home/tanayrs/lars-ros/lars_ws/install/turtlebot3_msgs/share/turtlebot3_msgs/environment/ament_prefix_path.sh
[7.130s] -- Symlinking: /home/tanayrs/lars-ros/lars_ws/install/turtlebot3_msgs/share/turtlebot3_msgs/environment/ament_prefix_path.dsv
[7.136s] -- Symlinking: /home/tanayrs/lars-ros/lars_ws/install/turtlebot3_msgs/share/turtlebot3_msgs/environment/path.sh
[7.144s] -- Symlinking: /home/tanayrs/lars-ros/lars_ws/install/turtlebot3_msgs/share/turtlebot3_msgs/environment/path.dsv
[7.150s] -- Symlinking: /home/tanayrs/lars-ros/lars_ws/install/turtlebot3_msgs/share/turtlebot3_msgs/local_setup.bash
[7.157s] -- Symlinking: /home/tanayrs/lars-ros/lars_ws/install/turtlebot3_msgs/share/turtlebot3_msgs/local_setup.sh
[7.165s] -- Symlinking: /home/tanayrs/lars-ros/lars_ws/install/turtlebot3_msgs/share/turtlebot3_msgs/local_setup.zsh
[7.173s] -- Symlinking: /home/tanayrs/lars-ros/lars_ws/install/turtlebot3_msgs/share/turtlebot3_msgs/local_setup.dsv
[7.180s] -- Symlinking: /home/tanayrs/lars-ros/lars_ws/install/turtlebot3_msgs/share/turtlebot3_msgs/package.dsv
[7.186s] -- Symlinking: /home/tanayrs/lars-ros/lars_ws/install/turtlebot3_msgs/share/ament_index/resource_index/packages/turtlebot3_msgs
[7.192s] -- Symlinking: /home/tanayrs/lars-ros/lars_ws/install/turtlebot3_msgs/share/turtlebot3_msgs/cmake/rosidl_cmake-extras.cmake
[7.198s] -- Symlinking: /home/tanayrs/lars-ros/lars_ws/install/turtlebot3_msgs/share/turtlebot3_msgs/cmake/ament_cmake_export_dependencies-extras.cmake
[7.204s] -- Symlinking: /home/tanayrs/lars-ros/lars_ws/install/turtlebot3_msgs/share/turtlebot3_msgs/cmake/ament_cmake_export_include_directories-extras.cmake
[7.210s] -- Symlinking: /home/tanayrs/lars-ros/lars_ws/install/turtlebot3_msgs/share/turtlebot3_msgs/cmake/ament_cmake_export_libraries-extras.cmake
[7.217s] -- Symlinking: /home/tanayrs/lars-ros/lars_ws/install/turtlebot3_msgs/share/turtlebot3_msgs/cmake/ament_cmake_export_targets-extras.cmake
[7.223s] -- Symlinking: /home/tanayrs/lars-ros/lars_ws/install/turtlebot3_msgs/share/turtlebot3_msgs/cmake/rosidl_cmake_export_typesupport_targets-extras.cmake
[7.229s] -- Symlinking: /home/tanayrs/lars-ros/lars_ws/install/turtlebot3_msgs/share/turtlebot3_msgs/cmake/rosidl_cmake_export_typesupport_libraries-extras.cmake
[7.235s] -- Symlinking: /home/tanayrs/lars-ros/lars_ws/install/turtlebot3_msgs/share/turtlebot3_msgs/cmake/turtlebot3_msgsConfig.cmake
[7.242s] -- Symlinking: /home/tanayrs/lars-ros/lars_ws/install/turtlebot3_msgs/share/turtlebot3_msgs/cmake/turtlebot3_msgsConfig-version.cmake
[7.248s] -- Symlinking: /home/tanayrs/lars-ros/lars_ws/install/turtlebot3_msgs/share/turtlebot3_msgs/package.xml
[7.254s] -- Installing: /home/tanayrs/lars-ros/lars_ws/install/turtlebot3_msgs/lib/libturtlebot3_msgs__rosidl_generator_c.so
[7.254s] -- Set runtime path of "/home/tanayrs/lars-ros/lars_ws/install/turtlebot3_msgs/lib/libturtlebot3_msgs__rosidl_generator_c.so" to ""
[7.254s] -- Installing: /home/tanayrs/lars-ros/lars_ws/install/turtlebot3_msgs/lib/libturtlebot3_msgs__rosidl_typesupport_fastrtps_c.so
[7.254s] -- Set runtime path of "/home/tanayrs/lars-ros/lars_ws/install/turtlebot3_msgs/lib/libturtlebot3_msgs__rosidl_typesupport_fastrtps_c.so" to ""
[7.254s] -- Installing: /home/tanayrs/lars-ros/lars_ws/install/turtlebot3_msgs/lib/libturtlebot3_msgs__rosidl_typesupport_fastrtps_cpp.so
[7.255s] -- Set runtime path of "/home/tanayrs/lars-ros/lars_ws/install/turtlebot3_msgs/lib/libturtlebot3_msgs__rosidl_typesupport_fastrtps_cpp.so" to ""
[7.255s] -- Installing: /home/tanayrs/lars-ros/lars_ws/install/turtlebot3_msgs/lib/libturtlebot3_msgs__rosidl_typesupport_introspection_c.so
[7.255s] -- Set runtime path of "/home/tanayrs/lars-ros/lars_ws/install/turtlebot3_msgs/lib/libturtlebot3_msgs__rosidl_typesupport_introspection_c.so" to ""
[7.255s] -- Installing: /home/tanayrs/lars-ros/lars_ws/install/turtlebot3_msgs/lib/libturtlebot3_msgs__rosidl_typesupport_c.so
[7.255s] -- Set runtime path of "/home/tanayrs/lars-ros/lars_ws/install/turtlebot3_msgs/lib/libturtlebot3_msgs__rosidl_typesupport_c.so" to ""
[7.255s] -- Installing: /home/tanayrs/lars-ros/lars_ws/install/turtlebot3_msgs/lib/libturtlebot3_msgs__rosidl_typesupport_introspection_cpp.so
[7.255s] -- Set runtime path of "/home/tanayrs/lars-ros/lars_ws/install/turtlebot3_msgs/lib/libturtlebot3_msgs__rosidl_typesupport_introspection_cpp.so" to ""
[7.255s] -- Installing: /home/tanayrs/lars-ros/lars_ws/install/turtlebot3_msgs/lib/libturtlebot3_msgs__rosidl_typesupport_cpp.so
[7.255s] -- Set runtime path of "/home/tanayrs/lars-ros/lars_ws/install/turtlebot3_msgs/lib/libturtlebot3_msgs__rosidl_typesupport_cpp.so" to ""
[7.289s] Listing '/home/tanayrs/lars-ros/lars_ws/install/turtlebot3_msgs/local/lib/python3.10/dist-packages/turtlebot3_msgs'...
[7.289s] Compiling '/home/tanayrs/lars-ros/lars_ws/install/turtlebot3_msgs/local/lib/python3.10/dist-packages/turtlebot3_msgs/__init__.py'...
[7.289s] Listing '/home/tanayrs/lars-ros/lars_ws/install/turtlebot3_msgs/local/lib/python3.10/dist-packages/turtlebot3_msgs/action'...
[7.289s] Compiling '/home/tanayrs/lars-ros/lars_ws/install/turtlebot3_msgs/local/lib/python3.10/dist-packages/turtlebot3_msgs/action/__init__.py'...
[7.289s] Compiling '/home/tanayrs/lars-ros/lars_ws/install/turtlebot3_msgs/local/lib/python3.10/dist-packages/turtlebot3_msgs/action/_patrol.py'...
[7.289s] Listing '/home/tanayrs/lars-ros/lars_ws/install/turtlebot3_msgs/local/lib/python3.10/dist-packages/turtlebot3_msgs/msg'...
[7.290s] Compiling '/home/tanayrs/lars-ros/lars_ws/install/turtlebot3_msgs/local/lib/python3.10/dist-packages/turtlebot3_msgs/msg/__init__.py'...
[7.290s] Compiling '/home/tanayrs/lars-ros/lars_ws/install/turtlebot3_msgs/local/lib/python3.10/dist-packages/turtlebot3_msgs/msg/_sensor_state.py'...
[7.290s] Compiling '/home/tanayrs/lars-ros/lars_ws/install/turtlebot3_msgs/local/lib/python3.10/dist-packages/turtlebot3_msgs/msg/_sound.py'...
[7.290s] Compiling '/home/tanayrs/lars-ros/lars_ws/install/turtlebot3_msgs/local/lib/python3.10/dist-packages/turtlebot3_msgs/msg/_version_info.py'...
[7.290s] Listing '/home/tanayrs/lars-ros/lars_ws/install/turtlebot3_msgs/local/lib/python3.10/dist-packages/turtlebot3_msgs/srv'...
[7.290s] Compiling '/home/tanayrs/lars-ros/lars_ws/install/turtlebot3_msgs/local/lib/python3.10/dist-packages/turtlebot3_msgs/srv/__init__.py'...
[7.290s] Compiling '/home/tanayrs/lars-ros/lars_ws/install/turtlebot3_msgs/local/lib/python3.10/dist-packages/turtlebot3_msgs/srv/_dqn.py'...
[7.290s] Compiling '/home/tanayrs/lars-ros/lars_ws/install/turtlebot3_msgs/local/lib/python3.10/dist-packages/turtlebot3_msgs/srv/_sound.py'...
[7.294s] -- Installing: /home/tanayrs/lars-ros/lars_ws/install/turtlebot3_msgs/lib/libturtlebot3_msgs__rosidl_generator_py.so
[7.294s] -- Set runtime path of "/home/tanayrs/lars-ros/lars_ws/install/turtlebot3_msgs/lib/libturtlebot3_msgs__rosidl_generator_py.so" to ""
[7.294s] -- Installing: /home/tanayrs/lars-ros/lars_ws/install/turtlebot3_msgs/share/turtlebot3_msgs/cmake/export_turtlebot3_msgs__rosidl_generator_cExport.cmake
[7.294s] -- Installing: /home/tanayrs/lars-ros/lars_ws/install/turtlebot3_msgs/share/turtlebot3_msgs/cmake/export_turtlebot3_msgs__rosidl_generator_cExport-noconfig.cmake
[7.294s] -- Installing: /home/tanayrs/lars-ros/lars_ws/install/turtlebot3_msgs/share/turtlebot3_msgs/cmake/export_turtlebot3_msgs__rosidl_typesupport_fastrtps_cExport.cmake
[7.294s] -- Installing: /home/tanayrs/lars-ros/lars_ws/install/turtlebot3_msgs/share/turtlebot3_msgs/cmake/export_turtlebot3_msgs__rosidl_typesupport_fastrtps_cExport-noconfig.cmake
[7.294s] -- Installing: /home/tanayrs/lars-ros/lars_ws/install/turtlebot3_msgs/share/turtlebot3_msgs/cmake/export_turtlebot3_msgs__rosidl_generator_cppExport.cmake
[7.294s] -- Installing: /home/tanayrs/lars-ros/lars_ws/install/turtlebot3_msgs/share/turtlebot3_msgs/cmake/export_turtlebot3_msgs__rosidl_typesupport_fastrtps_cppExport.cmake
[7.294s] -- Installing: /home/tanayrs/lars-ros/lars_ws/install/turtlebot3_msgs/share/turtlebot3_msgs/cmake/export_turtlebot3_msgs__rosidl_typesupport_fastrtps_cppExport-noconfig.cmake
[7.294s] -- Installing: /home/tanayrs/lars-ros/lars_ws/install/turtlebot3_msgs/share/turtlebot3_msgs/cmake/turtlebot3_msgs__rosidl_typesupport_introspection_cExport.cmake
[7.294s] -- Installing: /home/tanayrs/lars-ros/lars_ws/install/turtlebot3_msgs/share/turtlebot3_msgs/cmake/turtlebot3_msgs__rosidl_typesupport_introspection_cExport-noconfig.cmake
[7.294s] -- Installing: /home/tanayrs/lars-ros/lars_ws/install/turtlebot3_msgs/share/turtlebot3_msgs/cmake/turtlebot3_msgs__rosidl_typesupport_cExport.cmake
[7.294s] -- Installing: /home/tanayrs/lars-ros/lars_ws/install/turtlebot3_msgs/share/turtlebot3_msgs/cmake/turtlebot3_msgs__rosidl_typesupport_cExport-noconfig.cmake
[7.294s] -- Installing: /home/tanayrs/lars-ros/lars_ws/install/turtlebot3_msgs/share/turtlebot3_msgs/cmake/turtlebot3_msgs__rosidl_typesupport_introspection_cppExport.cmake
[7.295s] -- Installing: /home/tanayrs/lars-ros/lars_ws/install/turtlebot3_msgs/share/turtlebot3_msgs/cmake/turtlebot3_msgs__rosidl_typesupport_introspection_cppExport-noconfig.cmake
[7.295s] -- Installing: /home/tanayrs/lars-ros/lars_ws/install/turtlebot3_msgs/share/turtlebot3_msgs/cmake/turtlebot3_msgs__rosidl_typesupport_cppExport.cmake
[7.295s] -- Installing: /home/tanayrs/lars-ros/lars_ws/install/turtlebot3_msgs/share/turtlebot3_msgs/cmake/turtlebot3_msgs__rosidl_typesupport_cppExport-noconfig.cmake
[7.295s] -- Installing: /home/tanayrs/lars-ros/lars_ws/install/turtlebot3_msgs/share/turtlebot3_msgs/cmake/export_turtlebot3_msgs__rosidl_generator_pyExport.cmake
[7.295s] -- Installing: /home/tanayrs/lars-ros/lars_ws/install/turtlebot3_msgs/share/turtlebot3_msgs/cmake/export_turtlebot3_msgs__rosidl_generator_pyExport-noconfig.cmake
[7.297s] Invoked command in '/home/tanayrs/lars-ros/lars_ws/build/turtlebot3_msgs' returned '0': CMAKE_PREFIX_PATH=${CMAKE_PREFIX_PATH}:/home/tanayrs/lars-ros/lars_ws/install/turtlebot3_teleop:/home/tanayrs/lars-ros/lars_ws/install/turtlebot3_example:/home/tanayrs/lars-ros/lars_ws/install/turtlebot3_grid_nav:/opt/ros/humble /usr/bin/cmake --install /home/tanayrs/lars-ros/lars_ws/build/turtlebot3_msgs
