[0.033s] Invoking command in '/home/tanayrs/lars-ros/lars_ws2/build/turtlebot3_msgs': CMAKE_PREFIX_PATH=${CMAKE_PREFIX_PATH}:/home/tanayrs/lars-ros/lars_ws2/install/turtlebot3_teleop:/home/tanayrs/lars-ros/lars_ws2/install/turtlebot3_example:/home/tanayrs/lars-ros/lars_ws/install/lars_groundbot_control:/home/tanayrs/turtlebot3_ws/install/turtlebot3_teleop:/home/tanayrs/turtlebot3_ws/install/turtlebot3_example:/home/tanayrs/lars_ws/install/turtlebot_mover:/opt/ros/humble /usr/bin/cmake --build /home/tanayrs/lars-ros/lars_ws2/build/turtlebot3_msgs -- -j16 -l16
[0.074s] [  1%] Built target turtlebot3_msgs__cpp
[0.077s] [ 12%] Built target turtlebot3_msgs__rosidl_generator_c
[0.085s] [ 12%] Built target ament_cmake_python_copy_turtlebot3_msgs
[0.104s] [ 39%] Built target turtlebot3_msgs__rosidl_typesupport_cpp
[0.104s] [ 45%] Built target turtlebot3_msgs__rosidl_typesupport_c
[0.105s] [ 67%] Built target turtlebot3_msgs__rosidl_typesupport_fastrtps_c
[0.105s] [ 70%] Built target turtlebot3_msgs__rosidl_typesupport_introspection_c
[0.106s] [ 78%] Built target turtlebot3_msgs__rosidl_typesupport_fastrtps_cpp
[0.107s] [ 80%] Built target turtlebot3_msgs__rosidl_typesupport_introspection_cpp
[0.123s] [ 80%] Built target turtlebot3_msgs
[0.140s] [ 81%] Built target turtlebot3_msgs__py
[0.157s] [ 91%] Built target turtlebot3_msgs__rosidl_generator_py
[0.172s] [ 97%] Built target turtlebot3_msgs__rosidl_typesupport_c__pyext
[0.172s] [ 97%] Built target turtlebot3_msgs__rosidl_typesupport_fastrtps_c__pyext
[0.172s] [100%] Built target turtlebot3_msgs__rosidl_typesupport_introspection_c__pyext
[0.271s] running egg_info
[0.272s] writing turtlebot3_msgs.egg-info/PKG-INFO
[0.272s] writing dependency_links to turtlebot3_msgs.egg-info/dependency_links.txt
[0.272s] writing top-level names to turtlebot3_msgs.egg-info/top_level.txt
[0.274s] reading manifest file 'turtlebot3_msgs.egg-info/SOURCES.txt'
[0.274s] writing manifest file 'turtlebot3_msgs.egg-info/SOURCES.txt'
[0.303s] [100%] Built target ament_cmake_python_build_turtlebot3_msgs_egg
[0.338s] Invoked command in '/home/tanayrs/lars-ros/lars_ws2/build/turtlebot3_msgs' returned '0': CMAKE_PREFIX_PATH=${CMAKE_PREFIX_PATH}:/home/tanayrs/lars-ros/lars_ws2/install/turtlebot3_teleop:/home/tanayrs/lars-ros/lars_ws2/install/turtlebot3_example:/home/tanayrs/lars-ros/lars_ws/install/lars_groundbot_control:/home/tanayrs/turtlebot3_ws/install/turtlebot3_teleop:/home/tanayrs/turtlebot3_ws/install/turtlebot3_example:/home/tanayrs/lars_ws/install/turtlebot_mover:/opt/ros/humble /usr/bin/cmake --build /home/tanayrs/lars-ros/lars_ws2/build/turtlebot3_msgs -- -j16 -l16
[0.338s] Invoking command in '/home/tanayrs/lars-ros/lars_ws2/build/turtlebot3_msgs': CMAKE_PREFIX_PATH=${CMAKE_PREFIX_PATH}:/home/tanayrs/lars-ros/lars_ws2/install/turtlebot3_teleop:/home/tanayrs/lars-ros/lars_ws2/install/turtlebot3_example:/home/tanayrs/lars-ros/lars_ws/install/lars_groundbot_control:/home/tanayrs/turtlebot3_ws/install/turtlebot3_teleop:/home/tanayrs/turtlebot3_ws/install/turtlebot3_example:/home/tanayrs/lars_ws/install/turtlebot_mover:/opt/ros/humble /usr/bin/cmake --install /home/tanayrs/lars-ros/lars_ws2/build/turtlebot3_msgs
[0.343s] -- Install configuration: ""
[0.344s] -- Up-to-date: /home/tanayrs/lars-ros/lars_ws2/install/turtlebot3_msgs/share/ament_index/resource_index/rosidl_interfaces/turtlebot3_msgs
[0.344s] -- Up-to-date: /home/tanayrs/lars-ros/lars_ws2/install/turtlebot3_msgs/include/turtlebot3_msgs/turtlebot3_msgs
[0.344s] -- Up-to-date: /home/tanayrs/lars-ros/lars_ws2/install/turtlebot3_msgs/include/turtlebot3_msgs/turtlebot3_msgs/srv
[0.344s] -- Up-to-date: /home/tanayrs/lars-ros/lars_ws2/install/turtlebot3_msgs/include/turtlebot3_msgs/turtlebot3_msgs/srv/dqn.h
[0.344s] -- Up-to-date: /home/tanayrs/lars-ros/lars_ws2/install/turtlebot3_msgs/include/turtlebot3_msgs/turtlebot3_msgs/srv/detail
[0.344s] -- Up-to-date: /home/tanayrs/lars-ros/lars_ws2/install/turtlebot3_msgs/include/turtlebot3_msgs/turtlebot3_msgs/srv/detail/dqn__struct.h
[0.344s] -- Up-to-date: /home/tanayrs/lars-ros/lars_ws2/install/turtlebot3_msgs/include/turtlebot3_msgs/turtlebot3_msgs/srv/detail/sound__struct.h
[0.344s] -- Up-to-date: /home/tanayrs/lars-ros/lars_ws2/install/turtlebot3_msgs/include/turtlebot3_msgs/turtlebot3_msgs/srv/detail/dqn__functions.c
[0.344s] -- Up-to-date: /home/tanayrs/lars-ros/lars_ws2/install/turtlebot3_msgs/include/turtlebot3_msgs/turtlebot3_msgs/srv/detail/dqn__type_support.h
[0.344s] -- Up-to-date: /home/tanayrs/lars-ros/lars_ws2/install/turtlebot3_msgs/include/turtlebot3_msgs/turtlebot3_msgs/srv/detail/dqn__functions.h
[0.344s] -- Up-to-date: /home/tanayrs/lars-ros/lars_ws2/install/turtlebot3_msgs/include/turtlebot3_msgs/turtlebot3_msgs/srv/detail/sound__functions.c
[0.344s] -- Up-to-date: /home/tanayrs/lars-ros/lars_ws2/install/turtlebot3_msgs/include/turtlebot3_msgs/turtlebot3_msgs/srv/detail/sound__functions.h
[0.344s] -- Up-to-date: /home/tanayrs/lars-ros/lars_ws2/install/turtlebot3_msgs/include/turtlebot3_msgs/turtlebot3_msgs/srv/detail/sound__type_support.h
[0.344s] -- Up-to-date: /home/tanayrs/lars-ros/lars_ws2/install/turtlebot3_msgs/include/turtlebot3_msgs/turtlebot3_msgs/srv/sound.h
[0.345s] -- Up-to-date: /home/tanayrs/lars-ros/lars_ws2/install/turtlebot3_msgs/include/turtlebot3_msgs/turtlebot3_msgs/msg
[0.345s] -- Up-to-date: /home/tanayrs/lars-ros/lars_ws2/install/turtlebot3_msgs/include/turtlebot3_msgs/turtlebot3_msgs/msg/rosidl_generator_c__visibility_control.h
[0.345s] -- Up-to-date: /home/tanayrs/lars-ros/lars_ws2/install/turtlebot3_msgs/include/turtlebot3_msgs/turtlebot3_msgs/msg/detail
[0.345s] -- Up-to-date: /home/tanayrs/lars-ros/lars_ws2/install/turtlebot3_msgs/include/turtlebot3_msgs/turtlebot3_msgs/msg/detail/sound__struct.h
[0.345s] -- Up-to-date: /home/tanayrs/lars-ros/lars_ws2/install/turtlebot3_msgs/include/turtlebot3_msgs/turtlebot3_msgs/msg/detail/sensor_state__struct.h
[0.345s] -- Up-to-date: /home/tanayrs/lars-ros/lars_ws2/install/turtlebot3_msgs/include/turtlebot3_msgs/turtlebot3_msgs/msg/detail/version_info__functions.c
[0.345s] -- Up-to-date: /home/tanayrs/lars-ros/lars_ws2/install/turtlebot3_msgs/include/turtlebot3_msgs/turtlebot3_msgs/msg/detail/sensor_state__functions.c
[0.345s] -- Up-to-date: /home/tanayrs/lars-ros/lars_ws2/install/turtlebot3_msgs/include/turtlebot3_msgs/turtlebot3_msgs/msg/detail/sound__functions.c
[0.345s] -- Up-to-date: /home/tanayrs/lars-ros/lars_ws2/install/turtlebot3_msgs/include/turtlebot3_msgs/turtlebot3_msgs/msg/detail/sound__functions.h
[0.345s] -- Up-to-date: /home/tanayrs/lars-ros/lars_ws2/install/turtlebot3_msgs/include/turtlebot3_msgs/turtlebot3_msgs/msg/detail/version_info__type_support.h
[0.345s] -- Up-to-date: /home/tanayrs/lars-ros/lars_ws2/install/turtlebot3_msgs/include/turtlebot3_msgs/turtlebot3_msgs/msg/detail/version_info__functions.h
[0.345s] -- Up-to-date: /home/tanayrs/lars-ros/lars_ws2/install/turtlebot3_msgs/include/turtlebot3_msgs/turtlebot3_msgs/msg/detail/sensor_state__type_support.h
[0.345s] -- Up-to-date: /home/tanayrs/lars-ros/lars_ws2/install/turtlebot3_msgs/include/turtlebot3_msgs/turtlebot3_msgs/msg/detail/sensor_state__functions.h
[0.345s] -- Up-to-date: /home/tanayrs/lars-ros/lars_ws2/install/turtlebot3_msgs/include/turtlebot3_msgs/turtlebot3_msgs/msg/detail/version_info__struct.h
[0.345s] -- Up-to-date: /home/tanayrs/lars-ros/lars_ws2/install/turtlebot3_msgs/include/turtlebot3_msgs/turtlebot3_msgs/msg/detail/sound__type_support.h
[0.346s] -- Up-to-date: /home/tanayrs/lars-ros/lars_ws2/install/turtlebot3_msgs/include/turtlebot3_msgs/turtlebot3_msgs/msg/sound.h
[0.346s] -- Up-to-date: /home/tanayrs/lars-ros/lars_ws2/install/turtlebot3_msgs/include/turtlebot3_msgs/turtlebot3_msgs/msg/version_info.h
[0.346s] -- Up-to-date: /home/tanayrs/lars-ros/lars_ws2/install/turtlebot3_msgs/include/turtlebot3_msgs/turtlebot3_msgs/msg/sensor_state.h
[0.346s] -- Up-to-date: /home/tanayrs/lars-ros/lars_ws2/install/turtlebot3_msgs/include/turtlebot3_msgs/turtlebot3_msgs/action
[0.346s] -- Up-to-date: /home/tanayrs/lars-ros/lars_ws2/install/turtlebot3_msgs/include/turtlebot3_msgs/turtlebot3_msgs/action/patrol.h
[0.346s] -- Up-to-date: /home/tanayrs/lars-ros/lars_ws2/install/turtlebot3_msgs/include/turtlebot3_msgs/turtlebot3_msgs/action/detail
[0.346s] -- Up-to-date: /home/tanayrs/lars-ros/lars_ws2/install/turtlebot3_msgs/include/turtlebot3_msgs/turtlebot3_msgs/action/detail/patrol__functions.h
[0.346s] -- Up-to-date: /home/tanayrs/lars-ros/lars_ws2/install/turtlebot3_msgs/include/turtlebot3_msgs/turtlebot3_msgs/action/detail/patrol__type_support.h
[0.346s] -- Up-to-date: /home/tanayrs/lars-ros/lars_ws2/install/turtlebot3_msgs/include/turtlebot3_msgs/turtlebot3_msgs/action/detail/patrol__struct.h
[0.346s] -- Up-to-date: /home/tanayrs/lars-ros/lars_ws2/install/turtlebot3_msgs/include/turtlebot3_msgs/turtlebot3_msgs/action/detail/patrol__functions.c
[0.347s] -- Up-to-date: /home/tanayrs/lars-ros/lars_ws2/install/turtlebot3_msgs/share/turtlebot3_msgs/environment/library_path.sh
[0.347s] -- Up-to-date: /home/tanayrs/lars-ros/lars_ws2/install/turtlebot3_msgs/share/turtlebot3_msgs/environment/library_path.dsv
[0.347s] -- Up-to-date: /home/tanayrs/lars-ros/lars_ws2/install/turtlebot3_msgs/lib/libturtlebot3_msgs__rosidl_generator_c.so
[0.347s] -- Up-to-date: /home/tanayrs/lars-ros/lars_ws2/install/turtlebot3_msgs/include/turtlebot3_msgs/turtlebot3_msgs
[0.347s] -- Up-to-date: /home/tanayrs/lars-ros/lars_ws2/install/turtlebot3_msgs/include/turtlebot3_msgs/turtlebot3_msgs/srv
[0.347s] -- Up-to-date: /home/tanayrs/lars-ros/lars_ws2/install/turtlebot3_msgs/include/turtlebot3_msgs/turtlebot3_msgs/srv/detail
[0.347s] -- Up-to-date: /home/tanayrs/lars-ros/lars_ws2/install/turtlebot3_msgs/include/turtlebot3_msgs/turtlebot3_msgs/srv/detail/dqn__rosidl_typesupport_fastrtps_c.h
[0.347s] -- Up-to-date: /home/tanayrs/lars-ros/lars_ws2/install/turtlebot3_msgs/include/turtlebot3_msgs/turtlebot3_msgs/srv/detail/sound__rosidl_typesupport_fastrtps_c.h
[0.347s] -- Up-to-date: /home/tanayrs/lars-ros/lars_ws2/install/turtlebot3_msgs/include/turtlebot3_msgs/turtlebot3_msgs/msg
[0.347s] -- Up-to-date: /home/tanayrs/lars-ros/lars_ws2/install/turtlebot3_msgs/include/turtlebot3_msgs/turtlebot3_msgs/msg/rosidl_typesupport_fastrtps_c__visibility_control.h
[0.347s] -- Up-to-date: /home/tanayrs/lars-ros/lars_ws2/install/turtlebot3_msgs/include/turtlebot3_msgs/turtlebot3_msgs/msg/detail
[0.347s] -- Up-to-date: /home/tanayrs/lars-ros/lars_ws2/install/turtlebot3_msgs/include/turtlebot3_msgs/turtlebot3_msgs/msg/detail/sensor_state__rosidl_typesupport_fastrtps_c.h
[0.347s] -- Up-to-date: /home/tanayrs/lars-ros/lars_ws2/install/turtlebot3_msgs/include/turtlebot3_msgs/turtlebot3_msgs/msg/detail/version_info__rosidl_typesupport_fastrtps_c.h
[0.347s] -- Up-to-date: /home/tanayrs/lars-ros/lars_ws2/install/turtlebot3_msgs/include/turtlebot3_msgs/turtlebot3_msgs/msg/detail/sound__rosidl_typesupport_fastrtps_c.h
[0.347s] -- Up-to-date: /home/tanayrs/lars-ros/lars_ws2/install/turtlebot3_msgs/include/turtlebot3_msgs/turtlebot3_msgs/action
[0.348s] -- Up-to-date: /home/tanayrs/lars-ros/lars_ws2/install/turtlebot3_msgs/include/turtlebot3_msgs/turtlebot3_msgs/action/detail
[0.348s] -- Up-to-date: /home/tanayrs/lars-ros/lars_ws2/install/turtlebot3_msgs/include/turtlebot3_msgs/turtlebot3_msgs/action/detail/patrol__rosidl_typesupport_fastrtps_c.h
[0.348s] -- Up-to-date: /home/tanayrs/lars-ros/lars_ws2/install/turtlebot3_msgs/lib/libturtlebot3_msgs__rosidl_typesupport_fastrtps_c.so
[0.348s] -- Up-to-date: /home/tanayrs/lars-ros/lars_ws2/install/turtlebot3_msgs/include/turtlebot3_msgs/turtlebot3_msgs
[0.348s] -- Up-to-date: /home/tanayrs/lars-ros/lars_ws2/install/turtlebot3_msgs/include/turtlebot3_msgs/turtlebot3_msgs/srv
[0.348s] -- Up-to-date: /home/tanayrs/lars-ros/lars_ws2/install/turtlebot3_msgs/include/turtlebot3_msgs/turtlebot3_msgs/srv/dqn.hpp
[0.348s] -- Up-to-date: /home/tanayrs/lars-ros/lars_ws2/install/turtlebot3_msgs/include/turtlebot3_msgs/turtlebot3_msgs/srv/sound.hpp
[0.348s] -- Up-to-date: /home/tanayrs/lars-ros/lars_ws2/install/turtlebot3_msgs/include/turtlebot3_msgs/turtlebot3_msgs/srv/detail
[0.348s] -- Up-to-date: /home/tanayrs/lars-ros/lars_ws2/install/turtlebot3_msgs/include/turtlebot3_msgs/turtlebot3_msgs/srv/detail/sound__traits.hpp
[0.348s] -- Up-to-date: /home/tanayrs/lars-ros/lars_ws2/install/turtlebot3_msgs/include/turtlebot3_msgs/turtlebot3_msgs/srv/detail/dqn__builder.hpp
[0.348s] -- Up-to-date: /home/tanayrs/lars-ros/lars_ws2/install/turtlebot3_msgs/include/turtlebot3_msgs/turtlebot3_msgs/srv/detail/sound__struct.hpp
[0.348s] -- Up-to-date: /home/tanayrs/lars-ros/lars_ws2/install/turtlebot3_msgs/include/turtlebot3_msgs/turtlebot3_msgs/srv/detail/dqn__struct.hpp
[0.348s] -- Up-to-date: /home/tanayrs/lars-ros/lars_ws2/install/turtlebot3_msgs/include/turtlebot3_msgs/turtlebot3_msgs/srv/detail/sound__type_support.hpp
[0.348s] -- Up-to-date: /home/tanayrs/lars-ros/lars_ws2/install/turtlebot3_msgs/include/turtlebot3_msgs/turtlebot3_msgs/srv/detail/sound__builder.hpp
[0.348s] -- Up-to-date: /home/tanayrs/lars-ros/lars_ws2/install/turtlebot3_msgs/include/turtlebot3_msgs/turtlebot3_msgs/srv/detail/dqn__type_support.hpp
[0.348s] -- Up-to-date: /home/tanayrs/lars-ros/lars_ws2/install/turtlebot3_msgs/include/turtlebot3_msgs/turtlebot3_msgs/srv/detail/dqn__traits.hpp
[0.348s] -- Up-to-date: /home/tanayrs/lars-ros/lars_ws2/install/turtlebot3_msgs/include/turtlebot3_msgs/turtlebot3_msgs/msg
[0.348s] -- Up-to-date: /home/tanayrs/lars-ros/lars_ws2/install/turtlebot3_msgs/include/turtlebot3_msgs/turtlebot3_msgs/msg/version_info.hpp
[0.348s] -- Up-to-date: /home/tanayrs/lars-ros/lars_ws2/install/turtlebot3_msgs/include/turtlebot3_msgs/turtlebot3_msgs/msg/sensor_state.hpp
[0.348s] -- Up-to-date: /home/tanayrs/lars-ros/lars_ws2/install/turtlebot3_msgs/include/turtlebot3_msgs/turtlebot3_msgs/msg/rosidl_generator_cpp__visibility_control.hpp
[0.349s] -- Up-to-date: /home/tanayrs/lars-ros/lars_ws2/install/turtlebot3_msgs/include/turtlebot3_msgs/turtlebot3_msgs/msg/sound.hpp
[0.349s] -- Up-to-date: /home/tanayrs/lars-ros/lars_ws2/install/turtlebot3_msgs/include/turtlebot3_msgs/turtlebot3_msgs/msg/detail
[0.349s] -- Up-to-date: /home/tanayrs/lars-ros/lars_ws2/install/turtlebot3_msgs/include/turtlebot3_msgs/turtlebot3_msgs/msg/detail/version_info__struct.hpp
[0.349s] -- Up-to-date: /home/tanayrs/lars-ros/lars_ws2/install/turtlebot3_msgs/include/turtlebot3_msgs/turtlebot3_msgs/msg/detail/sound__traits.hpp
[0.349s] -- Up-to-date: /home/tanayrs/lars-ros/lars_ws2/install/turtlebot3_msgs/include/turtlebot3_msgs/turtlebot3_msgs/msg/detail/sensor_state__builder.hpp
[0.349s] -- Up-to-date: /home/tanayrs/lars-ros/lars_ws2/install/turtlebot3_msgs/include/turtlebot3_msgs/turtlebot3_msgs/msg/detail/version_info__type_support.hpp
[0.349s] -- Up-to-date: /home/tanayrs/lars-ros/lars_ws2/install/turtlebot3_msgs/include/turtlebot3_msgs/turtlebot3_msgs/msg/detail/sensor_state__type_support.hpp
[0.349s] -- Up-to-date: /home/tanayrs/lars-ros/lars_ws2/install/turtlebot3_msgs/include/turtlebot3_msgs/turtlebot3_msgs/msg/detail/sensor_state__struct.hpp
[0.349s] -- Up-to-date: /home/tanayrs/lars-ros/lars_ws2/install/turtlebot3_msgs/include/turtlebot3_msgs/turtlebot3_msgs/msg/detail/sound__struct.hpp
[0.349s] -- Up-to-date: /home/tanayrs/lars-ros/lars_ws2/install/turtlebot3_msgs/include/turtlebot3_msgs/turtlebot3_msgs/msg/detail/sound__type_support.hpp
[0.349s] -- Up-to-date: /home/tanayrs/lars-ros/lars_ws2/install/turtlebot3_msgs/include/turtlebot3_msgs/turtlebot3_msgs/msg/detail/version_info__traits.hpp
[0.349s] -- Up-to-date: /home/tanayrs/lars-ros/lars_ws2/install/turtlebot3_msgs/include/turtlebot3_msgs/turtlebot3_msgs/msg/detail/sound__builder.hpp
[0.349s] -- Up-to-date: /home/tanayrs/lars-ros/lars_ws2/install/turtlebot3_msgs/include/turtlebot3_msgs/turtlebot3_msgs/msg/detail/sensor_state__traits.hpp
[0.349s] -- Up-to-date: /home/tanayrs/lars-ros/lars_ws2/install/turtlebot3_msgs/include/turtlebot3_msgs/turtlebot3_msgs/msg/detail/version_info__builder.hpp
[0.349s] -- Up-to-date: /home/tanayrs/lars-ros/lars_ws2/install/turtlebot3_msgs/include/turtlebot3_msgs/turtlebot3_msgs/action
[0.349s] -- Up-to-date: /home/tanayrs/lars-ros/lars_ws2/install/turtlebot3_msgs/include/turtlebot3_msgs/turtlebot3_msgs/action/patrol.hpp
[0.349s] -- Up-to-date: /home/tanayrs/lars-ros/lars_ws2/install/turtlebot3_msgs/include/turtlebot3_msgs/turtlebot3_msgs/action/detail
[0.349s] -- Up-to-date: /home/tanayrs/lars-ros/lars_ws2/install/turtlebot3_msgs/include/turtlebot3_msgs/turtlebot3_msgs/action/detail/patrol__struct.hpp
[0.349s] -- Up-to-date: /home/tanayrs/lars-ros/lars_ws2/install/turtlebot3_msgs/include/turtlebot3_msgs/turtlebot3_msgs/action/detail/patrol__type_support.hpp
[0.349s] -- Up-to-date: /home/tanayrs/lars-ros/lars_ws2/install/turtlebot3_msgs/include/turtlebot3_msgs/turtlebot3_msgs/action/detail/patrol__traits.hpp
[0.349s] -- Up-to-date: /home/tanayrs/lars-ros/lars_ws2/install/turtlebot3_msgs/include/turtlebot3_msgs/turtlebot3_msgs/action/detail/patrol__builder.hpp
[0.349s] -- Up-to-date: /home/tanayrs/lars-ros/lars_ws2/install/turtlebot3_msgs/include/turtlebot3_msgs/turtlebot3_msgs
[0.349s] -- Up-to-date: /home/tanayrs/lars-ros/lars_ws2/install/turtlebot3_msgs/include/turtlebot3_msgs/turtlebot3_msgs/srv
[0.349s] -- Up-to-date: /home/tanayrs/lars-ros/lars_ws2/install/turtlebot3_msgs/include/turtlebot3_msgs/turtlebot3_msgs/srv/detail
[0.349s] -- Up-to-date: /home/tanayrs/lars-ros/lars_ws2/install/turtlebot3_msgs/include/turtlebot3_msgs/turtlebot3_msgs/srv/detail/dqn__rosidl_typesupport_fastrtps_cpp.hpp
[0.349s] -- Up-to-date: /home/tanayrs/lars-ros/lars_ws2/install/turtlebot3_msgs/include/turtlebot3_msgs/turtlebot3_msgs/srv/detail/dds_fastrtps
[0.349s] -- Up-to-date: /home/tanayrs/lars-ros/lars_ws2/install/turtlebot3_msgs/include/turtlebot3_msgs/turtlebot3_msgs/srv/detail/sound__rosidl_typesupport_fastrtps_cpp.hpp
[0.350s] -- Up-to-date: /home/tanayrs/lars-ros/lars_ws2/install/turtlebot3_msgs/include/turtlebot3_msgs/turtlebot3_msgs/msg
[0.350s] -- Up-to-date: /home/tanayrs/lars-ros/lars_ws2/install/turtlebot3_msgs/include/turtlebot3_msgs/turtlebot3_msgs/msg/rosidl_typesupport_fastrtps_cpp__visibility_control.h
[0.350s] -- Up-to-date: /home/tanayrs/lars-ros/lars_ws2/install/turtlebot3_msgs/include/turtlebot3_msgs/turtlebot3_msgs/msg/detail
[0.350s] -- Up-to-date: /home/tanayrs/lars-ros/lars_ws2/install/turtlebot3_msgs/include/turtlebot3_msgs/turtlebot3_msgs/msg/detail/dds_fastrtps
[0.350s] -- Up-to-date: /home/tanayrs/lars-ros/lars_ws2/install/turtlebot3_msgs/include/turtlebot3_msgs/turtlebot3_msgs/msg/detail/sensor_state__rosidl_typesupport_fastrtps_cpp.hpp
[0.350s] -- Up-to-date: /home/tanayrs/lars-ros/lars_ws2/install/turtlebot3_msgs/include/turtlebot3_msgs/turtlebot3_msgs/msg/detail/version_info__rosidl_typesupport_fastrtps_cpp.hpp
[0.350s] -- Up-to-date: /home/tanayrs/lars-ros/lars_ws2/install/turtlebot3_msgs/include/turtlebot3_msgs/turtlebot3_msgs/msg/detail/sound__rosidl_typesupport_fastrtps_cpp.hpp
[0.350s] -- Up-to-date: /home/tanayrs/lars-ros/lars_ws2/install/turtlebot3_msgs/include/turtlebot3_msgs/turtlebot3_msgs/action
[0.350s] -- Up-to-date: /home/tanayrs/lars-ros/lars_ws2/install/turtlebot3_msgs/include/turtlebot3_msgs/turtlebot3_msgs/action/detail
[0.350s] -- Up-to-date: /home/tanayrs/lars-ros/lars_ws2/install/turtlebot3_msgs/include/turtlebot3_msgs/turtlebot3_msgs/action/detail/patrol__rosidl_typesupport_fastrtps_cpp.hpp
[0.350s] -- Up-to-date: /home/tanayrs/lars-ros/lars_ws2/install/turtlebot3_msgs/include/turtlebot3_msgs/turtlebot3_msgs/action/detail/dds_fastrtps
[0.350s] -- Up-to-date: /home/tanayrs/lars-ros/lars_ws2/install/turtlebot3_msgs/lib/libturtlebot3_msgs__rosidl_typesupport_fastrtps_cpp.so
[0.350s] -- Up-to-date: /home/tanayrs/lars-ros/lars_ws2/install/turtlebot3_msgs/include/turtlebot3_msgs/turtlebot3_msgs
[0.350s] -- Up-to-date: /home/tanayrs/lars-ros/lars_ws2/install/turtlebot3_msgs/include/turtlebot3_msgs/turtlebot3_msgs/srv
[0.350s] -- Up-to-date: /home/tanayrs/lars-ros/lars_ws2/install/turtlebot3_msgs/include/turtlebot3_msgs/turtlebot3_msgs/srv/detail
[0.350s] -- Up-to-date: /home/tanayrs/lars-ros/lars_ws2/install/turtlebot3_msgs/include/turtlebot3_msgs/turtlebot3_msgs/srv/detail/dqn__type_support.c
[0.350s] -- Up-to-date: /home/tanayrs/lars-ros/lars_ws2/install/turtlebot3_msgs/include/turtlebot3_msgs/turtlebot3_msgs/srv/detail/sound__type_support.c
[0.350s] -- Up-to-date: /home/tanayrs/lars-ros/lars_ws2/install/turtlebot3_msgs/include/turtlebot3_msgs/turtlebot3_msgs/srv/detail/sound__rosidl_typesupport_introspection_c.h
[0.350s] -- Up-to-date: /home/tanayrs/lars-ros/lars_ws2/install/turtlebot3_msgs/include/turtlebot3_msgs/turtlebot3_msgs/srv/detail/dqn__rosidl_typesupport_introspection_c.h
[0.350s] -- Up-to-date: /home/tanayrs/lars-ros/lars_ws2/install/turtlebot3_msgs/include/turtlebot3_msgs/turtlebot3_msgs/msg
[0.350s] -- Up-to-date: /home/tanayrs/lars-ros/lars_ws2/install/turtlebot3_msgs/include/turtlebot3_msgs/turtlebot3_msgs/msg/rosidl_typesupport_introspection_c__visibility_control.h
[0.350s] -- Up-to-date: /home/tanayrs/lars-ros/lars_ws2/install/turtlebot3_msgs/include/turtlebot3_msgs/turtlebot3_msgs/msg/detail
[0.350s] -- Up-to-date: /home/tanayrs/lars-ros/lars_ws2/install/turtlebot3_msgs/include/turtlebot3_msgs/turtlebot3_msgs/msg/detail/sound__type_support.c
[0.350s] -- Up-to-date: /home/tanayrs/lars-ros/lars_ws2/install/turtlebot3_msgs/include/turtlebot3_msgs/turtlebot3_msgs/msg/detail/sensor_state__type_support.c
[0.350s] -- Up-to-date: /home/tanayrs/lars-ros/lars_ws2/install/turtlebot3_msgs/include/turtlebot3_msgs/turtlebot3_msgs/msg/detail/sensor_state__rosidl_typesupport_introspection_c.h
[0.351s] -- Up-to-date: /home/tanayrs/lars-ros/lars_ws2/install/turtlebot3_msgs/include/turtlebot3_msgs/turtlebot3_msgs/msg/detail/sound__rosidl_typesupport_introspection_c.h
[0.351s] -- Up-to-date: /home/tanayrs/lars-ros/lars_ws2/install/turtlebot3_msgs/include/turtlebot3_msgs/turtlebot3_msgs/msg/detail/version_info__rosidl_typesupport_introspection_c.h
[0.351s] -- Up-to-date: /home/tanayrs/lars-ros/lars_ws2/install/turtlebot3_msgs/include/turtlebot3_msgs/turtlebot3_msgs/msg/detail/version_info__type_support.c
[0.351s] -- Up-to-date: /home/tanayrs/lars-ros/lars_ws2/install/turtlebot3_msgs/include/turtlebot3_msgs/turtlebot3_msgs/action
[0.351s] -- Up-to-date: /home/tanayrs/lars-ros/lars_ws2/install/turtlebot3_msgs/include/turtlebot3_msgs/turtlebot3_msgs/action/detail
[0.351s] -- Up-to-date: /home/tanayrs/lars-ros/lars_ws2/install/turtlebot3_msgs/include/turtlebot3_msgs/turtlebot3_msgs/action/detail/patrol__type_support.c
[0.351s] -- Up-to-date: /home/tanayrs/lars-ros/lars_ws2/install/turtlebot3_msgs/include/turtlebot3_msgs/turtlebot3_msgs/action/detail/patrol__rosidl_typesupport_introspection_c.h
[0.351s] -- Up-to-date: /home/tanayrs/lars-ros/lars_ws2/install/turtlebot3_msgs/lib/libturtlebot3_msgs__rosidl_typesupport_introspection_c.so
[0.351s] -- Up-to-date: /home/tanayrs/lars-ros/lars_ws2/install/turtlebot3_msgs/lib/libturtlebot3_msgs__rosidl_typesupport_c.so
[0.351s] -- Up-to-date: /home/tanayrs/lars-ros/lars_ws2/install/turtlebot3_msgs/include/turtlebot3_msgs/turtlebot3_msgs
[0.351s] -- Up-to-date: /home/tanayrs/lars-ros/lars_ws2/install/turtlebot3_msgs/include/turtlebot3_msgs/turtlebot3_msgs/srv
[0.351s] -- Up-to-date: /home/tanayrs/lars-ros/lars_ws2/install/turtlebot3_msgs/include/turtlebot3_msgs/turtlebot3_msgs/srv/detail
[0.351s] -- Up-to-date: /home/tanayrs/lars-ros/lars_ws2/install/turtlebot3_msgs/include/turtlebot3_msgs/turtlebot3_msgs/srv/detail/dqn__type_support.cpp
[0.352s] -- Up-to-date: /home/tanayrs/lars-ros/lars_ws2/install/turtlebot3_msgs/include/turtlebot3_msgs/turtlebot3_msgs/srv/detail/sound__rosidl_typesupport_introspection_cpp.hpp
[0.352s] -- Up-to-date: /home/tanayrs/lars-ros/lars_ws2/install/turtlebot3_msgs/include/turtlebot3_msgs/turtlebot3_msgs/srv/detail/dqn__rosidl_typesupport_introspection_cpp.hpp
[0.352s] -- Up-to-date: /home/tanayrs/lars-ros/lars_ws2/install/turtlebot3_msgs/include/turtlebot3_msgs/turtlebot3_msgs/srv/detail/sound__type_support.cpp
[0.352s] -- Up-to-date: /home/tanayrs/lars-ros/lars_ws2/install/turtlebot3_msgs/include/turtlebot3_msgs/turtlebot3_msgs/msg
[0.352s] -- Up-to-date: /home/tanayrs/lars-ros/lars_ws2/install/turtlebot3_msgs/include/turtlebot3_msgs/turtlebot3_msgs/msg/detail
[0.352s] -- Up-to-date: /home/tanayrs/lars-ros/lars_ws2/install/turtlebot3_msgs/include/turtlebot3_msgs/turtlebot3_msgs/msg/detail/version_info__type_support.cpp
[0.352s] -- Up-to-date: /home/tanayrs/lars-ros/lars_ws2/install/turtlebot3_msgs/include/turtlebot3_msgs/turtlebot3_msgs/msg/detail/sensor_state__type_support.cpp
[0.352s] -- Up-to-date: /home/tanayrs/lars-ros/lars_ws2/install/turtlebot3_msgs/include/turtlebot3_msgs/turtlebot3_msgs/msg/detail/sensor_state__rosidl_typesupport_introspection_cpp.hpp
[0.352s] -- Up-to-date: /home/tanayrs/lars-ros/lars_ws2/install/turtlebot3_msgs/include/turtlebot3_msgs/turtlebot3_msgs/msg/detail/version_info__rosidl_typesupport_introspection_cpp.hpp
[0.352s] -- Up-to-date: /home/tanayrs/lars-ros/lars_ws2/install/turtlebot3_msgs/include/turtlebot3_msgs/turtlebot3_msgs/msg/detail/sound__rosidl_typesupport_introspection_cpp.hpp
[0.352s] -- Up-to-date: /home/tanayrs/lars-ros/lars_ws2/install/turtlebot3_msgs/include/turtlebot3_msgs/turtlebot3_msgs/msg/detail/sound__type_support.cpp
[0.352s] -- Up-to-date: /home/tanayrs/lars-ros/lars_ws2/install/turtlebot3_msgs/include/turtlebot3_msgs/turtlebot3_msgs/action
[0.352s] -- Up-to-date: /home/tanayrs/lars-ros/lars_ws2/install/turtlebot3_msgs/include/turtlebot3_msgs/turtlebot3_msgs/action/detail
[0.352s] -- Up-to-date: /home/tanayrs/lars-ros/lars_ws2/install/turtlebot3_msgs/include/turtlebot3_msgs/turtlebot3_msgs/action/detail/patrol__rosidl_typesupport_introspection_cpp.hpp
[0.353s] -- Up-to-date: /home/tanayrs/lars-ros/lars_ws2/install/turtlebot3_msgs/include/turtlebot3_msgs/turtlebot3_msgs/action/detail/patrol__type_support.cpp
[0.353s] -- Up-to-date: /home/tanayrs/lars-ros/lars_ws2/install/turtlebot3_msgs/lib/libturtlebot3_msgs__rosidl_typesupport_introspection_cpp.so
[0.353s] -- Up-to-date: /home/tanayrs/lars-ros/lars_ws2/install/turtlebot3_msgs/lib/libturtlebot3_msgs__rosidl_typesupport_cpp.so
[0.353s] -- Up-to-date: /home/tanayrs/lars-ros/lars_ws2/install/turtlebot3_msgs/share/turtlebot3_msgs/environment/pythonpath.sh
[0.353s] -- Up-to-date: /home/tanayrs/lars-ros/lars_ws2/install/turtlebot3_msgs/share/turtlebot3_msgs/environment/pythonpath.dsv
[0.353s] -- Up-to-date: /home/tanayrs/lars-ros/lars_ws2/install/turtlebot3_msgs/local/lib/python3.10/dist-packages/turtlebot3_msgs-2.2.3-py3.10.egg-info
[0.353s] -- Installing: /home/tanayrs/lars-ros/lars_ws2/install/turtlebot3_msgs/local/lib/python3.10/dist-packages/turtlebot3_msgs-2.2.3-py3.10.egg-info/dependency_links.txt
[0.353s] -- Installing: /home/tanayrs/lars-ros/lars_ws2/install/turtlebot3_msgs/local/lib/python3.10/dist-packages/turtlebot3_msgs-2.2.3-py3.10.egg-info/top_level.txt
[0.353s] -- Installing: /home/tanayrs/lars-ros/lars_ws2/install/turtlebot3_msgs/local/lib/python3.10/dist-packages/turtlebot3_msgs-2.2.3-py3.10.egg-info/SOURCES.txt
[0.353s] -- Installing: /home/tanayrs/lars-ros/lars_ws2/install/turtlebot3_msgs/local/lib/python3.10/dist-packages/turtlebot3_msgs-2.2.3-py3.10.egg-info/PKG-INFO
[0.354s] -- Up-to-date: /home/tanayrs/lars-ros/lars_ws2/install/turtlebot3_msgs/local/lib/python3.10/dist-packages/turtlebot3_msgs
[0.354s] -- Up-to-date: /home/tanayrs/lars-ros/lars_ws2/install/turtlebot3_msgs/local/lib/python3.10/dist-packages/turtlebot3_msgs/srv
[0.354s] -- Up-to-date: /home/tanayrs/lars-ros/lars_ws2/install/turtlebot3_msgs/local/lib/python3.10/dist-packages/turtlebot3_msgs/srv/_dqn.py
[0.354s] -- Up-to-date: /home/tanayrs/lars-ros/lars_ws2/install/turtlebot3_msgs/local/lib/python3.10/dist-packages/turtlebot3_msgs/srv/_dqn_s.c
[0.354s] -- Up-to-date: /home/tanayrs/lars-ros/lars_ws2/install/turtlebot3_msgs/local/lib/python3.10/dist-packages/turtlebot3_msgs/srv/_sound_s.c
[0.354s] -- Up-to-date: /home/tanayrs/lars-ros/lars_ws2/install/turtlebot3_msgs/local/lib/python3.10/dist-packages/turtlebot3_msgs/srv/__init__.py
[0.354s] -- Up-to-date: /home/tanayrs/lars-ros/lars_ws2/install/turtlebot3_msgs/local/lib/python3.10/dist-packages/turtlebot3_msgs/srv/_sound.py
[0.354s] -- Up-to-date: /home/tanayrs/lars-ros/lars_ws2/install/turtlebot3_msgs/local/lib/python3.10/dist-packages/turtlebot3_msgs/turtlebot3_msgs_s__rosidl_typesupport_c.cpython-310-x86_64-linux-gnu.so
[0.354s] -- Up-to-date: /home/tanayrs/lars-ros/lars_ws2/install/turtlebot3_msgs/local/lib/python3.10/dist-packages/turtlebot3_msgs/_turtlebot3_msgs_s.ep.rosidl_typesupport_introspection_c.c
[0.354s] -- Up-to-date: /home/tanayrs/lars-ros/lars_ws2/install/turtlebot3_msgs/local/lib/python3.10/dist-packages/turtlebot3_msgs/msg
[0.354s] -- Up-to-date: /home/tanayrs/lars-ros/lars_ws2/install/turtlebot3_msgs/local/lib/python3.10/dist-packages/turtlebot3_msgs/msg/_version_info_s.c
[0.354s] -- Up-to-date: /home/tanayrs/lars-ros/lars_ws2/install/turtlebot3_msgs/local/lib/python3.10/dist-packages/turtlebot3_msgs/msg/_sensor_state.py
[0.354s] -- Up-to-date: /home/tanayrs/lars-ros/lars_ws2/install/turtlebot3_msgs/local/lib/python3.10/dist-packages/turtlebot3_msgs/msg/_sound_s.c
[0.354s] -- Up-to-date: /home/tanayrs/lars-ros/lars_ws2/install/turtlebot3_msgs/local/lib/python3.10/dist-packages/turtlebot3_msgs/msg/__init__.py
[0.354s] -- Up-to-date: /home/tanayrs/lars-ros/lars_ws2/install/turtlebot3_msgs/local/lib/python3.10/dist-packages/turtlebot3_msgs/msg/_sensor_state_s.c
[0.354s] -- Up-to-date: /home/tanayrs/lars-ros/lars_ws2/install/turtlebot3_msgs/local/lib/python3.10/dist-packages/turtlebot3_msgs/msg/_sound.py
[0.354s] -- Up-to-date: /home/tanayrs/lars-ros/lars_ws2/install/turtlebot3_msgs/local/lib/python3.10/dist-packages/turtlebot3_msgs/msg/_version_info.py
[0.354s] -- Up-to-date: /home/tanayrs/lars-ros/lars_ws2/install/turtlebot3_msgs/local/lib/python3.10/dist-packages/turtlebot3_msgs/__init__.py
[0.355s] -- Up-to-date: /home/tanayrs/lars-ros/lars_ws2/install/turtlebot3_msgs/local/lib/python3.10/dist-packages/turtlebot3_msgs/_turtlebot3_msgs_s.ep.rosidl_typesupport_fastrtps_c.c
[0.355s] -- Up-to-date: /home/tanayrs/lars-ros/lars_ws2/install/turtlebot3_msgs/local/lib/python3.10/dist-packages/turtlebot3_msgs/libturtlebot3_msgs__rosidl_generator_py.so
[0.355s] -- Up-to-date: /home/tanayrs/lars-ros/lars_ws2/install/turtlebot3_msgs/local/lib/python3.10/dist-packages/turtlebot3_msgs/_turtlebot3_msgs_s.ep.rosidl_typesupport_c.c
[0.355s] -- Up-to-date: /home/tanayrs/lars-ros/lars_ws2/install/turtlebot3_msgs/local/lib/python3.10/dist-packages/turtlebot3_msgs/turtlebot3_msgs_s__rosidl_typesupport_introspection_c.cpython-310-x86_64-linux-gnu.so
[0.355s] -- Up-to-date: /home/tanayrs/lars-ros/lars_ws2/install/turtlebot3_msgs/local/lib/python3.10/dist-packages/turtlebot3_msgs/action
[0.355s] -- Up-to-date: /home/tanayrs/lars-ros/lars_ws2/install/turtlebot3_msgs/local/lib/python3.10/dist-packages/turtlebot3_msgs/action/_patrol.py
[0.355s] -- Up-to-date: /home/tanayrs/lars-ros/lars_ws2/install/turtlebot3_msgs/local/lib/python3.10/dist-packages/turtlebot3_msgs/action/__init__.py
[0.355s] -- Up-to-date: /home/tanayrs/lars-ros/lars_ws2/install/turtlebot3_msgs/local/lib/python3.10/dist-packages/turtlebot3_msgs/action/_patrol_s.c
[0.355s] -- Up-to-date: /home/tanayrs/lars-ros/lars_ws2/install/turtlebot3_msgs/local/lib/python3.10/dist-packages/turtlebot3_msgs/turtlebot3_msgs_s__rosidl_typesupport_fastrtps_c.cpython-310-x86_64-linux-gnu.so
[0.372s] Listing '/home/tanayrs/lars-ros/lars_ws2/install/turtlebot3_msgs/local/lib/python3.10/dist-packages/turtlebot3_msgs'...
[0.372s] Listing '/home/tanayrs/lars-ros/lars_ws2/install/turtlebot3_msgs/local/lib/python3.10/dist-packages/turtlebot3_msgs/action'...
[0.372s] Listing '/home/tanayrs/lars-ros/lars_ws2/install/turtlebot3_msgs/local/lib/python3.10/dist-packages/turtlebot3_msgs/msg'...
[0.372s] Listing '/home/tanayrs/lars-ros/lars_ws2/install/turtlebot3_msgs/local/lib/python3.10/dist-packages/turtlebot3_msgs/srv'...
[0.375s] -- Up-to-date: /home/tanayrs/lars-ros/lars_ws2/install/turtlebot3_msgs/local/lib/python3.10/dist-packages/turtlebot3_msgs/turtlebot3_msgs_s__rosidl_typesupport_fastrtps_c.cpython-310-x86_64-linux-gnu.so
[0.376s] -- Up-to-date: /home/tanayrs/lars-ros/lars_ws2/install/turtlebot3_msgs/local/lib/python3.10/dist-packages/turtlebot3_msgs/turtlebot3_msgs_s__rosidl_typesupport_introspection_c.cpython-310-x86_64-linux-gnu.so
[0.376s] -- Up-to-date: /home/tanayrs/lars-ros/lars_ws2/install/turtlebot3_msgs/local/lib/python3.10/dist-packages/turtlebot3_msgs/turtlebot3_msgs_s__rosidl_typesupport_c.cpython-310-x86_64-linux-gnu.so
[0.376s] -- Up-to-date: /home/tanayrs/lars-ros/lars_ws2/install/turtlebot3_msgs/lib/libturtlebot3_msgs__rosidl_generator_py.so
[0.376s] -- Up-to-date: /home/tanayrs/lars-ros/lars_ws2/install/turtlebot3_msgs/share/turtlebot3_msgs/msg/SensorState.idl
[0.376s] -- Up-to-date: /home/tanayrs/lars-ros/lars_ws2/install/turtlebot3_msgs/share/turtlebot3_msgs/msg/Sound.idl
[0.376s] -- Up-to-date: /home/tanayrs/lars-ros/lars_ws2/install/turtlebot3_msgs/share/turtlebot3_msgs/msg/VersionInfo.idl
[0.376s] -- Up-to-date: /home/tanayrs/lars-ros/lars_ws2/install/turtlebot3_msgs/share/turtlebot3_msgs/srv/Sound.idl
[0.376s] -- Up-to-date: /home/tanayrs/lars-ros/lars_ws2/install/turtlebot3_msgs/share/turtlebot3_msgs/srv/Dqn.idl
[0.376s] -- Up-to-date: /home/tanayrs/lars-ros/lars_ws2/install/turtlebot3_msgs/share/turtlebot3_msgs/action/Patrol.idl
[0.376s] -- Up-to-date: /home/tanayrs/lars-ros/lars_ws2/install/turtlebot3_msgs/share/turtlebot3_msgs/msg/SensorState.msg
[0.376s] -- Up-to-date: /home/tanayrs/lars-ros/lars_ws2/install/turtlebot3_msgs/share/turtlebot3_msgs/msg/Sound.msg
[0.376s] -- Up-to-date: /home/tanayrs/lars-ros/lars_ws2/install/turtlebot3_msgs/share/turtlebot3_msgs/msg/VersionInfo.msg
[0.376s] -- Up-to-date: /home/tanayrs/lars-ros/lars_ws2/install/turtlebot3_msgs/share/turtlebot3_msgs/srv/Sound.srv
[0.377s] -- Up-to-date: /home/tanayrs/lars-ros/lars_ws2/install/turtlebot3_msgs/share/turtlebot3_msgs/srv/Sound_Request.msg
[0.377s] -- Up-to-date: /home/tanayrs/lars-ros/lars_ws2/install/turtlebot3_msgs/share/turtlebot3_msgs/srv/Sound_Response.msg
[0.377s] -- Up-to-date: /home/tanayrs/lars-ros/lars_ws2/install/turtlebot3_msgs/share/turtlebot3_msgs/srv/Dqn.srv
[0.377s] -- Up-to-date: /home/tanayrs/lars-ros/lars_ws2/install/turtlebot3_msgs/share/turtlebot3_msgs/srv/Dqn_Request.msg
[0.377s] -- Up-to-date: /home/tanayrs/lars-ros/lars_ws2/install/turtlebot3_msgs/share/turtlebot3_msgs/srv/Dqn_Response.msg
[0.377s] -- Up-to-date: /home/tanayrs/lars-ros/lars_ws2/install/turtlebot3_msgs/share/turtlebot3_msgs/action/Patrol.action
[0.377s] -- Up-to-date: /home/tanayrs/lars-ros/lars_ws2/install/turtlebot3_msgs/share/ament_index/resource_index/package_run_dependencies/turtlebot3_msgs
[0.377s] -- Up-to-date: /home/tanayrs/lars-ros/lars_ws2/install/turtlebot3_msgs/share/ament_index/resource_index/parent_prefix_path/turtlebot3_msgs
[0.377s] -- Up-to-date: /home/tanayrs/lars-ros/lars_ws2/install/turtlebot3_msgs/share/turtlebot3_msgs/environment/ament_prefix_path.sh
[0.377s] -- Up-to-date: /home/tanayrs/lars-ros/lars_ws2/install/turtlebot3_msgs/share/turtlebot3_msgs/environment/ament_prefix_path.dsv
[0.377s] -- Up-to-date: /home/tanayrs/lars-ros/lars_ws2/install/turtlebot3_msgs/share/turtlebot3_msgs/environment/path.sh
[0.378s] -- Up-to-date: /home/tanayrs/lars-ros/lars_ws2/install/turtlebot3_msgs/share/turtlebot3_msgs/environment/path.dsv
[0.378s] -- Up-to-date: /home/tanayrs/lars-ros/lars_ws2/install/turtlebot3_msgs/share/turtlebot3_msgs/local_setup.bash
[0.378s] -- Up-to-date: /home/tanayrs/lars-ros/lars_ws2/install/turtlebot3_msgs/share/turtlebot3_msgs/local_setup.sh
[0.378s] -- Up-to-date: /home/tanayrs/lars-ros/lars_ws2/install/turtlebot3_msgs/share/turtlebot3_msgs/local_setup.zsh
[0.379s] -- Up-to-date: /home/tanayrs/lars-ros/lars_ws2/install/turtlebot3_msgs/share/turtlebot3_msgs/local_setup.dsv
[0.379s] -- Installing: /home/tanayrs/lars-ros/lars_ws2/install/turtlebot3_msgs/share/turtlebot3_msgs/package.dsv
[0.379s] -- Up-to-date: /home/tanayrs/lars-ros/lars_ws2/install/turtlebot3_msgs/share/ament_index/resource_index/packages/turtlebot3_msgs
[0.379s] -- Up-to-date: /home/tanayrs/lars-ros/lars_ws2/install/turtlebot3_msgs/share/turtlebot3_msgs/cmake/export_turtlebot3_msgs__rosidl_generator_cExport.cmake
[0.379s] -- Up-to-date: /home/tanayrs/lars-ros/lars_ws2/install/turtlebot3_msgs/share/turtlebot3_msgs/cmake/export_turtlebot3_msgs__rosidl_generator_cExport-noconfig.cmake
[0.379s] -- Up-to-date: /home/tanayrs/lars-ros/lars_ws2/install/turtlebot3_msgs/share/turtlebot3_msgs/cmake/export_turtlebot3_msgs__rosidl_typesupport_fastrtps_cExport.cmake
[0.379s] -- Up-to-date: /home/tanayrs/lars-ros/lars_ws2/install/turtlebot3_msgs/share/turtlebot3_msgs/cmake/export_turtlebot3_msgs__rosidl_typesupport_fastrtps_cExport-noconfig.cmake
[0.379s] -- Up-to-date: /home/tanayrs/lars-ros/lars_ws2/install/turtlebot3_msgs/share/turtlebot3_msgs/cmake/export_turtlebot3_msgs__rosidl_generator_cppExport.cmake
[0.379s] -- Up-to-date: /home/tanayrs/lars-ros/lars_ws2/install/turtlebot3_msgs/share/turtlebot3_msgs/cmake/export_turtlebot3_msgs__rosidl_typesupport_fastrtps_cppExport.cmake
[0.379s] -- Up-to-date: /home/tanayrs/lars-ros/lars_ws2/install/turtlebot3_msgs/share/turtlebot3_msgs/cmake/export_turtlebot3_msgs__rosidl_typesupport_fastrtps_cppExport-noconfig.cmake
[0.379s] -- Up-to-date: /home/tanayrs/lars-ros/lars_ws2/install/turtlebot3_msgs/share/turtlebot3_msgs/cmake/turtlebot3_msgs__rosidl_typesupport_introspection_cExport.cmake
[0.379s] -- Up-to-date: /home/tanayrs/lars-ros/lars_ws2/install/turtlebot3_msgs/share/turtlebot3_msgs/cmake/turtlebot3_msgs__rosidl_typesupport_introspection_cExport-noconfig.cmake
[0.379s] -- Up-to-date: /home/tanayrs/lars-ros/lars_ws2/install/turtlebot3_msgs/share/turtlebot3_msgs/cmake/turtlebot3_msgs__rosidl_typesupport_cExport.cmake
[0.379s] -- Up-to-date: /home/tanayrs/lars-ros/lars_ws2/install/turtlebot3_msgs/share/turtlebot3_msgs/cmake/turtlebot3_msgs__rosidl_typesupport_cExport-noconfig.cmake
[0.381s] -- Up-to-date: /home/tanayrs/lars-ros/lars_ws2/install/turtlebot3_msgs/share/turtlebot3_msgs/cmake/turtlebot3_msgs__rosidl_typesupport_introspection_cppExport.cmake
[0.381s] -- Up-to-date: /home/tanayrs/lars-ros/lars_ws2/install/turtlebot3_msgs/share/turtlebot3_msgs/cmake/turtlebot3_msgs__rosidl_typesupport_introspection_cppExport-noconfig.cmake
[0.381s] -- Up-to-date: /home/tanayrs/lars-ros/lars_ws2/install/turtlebot3_msgs/share/turtlebot3_msgs/cmake/turtlebot3_msgs__rosidl_typesupport_cppExport.cmake
[0.381s] -- Up-to-date: /home/tanayrs/lars-ros/lars_ws2/install/turtlebot3_msgs/share/turtlebot3_msgs/cmake/turtlebot3_msgs__rosidl_typesupport_cppExport-noconfig.cmake
[0.381s] -- Up-to-date: /home/tanayrs/lars-ros/lars_ws2/install/turtlebot3_msgs/share/turtlebot3_msgs/cmake/export_turtlebot3_msgs__rosidl_generator_pyExport.cmake
[0.382s] -- Up-to-date: /home/tanayrs/lars-ros/lars_ws2/install/turtlebot3_msgs/share/turtlebot3_msgs/cmake/export_turtlebot3_msgs__rosidl_generator_pyExport-noconfig.cmake
[0.382s] -- Up-to-date: /home/tanayrs/lars-ros/lars_ws2/install/turtlebot3_msgs/share/turtlebot3_msgs/cmake/rosidl_cmake-extras.cmake
[0.382s] -- Up-to-date: /home/tanayrs/lars-ros/lars_ws2/install/turtlebot3_msgs/share/turtlebot3_msgs/cmake/ament_cmake_export_dependencies-extras.cmake
[0.382s] -- Up-to-date: /home/tanayrs/lars-ros/lars_ws2/install/turtlebot3_msgs/share/turtlebot3_msgs/cmake/ament_cmake_export_include_directories-extras.cmake
[0.382s] -- Up-to-date: /home/tanayrs/lars-ros/lars_ws2/install/turtlebot3_msgs/share/turtlebot3_msgs/cmake/ament_cmake_export_libraries-extras.cmake
[0.382s] -- Up-to-date: /home/tanayrs/lars-ros/lars_ws2/install/turtlebot3_msgs/share/turtlebot3_msgs/cmake/ament_cmake_export_targets-extras.cmake
[0.382s] -- Up-to-date: /home/tanayrs/lars-ros/lars_ws2/install/turtlebot3_msgs/share/turtlebot3_msgs/cmake/rosidl_cmake_export_typesupport_targets-extras.cmake
[0.382s] -- Up-to-date: /home/tanayrs/lars-ros/lars_ws2/install/turtlebot3_msgs/share/turtlebot3_msgs/cmake/rosidl_cmake_export_typesupport_libraries-extras.cmake
[0.382s] -- Up-to-date: /home/tanayrs/lars-ros/lars_ws2/install/turtlebot3_msgs/share/turtlebot3_msgs/cmake/turtlebot3_msgsConfig.cmake
[0.382s] -- Up-to-date: /home/tanayrs/lars-ros/lars_ws2/install/turtlebot3_msgs/share/turtlebot3_msgs/cmake/turtlebot3_msgsConfig-version.cmake
[0.382s] -- Up-to-date: /home/tanayrs/lars-ros/lars_ws2/install/turtlebot3_msgs/share/turtlebot3_msgs/package.xml
[0.392s] Invoked command in '/home/tanayrs/lars-ros/lars_ws2/build/turtlebot3_msgs' returned '0': CMAKE_PREFIX_PATH=${CMAKE_PREFIX_PATH}:/home/tanayrs/lars-ros/lars_ws2/install/turtlebot3_teleop:/home/tanayrs/lars-ros/lars_ws2/install/turtlebot3_example:/home/tanayrs/lars-ros/lars_ws/install/lars_groundbot_control:/home/tanayrs/turtlebot3_ws/install/turtlebot3_teleop:/home/tanayrs/turtlebot3_ws/install/turtlebot3_example:/home/tanayrs/lars_ws/install/turtlebot_mover:/opt/ros/humble /usr/bin/cmake --install /home/tanayrs/lars-ros/lars_ws2/build/turtlebot3_msgs
