[0.166s] Invoking command in '/home/tanayrs/lars-ros/lars_ws/build/lars_groundbot_description': CMAKE_PREFIX_PATH=${CMAKE_PREFIX_PATH}:/home/tanayrs/lars-ros/lars_ws/install/lars_groundbot_control:/home/tanayrs/turtlebot3_ws/install/turtlebot3_teleop:/home/tanayrs/turtlebot3_ws/install/turtlebot3_example:/home/tanayrs/lars_ws/install/turtlebot_mover:/opt/ros/humble /usr/bin/cmake /home/tanayrs/lars-ros/lars_ws/src/lars_groundbot_description -DAMENT_CMAKE_SYMLINK_INSTALL=1 -DCMAKE_INSTALL_PREFIX=/home/tanayrs/lars-ros/lars_ws/install/lars_groundbot_description
[0.173s] -- Found ament_cmake: 1.3.11 (/opt/ros/humble/share/ament_cmake/cmake)
[0.251s] -- Override CMake install command with custom implementation using symlinks instead of copying resources
[0.255s] -- Found ament_lint_auto: 0.12.11 (/opt/ros/humble/share/ament_lint_auto/cmake)
[0.299s] -- Added test 'flake8' to check Python code syntax and style conventions
[0.299s] -- Added test 'lint_cmake' to check CMake code style
[0.299s] -- Added test 'pep257' to check Python code against some of the docstring style conventions in PEP 257
[0.300s] -- Added test 'xmllint' to check XML markup files
[0.301s] -- Configuring done
[0.302s] -- Generating done
[0.303s] -- Build files have been written to: /home/tanayrs/lars-ros/lars_ws/build/lars_groundbot_description
[0.306s] Invoked command in '/home/tanayrs/lars-ros/lars_ws/build/lars_groundbot_description' returned '0': CMAKE_PREFIX_PATH=${CMAKE_PREFIX_PATH}:/home/tanayrs/lars-ros/lars_ws/install/lars_groundbot_control:/home/tanayrs/turtlebot3_ws/install/turtlebot3_teleop:/home/tanayrs/turtlebot3_ws/install/turtlebot3_example:/home/tanayrs/lars_ws/install/turtlebot_mover:/opt/ros/humble /usr/bin/cmake /home/tanayrs/lars-ros/lars_ws/src/lars_groundbot_description -DAMENT_CMAKE_SYMLINK_INSTALL=1 -DCMAKE_INSTALL_PREFIX=/home/tanayrs/lars-ros/lars_ws/install/lars_groundbot_description
[0.307s] Invoking command in '/home/tanayrs/lars-ros/lars_ws/build/lars_groundbot_description': CMAKE_PREFIX_PATH=${CMAKE_PREFIX_PATH}:/home/tanayrs/lars-ros/lars_ws/install/lars_groundbot_control:/home/tanayrs/turtlebot3_ws/install/turtlebot3_teleop:/home/tanayrs/turtlebot3_ws/install/turtlebot3_example:/home/tanayrs/lars_ws/install/turtlebot_mover:/opt/ros/humble /usr/bin/cmake --build /home/tanayrs/lars-ros/lars_ws/build/lars_groundbot_description -- -j16 -l16
[0.328s] Invoked command in '/home/tanayrs/lars-ros/lars_ws/build/lars_groundbot_description' returned '0': CMAKE_PREFIX_PATH=${CMAKE_PREFIX_PATH}:/home/tanayrs/lars-ros/lars_ws/install/lars_groundbot_control:/home/tanayrs/turtlebot3_ws/install/turtlebot3_teleop:/home/tanayrs/turtlebot3_ws/install/turtlebot3_example:/home/tanayrs/lars_ws/install/turtlebot_mover:/opt/ros/humble /usr/bin/cmake --build /home/tanayrs/lars-ros/lars_ws/build/lars_groundbot_description -- -j16 -l16
[0.333s] Invoking command in '/home/tanayrs/lars-ros/lars_ws/build/lars_groundbot_description': CMAKE_PREFIX_PATH=${CMAKE_PREFIX_PATH}:/home/tanayrs/lars-ros/lars_ws/install/lars_groundbot_control:/home/tanayrs/turtlebot3_ws/install/turtlebot3_teleop:/home/tanayrs/turtlebot3_ws/install/turtlebot3_example:/home/tanayrs/lars_ws/install/turtlebot_mover:/opt/ros/humble /usr/bin/cmake --install /home/tanayrs/lars-ros/lars_ws/build/lars_groundbot_description
[0.337s] -- Install configuration: ""
[0.338s] -- Execute custom install script
[0.338s] -- Up-to-date symlink: /home/tanayrs/lars-ros/lars_ws/install/lars_groundbot_description/share/ament_index/resource_index/package_run_dependencies/lars_groundbot_description
[0.338s] -- Up-to-date symlink: /home/tanayrs/lars-ros/lars_ws/install/lars_groundbot_description/share/ament_index/resource_index/parent_prefix_path/lars_groundbot_description
[0.338s] -- Up-to-date symlink: /home/tanayrs/lars-ros/lars_ws/install/lars_groundbot_description/share/lars_groundbot_description/environment/ament_prefix_path.sh
[0.338s] -- Up-to-date symlink: /home/tanayrs/lars-ros/lars_ws/install/lars_groundbot_description/share/lars_groundbot_description/environment/ament_prefix_path.dsv
[0.338s] -- Up-to-date symlink: /home/tanayrs/lars-ros/lars_ws/install/lars_groundbot_description/share/lars_groundbot_description/environment/path.sh
[0.338s] -- Up-to-date symlink: /home/tanayrs/lars-ros/lars_ws/install/lars_groundbot_description/share/lars_groundbot_description/environment/path.dsv
[0.338s] -- Up-to-date symlink: /home/tanayrs/lars-ros/lars_ws/install/lars_groundbot_description/share/lars_groundbot_description/local_setup.bash
[0.338s] -- Up-to-date symlink: /home/tanayrs/lars-ros/lars_ws/install/lars_groundbot_description/share/lars_groundbot_description/local_setup.sh
[0.338s] -- Up-to-date symlink: /home/tanayrs/lars-ros/lars_ws/install/lars_groundbot_description/share/lars_groundbot_description/local_setup.zsh
[0.339s] -- Up-to-date symlink: /home/tanayrs/lars-ros/lars_ws/install/lars_groundbot_description/share/lars_groundbot_description/local_setup.dsv
[0.339s] -- Symlinking: /home/tanayrs/lars-ros/lars_ws/install/lars_groundbot_description/share/lars_groundbot_description/package.dsv
[0.344s] -- Up-to-date symlink: /home/tanayrs/lars-ros/lars_ws/install/lars_groundbot_description/share/ament_index/resource_index/packages/lars_groundbot_description
[0.344s] -- Up-to-date symlink: /home/tanayrs/lars-ros/lars_ws/install/lars_groundbot_description/share/lars_groundbot_description/cmake/lars_groundbot_descriptionConfig.cmake
[0.344s] -- Up-to-date symlink: /home/tanayrs/lars-ros/lars_ws/install/lars_groundbot_description/share/lars_groundbot_description/cmake/lars_groundbot_descriptionConfig-version.cmake
[0.344s] -- Up-to-date symlink: /home/tanayrs/lars-ros/lars_ws/install/lars_groundbot_description/share/lars_groundbot_description/package.xml
[0.344s] -- Up-to-date symlink: /home/tanayrs/lars-ros/lars_ws/install/lars_groundbot_description/share/lars_groundbot_description/urdf/lars_groundbot.urdf.xacro
[0.344s] -- Up-to-date symlink: /home/tanayrs/lars-ros/lars_ws/install/lars_groundbot_description/share/lars_groundbot_description/meshes/lars-groundbot.stl
[0.344s] -- Up-to-date symlink: /home/tanayrs/lars-ros/lars_ws/install/lars_groundbot_description/share/lars_groundbot_description/launch/bringup.launch.py
[0.344s] -- Up-to-date symlink: /home/tanayrs/lars-ros/lars_ws/install/lars_groundbot_description/share/lars_groundbot_description/worlds/gazebo.world
[0.346s] Invoked command in '/home/tanayrs/lars-ros/lars_ws/build/lars_groundbot_description' returned '0': CMAKE_PREFIX_PATH=${CMAKE_PREFIX_PATH}:/home/tanayrs/lars-ros/lars_ws/install/lars_groundbot_control:/home/tanayrs/turtlebot3_ws/install/turtlebot3_teleop:/home/tanayrs/turtlebot3_ws/install/turtlebot3_example:/home/tanayrs/lars_ws/install/turtlebot_mover:/opt/ros/humble /usr/bin/cmake --install /home/tanayrs/lars-ros/lars_ws/build/lars_groundbot_description
