[0.020s] Invoking command in '/home/tanayrs/lars-ros/lars_ws2/build/turtlebot3_cartographer': CMAKE_PREFIX_PATH=${CMAKE_PREFIX_PATH}:/home/tanayrs/turtlebot3_ws/install/turtlebot3_teleop:/home/tanayrs/turtlebot3_ws/install/turtlebot3_example:/home/tanayrs/lars-ros/lars_ws/install/lars_groundbot_control:/home/tanayrs/lars_ws/install/turtlebot_mover:/opt/ros/humble /usr/bin/cmake /home/tanayrs/lars-ros/lars_ws2/src/turtlebot3/turtlebot3_cartographer -DCMAKE_INSTALL_PREFIX=/home/tanayrs/lars-ros/lars_ws2/install/turtlebot3_cartographer
[0.105s] -- The C compiler identification is GNU 11.4.0
[0.176s] -- The CXX compiler identification is GNU 11.4.0
[0.182s] -- Detecting C compiler ABI info
[0.241s] -- Detecting C compiler ABI info - done
[0.245s] -- Check for working C compiler: /usr/bin/cc - skipped
[0.246s] -- Detecting C compile features
[0.246s] -- Detecting C compile features - done
[0.248s] -- Detecting CXX compiler ABI info
[0.315s] -- Detecting CXX compiler ABI info - done
[0.320s] -- Check for working CXX compiler: /usr/bin/c++ - skipped
[0.320s] -- Detecting CXX compile features
[0.320s] -- Detecting CXX compile features - done
[0.322s] -- Found ament_cmake: 1.3.11 (/opt/ros/humble/share/ament_cmake/cmake)
[0.455s] -- Found Python3: /usr/bin/python3 (found version "3.10.12") found components: Interpreter 
[0.605s] -- Configuring done
[0.607s] -- Generating done
[0.611s] -- Build files have been written to: /home/tanayrs/lars-ros/lars_ws2/build/turtlebot3_cartographer
[0.614s] Invoked command in '/home/tanayrs/lars-ros/lars_ws2/build/turtlebot3_cartographer' returned '0': CMAKE_PREFIX_PATH=${CMAKE_PREFIX_PATH}:/home/tanayrs/turtlebot3_ws/install/turtlebot3_teleop:/home/tanayrs/turtlebot3_ws/install/turtlebot3_example:/home/tanayrs/lars-ros/lars_ws/install/lars_groundbot_control:/home/tanayrs/lars_ws/install/turtlebot_mover:/opt/ros/humble /usr/bin/cmake /home/tanayrs/lars-ros/lars_ws2/src/turtlebot3/turtlebot3_cartographer -DCMAKE_INSTALL_PREFIX=/home/tanayrs/lars-ros/lars_ws2/install/turtlebot3_cartographer
[0.615s] Invoking command in '/home/tanayrs/lars-ros/lars_ws2/build/turtlebot3_cartographer': CMAKE_PREFIX_PATH=${CMAKE_PREFIX_PATH}:/home/tanayrs/turtlebot3_ws/install/turtlebot3_teleop:/home/tanayrs/turtlebot3_ws/install/turtlebot3_example:/home/tanayrs/lars-ros/lars_ws/install/lars_groundbot_control:/home/tanayrs/lars_ws/install/turtlebot_mover:/opt/ros/humble /usr/bin/cmake --build /home/tanayrs/lars-ros/lars_ws2/build/turtlebot3_cartographer -- -j16 -l16
[0.648s] Invoked command in '/home/tanayrs/lars-ros/lars_ws2/build/turtlebot3_cartographer' returned '0': CMAKE_PREFIX_PATH=${CMAKE_PREFIX_PATH}:/home/tanayrs/turtlebot3_ws/install/turtlebot3_teleop:/home/tanayrs/turtlebot3_ws/install/turtlebot3_example:/home/tanayrs/lars-ros/lars_ws/install/lars_groundbot_control:/home/tanayrs/lars_ws/install/turtlebot_mover:/opt/ros/humble /usr/bin/cmake --build /home/tanayrs/lars-ros/lars_ws2/build/turtlebot3_cartographer -- -j16 -l16
[0.652s] Invoking command in '/home/tanayrs/lars-ros/lars_ws2/build/turtlebot3_cartographer': CMAKE_PREFIX_PATH=${CMAKE_PREFIX_PATH}:/home/tanayrs/turtlebot3_ws/install/turtlebot3_teleop:/home/tanayrs/turtlebot3_ws/install/turtlebot3_example:/home/tanayrs/lars-ros/lars_ws/install/lars_groundbot_control:/home/tanayrs/lars_ws/install/turtlebot_mover:/opt/ros/humble /usr/bin/cmake --install /home/tanayrs/lars-ros/lars_ws2/build/turtlebot3_cartographer
[0.659s] -- Install configuration: ""
[0.660s] -- Installing: /home/tanayrs/lars-ros/lars_ws2/install/turtlebot3_cartographer/share/turtlebot3_cartographer/config
[0.660s] -- Installing: /home/tanayrs/lars-ros/lars_ws2/install/turtlebot3_cartographer/share/turtlebot3_cartographer/config/turtlebot3_lds_2d.lua
[0.660s] -- Installing: /home/tanayrs/lars-ros/lars_ws2/install/turtlebot3_cartographer/share/turtlebot3_cartographer/launch
[0.660s] -- Installing: /home/tanayrs/lars-ros/lars_ws2/install/turtlebot3_cartographer/share/turtlebot3_cartographer/launch/cartographer.launch.py
[0.660s] -- Installing: /home/tanayrs/lars-ros/lars_ws2/install/turtlebot3_cartographer/share/turtlebot3_cartographer/launch/occupancy_grid.launch.py
[0.660s] -- Installing: /home/tanayrs/lars-ros/lars_ws2/install/turtlebot3_cartographer/share/turtlebot3_cartographer/rviz
[0.660s] -- Installing: /home/tanayrs/lars-ros/lars_ws2/install/turtlebot3_cartographer/share/turtlebot3_cartographer/rviz/tb3_cartographer.rviz
[0.660s] -- Installing: /home/tanayrs/lars-ros/lars_ws2/install/turtlebot3_cartographer/share/ament_index/resource_index/package_run_dependencies/turtlebot3_cartographer
[0.660s] -- Installing: /home/tanayrs/lars-ros/lars_ws2/install/turtlebot3_cartographer/share/ament_index/resource_index/parent_prefix_path/turtlebot3_cartographer
[0.661s] -- Installing: /home/tanayrs/lars-ros/lars_ws2/install/turtlebot3_cartographer/share/turtlebot3_cartographer/environment/ament_prefix_path.sh
[0.661s] -- Installing: /home/tanayrs/lars-ros/lars_ws2/install/turtlebot3_cartographer/share/turtlebot3_cartographer/environment/ament_prefix_path.dsv
[0.661s] -- Installing: /home/tanayrs/lars-ros/lars_ws2/install/turtlebot3_cartographer/share/turtlebot3_cartographer/environment/path.sh
[0.661s] -- Installing: /home/tanayrs/lars-ros/lars_ws2/install/turtlebot3_cartographer/share/turtlebot3_cartographer/environment/path.dsv
[0.661s] -- Installing: /home/tanayrs/lars-ros/lars_ws2/install/turtlebot3_cartographer/share/turtlebot3_cartographer/local_setup.bash
[0.661s] -- Installing: /home/tanayrs/lars-ros/lars_ws2/install/turtlebot3_cartographer/share/turtlebot3_cartographer/local_setup.sh
[0.661s] -- Installing: /home/tanayrs/lars-ros/lars_ws2/install/turtlebot3_cartographer/share/turtlebot3_cartographer/local_setup.zsh
[0.661s] -- Installing: /home/tanayrs/lars-ros/lars_ws2/install/turtlebot3_cartographer/share/turtlebot3_cartographer/local_setup.dsv
[0.661s] -- Installing: /home/tanayrs/lars-ros/lars_ws2/install/turtlebot3_cartographer/share/turtlebot3_cartographer/package.dsv
[0.661s] -- Installing: /home/tanayrs/lars-ros/lars_ws2/install/turtlebot3_cartographer/share/ament_index/resource_index/packages/turtlebot3_cartographer
[0.661s] -- Installing: /home/tanayrs/lars-ros/lars_ws2/install/turtlebot3_cartographer/share/turtlebot3_cartographer/cmake/turtlebot3_cartographerConfig.cmake
[0.661s] -- Installing: /home/tanayrs/lars-ros/lars_ws2/install/turtlebot3_cartographer/share/turtlebot3_cartographer/cmake/turtlebot3_cartographerConfig-version.cmake
[0.662s] -- Installing: /home/tanayrs/lars-ros/lars_ws2/install/turtlebot3_cartographer/share/turtlebot3_cartographer/package.xml
[0.679s] Invoked command in '/home/tanayrs/lars-ros/lars_ws2/build/turtlebot3_cartographer' returned '0': CMAKE_PREFIX_PATH=${CMAKE_PREFIX_PATH}:/home/tanayrs/turtlebot3_ws/install/turtlebot3_teleop:/home/tanayrs/turtlebot3_ws/install/turtlebot3_example:/home/tanayrs/lars-ros/lars_ws/install/lars_groundbot_control:/home/tanayrs/lars_ws/install/turtlebot_mover:/opt/ros/humble /usr/bin/cmake --install /home/tanayrs/lars-ros/lars_ws2/build/turtlebot3_cartographer
