[0.426s] Invoking command in '/home/tanayrs/lars-ros/lars_ws/build/lars_groundbot_control': PYTHONPATH=/home/tanayrs/lars-ros/lars_ws/build/lars_groundbot_control/prefix_override:/usr/lib/python3/dist-packages/colcon_core/task/python/colcon_distutils_commands:/home/tanayrs/lars-ros/lars_ws/install/lars_groundbot_control/lib/python3.10/site-packages:${PYTHONPATH} /usr/bin/python3 -W ignore:setup.py install is deprecated -W ignore:easy_install command is deprecated setup.py develop --uninstall --editable --build-directory /home/tanayrs/lars-ros/lars_ws/build/lars_groundbot_control/build
[0.597s] running develop
[0.711s] Removing /home/tanayrs/lars-ros/lars_ws/install/lars_groundbot_control/lib/python3.10/site-packages/lars-groundbot-control.egg-link (link to .)
[0.731s] Invoked command in '/home/tanayrs/lars-ros/lars_ws/build/lars_groundbot_control' returned '0': PYTHONPATH=/home/tanayrs/lars-ros/lars_ws/build/lars_groundbot_control/prefix_override:/usr/lib/python3/dist-packages/colcon_core/task/python/colcon_distutils_commands:/home/tanayrs/lars-ros/lars_ws/install/lars_groundbot_control/lib/python3.10/site-packages:${PYTHONPATH} /usr/bin/python3 -W ignore:setup.py install is deprecated -W ignore:easy_install command is deprecated setup.py develop --uninstall --editable --build-directory /home/tanayrs/lars-ros/lars_ws/build/lars_groundbot_control/build
[0.731s] Invoking command in '/home/tanayrs/lars-ros/lars_ws/src/lars_groundbot_control': PYTHONPATH=/home/tanayrs/lars-ros/lars_ws/build/lars_groundbot_control/prefix_override:/usr/lib/python3/dist-packages/colcon_core/task/python/colcon_distutils_commands:/home/tanayrs/lars-ros/lars_ws/install/lars_groundbot_control/lib/python3.10/site-packages:${PYTHONPATH} /usr/bin/python3 -W ignore:setup.py install is deprecated -W ignore:easy_install command is deprecated setup.py egg_info --egg-base ../../build/lars_groundbot_control build --build-base /home/tanayrs/lars-ros/lars_ws/build/lars_groundbot_control/build install --record /home/tanayrs/lars-ros/lars_ws/build/lars_groundbot_control/install.log --single-version-externally-managed install_data --force
[0.890s] running egg_info
[0.891s] writing ../../build/lars_groundbot_control/lars_groundbot_control.egg-info/PKG-INFO
[0.891s] writing dependency_links to ../../build/lars_groundbot_control/lars_groundbot_control.egg-info/dependency_links.txt
[0.891s] writing entry points to ../../build/lars_groundbot_control/lars_groundbot_control.egg-info/entry_points.txt
[0.891s] writing requirements to ../../build/lars_groundbot_control/lars_groundbot_control.egg-info/requires.txt
[0.891s] writing top-level names to ../../build/lars_groundbot_control/lars_groundbot_control.egg-info/top_level.txt
[0.892s] reading manifest file '../../build/lars_groundbot_control/lars_groundbot_control.egg-info/SOURCES.txt'
[0.892s] writing manifest file '../../build/lars_groundbot_control/lars_groundbot_control.egg-info/SOURCES.txt'
[0.892s] running build
[0.893s] running build_py
[0.893s] copying lars_groundbot_control/control_node.py -> /home/tanayrs/lars-ros/lars_ws/build/lars_groundbot_control/build/lib/lars_groundbot_control
[0.893s] running install
[0.893s] running install_lib
[0.893s] creating /home/tanayrs/lars-ros/lars_ws/install/lars_groundbot_control/lib/python3.10/site-packages/lars_groundbot_control
[0.893s] copying /home/tanayrs/lars-ros/lars_ws/build/lars_groundbot_control/build/lib/lars_groundbot_control/control_node.py -> /home/tanayrs/lars-ros/lars_ws/install/lars_groundbot_control/lib/python3.10/site-packages/lars_groundbot_control
[0.894s] copying /home/tanayrs/lars-ros/lars_ws/build/lars_groundbot_control/build/lib/lars_groundbot_control/__init__.py -> /home/tanayrs/lars-ros/lars_ws/install/lars_groundbot_control/lib/python3.10/site-packages/lars_groundbot_control
[0.894s] byte-compiling /home/tanayrs/lars-ros/lars_ws/install/lars_groundbot_control/lib/python3.10/site-packages/lars_groundbot_control/control_node.py to control_node.cpython-310.pyc
[0.894s] byte-compiling /home/tanayrs/lars-ros/lars_ws/install/lars_groundbot_control/lib/python3.10/site-packages/lars_groundbot_control/__init__.py to __init__.cpython-310.pyc
[0.894s] running install_data
[0.894s] copying package.xml -> /home/tanayrs/lars-ros/lars_ws/install/lars_groundbot_control/share/lars_groundbot_control
[0.894s] running install_egg_info
[0.896s] Copying ../../build/lars_groundbot_control/lars_groundbot_control.egg-info to /home/tanayrs/lars-ros/lars_ws/install/lars_groundbot_control/lib/python3.10/site-packages/lars_groundbot_control-0.0.0-py3.10.egg-info
[0.896s] running install_scripts
[0.910s] Installing control_node script to /home/tanayrs/lars-ros/lars_ws/install/lars_groundbot_control/lib/lars_groundbot_control
[0.910s] writing list of installed files to '/home/tanayrs/lars-ros/lars_ws/build/lars_groundbot_control/install.log'
[0.928s] Invoked command in '/home/tanayrs/lars-ros/lars_ws/src/lars_groundbot_control' returned '0': PYTHONPATH=/home/tanayrs/lars-ros/lars_ws/build/lars_groundbot_control/prefix_override:/usr/lib/python3/dist-packages/colcon_core/task/python/colcon_distutils_commands:/home/tanayrs/lars-ros/lars_ws/install/lars_groundbot_control/lib/python3.10/site-packages:${PYTHONPATH} /usr/bin/python3 -W ignore:setup.py install is deprecated -W ignore:easy_install command is deprecated setup.py egg_info --egg-base ../../build/lars_groundbot_control build --build-base /home/tanayrs/lars-ros/lars_ws/build/lars_groundbot_control/build install --record /home/tanayrs/lars-ros/lars_ws/build/lars_groundbot_control/install.log --single-version-externally-managed install_data --force
