running develop
Removing /home/tanayrs/lars-ros/lars_ws/install/lars_groundbot_control/lib/python3.10/site-packages/lars-groundbot-control.egg-link (link to .)
running egg_info
writing ../../build/lars_groundbot_control/lars_groundbot_control.egg-info/PKG-INFO
writing dependency_links to ../../build/lars_groundbot_control/lars_groundbot_control.egg-info/dependency_links.txt
writing entry points to ../../build/lars_groundbot_control/lars_groundbot_control.egg-info/entry_points.txt
writing requirements to ../../build/lars_groundbot_control/lars_groundbot_control.egg-info/requires.txt
writing top-level names to ../../build/lars_groundbot_control/lars_groundbot_control.egg-info/top_level.txt
reading manifest file '../../build/lars_groundbot_control/lars_groundbot_control.egg-info/SOURCES.txt'
writing manifest file '../../build/lars_groundbot_control/lars_groundbot_control.egg-info/SOURCES.txt'
running build
running build_py
running install
running install_lib
creating /home/tanayrs/lars-ros/lars_ws/install/lars_groundbot_control/lib/python3.10/site-packages/lars_groundbot_control
copying /home/tanayrs/lars-ros/lars_ws/build/lars_groundbot_control/build/lib/lars_groundbot_control/__init__.py -> /home/tanayrs/lars-ros/lars_ws/install/lars_groundbot_control/lib/python3.10/site-packages/lars_groundbot_control
byte-compiling /home/tanayrs/lars-ros/lars_ws/install/lars_groundbot_control/lib/python3.10/site-packages/lars_groundbot_control/__init__.py to __init__.cpython-310.pyc
running install_data
copying resource/lars_groundbot_control -> /home/tanayrs/lars-ros/lars_ws/install/lars_groundbot_control/share/ament_index/resource_index/packages
copying package.xml -> /home/tanayrs/lars-ros/lars_ws/install/lars_groundbot_control/share/lars_groundbot_control
running install_egg_info
Copying ../../build/lars_groundbot_control/lars_groundbot_control.egg-info to /home/tanayrs/lars-ros/lars_ws/install/lars_groundbot_control/lib/python3.10/site-packages/lars_groundbot_control-0.0.0-py3.10.egg-info
running install_scripts
Installing control_node script to /home/tanayrs/lars-ros/lars_ws/install/lars_groundbot_control/lib/lars_groundbot_control
writing list of installed files to '/home/tanayrs/lars-ros/lars_ws/build/lars_groundbot_control/install.log'
