running develop
Removing /home/tanayrs/lars-ros/lars_ws/install/turtlebot3_grid_nav/lib/python3.10/site-packages/turtlebot3-grid-nav.egg-link (link to .)
running egg_info
writing ../../build/turtlebot3_grid_nav/turtlebot3_grid_nav.egg-info/PKG-INFO
writing dependency_links to ../../build/turtlebot3_grid_nav/turtlebot3_grid_nav.egg-info/dependency_links.txt
writing entry points to ../../build/turtlebot3_grid_nav/turtlebot3_grid_nav.egg-info/entry_points.txt
writing requirements to ../../build/turtlebot3_grid_nav/turtlebot3_grid_nav.egg-info/requires.txt
writing top-level names to ../../build/turtlebot3_grid_nav/turtlebot3_grid_nav.egg-info/top_level.txt
reading manifest file '../../build/turtlebot3_grid_nav/turtlebot3_grid_nav.egg-info/SOURCES.txt'
writing manifest file '../../build/turtlebot3_grid_nav/turtlebot3_grid_nav.egg-info/SOURCES.txt'
running build
running build_py
creating /home/tanayrs/lars-ros/lars_ws/build/turtlebot3_grid_nav/build
creating /home/tanayrs/lars-ros/lars_ws/build/turtlebot3_grid_nav/build/lib
creating /home/tanayrs/lars-ros/lars_ws/build/turtlebot3_grid_nav/build/lib/turtlebot3_grid_nav
copying turtlebot3_grid_nav/__init__.py -> /home/tanayrs/lars-ros/lars_ws/build/turtlebot3_grid_nav/build/lib/turtlebot3_grid_nav
copying turtlebot3_grid_nav/grid_navigation.py -> /home/tanayrs/lars-ros/lars_ws/build/turtlebot3_grid_nav/build/lib/turtlebot3_grid_nav
running install
running install_lib
creating /home/tanayrs/lars-ros/lars_ws/install/turtlebot3_grid_nav/lib/python3.10/site-packages/turtlebot3_grid_nav
copying /home/tanayrs/lars-ros/lars_ws/build/turtlebot3_grid_nav/build/lib/turtlebot3_grid_nav/__init__.py -> /home/tanayrs/lars-ros/lars_ws/install/turtlebot3_grid_nav/lib/python3.10/site-packages/turtlebot3_grid_nav
copying /home/tanayrs/lars-ros/lars_ws/build/turtlebot3_grid_nav/build/lib/turtlebot3_grid_nav/grid_navigation.py -> /home/tanayrs/lars-ros/lars_ws/install/turtlebot3_grid_nav/lib/python3.10/site-packages/turtlebot3_grid_nav
byte-compiling /home/tanayrs/lars-ros/lars_ws/install/turtlebot3_grid_nav/lib/python3.10/site-packages/turtlebot3_grid_nav/__init__.py to __init__.cpython-310.pyc
byte-compiling /home/tanayrs/lars-ros/lars_ws/install/turtlebot3_grid_nav/lib/python3.10/site-packages/turtlebot3_grid_nav/grid_navigation.py to grid_navigation.cpython-310.pyc
running install_data
copying resource/turtlebot3_grid_nav -> /home/tanayrs/lars-ros/lars_ws/install/turtlebot3_grid_nav/share/ament_index/resource_index/packages
copying package.xml -> /home/tanayrs/lars-ros/lars_ws/install/turtlebot3_grid_nav/share/turtlebot3_grid_nav
running install_egg_info
Copying ../../build/turtlebot3_grid_nav/turtlebot3_grid_nav.egg-info to /home/tanayrs/lars-ros/lars_ws/install/turtlebot3_grid_nav/lib/python3.10/site-packages/turtlebot3_grid_nav-0.0.0-py3.10.egg-info
running install_scripts
Installing grid_navigation script to /home/tanayrs/lars-ros/lars_ws/install/turtlebot3_grid_nav/lib/turtlebot3_grid_nav
writing list of installed files to '/home/tanayrs/lars-ros/lars_ws/build/turtlebot3_grid_nav/install.log'
