[0.674s] Invoking command in '/home/tanayrs/lars-ros/lars_ws/build/turtlebot3_grid_nav': PYTHONPATH=/home/tanayrs/lars-ros/lars_ws/build/turtlebot3_grid_nav/prefix_override:/usr/lib/python3/dist-packages/colcon_core/task/python/colcon_distutils_commands:/home/tanayrs/lars-ros/lars_ws/install/turtlebot3_grid_nav/lib/python3.10/site-packages:${PYTHONPATH} /usr/bin/python3 -W ignore:setup.py install is deprecated -W ignore:easy_install command is deprecated setup.py develop --uninstall --editable --build-directory /home/tanayrs/lars-ros/lars_ws/build/turtlebot3_grid_nav/build
[0.861s] running develop
[0.978s] Removing /home/tanayrs/lars-ros/lars_ws/install/turtlebot3_grid_nav/lib/python3.10/site-packages/turtlebot3-grid-nav.egg-link (link to .)
[1.014s] Invoked command in '/home/tanayrs/lars-ros/lars_ws/build/turtlebot3_grid_nav' returned '0': PYTHONPATH=/home/tanayrs/lars-ros/lars_ws/build/turtlebot3_grid_nav/prefix_override:/usr/lib/python3/dist-packages/colcon_core/task/python/colcon_distutils_commands:/home/tanayrs/lars-ros/lars_ws/install/turtlebot3_grid_nav/lib/python3.10/site-packages:${PYTHONPATH} /usr/bin/python3 -W ignore:setup.py install is deprecated -W ignore:easy_install command is deprecated setup.py develop --uninstall --editable --build-directory /home/tanayrs/lars-ros/lars_ws/build/turtlebot3_grid_nav/build
[1.016s] Invoking command in '/home/tanayrs/lars-ros/lars_ws/src/turtlebot3_grid_nav': PYTHONPATH=/home/tanayrs/lars-ros/lars_ws/build/turtlebot3_grid_nav/prefix_override:/usr/lib/python3/dist-packages/colcon_core/task/python/colcon_distutils_commands:/home/tanayrs/lars-ros/lars_ws/install/turtlebot3_grid_nav/lib/python3.10/site-packages:${PYTHONPATH} /usr/bin/python3 -W ignore:setup.py install is deprecated -W ignore:easy_install command is deprecated setup.py egg_info --egg-base ../../build/turtlebot3_grid_nav build --build-base /home/tanayrs/lars-ros/lars_ws/build/turtlebot3_grid_nav/build install --record /home/tanayrs/lars-ros/lars_ws/build/turtlebot3_grid_nav/install.log --single-version-externally-managed install_data --force
[1.176s] running egg_info
[1.176s] writing ../../build/turtlebot3_grid_nav/turtlebot3_grid_nav.egg-info/PKG-INFO
[1.177s] writing dependency_links to ../../build/turtlebot3_grid_nav/turtlebot3_grid_nav.egg-info/dependency_links.txt
[1.177s] writing entry points to ../../build/turtlebot3_grid_nav/turtlebot3_grid_nav.egg-info/entry_points.txt
[1.177s] writing requirements to ../../build/turtlebot3_grid_nav/turtlebot3_grid_nav.egg-info/requires.txt
[1.177s] writing top-level names to ../../build/turtlebot3_grid_nav/turtlebot3_grid_nav.egg-info/top_level.txt
[1.178s] reading manifest file '../../build/turtlebot3_grid_nav/turtlebot3_grid_nav.egg-info/SOURCES.txt'
[1.178s] writing manifest file '../../build/turtlebot3_grid_nav/turtlebot3_grid_nav.egg-info/SOURCES.txt'
[1.178s] running build
[1.179s] running build_py
[1.179s] creating /home/tanayrs/lars-ros/lars_ws/build/turtlebot3_grid_nav/build
[1.179s] creating /home/tanayrs/lars-ros/lars_ws/build/turtlebot3_grid_nav/build/lib
[1.179s] creating /home/tanayrs/lars-ros/lars_ws/build/turtlebot3_grid_nav/build/lib/turtlebot3_grid_nav
[1.179s] copying turtlebot3_grid_nav/__init__.py -> /home/tanayrs/lars-ros/lars_ws/build/turtlebot3_grid_nav/build/lib/turtlebot3_grid_nav
[1.179s] copying turtlebot3_grid_nav/grid_navigation.py -> /home/tanayrs/lars-ros/lars_ws/build/turtlebot3_grid_nav/build/lib/turtlebot3_grid_nav
[1.179s] running install
[1.179s] running install_lib
[1.179s] creating /home/tanayrs/lars-ros/lars_ws/install/turtlebot3_grid_nav/lib/python3.10/site-packages/turtlebot3_grid_nav
[1.179s] copying /home/tanayrs/lars-ros/lars_ws/build/turtlebot3_grid_nav/build/lib/turtlebot3_grid_nav/__init__.py -> /home/tanayrs/lars-ros/lars_ws/install/turtlebot3_grid_nav/lib/python3.10/site-packages/turtlebot3_grid_nav
[1.180s] copying /home/tanayrs/lars-ros/lars_ws/build/turtlebot3_grid_nav/build/lib/turtlebot3_grid_nav/grid_navigation.py -> /home/tanayrs/lars-ros/lars_ws/install/turtlebot3_grid_nav/lib/python3.10/site-packages/turtlebot3_grid_nav
[1.180s] byte-compiling /home/tanayrs/lars-ros/lars_ws/install/turtlebot3_grid_nav/lib/python3.10/site-packages/turtlebot3_grid_nav/__init__.py to __init__.cpython-310.pyc
[1.180s] byte-compiling /home/tanayrs/lars-ros/lars_ws/install/turtlebot3_grid_nav/lib/python3.10/site-packages/turtlebot3_grid_nav/grid_navigation.py to grid_navigation.cpython-310.pyc
[1.181s] running install_data
[1.181s] copying resource/turtlebot3_grid_nav -> /home/tanayrs/lars-ros/lars_ws/install/turtlebot3_grid_nav/share/ament_index/resource_index/packages
[1.181s] copying package.xml -> /home/tanayrs/lars-ros/lars_ws/install/turtlebot3_grid_nav/share/turtlebot3_grid_nav
[1.181s] running install_egg_info
[1.182s] Copying ../../build/turtlebot3_grid_nav/turtlebot3_grid_nav.egg-info to /home/tanayrs/lars-ros/lars_ws/install/turtlebot3_grid_nav/lib/python3.10/site-packages/turtlebot3_grid_nav-0.0.0-py3.10.egg-info
[1.183s] running install_scripts
[1.196s] Installing grid_navigation script to /home/tanayrs/lars-ros/lars_ws/install/turtlebot3_grid_nav/lib/turtlebot3_grid_nav
[1.196s] writing list of installed files to '/home/tanayrs/lars-ros/lars_ws/build/turtlebot3_grid_nav/install.log'
[1.390s] Invoked command in '/home/tanayrs/lars-ros/lars_ws/src/turtlebot3_grid_nav' returned '0': PYTHONPATH=/home/tanayrs/lars-ros/lars_ws/build/turtlebot3_grid_nav/prefix_override:/usr/lib/python3/dist-packages/colcon_core/task/python/colcon_distutils_commands:/home/tanayrs/lars-ros/lars_ws/install/turtlebot3_grid_nav/lib/python3.10/site-packages:${PYTHONPATH} /usr/bin/python3 -W ignore:setup.py install is deprecated -W ignore:easy_install command is deprecated setup.py egg_info --egg-base ../../build/turtlebot3_grid_nav build --build-base /home/tanayrs/lars-ros/lars_ws/build/turtlebot3_grid_nav/build install --record /home/tanayrs/lars-ros/lars_ws/build/turtlebot3_grid_nav/install.log --single-version-externally-managed install_data --force
