[0.072s] DEBUG:colcon:Command line arguments: ['/usr/bin/colcon', 'build', '--symlink-install']
[0.072s] DEBUG:colcon:Parsed command line arguments: Namespace(log_base=None, log_level=None, verb_name='build', build_base='build', install_base='install', merge_install=False, symlink_install=True, test_result_base=None, continue_on_error=False, executor='parallel', parallel_workers=16, event_handlers=None, ignore_user_meta=False, metas=['./colcon.meta'], base_paths=['.'], packages_ignore=None, packages_ignore_regex=None, paths=None, packages_up_to=None, packages_up_to_regex=None, packages_above=None, packages_above_and_dependencies=None, packages_above_depth=None, packages_select_by_dep=None, packages_skip_by_dep=None, packages_skip_up_to=None, packages_select_build_failed=False, packages_skip_build_finished=False, packages_select_test_failures=False, packages_skip_test_passed=False, packages_select=None, packages_skip=None, packages_select_regex=None, packages_skip_regex=None, packages_start=None, packages_end=None, allow_overriding=[], cmake_args=None, cmake_target=None, cmake_target_skip_unavailable=False, cmake_clean_cache=False, cmake_clean_first=False, cmake_force_configure=False, ament_cmake_args=None, catkin_cmake_args=None, catkin_skip_building_tests=False, mixin_files=None, mixin=None, verb_parser=<colcon_mixin.mixin.mixin_argument.MixinArgumentDecorator object at 0x7af6497664a0>, verb_extension=<colcon_core.verb.build.BuildVerb object at 0x7af649765ed0>, main=<bound method BuildVerb.main of <colcon_core.verb.build.BuildVerb object at 0x7af649765ed0>>, mixin_verb=('build',))
[0.183s] Level 1:colcon.colcon_core.package_discovery:discover_packages(colcon_meta) check parameters
[0.183s] Level 1:colcon.colcon_core.package_discovery:discover_packages(recursive) check parameters
[0.183s] Level 1:colcon.colcon_core.package_discovery:discover_packages(ignore) check parameters
[0.183s] Level 1:colcon.colcon_core.package_discovery:discover_packages(path) check parameters
[0.183s] Level 1:colcon.colcon_core.package_discovery:discover_packages(colcon_meta) discover
[0.183s] Level 1:colcon.colcon_core.package_discovery:discover_packages(recursive) discover
[0.183s] INFO:colcon.colcon_core.package_discovery:Crawling recursively for packages in '/home/tanayrs/lars-ros/lars_ws'
[0.183s] Level 1:colcon.colcon_core.package_identification:_identify(.) by extensions ['ignore', 'ignore_ament_install']
[0.184s] Level 1:colcon.colcon_core.package_identification:_identify(.) by extension 'ignore'
[0.184s] Level 1:colcon.colcon_core.package_identification:_identify(.) by extension 'ignore_ament_install'
[0.184s] Level 1:colcon.colcon_core.package_identification:_identify(.) by extensions ['colcon_pkg']
[0.184s] Level 1:colcon.colcon_core.package_identification:_identify(.) by extension 'colcon_pkg'
[0.184s] Level 1:colcon.colcon_core.package_identification:_identify(.) by extensions ['colcon_meta']
[0.184s] Level 1:colcon.colcon_core.package_identification:_identify(.) by extension 'colcon_meta'
[0.184s] Level 1:colcon.colcon_core.package_identification:_identify(.) by extensions ['ros']
[0.184s] Level 1:colcon.colcon_core.package_identification:_identify(.) by extension 'ros'
[0.190s] Level 1:colcon.colcon_core.package_identification:_identify(.) by extensions ['cmake', 'python']
[0.190s] Level 1:colcon.colcon_core.package_identification:_identify(.) by extension 'cmake'
[0.190s] Level 1:colcon.colcon_core.package_identification:_identify(.) by extension 'python'
[0.190s] Level 1:colcon.colcon_core.package_identification:_identify(.) by extensions ['python_setup_py']
[0.190s] Level 1:colcon.colcon_core.package_identification:_identify(.) by extension 'python_setup_py'
[0.190s] Level 1:colcon.colcon_core.package_identification:_identify(build) by extensions ['ignore', 'ignore_ament_install']
[0.191s] Level 1:colcon.colcon_core.package_identification:_identify(build) by extension 'ignore'
[0.191s] Level 1:colcon.colcon_core.package_identification:_identify(build) ignored
[0.191s] Level 1:colcon.colcon_core.package_identification:_identify(install) by extensions ['ignore', 'ignore_ament_install']
[0.191s] Level 1:colcon.colcon_core.package_identification:_identify(install) by extension 'ignore'
[0.191s] Level 1:colcon.colcon_core.package_identification:_identify(install) ignored
[0.191s] Level 1:colcon.colcon_core.package_identification:_identify(log) by extensions ['ignore', 'ignore_ament_install']
[0.191s] Level 1:colcon.colcon_core.package_identification:_identify(log) by extension 'ignore'
[0.191s] Level 1:colcon.colcon_core.package_identification:_identify(log) ignored
[0.191s] Level 1:colcon.colcon_core.package_identification:_identify(src) by extensions ['ignore', 'ignore_ament_install']
[0.191s] Level 1:colcon.colcon_core.package_identification:_identify(src) by extension 'ignore'
[0.191s] Level 1:colcon.colcon_core.package_identification:_identify(src) by extension 'ignore_ament_install'
[0.191s] Level 1:colcon.colcon_core.package_identification:_identify(src) by extensions ['colcon_pkg']
[0.191s] Level 1:colcon.colcon_core.package_identification:_identify(src) by extension 'colcon_pkg'
[0.191s] Level 1:colcon.colcon_core.package_identification:_identify(src) by extensions ['colcon_meta']
[0.191s] Level 1:colcon.colcon_core.package_identification:_identify(src) by extension 'colcon_meta'
[0.191s] Level 1:colcon.colcon_core.package_identification:_identify(src) by extensions ['ros']
[0.191s] Level 1:colcon.colcon_core.package_identification:_identify(src) by extension 'ros'
[0.191s] Level 1:colcon.colcon_core.package_identification:_identify(src) by extensions ['cmake', 'python']
[0.191s] Level 1:colcon.colcon_core.package_identification:_identify(src) by extension 'cmake'
[0.191s] Level 1:colcon.colcon_core.package_identification:_identify(src) by extension 'python'
[0.191s] Level 1:colcon.colcon_core.package_identification:_identify(src) by extensions ['python_setup_py']
[0.191s] Level 1:colcon.colcon_core.package_identification:_identify(src) by extension 'python_setup_py'
[0.191s] Level 1:colcon.colcon_core.package_identification:_identify(src/lars_groundbot_control) by extensions ['ignore', 'ignore_ament_install']
[0.191s] Level 1:colcon.colcon_core.package_identification:_identify(src/lars_groundbot_control) by extension 'ignore'
[0.191s] Level 1:colcon.colcon_core.package_identification:_identify(src/lars_groundbot_control) by extension 'ignore_ament_install'
[0.192s] Level 1:colcon.colcon_core.package_identification:_identify(src/lars_groundbot_control) by extensions ['colcon_pkg']
[0.192s] Level 1:colcon.colcon_core.package_identification:_identify(src/lars_groundbot_control) by extension 'colcon_pkg'
[0.192s] Level 1:colcon.colcon_core.package_identification:_identify(src/lars_groundbot_control) by extensions ['colcon_meta']
[0.192s] Level 1:colcon.colcon_core.package_identification:_identify(src/lars_groundbot_control) by extension 'colcon_meta'
[0.192s] Level 1:colcon.colcon_core.package_identification:_identify(src/lars_groundbot_control) by extensions ['ros']
[0.192s] Level 1:colcon.colcon_core.package_identification:_identify(src/lars_groundbot_control) by extension 'ros'
[0.194s] DEBUG:colcon.colcon_core.package_identification:Package 'src/lars_groundbot_control' with type 'ros.ament_python' and name 'lars_groundbot_control'
[0.194s] Level 1:colcon.colcon_core.package_identification:_identify(src/lars_groundbot_description) by extensions ['ignore', 'ignore_ament_install']
[0.194s] Level 1:colcon.colcon_core.package_identification:_identify(src/lars_groundbot_description) by extension 'ignore'
[0.194s] Level 1:colcon.colcon_core.package_identification:_identify(src/lars_groundbot_description) by extension 'ignore_ament_install'
[0.194s] Level 1:colcon.colcon_core.package_identification:_identify(src/lars_groundbot_description) by extensions ['colcon_pkg']
[0.194s] Level 1:colcon.colcon_core.package_identification:_identify(src/lars_groundbot_description) by extension 'colcon_pkg'
[0.194s] Level 1:colcon.colcon_core.package_identification:_identify(src/lars_groundbot_description) by extensions ['colcon_meta']
[0.194s] Level 1:colcon.colcon_core.package_identification:_identify(src/lars_groundbot_description) by extension 'colcon_meta'
[0.194s] Level 1:colcon.colcon_core.package_identification:_identify(src/lars_groundbot_description) by extensions ['ros']
[0.194s] Level 1:colcon.colcon_core.package_identification:_identify(src/lars_groundbot_description) by extension 'ros'
[0.194s] DEBUG:colcon.colcon_core.package_identification:Package 'src/lars_groundbot_description' with type 'ros.ament_cmake' and name 'lars_groundbot_description'
[0.195s] Level 1:colcon.colcon_core.package_discovery:discover_packages(recursive) using defaults
[0.195s] Level 1:colcon.colcon_core.package_discovery:discover_packages(ignore) discover
[0.195s] Level 1:colcon.colcon_core.package_discovery:discover_packages(ignore) using defaults
[0.195s] Level 1:colcon.colcon_core.package_discovery:discover_packages(path) discover
[0.195s] Level 1:colcon.colcon_core.package_discovery:discover_packages(path) using defaults
[0.215s] Level 1:colcon.colcon_core.package_discovery:discover_packages(prefix_path) check parameters
[0.215s] Level 1:colcon.colcon_core.package_discovery:discover_packages(prefix_path) discover
[0.217s] DEBUG:colcon.colcon_installed_package_information.package_discovery:Found 2 installed packages in /home/tanayrs/lars-ros/lars_ws/install
[0.217s] DEBUG:colcon.colcon_installed_package_information.package_discovery:Found 15 installed packages in /home/tanayrs/turtlebot3_ws/install
[0.217s] DEBUG:colcon.colcon_installed_package_information.package_discovery:Found 1 installed packages in /home/tanayrs/lars_ws/install
[0.218s] DEBUG:colcon.colcon_installed_package_information.package_discovery:Found 342 installed packages in /opt/ros/humble
[0.219s] Level 1:colcon.colcon_core.package_discovery:discover_packages(prefix_path) using defaults
[0.265s] Level 5:colcon.colcon_core.verb:set package 'lars_groundbot_control' build argument 'cmake_args' from command line to 'None'
[0.265s] Level 5:colcon.colcon_core.verb:set package 'lars_groundbot_control' build argument 'cmake_target' from command line to 'None'
[0.265s] Level 5:colcon.colcon_core.verb:set package 'lars_groundbot_control' build argument 'cmake_target_skip_unavailable' from command line to 'False'
[0.265s] Level 5:colcon.colcon_core.verb:set package 'lars_groundbot_control' build argument 'cmake_clean_cache' from command line to 'False'
[0.265s] Level 5:colcon.colcon_core.verb:set package 'lars_groundbot_control' build argument 'cmake_clean_first' from command line to 'False'
[0.265s] Level 5:colcon.colcon_core.verb:set package 'lars_groundbot_control' build argument 'cmake_force_configure' from command line to 'False'
[0.265s] Level 5:colcon.colcon_core.verb:set package 'lars_groundbot_control' build argument 'ament_cmake_args' from command line to 'None'
[0.265s] Level 5:colcon.colcon_core.verb:set package 'lars_groundbot_control' build argument 'catkin_cmake_args' from command line to 'None'
[0.265s] Level 5:colcon.colcon_core.verb:set package 'lars_groundbot_control' build argument 'catkin_skip_building_tests' from command line to 'False'
[0.265s] DEBUG:colcon.colcon_core.verb:Building package 'lars_groundbot_control' with the following arguments: {'ament_cmake_args': None, 'build_base': '/home/tanayrs/lars-ros/lars_ws/build/lars_groundbot_control', 'catkin_cmake_args': None, 'catkin_skip_building_tests': False, 'cmake_args': None, 'cmake_clean_cache': False, 'cmake_clean_first': False, 'cmake_force_configure': False, 'cmake_target': None, 'cmake_target_skip_unavailable': False, 'install_base': '/home/tanayrs/lars-ros/lars_ws/install/lars_groundbot_control', 'merge_install': False, 'path': '/home/tanayrs/lars-ros/lars_ws/src/lars_groundbot_control', 'symlink_install': True, 'test_result_base': None}
[0.266s] Level 5:colcon.colcon_core.verb:set package 'lars_groundbot_description' build argument 'cmake_args' from command line to 'None'
[0.266s] Level 5:colcon.colcon_core.verb:set package 'lars_groundbot_description' build argument 'cmake_target' from command line to 'None'
[0.266s] Level 5:colcon.colcon_core.verb:set package 'lars_groundbot_description' build argument 'cmake_target_skip_unavailable' from command line to 'False'
[0.266s] Level 5:colcon.colcon_core.verb:set package 'lars_groundbot_description' build argument 'cmake_clean_cache' from command line to 'False'
[0.266s] Level 5:colcon.colcon_core.verb:set package 'lars_groundbot_description' build argument 'cmake_clean_first' from command line to 'False'
[0.266s] Level 5:colcon.colcon_core.verb:set package 'lars_groundbot_description' build argument 'cmake_force_configure' from command line to 'False'
[0.266s] Level 5:colcon.colcon_core.verb:set package 'lars_groundbot_description' build argument 'ament_cmake_args' from command line to 'None'
[0.266s] Level 5:colcon.colcon_core.verb:set package 'lars_groundbot_description' build argument 'catkin_cmake_args' from command line to 'None'
[0.266s] Level 5:colcon.colcon_core.verb:set package 'lars_groundbot_description' build argument 'catkin_skip_building_tests' from command line to 'False'
[0.266s] DEBUG:colcon.colcon_core.verb:Building package 'lars_groundbot_description' with the following arguments: {'ament_cmake_args': None, 'build_base': '/home/tanayrs/lars-ros/lars_ws/build/lars_groundbot_description', 'catkin_cmake_args': None, 'catkin_skip_building_tests': False, 'cmake_args': None, 'cmake_clean_cache': False, 'cmake_clean_first': False, 'cmake_force_configure': False, 'cmake_target': None, 'cmake_target_skip_unavailable': False, 'install_base': '/home/tanayrs/lars-ros/lars_ws/install/lars_groundbot_description', 'merge_install': False, 'path': '/home/tanayrs/lars-ros/lars_ws/src/lars_groundbot_description', 'symlink_install': True, 'test_result_base': None}
[0.266s] INFO:colcon.colcon_core.executor:Executing jobs using 'parallel' executor
[0.267s] DEBUG:colcon.colcon_parallel_executor.executor.parallel:run_until_complete
[0.267s] INFO:colcon.colcon_ros.task.ament_python.build:Building ROS package in '/home/tanayrs/lars-ros/lars_ws/src/lars_groundbot_control' with build type 'ament_python'
[0.267s] Level 1:colcon.colcon_core.shell:create_environment_hook('lars_groundbot_control', 'ament_prefix_path')
[0.268s] INFO:colcon.colcon_core.plugin_system:Skipping extension 'colcon_core.shell.bat': Not used on non-Windows systems
[0.268s] INFO:colcon.colcon_core.shell:Creating environment hook '/home/tanayrs/lars-ros/lars_ws/install/lars_groundbot_control/share/lars_groundbot_control/hook/ament_prefix_path.ps1'
[0.269s] INFO:colcon.colcon_core.shell:Creating environment descriptor '/home/tanayrs/lars-ros/lars_ws/install/lars_groundbot_control/share/lars_groundbot_control/hook/ament_prefix_path.dsv'
[0.269s] INFO:colcon.colcon_core.shell:Creating environment hook '/home/tanayrs/lars-ros/lars_ws/install/lars_groundbot_control/share/lars_groundbot_control/hook/ament_prefix_path.sh'
[0.269s] INFO:colcon.colcon_core.shell:Skip shell extension 'powershell' for command environment: Not usable outside of PowerShell
[0.269s] DEBUG:colcon.colcon_core.shell:Skip shell extension 'dsv' for command environment
[0.272s] INFO:colcon.colcon_ros.task.ament_cmake.build:Building ROS package in '/home/tanayrs/lars-ros/lars_ws/src/lars_groundbot_description' with build type 'ament_cmake'
[0.273s] INFO:colcon.colcon_cmake.task.cmake.build:Building CMake package in '/home/tanayrs/lars-ros/lars_ws/src/lars_groundbot_description'
[0.273s] INFO:colcon.colcon_core.shell:Skip shell extension 'powershell' for command environment: Not usable outside of PowerShell
[0.273s] DEBUG:colcon.colcon_core.shell:Skip shell extension 'dsv' for command environment
[0.446s] WARNING:colcon.colcon_ros.task.ament_python.build:Package 'lars_groundbot_control' doesn't explicitly install a marker in the package index (colcon-ros currently does it implicitly but that fallback will be removed in the future)
[0.446s] INFO:colcon.colcon_core.task.python.build:Building Python package in '/home/tanayrs/lars-ros/lars_ws/src/lars_groundbot_control'
[0.446s] INFO:colcon.colcon_core.shell:Skip shell extension 'powershell' for command environment: Not usable outside of PowerShell
[0.447s] DEBUG:colcon.colcon_core.shell:Skip shell extension 'dsv' for command environment
[0.452s] DEBUG:colcon.colcon_core.event_handler.log_command:Invoking command in '/home/tanayrs/lars-ros/lars_ws/build/lars_groundbot_description': CMAKE_PREFIX_PATH=${CMAKE_PREFIX_PATH}:/home/tanayrs/lars-ros/lars_ws/install/lars_groundbot_control:/home/tanayrs/turtlebot3_ws/install/turtlebot3_teleop:/home/tanayrs/turtlebot3_ws/install/turtlebot3_example:/home/tanayrs/lars_ws/install/turtlebot_mover:/opt/ros/humble /usr/bin/cmake --build /home/tanayrs/lars-ros/lars_ws/build/lars_groundbot_description -- -j16 -l16
[0.476s] DEBUG:colcon.colcon_core.event_handler.log_command:Invoked command in '/home/tanayrs/lars-ros/lars_ws/build/lars_groundbot_description' returned '0': CMAKE_PREFIX_PATH=${CMAKE_PREFIX_PATH}:/home/tanayrs/lars-ros/lars_ws/install/lars_groundbot_control:/home/tanayrs/turtlebot3_ws/install/turtlebot3_teleop:/home/tanayrs/turtlebot3_ws/install/turtlebot3_example:/home/tanayrs/lars_ws/install/turtlebot_mover:/opt/ros/humble /usr/bin/cmake --build /home/tanayrs/lars-ros/lars_ws/build/lars_groundbot_description -- -j16 -l16
[0.484s] DEBUG:colcon.colcon_core.event_handler.log_command:Invoking command in '/home/tanayrs/lars-ros/lars_ws/build/lars_groundbot_description': CMAKE_PREFIX_PATH=${CMAKE_PREFIX_PATH}:/home/tanayrs/lars-ros/lars_ws/install/lars_groundbot_control:/home/tanayrs/turtlebot3_ws/install/turtlebot3_teleop:/home/tanayrs/turtlebot3_ws/install/turtlebot3_example:/home/tanayrs/lars_ws/install/turtlebot_mover:/opt/ros/humble /usr/bin/cmake --install /home/tanayrs/lars-ros/lars_ws/build/lars_groundbot_description
[0.498s] Level 1:colcon.colcon_core.environment:create_environment_scripts_only(lars_groundbot_description)
[0.499s] DEBUG:colcon.colcon_core.event_handler.log_command:Invoked command in '/home/tanayrs/lars-ros/lars_ws/build/lars_groundbot_description' returned '0': CMAKE_PREFIX_PATH=${CMAKE_PREFIX_PATH}:/home/tanayrs/lars-ros/lars_ws/install/lars_groundbot_control:/home/tanayrs/turtlebot3_ws/install/turtlebot3_teleop:/home/tanayrs/turtlebot3_ws/install/turtlebot3_example:/home/tanayrs/lars_ws/install/turtlebot_mover:/opt/ros/humble /usr/bin/cmake --install /home/tanayrs/lars-ros/lars_ws/build/lars_groundbot_description
[0.500s] Level 1:colcon.colcon_core.environment:checking '/home/tanayrs/lars-ros/lars_ws/install/lars_groundbot_description' for CMake module files
[0.500s] Level 1:colcon.colcon_core.environment:checking '/home/tanayrs/lars-ros/lars_ws/install/lars_groundbot_description' for CMake config files
[0.500s] Level 1:colcon.colcon_core.shell:create_environment_hook('lars_groundbot_description', 'cmake_prefix_path')
[0.500s] INFO:colcon.colcon_core.shell:Creating environment hook '/home/tanayrs/lars-ros/lars_ws/install/lars_groundbot_description/share/lars_groundbot_description/hook/cmake_prefix_path.ps1'
[0.501s] INFO:colcon.colcon_core.shell:Creating environment descriptor '/home/tanayrs/lars-ros/lars_ws/install/lars_groundbot_description/share/lars_groundbot_description/hook/cmake_prefix_path.dsv'
[0.501s] INFO:colcon.colcon_core.shell:Creating environment hook '/home/tanayrs/lars-ros/lars_ws/install/lars_groundbot_description/share/lars_groundbot_description/hook/cmake_prefix_path.sh'
[0.502s] Level 1:colcon.colcon_core.environment:checking '/home/tanayrs/lars-ros/lars_ws/install/lars_groundbot_description/lib'
[0.502s] Level 1:colcon.colcon_core.environment:checking '/home/tanayrs/lars-ros/lars_ws/install/lars_groundbot_description/bin'
[0.502s] Level 1:colcon.colcon_core.environment:checking '/home/tanayrs/lars-ros/lars_ws/install/lars_groundbot_description/lib/pkgconfig/lars_groundbot_description.pc'
[0.502s] Level 1:colcon.colcon_core.environment:checking '/home/tanayrs/lars-ros/lars_ws/install/lars_groundbot_description/lib/python3.10/site-packages'
[0.502s] Level 1:colcon.colcon_core.environment:checking '/home/tanayrs/lars-ros/lars_ws/install/lars_groundbot_description/bin'
[0.502s] INFO:colcon.colcon_core.shell:Creating package script '/home/tanayrs/lars-ros/lars_ws/install/lars_groundbot_description/share/lars_groundbot_description/package.ps1'
[0.503s] INFO:colcon.colcon_core.shell:Creating package descriptor '/home/tanayrs/lars-ros/lars_ws/install/lars_groundbot_description/share/lars_groundbot_description/package.dsv'
[0.503s] INFO:colcon.colcon_core.shell:Creating package script '/home/tanayrs/lars-ros/lars_ws/install/lars_groundbot_description/share/lars_groundbot_description/package.sh'
[0.503s] INFO:colcon.colcon_core.shell:Creating package script '/home/tanayrs/lars-ros/lars_ws/install/lars_groundbot_description/share/lars_groundbot_description/package.bash'
[0.504s] INFO:colcon.colcon_core.shell:Creating package script '/home/tanayrs/lars-ros/lars_ws/install/lars_groundbot_description/share/lars_groundbot_description/package.zsh'
[0.504s] Level 1:colcon.colcon_core.environment:create_file_with_runtime_dependencies(/home/tanayrs/lars-ros/lars_ws/install/lars_groundbot_description/share/colcon-core/packages/lars_groundbot_description)
[0.505s] Level 1:colcon.colcon_core.environment:create_environment_scripts_only(lars_groundbot_description)
[0.505s] Level 1:colcon.colcon_core.environment:checking '/home/tanayrs/lars-ros/lars_ws/install/lars_groundbot_description' for CMake module files
[0.505s] Level 1:colcon.colcon_core.environment:checking '/home/tanayrs/lars-ros/lars_ws/install/lars_groundbot_description' for CMake config files
[0.505s] Level 1:colcon.colcon_core.shell:create_environment_hook('lars_groundbot_description', 'cmake_prefix_path')
[0.505s] INFO:colcon.colcon_core.shell:Creating environment hook '/home/tanayrs/lars-ros/lars_ws/install/lars_groundbot_description/share/lars_groundbot_description/hook/cmake_prefix_path.ps1'
[0.505s] INFO:colcon.colcon_core.shell:Creating environment descriptor '/home/tanayrs/lars-ros/lars_ws/install/lars_groundbot_description/share/lars_groundbot_description/hook/cmake_prefix_path.dsv'
[0.506s] INFO:colcon.colcon_core.shell:Creating environment hook '/home/tanayrs/lars-ros/lars_ws/install/lars_groundbot_description/share/lars_groundbot_description/hook/cmake_prefix_path.sh'
[0.506s] Level 1:colcon.colcon_core.environment:checking '/home/tanayrs/lars-ros/lars_ws/install/lars_groundbot_description/lib'
[0.506s] Level 1:colcon.colcon_core.environment:checking '/home/tanayrs/lars-ros/lars_ws/install/lars_groundbot_description/bin'
[0.506s] Level 1:colcon.colcon_core.environment:checking '/home/tanayrs/lars-ros/lars_ws/install/lars_groundbot_description/lib/pkgconfig/lars_groundbot_description.pc'
[0.506s] Level 1:colcon.colcon_core.environment:checking '/home/tanayrs/lars-ros/lars_ws/install/lars_groundbot_description/lib/python3.10/site-packages'
[0.506s] Level 1:colcon.colcon_core.environment:checking '/home/tanayrs/lars-ros/lars_ws/install/lars_groundbot_description/bin'
[0.506s] INFO:colcon.colcon_core.shell:Creating package script '/home/tanayrs/lars-ros/lars_ws/install/lars_groundbot_description/share/lars_groundbot_description/package.ps1'
[0.507s] INFO:colcon.colcon_core.shell:Creating package descriptor '/home/tanayrs/lars-ros/lars_ws/install/lars_groundbot_description/share/lars_groundbot_description/package.dsv'
[0.507s] INFO:colcon.colcon_core.shell:Creating package script '/home/tanayrs/lars-ros/lars_ws/install/lars_groundbot_description/share/lars_groundbot_description/package.sh'
[0.507s] INFO:colcon.colcon_core.shell:Creating package script '/home/tanayrs/lars-ros/lars_ws/install/lars_groundbot_description/share/lars_groundbot_description/package.bash'
[0.508s] INFO:colcon.colcon_core.shell:Creating package script '/home/tanayrs/lars-ros/lars_ws/install/lars_groundbot_description/share/lars_groundbot_description/package.zsh'
[0.508s] Level 1:colcon.colcon_core.environment:create_file_with_runtime_dependencies(/home/tanayrs/lars-ros/lars_ws/install/lars_groundbot_description/share/colcon-core/packages/lars_groundbot_description)
[0.688s] DEBUG:colcon.colcon_core.event_handler.log_command:Invoking command in '/home/tanayrs/lars-ros/lars_ws/build/lars_groundbot_control': PYTHONPATH=/home/tanayrs/lars-ros/lars_ws/build/lars_groundbot_control/prefix_override:/usr/lib/python3/dist-packages/colcon_core/task/python/colcon_distutils_commands:/home/tanayrs/lars-ros/lars_ws/install/lars_groundbot_control/lib/python3.10/site-packages:${PYTHONPATH} /usr/bin/python3 -W ignore:setup.py install is deprecated -W ignore:easy_install command is deprecated setup.py develop --editable --build-directory /home/tanayrs/lars-ros/lars_ws/build/lars_groundbot_control/build --no-deps symlink_data
[0.992s] Level 1:colcon.colcon_core.shell:create_environment_hook('lars_groundbot_control', 'pythonpath_develop')
[0.992s] INFO:colcon.colcon_core.shell:Creating environment hook '/home/tanayrs/lars-ros/lars_ws/build/lars_groundbot_control/share/lars_groundbot_control/hook/pythonpath_develop.ps1'
[0.993s] DEBUG:colcon.colcon_core.event_handler.log_command:Invoked command in '/home/tanayrs/lars-ros/lars_ws/build/lars_groundbot_control' returned '0': PYTHONPATH=/home/tanayrs/lars-ros/lars_ws/build/lars_groundbot_control/prefix_override:/usr/lib/python3/dist-packages/colcon_core/task/python/colcon_distutils_commands:/home/tanayrs/lars-ros/lars_ws/install/lars_groundbot_control/lib/python3.10/site-packages:${PYTHONPATH} /usr/bin/python3 -W ignore:setup.py install is deprecated -W ignore:easy_install command is deprecated setup.py develop --editable --build-directory /home/tanayrs/lars-ros/lars_ws/build/lars_groundbot_control/build --no-deps symlink_data
[0.993s] INFO:colcon.colcon_core.shell:Creating environment descriptor '/home/tanayrs/lars-ros/lars_ws/build/lars_groundbot_control/share/lars_groundbot_control/hook/pythonpath_develop.dsv'
[0.994s] INFO:colcon.colcon_core.shell:Creating environment hook '/home/tanayrs/lars-ros/lars_ws/build/lars_groundbot_control/share/lars_groundbot_control/hook/pythonpath_develop.sh'
[0.994s] Level 1:colcon.colcon_core.environment:checking '/home/tanayrs/lars-ros/lars_ws/install/lars_groundbot_control' for CMake module files
[0.995s] Level 1:colcon.colcon_core.environment:checking '/home/tanayrs/lars-ros/lars_ws/install/lars_groundbot_control' for CMake config files
[0.995s] Level 1:colcon.colcon_core.environment:checking '/home/tanayrs/lars-ros/lars_ws/install/lars_groundbot_control/lib'
[0.995s] Level 1:colcon.colcon_core.environment:checking '/home/tanayrs/lars-ros/lars_ws/install/lars_groundbot_control/bin'
[0.995s] Level 1:colcon.colcon_core.environment:checking '/home/tanayrs/lars-ros/lars_ws/install/lars_groundbot_control/lib/pkgconfig/lars_groundbot_control.pc'
[0.995s] Level 1:colcon.colcon_core.environment:checking '/home/tanayrs/lars-ros/lars_ws/install/lars_groundbot_control/lib/python3.10/site-packages'
[0.995s] Level 1:colcon.colcon_core.shell:create_environment_hook('lars_groundbot_control', 'pythonpath')
[0.995s] INFO:colcon.colcon_core.shell:Creating environment hook '/home/tanayrs/lars-ros/lars_ws/install/lars_groundbot_control/share/lars_groundbot_control/hook/pythonpath.ps1'
[0.996s] INFO:colcon.colcon_core.shell:Creating environment descriptor '/home/tanayrs/lars-ros/lars_ws/install/lars_groundbot_control/share/lars_groundbot_control/hook/pythonpath.dsv'
[0.996s] INFO:colcon.colcon_core.shell:Creating environment hook '/home/tanayrs/lars-ros/lars_ws/install/lars_groundbot_control/share/lars_groundbot_control/hook/pythonpath.sh'
[0.996s] Level 1:colcon.colcon_core.environment:checking '/home/tanayrs/lars-ros/lars_ws/install/lars_groundbot_control/bin'
[0.996s] Level 1:colcon.colcon_core.environment:create_environment_scripts_only(lars_groundbot_control)
[0.997s] INFO:colcon.colcon_core.shell:Creating package script '/home/tanayrs/lars-ros/lars_ws/install/lars_groundbot_control/share/lars_groundbot_control/package.ps1'
[0.997s] INFO:colcon.colcon_core.shell:Creating package descriptor '/home/tanayrs/lars-ros/lars_ws/install/lars_groundbot_control/share/lars_groundbot_control/package.dsv'
[0.997s] INFO:colcon.colcon_core.shell:Creating package script '/home/tanayrs/lars-ros/lars_ws/install/lars_groundbot_control/share/lars_groundbot_control/package.sh'
[0.997s] INFO:colcon.colcon_core.shell:Creating package script '/home/tanayrs/lars-ros/lars_ws/install/lars_groundbot_control/share/lars_groundbot_control/package.bash'
[0.998s] INFO:colcon.colcon_core.shell:Creating package script '/home/tanayrs/lars-ros/lars_ws/install/lars_groundbot_control/share/lars_groundbot_control/package.zsh'
[0.998s] Level 1:colcon.colcon_core.environment:create_file_with_runtime_dependencies(/home/tanayrs/lars-ros/lars_ws/install/lars_groundbot_control/share/colcon-core/packages/lars_groundbot_control)
[0.998s] DEBUG:colcon.colcon_parallel_executor.executor.parallel:closing loop
[0.998s] DEBUG:colcon.colcon_parallel_executor.executor.parallel:loop closed
[0.998s] DEBUG:colcon.colcon_parallel_executor.executor.parallel:run_until_complete finished with '0'
[0.998s] DEBUG:colcon.colcon_core.event_reactor:joining thread
[1.001s] INFO:colcon.colcon_core.plugin_system:Skipping extension 'colcon_notification.desktop_notification.terminal_notifier': Not used on non-Darwin systems
[1.001s] INFO:colcon.colcon_core.plugin_system:Skipping extension 'colcon_notification.desktop_notification.win32': Not used on non-Windows systems
[1.001s] INFO:colcon.colcon_notification.desktop_notification:Sending desktop notification using 'notify2'
[1.009s] DEBUG:colcon.colcon_core.event_reactor:joined thread
[1.010s] INFO:colcon.colcon_core.shell:Creating prefix script '/home/tanayrs/lars-ros/lars_ws/install/local_setup.ps1'
[1.010s] INFO:colcon.colcon_core.shell:Creating prefix util module '/home/tanayrs/lars-ros/lars_ws/install/_local_setup_util_ps1.py'
[1.011s] INFO:colcon.colcon_core.shell:Creating prefix chain script '/home/tanayrs/lars-ros/lars_ws/install/setup.ps1'
[1.013s] INFO:colcon.colcon_core.shell:Creating prefix script '/home/tanayrs/lars-ros/lars_ws/install/local_setup.sh'
[1.013s] INFO:colcon.colcon_core.shell:Creating prefix util module '/home/tanayrs/lars-ros/lars_ws/install/_local_setup_util_sh.py'
[1.013s] INFO:colcon.colcon_core.shell:Creating prefix chain script '/home/tanayrs/lars-ros/lars_ws/install/setup.sh'
[1.014s] INFO:colcon.colcon_core.shell:Creating prefix script '/home/tanayrs/lars-ros/lars_ws/install/local_setup.bash'
[1.015s] INFO:colcon.colcon_core.shell:Creating prefix chain script '/home/tanayrs/lars-ros/lars_ws/install/setup.bash'
[1.016s] INFO:colcon.colcon_core.shell:Creating prefix script '/home/tanayrs/lars-ros/lars_ws/install/local_setup.zsh'
[1.016s] INFO:colcon.colcon_core.shell:Creating prefix chain script '/home/tanayrs/lars-ros/lars_ws/install/setup.zsh'
