[0.018s] Invoking command in '/home/tanayrs/lars-ros/lars_ws/build/turtlebot3_navigation2': CMAKE_PREFIX_PATH=${CMAKE_PREFIX_PATH}:/home/tanayrs/lars-ros/lars_ws/install/turtlebot3_teleop:/home/tanayrs/lars-ros/lars_ws/install/turtlebot3_example:/home/tanayrs/lars-ros/lars_ws/install/turtlebot3_grid_nav:/opt/ros/humble /usr/bin/cmake /home/tanayrs/lars-ros/lars_ws/src/turtlebot3/turtlebot3_navigation2 -DAMENT_CMAKE_SYMLINK_INSTALL=1 -DCMAKE_INSTALL_PREFIX=/home/tanayrs/lars-ros/lars_ws/install/turtlebot3_navigation2
[0.239s] -- The C compiler identification is GNU 11.4.0
[0.240s] -- The CXX compiler identification is GNU 11.4.0
[0.240s] -- Detecting C compiler ABI info
[0.240s] -- Detecting C compiler ABI info - done
[0.240s] -- Check for working C compiler: /usr/bin/cc - skipped
[0.240s] -- Detecting C compile features
[0.240s] -- Detecting C compile features - done
[0.240s] -- Detecting CXX compiler ABI info
[0.240s] -- Detecting CXX compiler ABI info - done
[0.240s] -- Check for working CXX compiler: /usr/bin/c++ - skipped
[0.240s] -- Detecting CXX compile features
[0.240s] -- Detecting CXX compile features - done
[0.240s] -- Found ament_cmake: 1.3.11 (/opt/ros/humble/share/ament_cmake/cmake)
[0.352s] -- Found Python3: /usr/bin/python3 (found version "3.10.12") found components: Interpreter 
[0.406s] -- Override CMake install command with custom implementation using symlinks instead of copying resources
[0.478s] -- Configuring done
[0.480s] -- Generating done
[0.481s] -- Build files have been written to: /home/tanayrs/lars-ros/lars_ws/build/turtlebot3_navigation2
[0.485s] Invoked command in '/home/tanayrs/lars-ros/lars_ws/build/turtlebot3_navigation2' returned '0': CMAKE_PREFIX_PATH=${CMAKE_PREFIX_PATH}:/home/tanayrs/lars-ros/lars_ws/install/turtlebot3_teleop:/home/tanayrs/lars-ros/lars_ws/install/turtlebot3_example:/home/tanayrs/lars-ros/lars_ws/install/turtlebot3_grid_nav:/opt/ros/humble /usr/bin/cmake /home/tanayrs/lars-ros/lars_ws/src/turtlebot3/turtlebot3_navigation2 -DAMENT_CMAKE_SYMLINK_INSTALL=1 -DCMAKE_INSTALL_PREFIX=/home/tanayrs/lars-ros/lars_ws/install/turtlebot3_navigation2
[0.487s] Invoking command in '/home/tanayrs/lars-ros/lars_ws/build/turtlebot3_navigation2': CMAKE_PREFIX_PATH=${CMAKE_PREFIX_PATH}:/home/tanayrs/lars-ros/lars_ws/install/turtlebot3_teleop:/home/tanayrs/lars-ros/lars_ws/install/turtlebot3_example:/home/tanayrs/lars-ros/lars_ws/install/turtlebot3_grid_nav:/opt/ros/humble /usr/bin/cmake --build /home/tanayrs/lars-ros/lars_ws/build/turtlebot3_navigation2 -- -j16 -l16
[0.523s] Invoked command in '/home/tanayrs/lars-ros/lars_ws/build/turtlebot3_navigation2' returned '0': CMAKE_PREFIX_PATH=${CMAKE_PREFIX_PATH}:/home/tanayrs/lars-ros/lars_ws/install/turtlebot3_teleop:/home/tanayrs/lars-ros/lars_ws/install/turtlebot3_example:/home/tanayrs/lars-ros/lars_ws/install/turtlebot3_grid_nav:/opt/ros/humble /usr/bin/cmake --build /home/tanayrs/lars-ros/lars_ws/build/turtlebot3_navigation2 -- -j16 -l16
[0.537s] Invoking command in '/home/tanayrs/lars-ros/lars_ws/build/turtlebot3_navigation2': CMAKE_PREFIX_PATH=${CMAKE_PREFIX_PATH}:/home/tanayrs/lars-ros/lars_ws/install/turtlebot3_teleop:/home/tanayrs/lars-ros/lars_ws/install/turtlebot3_example:/home/tanayrs/lars-ros/lars_ws/install/turtlebot3_grid_nav:/opt/ros/humble /usr/bin/cmake --install /home/tanayrs/lars-ros/lars_ws/build/turtlebot3_navigation2
[0.546s] -- Install configuration: ""
[0.546s] -- Execute custom install script
[0.548s] -- Symlinking: /home/tanayrs/lars-ros/lars_ws/install/turtlebot3_navigation2/share/turtlebot3_navigation2/launch/navigation2.launch.py
[0.556s] -- Symlinking: /home/tanayrs/lars-ros/lars_ws/install/turtlebot3_navigation2/share/turtlebot3_navigation2/map/map.pgm
[0.568s] -- Symlinking: /home/tanayrs/lars-ros/lars_ws/install/turtlebot3_navigation2/share/turtlebot3_navigation2/map/map.yaml
[0.578s] -- Symlinking: /home/tanayrs/lars-ros/lars_ws/install/turtlebot3_navigation2/share/turtlebot3_navigation2/param/burger.yaml
[0.589s] -- Symlinking: /home/tanayrs/lars-ros/lars_ws/install/turtlebot3_navigation2/share/turtlebot3_navigation2/param/waffle.yaml
[0.599s] -- Symlinking: /home/tanayrs/lars-ros/lars_ws/install/turtlebot3_navigation2/share/turtlebot3_navigation2/param/waffle_pi.yaml
[0.609s] -- Symlinking: /home/tanayrs/lars-ros/lars_ws/install/turtlebot3_navigation2/share/turtlebot3_navigation2/rviz/tb3_navigation2.rviz
[0.618s] -- Symlinking: /home/tanayrs/lars-ros/lars_ws/install/turtlebot3_navigation2/share/ament_index/resource_index/package_run_dependencies/turtlebot3_navigation2
[0.628s] -- Symlinking: /home/tanayrs/lars-ros/lars_ws/install/turtlebot3_navigation2/share/ament_index/resource_index/parent_prefix_path/turtlebot3_navigation2
[0.637s] -- Symlinking: /home/tanayrs/lars-ros/lars_ws/install/turtlebot3_navigation2/share/turtlebot3_navigation2/environment/ament_prefix_path.sh
[0.647s] -- Symlinking: /home/tanayrs/lars-ros/lars_ws/install/turtlebot3_navigation2/share/turtlebot3_navigation2/environment/ament_prefix_path.dsv
[0.658s] -- Symlinking: /home/tanayrs/lars-ros/lars_ws/install/turtlebot3_navigation2/share/turtlebot3_navigation2/environment/path.sh
[0.667s] -- Symlinking: /home/tanayrs/lars-ros/lars_ws/install/turtlebot3_navigation2/share/turtlebot3_navigation2/environment/path.dsv
[0.677s] -- Symlinking: /home/tanayrs/lars-ros/lars_ws/install/turtlebot3_navigation2/share/turtlebot3_navigation2/local_setup.bash
[0.687s] -- Symlinking: /home/tanayrs/lars-ros/lars_ws/install/turtlebot3_navigation2/share/turtlebot3_navigation2/local_setup.sh
[0.698s] -- Symlinking: /home/tanayrs/lars-ros/lars_ws/install/turtlebot3_navigation2/share/turtlebot3_navigation2/local_setup.zsh
[0.708s] -- Symlinking: /home/tanayrs/lars-ros/lars_ws/install/turtlebot3_navigation2/share/turtlebot3_navigation2/local_setup.dsv
[0.718s] -- Symlinking: /home/tanayrs/lars-ros/lars_ws/install/turtlebot3_navigation2/share/turtlebot3_navigation2/package.dsv
[0.727s] -- Symlinking: /home/tanayrs/lars-ros/lars_ws/install/turtlebot3_navigation2/share/ament_index/resource_index/packages/turtlebot3_navigation2
[0.736s] -- Symlinking: /home/tanayrs/lars-ros/lars_ws/install/turtlebot3_navigation2/share/turtlebot3_navigation2/cmake/turtlebot3_navigation2Config.cmake
[0.746s] -- Symlinking: /home/tanayrs/lars-ros/lars_ws/install/turtlebot3_navigation2/share/turtlebot3_navigation2/cmake/turtlebot3_navigation2Config-version.cmake
[0.754s] -- Symlinking: /home/tanayrs/lars-ros/lars_ws/install/turtlebot3_navigation2/share/turtlebot3_navigation2/package.xml
[0.776s] Invoked command in '/home/tanayrs/lars-ros/lars_ws/build/turtlebot3_navigation2' returned '0': CMAKE_PREFIX_PATH=${CMAKE_PREFIX_PATH}:/home/tanayrs/lars-ros/lars_ws/install/turtlebot3_teleop:/home/tanayrs/lars-ros/lars_ws/install/turtlebot3_example:/home/tanayrs/lars-ros/lars_ws/install/turtlebot3_grid_nav:/opt/ros/humble /usr/bin/cmake --install /home/tanayrs/lars-ros/lars_ws/build/turtlebot3_navigation2
